Log file open, 01/27/19 22:38:31
LogWindows: Failed to load 'aqProf.dll' (GetLastError=126)
LogWindows: File 'aqProf.dll' does not exist
LogWindows: Failed to load 'VtuneApi.dll' (GetLastError=126)
LogWindows: File 'VtuneApi.dll' does not exist
LogWindows: Failed to load 'VtuneApi32e.dll' (GetLastError=126)
LogWindows: File 'VtuneApi32e.dll' does not exist
LogConsoleResponse: Display: Failed to find resolution value strings in scalability ini. Falling back to default.
LogPakFile: Registered encryption key '00000000000000000000000000000000': 0 pak files mounted, 0 remain pending
LogPakFile: Display: Found Pak file ../../../AnimeWolfy/Content/Paks/AnimeWolfy-WindowsNoEditor.pak attempting to mount.
LogPakFile: Display: Mounting pak file ../../../AnimeWolfy/Content/Paks/AnimeWolfy-WindowsNoEditor.pak.
LogPlatformFile: Not using cached read wrapper
LogTaskGraph: Started task graph with 5 named threads and 35 total threads with 3 sets of task threads.
LogStats: Stats thread started at 0.366866
LogD3D11RHI: Loaded GFSDK_Aftermath_Lib.x64.dll
LogICUInternationalization: ICU TimeZone Detection - Raw Offset: +3:00, Platform Override: ''
LogPluginManager: Mounting plugin Paper2D
LogPluginManager: Mounting plugin AISupport
LogPluginManager: Mounting plugin LightPropagationVolume
LogPluginManager: Mounting plugin AssetManagerEditor
LogPluginManager: Mounting plugin CryptoKeys
LogPluginManager: Mounting plugin FacialAnimation
LogPluginManager: Mounting plugin MeshEditor
LogPluginManager: Mounting plugin EditableMesh
LogPluginManager: Mounting plugin DatasmithContent
LogPluginManager: Mounting plugin VariantManagerContent
LogPluginManager: Mounting plugin AlembicImporter
LogPluginManager: Mounting plugin GeometryCache
LogPluginManager: Mounting plugin AppleImageUtils
LogPluginManager: Mounting plugin AppleVision
LogPluginManager: Mounting plugin BackChannel
LogPluginManager: Mounting plugin CharacterAI
LogPluginManager: Mounting plugin HTML5Networking
LogPluginManager: Mounting plugin AvfMedia
LogPluginManager: Mounting plugin ImgMedia
LogPluginManager: Mounting plugin LinearTimecode
LogPluginManager: Mounting plugin MediaCompositing
LogPluginManager: Mounting plugin WmfMedia
LogPluginManager: Mounting plugin TcpMessaging
LogPluginManager: Mounting plugin UdpMessaging
LogPluginManager: Mounting plugin ActorSequence
LogPluginManager: Mounting plugin NetcodeUnitTest
LogPluginManager: Mounting plugin OnlineSubsystem
LogPluginManager: Mounting plugin OnlineSubsystemNull
LogPluginManager: Mounting plugin OnlineSubsystemUtils
LogPluginManager: Mounting plugin LauncherChunkInstaller
LogPluginManager: Mounting plugin AndroidPermission
LogPluginManager: Mounting plugin ArchVisCharacter
LogPluginManager: Mounting plugin AudioCapture
LogPluginManager: Mounting plugin CableComponent
LogPluginManager: Mounting plugin CustomMeshComponent
LogPluginManager: Mounting plugin ExampleDeviceProfileSelector
LogPluginManager: Mounting plugin LocationServicesBPLibrary
LogPluginManager: Mounting plugin MobilePatchingUtils
LogPluginManager: Mounting plugin OculusVR
LogPluginManager: Mounting plugin ProceduralMeshComponent
LogPluginManager: Mounting plugin PhysXVehicles
LogPluginManager: Mounting plugin RuntimePhysXCooking
LogPluginManager: Mounting plugin SteamVR
LogPluginManager: Mounting plugin WebMMoviePlayer
LogPluginManager: Mounting plugin WebMMedia
LogPluginManager: Mounting plugin WindowsMoviePlayer
LogStreaming: Display: Took  0.027s to configure plugins.
LogInit: Using libcurl 7.55.1-DEV
LogInit:  - built for x86_64-pc-win32
LogInit:  - supports SSL with OpenSSL/1.0.2h
LogInit:  - supports HTTP deflate (compression) using libz 1.2.8
LogInit:  - other features:
LogInit:      CURL_VERSION_SSL
LogInit:      CURL_VERSION_LIBZ
LogInit:      CURL_VERSION_IPV6
LogInit:      CURL_VERSION_ASYNCHDNS
LogInit:      CURL_VERSION_LARGEFILE
LogInit:      CURL_VERSION_IDN
LogInit:  CurlRequestOptions (configurable via config and command line):
LogInit:  - bVerifyPeer = true  - Libcurl will verify peer certificate
LogInit:  - bUseHttpProxy = false  - Libcurl will NOT use HTTP proxy
LogInit:  - bDontReuseConnections = false  - Libcurl will reuse connections
LogInit:  - MaxHostConnections = 16  - Libcurl will limit the number of connections to a host
LogInit:  - LocalHostAddr = Default
LogInit:  - BufferSize = 65536
LogInit: WinSock: version 1.1 (2.2), MaxSocks=32767, MaxUdp=65467
LogInit: Build: ++UE4+Release-4.21-CL-0
LogInit: Engine Version: 4.21.2-0+++UE4+Release-4.21
LogInit: Compatible Engine Version: 4.21.0-0+++UE4+Release-4.21
LogInit: Net CL: 0
LogInit: OS: Windows 10 (), CPU: Intel(R) Core(TM) i7-8700K CPU @ 3.70GHz, GPU: NVIDIA GeForce RTX 2080
LogInit: Compiled (64-bit): Jan 27 2019 15:10:52
LogInit: Compiled with Visual C++: 19.16.27026.01
LogInit: Build Configuration: Development
LogInit: Branch Name: ++UE4+Release-4.21
LogInit: Command Line: 
LogInit: Base Directory: D:/Studing/PRojects/AnimeWolfy/Builds/WindowsNoEditor/AnimeWolfy/Binaries/Win64/
LogInit: Installed Engine Build: 0
LogDevObjectVersion: Number of dev versions registered: 22
LogDevObjectVersion:   Dev-Blueprints (B0D832E4-1F89-4F0D-ACCF-7EB736FD4AA2): 10
LogDevObjectVersion:   Dev-Build (E1C64328-A22C-4D53-A36C-8E866417BD8C): 0
LogDevObjectVersion:   Dev-Core (375EC13C-06E4-48FB-B500-84F0262A717E): 2
LogDevObjectVersion:   Dev-Editor (E4B068ED-F494-42E9-A231-DA0B2E46BB41): 26
LogDevObjectVersion:   Dev-Framework (CFFC743F-43B0-4480-9391-14DF171D2073): 34
LogDevObjectVersion:   Dev-Mobile (B02B49B5-BB20-44E9-A304-32B752E40360): 2
LogDevObjectVersion:   Dev-Networking (A4E4105C-59A1-49B5-A7C5-40C4547EDFEE): 0
LogDevObjectVersion:   Dev-Online (39C831C9-5AE6-47DC-9A44-9C173E1C8E7C): 0
LogDevObjectVersion:   Dev-Physics (78F01B33-EBEA-4F98-B9B4-84EACCB95AA2): 0
LogDevObjectVersion:   Dev-Platform (6631380F-2D4D-43E0-8009-CF276956A95A): 0
LogDevObjectVersion:   Dev-Rendering (12F88B9F-8875-4AFC-A67C-D90C383ABD29): 27
LogDevObjectVersion:   Dev-Sequencer (7B5AE74C-D270-4C10-A958-57980B212A5A): 9
LogDevObjectVersion:   Dev-VR (D7296918-1DD6-4BDD-9DE2-64A83CC13884): 2
LogDevObjectVersion:   Dev-LoadTimes (C2A15278-BFE7-4AFE-6C17-90FF531DF755): 1
LogDevObjectVersion:   Private-Geometry (6EACA3D4-40EC-4CC1-B786-8BED09428FC5): 3
LogDevObjectVersion:   Dev-AnimPhys (29E575DD-E0A3-4627-9D10-D276232CDCEA): 17
LogDevObjectVersion:   Dev-Anim (AF43A65D-7FD3-4947-9873-3E8ED9C1BB05): 2
LogDevObjectVersion:   Dev-ReflectionCapture (6B266CEC-1EC7-4B8F-A30B-E4D90942FC07): 1
LogDevObjectVersion:   Dev-Automation (0DF73D61-A23F-47EA-B727-89E90C41499A): 1
LogDevObjectVersion:   FortniteMain (601D1886-AC64-4F84-AA16-D3DE0DEAC7D6): 17
LogDevObjectVersion:   Dev-Enterprise (9DFFBCD6-494F-0158-E221-12823C92A888): 4
LogDevObjectVersion:   Dev-Niagara (F2AED0AC-9AFE-416F-8664-AA7FFA26D6FC): 1
LogStreaming: Display: Took  0.002s to delete old logs.
LogInit: Presizing for max 2097152 objects, including 1 objects not considered by GC, pre-allocating 0 bytes for permanent pool.
LogStreaming: Display: Async Loading initialized: Event Driven Loader: true, Async Loading Thread: false, Async Post Load: true
LogInit: Object subsystem initialized
LogConfig: Setting CVar [[con.DebugEarlyDefault:1]]
LogConfig: Setting CVar [[r.setres:1280x720]]
[2019.01.27-19.38.31:970][  0]LogConfig: Setting CVar [[con.DebugEarlyDefault:1]]
[2019.01.27-19.38.31:970][  0]LogConfig: Setting CVar [[r.setres:1280x720]]
[2019.01.27-19.38.31:970][  0]LogConfig: Applying CVar settings from Section [/Script/Engine.RendererSettings] File [../../../AnimeWolfy/Saved/Config/WindowsNoEditor/Engine.ini]
[2019.01.27-19.38.31:970][  0]LogConfig: Setting CVar [[r.GPUCrashDebugging:0]]
[2019.01.27-19.38.31:970][  0]LogConfig: Applying CVar settings from Section [/Script/Engine.RendererOverrideSettings] File [../../../AnimeWolfy/Saved/Config/WindowsNoEditor/Engine.ini]
[2019.01.27-19.38.31:970][  0]LogConfig: Applying CVar settings from Section [/Script/Engine.StreamingSettings] File [../../../AnimeWolfy/Saved/Config/WindowsNoEditor/Engine.ini]
[2019.01.27-19.38.31:970][  0]LogConfig: Setting CVar [[s.MinBulkDataSizeForAsyncLoading:131072]]
[2019.01.27-19.38.31:970][  0]LogConfig: Setting CVar [[s.AsyncLoadingThreadEnabled:0]]
[2019.01.27-19.38.31:970][  0]LogConfig: Setting CVar [[s.EventDrivenLoaderEnabled:1]]
[2019.01.27-19.38.31:970][  0]LogConfig: Setting CVar [[s.WarnIfTimeLimitExceeded:0]]
[2019.01.27-19.38.31:970][  0]LogConfig: Setting CVar [[s.TimeLimitExceededMultiplier:1.5]]
[2019.01.27-19.38.31:970][  0]LogConfig: Setting CVar [[s.TimeLimitExceededMinTime:0.005]]
[2019.01.27-19.38.31:970][  0]LogConfig: Setting CVar [[s.UseBackgroundLevelStreaming:1]]
[2019.01.27-19.38.31:970][  0]LogConfig: Setting CVar [[s.PriorityAsyncLoadingExtraTime:15.0]]
[2019.01.27-19.38.31:970][  0]LogConfig: Setting CVar [[s.LevelStreamingActorsUpdateTimeLimit:5.0]]
[2019.01.27-19.38.31:970][  0]LogConfig: Setting CVar [[s.PriorityLevelStreamingActorsUpdateExtraTime:5.0]]
[2019.01.27-19.38.31:970][  0]LogConfig: Setting CVar [[s.LevelStreamingComponentsRegistrationGranularity:10]]
[2019.01.27-19.38.31:970][  0]LogConfig: Setting CVar [[s.UnregisterComponentsTimeLimit:1.0]]
[2019.01.27-19.38.31:970][  0]LogConfig: Setting CVar [[s.LevelStreamingComponentsUnregistrationGranularity:5]]
[2019.01.27-19.38.31:970][  0]LogConfig: Applying CVar settings from Section [/Script/Engine.GarbageCollectionSettings] File [../../../AnimeWolfy/Saved/Config/WindowsNoEditor/Engine.ini]
[2019.01.27-19.38.31:970][  0]LogConfig: Setting CVar [[gc.MaxObjectsNotConsideredByGC:1]]
[2019.01.27-19.38.31:970][  0]LogConfig: Setting CVar [[gc.SizeOfPermanentObjectPool:0]]
[2019.01.27-19.38.31:970][  0]LogConfig: Setting CVar [[gc.FlushStreamingOnGC:0]]
[2019.01.27-19.38.31:970][  0]LogConfig: Setting CVar [[gc.NumRetriesBeforeForcingGC:10]]
[2019.01.27-19.38.31:970][  0]LogConfig: Setting CVar [[gc.AllowParallelGC:1]]
[2019.01.27-19.38.31:970][  0]LogConfig: Setting CVar [[gc.TimeBetweenPurgingPendingKillObjects:61.1]]
[2019.01.27-19.38.31:970][  0]LogConfig: Setting CVar [[gc.MaxObjectsInEditor:8388607]]
[2019.01.27-19.38.31:970][  0]LogConfig: Setting CVar [[gc.IncrementalBeginDestroyEnabled:1]]
[2019.01.27-19.38.31:970][  0]LogConfig: Setting CVar [[gc.CreateGCClusters:1]]
[2019.01.27-19.38.31:970][  0]LogConfig: Setting CVar [[gc.MergeGCClusters:0]]
[2019.01.27-19.38.31:970][  0]LogConfig: Setting CVar [[gc.MinGCClusterSize:5]]
[2019.01.27-19.38.31:970][  0]LogConfig: Setting CVar [[gc.ActorClusteringEnabled:0]]
[2019.01.27-19.38.31:970][  0]LogConfig: Setting CVar [[gc.BlueprintClusteringEnabled:0]]
[2019.01.27-19.38.31:970][  0]LogConfig: Setting CVar [[gc.UseDisregardForGCOnDedicatedServers:0]]
[2019.01.27-19.38.31:970][  0]LogConfig: Applying CVar settings from Section [/Script/Engine.NetworkSettings] File [../../../AnimeWolfy/Saved/Config/WindowsNoEditor/Engine.ini]
[2019.01.27-19.38.31:975][  0]LogConfig: Applying CVar settings from Section [ViewDistanceQuality@3] File [../../../AnimeWolfy/Saved/Config/WindowsNoEditor/Scalability.ini]
[2019.01.27-19.38.31:975][  0]LogConfig: Setting CVar [[r.SkeletalMeshLODBias:0]]
[2019.01.27-19.38.31:975][  0]LogConfig: Setting CVar [[r.ViewDistanceScale:1.0]]
[2019.01.27-19.38.31:975][  0]LogConfig: Applying CVar settings from Section [AntiAliasingQuality@3] File [../../../AnimeWolfy/Saved/Config/WindowsNoEditor/Scalability.ini]
[2019.01.27-19.38.31:975][  0]LogConfig: Setting CVar [[r.PostProcessAAQuality:4]]
[2019.01.27-19.38.31:975][  0]LogConfig: Applying CVar settings from Section [ShadowQuality@3] File [../../../AnimeWolfy/Saved/Config/WindowsNoEditor/Scalability.ini]
[2019.01.27-19.38.31:975][  0]LogConfig: Setting CVar [[r.LightFunctionQuality:1]]
[2019.01.27-19.38.31:975][  0]LogConfig: Setting CVar [[r.ShadowQuality:5]]
[2019.01.27-19.38.31:975][  0]LogConfig: Setting CVar [[r.Shadow.CSM.MaxCascades:10]]
[2019.01.27-19.38.31:975][  0]LogConfig: Setting CVar [[r.Shadow.MaxResolution:2048]]
[2019.01.27-19.38.31:975][  0]LogConfig: Setting CVar [[r.Shadow.MaxCSMResolution:2048]]
[2019.01.27-19.38.31:975][  0]LogConfig: Setting CVar [[r.Shadow.RadiusThreshold:0.01]]
[2019.01.27-19.38.31:975][  0]LogConfig: Setting CVar [[r.Shadow.DistanceScale:1.0]]
[2019.01.27-19.38.31:975][  0]LogConfig: Setting CVar [[r.Shadow.CSM.TransitionScale:1.0]]
[2019.01.27-19.38.31:976][  0]LogConfig: Setting CVar [[r.Shadow.PreShadowResolutionFactor:1.0]]
[2019.01.27-19.38.31:976][  0]LogConfig: Setting CVar [[r.DistanceFieldShadowing:1]]
[2019.01.27-19.38.31:976][  0]LogConfig: Setting CVar [[r.DistanceFieldAO:1]]
[2019.01.27-19.38.31:976][  0]LogConfig: Setting CVar [[r.AOQuality:2]]
[2019.01.27-19.38.31:976][  0]LogConfig: Setting CVar [[r.VolumetricFog:1]]
[2019.01.27-19.38.31:976][  0]LogConfig: Setting CVar [[r.VolumetricFog.GridPixelSize:8]]
[2019.01.27-19.38.31:976][  0]LogConfig: Setting CVar [[r.VolumetricFog.GridSizeZ:128]]
[2019.01.27-19.38.31:976][  0]LogConfig: Setting CVar [[r.VolumetricFog.HistoryMissSupersampleCount:4]]
[2019.01.27-19.38.31:976][  0]LogConfig: Setting CVar [[r.LightMaxDrawDistanceScale:1]]
[2019.01.27-19.38.31:976][  0]LogConfig: Setting CVar [[r.CapsuleShadows:1]]
[2019.01.27-19.38.31:976][  0]LogConfig: Applying CVar settings from Section [PostProcessQuality@3] File [../../../AnimeWolfy/Saved/Config/WindowsNoEditor/Scalability.ini]
[2019.01.27-19.38.31:976][  0]LogConfig: Setting CVar [[r.MotionBlurQuality:4]]
[2019.01.27-19.38.31:976][  0]LogConfig: Setting CVar [[r.AmbientOcclusionMipLevelFactor:0.4]]
[2019.01.27-19.38.31:976][  0]LogConfig: Setting CVar [[r.AmbientOcclusionMaxQuality:100]]
[2019.01.27-19.38.31:976][  0]LogConfig: Setting CVar [[r.AmbientOcclusionLevels:-1]]
[2019.01.27-19.38.31:976][  0]LogConfig: Setting CVar [[r.AmbientOcclusionRadiusScale:1.0]]
[2019.01.27-19.38.31:976][  0]LogConfig: Setting CVar [[r.DepthOfFieldQuality:2]]
[2019.01.27-19.38.31:976][  0]LogConfig: Setting CVar [[r.RenderTargetPoolMin:400]]
[2019.01.27-19.38.31:976][  0]LogConfig: Setting CVar [[r.LensFlareQuality:2]]
[2019.01.27-19.38.31:976][  0]LogConfig: Setting CVar [[r.SceneColorFringeQuality:1]]
[2019.01.27-19.38.31:976][  0]LogConfig: Setting CVar [[r.EyeAdaptationQuality:2]]
[2019.01.27-19.38.31:976][  0]LogConfig: Setting CVar [[r.BloomQuality:5]]
[2019.01.27-19.38.31:976][  0]LogConfig: Setting CVar [[r.FastBlurThreshold:100]]
[2019.01.27-19.38.31:976][  0]LogConfig: Setting CVar [[r.Upscale.Quality:3]]
[2019.01.27-19.38.31:976][  0]LogConfig: Setting CVar [[r.Tonemapper.GrainQuantization:1]]
[2019.01.27-19.38.31:976][  0]LogConfig: Setting CVar [[r.LightShaftQuality:1]]
[2019.01.27-19.38.31:976][  0]LogConfig: Setting CVar [[r.Filter.SizeScale:1]]
[2019.01.27-19.38.31:976][  0]LogConfig: Setting CVar [[r.Tonemapper.Quality:5]]
[2019.01.27-19.38.31:976][  0]LogConfig: Setting CVar [[r.DOF.Gather.AccumulatorQuality:1        ; higher gathering accumulator quality]]
[2019.01.27-19.38.31:976][  0]LogConfig: Setting CVar [[r.DOF.Gather.PostfilterMethod:1          ; Median3x3 postfilering method]]
[2019.01.27-19.38.31:976][  0]LogConfig: Setting CVar [[r.DOF.Gather.EnableBokehSettings:0       ; no bokeh simulation when gathering]]
[2019.01.27-19.38.31:976][  0]LogConfig: Setting CVar [[r.DOF.Gather.RingCount:4                 ; medium number of samples when gathering]]
[2019.01.27-19.38.31:976][  0]LogConfig: Setting CVar [[r.DOF.Scatter.ForegroundCompositing:1    ; additive foreground scattering]]
[2019.01.27-19.38.31:976][  0]LogConfig: Setting CVar [[r.DOF.Scatter.BackgroundCompositing:2    ; additive background scattering]]
[2019.01.27-19.38.31:976][  0]LogConfig: Setting CVar [[r.DOF.Scatter.EnableBokehSettings:1      ; bokeh simulation when scattering]]
[2019.01.27-19.38.31:976][  0]LogConfig: Setting CVar [[r.DOF.Scatter.MaxSpriteRatio:0.1         ; only a maximum of 10% of scattered bokeh]]
[2019.01.27-19.38.31:976][  0]LogConfig: Setting CVar [[r.DOF.Recombine.Quality:1                ; cheap slight out of focus]]
[2019.01.27-19.38.31:976][  0]LogConfig: Setting CVar [[r.DOF.Recombine.EnableBokehSettings:0    ; no bokeh simulation on slight out of focus]]
[2019.01.27-19.38.31:976][  0]LogConfig: Setting CVar [[r.DOF.TemporalAAQuality:1                ; more stable temporal accumulation]]
[2019.01.27-19.38.31:976][  0]LogConfig: Setting CVar [[r.DOF.Kernel.MaxForegroundRadius:0.025]]
[2019.01.27-19.38.31:976][  0]LogConfig: Setting CVar [[r.DOF.Kernel.MaxBackgroundRadius:0.025]]
[2019.01.27-19.38.31:976][  0]LogConfig: Applying CVar settings from Section [TextureQuality@3] File [../../../AnimeWolfy/Saved/Config/WindowsNoEditor/Scalability.ini]
[2019.01.27-19.38.31:976][  0]LogConfig: Setting CVar [[r.Streaming.MipBias:0]]
[2019.01.27-19.38.31:976][  0]LogConfig: Setting CVar [[r.Streaming.AmortizeCPUToGPUCopy:0]]
[2019.01.27-19.38.31:976][  0]LogConfig: Setting CVar [[r.Streaming.MaxNumTexturesToStreamPerFrame:0]]
[2019.01.27-19.38.31:976][  0]LogConfig: Setting CVar [[r.Streaming.Boost:1]]
[2019.01.27-19.38.31:976][  0]LogConfig: Setting CVar [[r.MaxAnisotropy:8]]
[2019.01.27-19.38.31:976][  0]LogConfig: Setting CVar [[r.Streaming.LimitPoolSizeToVRAM:0]]
[2019.01.27-19.38.31:976][  0]LogConfig: Setting CVar [[r.Streaming.PoolSize:1000]]
[2019.01.27-19.38.31:976][  0]LogConfig: Setting CVar [[r.Streaming.MaxEffectiveScreenSize:0]]
[2019.01.27-19.38.31:976][  0]LogConfig: Applying CVar settings from Section [EffectsQuality@3] File [../../../AnimeWolfy/Saved/Config/WindowsNoEditor/Scalability.ini]
[2019.01.27-19.38.31:976][  0]LogConfig: Setting CVar [[r.TranslucencyLightingVolumeDim:64]]
[2019.01.27-19.38.31:976][  0]LogConfig: Setting CVar [[r.RefractionQuality:2]]
[2019.01.27-19.38.31:976][  0]LogConfig: Setting CVar [[r.SSR.Quality:3]]
[2019.01.27-19.38.31:976][  0]LogConfig: Setting CVar [[r.SceneColorFormat:4]]
[2019.01.27-19.38.31:976][  0]LogConfig: Setting CVar [[r.DetailMode:2]]
[2019.01.27-19.38.31:976][  0]LogConfig: Setting CVar [[r.TranslucencyVolumeBlur:1]]
[2019.01.27-19.38.31:976][  0]LogConfig: Setting CVar [[r.MaterialQualityLevel:1 ; High quality]]
[2019.01.27-19.38.31:976][  0]LogConfig: Setting CVar [[r.SSS.Scale:1]]
[2019.01.27-19.38.31:976][  0]LogConfig: Setting CVar [[r.SSS.SampleSet:2]]
[2019.01.27-19.38.31:976][  0]LogConfig: Setting CVar [[r.SSS.Quality:1]]
[2019.01.27-19.38.31:976][  0]LogConfig: Setting CVar [[r.SSS.HalfRes:1]]
[2019.01.27-19.38.31:976][  0]LogConfig: Setting CVar [[r.EmitterSpawnRateScale:1.0]]
[2019.01.27-19.38.31:976][  0]LogConfig: Setting CVar [[r.ParticleLightQuality:2]]
[2019.01.27-19.38.31:976][  0]LogConfig: Applying CVar settings from Section [FoliageQuality@3] File [../../../AnimeWolfy/Saved/Config/WindowsNoEditor/Scalability.ini]
[2019.01.27-19.38.31:976][  0]LogConfig: Setting CVar [[foliage.DensityScale:1.0]]
[2019.01.27-19.38.31:976][  0]LogConfig: Setting CVar [[grass.DensityScale:1.0]]
[2019.01.27-19.38.31:976][  0]LogInit: Selected Device Profile: [WindowsNoEditor]
[2019.01.27-19.38.31:976][  0]LogInit: Applying CVar settings loaded from the selected device profile: [WindowsNoEditor]
[2019.01.27-19.38.31:979][  0]LogHAL: Display: Platform has ~ 16 GB [17118220288 / 17179869184 / 16], which maps to Larger [LargestMinGB=32, LargerMinGB=12, DefaultMinGB=8, SmallerMinGB=6, SmallestMinGB=0)
[2019.01.27-19.38.31:979][  0]LogInit: Going up to parent DeviceProfile [Windows]
[2019.01.27-19.38.31:979][  0]LogConfig: Setting CVar [[r.Vulkan.UseRealUBs:1]]
[2019.01.27-19.38.31:979][  0]LogInit: Going up to parent DeviceProfile []
[2019.01.27-19.38.31:979][  0]LogConfig: Applying CVar settings from Section [ViewDistanceQuality@3] File [../../../AnimeWolfy/Saved/Config/WindowsNoEditor/Scalability.ini]
[2019.01.27-19.38.31:979][  0]LogConfig: Setting CVar [[r.SkeletalMeshLODBias:0]]
[2019.01.27-19.38.31:979][  0]LogConfig: Setting CVar [[r.ViewDistanceScale:1.0]]
[2019.01.27-19.38.31:979][  0]LogConfig: Applying CVar settings from Section [AntiAliasingQuality@3] File [../../../AnimeWolfy/Saved/Config/WindowsNoEditor/Scalability.ini]
[2019.01.27-19.38.31:979][  0]LogConfig: Setting CVar [[r.PostProcessAAQuality:4]]
[2019.01.27-19.38.31:980][  0]LogConfig: Applying CVar settings from Section [ShadowQuality@3] File [../../../AnimeWolfy/Saved/Config/WindowsNoEditor/Scalability.ini]
[2019.01.27-19.38.31:980][  0]LogConfig: Setting CVar [[r.LightFunctionQuality:1]]
[2019.01.27-19.38.31:980][  0]LogConfig: Setting CVar [[r.ShadowQuality:5]]
[2019.01.27-19.38.31:980][  0]LogConfig: Setting CVar [[r.Shadow.CSM.MaxCascades:10]]
[2019.01.27-19.38.31:980][  0]LogConfig: Setting CVar [[r.Shadow.MaxResolution:2048]]
[2019.01.27-19.38.31:980][  0]LogConfig: Setting CVar [[r.Shadow.MaxCSMResolution:2048]]
[2019.01.27-19.38.31:980][  0]LogConfig: Setting CVar [[r.Shadow.RadiusThreshold:0.01]]
[2019.01.27-19.38.31:980][  0]LogConfig: Setting CVar [[r.Shadow.DistanceScale:1.0]]
[2019.01.27-19.38.31:980][  0]LogConfig: Setting CVar [[r.Shadow.CSM.TransitionScale:1.0]]
[2019.01.27-19.38.31:980][  0]LogConfig: Setting CVar [[r.Shadow.PreShadowResolutionFactor:1.0]]
[2019.01.27-19.38.31:980][  0]LogConfig: Setting CVar [[r.DistanceFieldShadowing:1]]
[2019.01.27-19.38.31:980][  0]LogConfig: Setting CVar [[r.DistanceFieldAO:1]]
[2019.01.27-19.38.31:980][  0]LogConfig: Setting CVar [[r.AOQuality:2]]
[2019.01.27-19.38.31:980][  0]LogConfig: Setting CVar [[r.VolumetricFog:1]]
[2019.01.27-19.38.31:980][  0]LogConfig: Setting CVar [[r.VolumetricFog.GridPixelSize:8]]
[2019.01.27-19.38.31:980][  0]LogConfig: Setting CVar [[r.VolumetricFog.GridSizeZ:128]]
[2019.01.27-19.38.31:980][  0]LogConfig: Setting CVar [[r.VolumetricFog.HistoryMissSupersampleCount:4]]
[2019.01.27-19.38.31:980][  0]LogConfig: Setting CVar [[r.LightMaxDrawDistanceScale:1]]
[2019.01.27-19.38.31:980][  0]LogConfig: Setting CVar [[r.CapsuleShadows:1]]
[2019.01.27-19.38.31:980][  0]LogConfig: Applying CVar settings from Section [PostProcessQuality@3] File [../../../AnimeWolfy/Saved/Config/WindowsNoEditor/Scalability.ini]
[2019.01.27-19.38.31:980][  0]LogConfig: Setting CVar [[r.MotionBlurQuality:4]]
[2019.01.27-19.38.31:980][  0]LogConfig: Setting CVar [[r.AmbientOcclusionMipLevelFactor:0.4]]
[2019.01.27-19.38.31:980][  0]LogConfig: Setting CVar [[r.AmbientOcclusionMaxQuality:100]]
[2019.01.27-19.38.31:980][  0]LogConfig: Setting CVar [[r.AmbientOcclusionLevels:-1]]
[2019.01.27-19.38.31:980][  0]LogConfig: Setting CVar [[r.AmbientOcclusionRadiusScale:1.0]]
[2019.01.27-19.38.31:980][  0]LogConfig: Setting CVar [[r.DepthOfFieldQuality:2]]
[2019.01.27-19.38.31:980][  0]LogConfig: Setting CVar [[r.RenderTargetPoolMin:400]]
[2019.01.27-19.38.31:980][  0]LogConfig: Setting CVar [[r.LensFlareQuality:2]]
[2019.01.27-19.38.31:980][  0]LogConfig: Setting CVar [[r.SceneColorFringeQuality:1]]
[2019.01.27-19.38.31:980][  0]LogConfig: Setting CVar [[r.EyeAdaptationQuality:2]]
[2019.01.27-19.38.31:980][  0]LogConfig: Setting CVar [[r.BloomQuality:5]]
[2019.01.27-19.38.31:980][  0]LogConfig: Setting CVar [[r.FastBlurThreshold:100]]
[2019.01.27-19.38.31:980][  0]LogConfig: Setting CVar [[r.Upscale.Quality:3]]
[2019.01.27-19.38.31:980][  0]LogConfig: Setting CVar [[r.Tonemapper.GrainQuantization:1]]
[2019.01.27-19.38.31:980][  0]LogConfig: Setting CVar [[r.LightShaftQuality:1]]
[2019.01.27-19.38.31:980][  0]LogConfig: Setting CVar [[r.Filter.SizeScale:1]]
[2019.01.27-19.38.31:980][  0]LogConfig: Setting CVar [[r.Tonemapper.Quality:5]]
[2019.01.27-19.38.31:980][  0]LogConfig: Setting CVar [[r.DOF.Gather.AccumulatorQuality:1        ; higher gathering accumulator quality]]
[2019.01.27-19.38.31:980][  0]LogConfig: Setting CVar [[r.DOF.Gather.PostfilterMethod:1          ; Median3x3 postfilering method]]
[2019.01.27-19.38.31:980][  0]LogConfig: Setting CVar [[r.DOF.Gather.EnableBokehSettings:0       ; no bokeh simulation when gathering]]
[2019.01.27-19.38.31:980][  0]LogConfig: Setting CVar [[r.DOF.Gather.RingCount:4                 ; medium number of samples when gathering]]
[2019.01.27-19.38.31:980][  0]LogConfig: Setting CVar [[r.DOF.Scatter.ForegroundCompositing:1    ; additive foreground scattering]]
[2019.01.27-19.38.31:980][  0]LogConfig: Setting CVar [[r.DOF.Scatter.BackgroundCompositing:2    ; additive background scattering]]
[2019.01.27-19.38.31:980][  0]LogConfig: Setting CVar [[r.DOF.Scatter.EnableBokehSettings:1      ; bokeh simulation when scattering]]
[2019.01.27-19.38.31:980][  0]LogConfig: Setting CVar [[r.DOF.Scatter.MaxSpriteRatio:0.1         ; only a maximum of 10% of scattered bokeh]]
[2019.01.27-19.38.31:980][  0]LogConfig: Setting CVar [[r.DOF.Recombine.Quality:1                ; cheap slight out of focus]]
[2019.01.27-19.38.31:980][  0]LogConfig: Setting CVar [[r.DOF.Recombine.EnableBokehSettings:0    ; no bokeh simulation on slight out of focus]]
[2019.01.27-19.38.31:980][  0]LogConfig: Setting CVar [[r.DOF.TemporalAAQuality:1                ; more stable temporal accumulation]]
[2019.01.27-19.38.31:980][  0]LogConfig: Setting CVar [[r.DOF.Kernel.MaxForegroundRadius:0.025]]
[2019.01.27-19.38.31:980][  0]LogConfig: Setting CVar [[r.DOF.Kernel.MaxBackgroundRadius:0.025]]
[2019.01.27-19.38.31:980][  0]LogConfig: Applying CVar settings from Section [TextureQuality@3] File [../../../AnimeWolfy/Saved/Config/WindowsNoEditor/Scalability.ini]
[2019.01.27-19.38.31:980][  0]LogConfig: Setting CVar [[r.Streaming.MipBias:0]]
[2019.01.27-19.38.31:980][  0]LogConfig: Setting CVar [[r.Streaming.AmortizeCPUToGPUCopy:0]]
[2019.01.27-19.38.31:980][  0]LogConfig: Setting CVar [[r.Streaming.MaxNumTexturesToStreamPerFrame:0]]
[2019.01.27-19.38.31:980][  0]LogConfig: Setting CVar [[r.Streaming.Boost:1]]
[2019.01.27-19.38.31:980][  0]LogConfig: Setting CVar [[r.MaxAnisotropy:8]]
[2019.01.27-19.38.31:980][  0]LogConfig: Setting CVar [[r.Streaming.LimitPoolSizeToVRAM:0]]
[2019.01.27-19.38.31:980][  0]LogConfig: Setting CVar [[r.Streaming.PoolSize:1000]]
[2019.01.27-19.38.31:980][  0]LogConfig: Setting CVar [[r.Streaming.MaxEffectiveScreenSize:0]]
[2019.01.27-19.38.31:980][  0]LogConfig: Applying CVar settings from Section [EffectsQuality@3] File [../../../AnimeWolfy/Saved/Config/WindowsNoEditor/Scalability.ini]
[2019.01.27-19.38.31:980][  0]LogConfig: Setting CVar [[r.TranslucencyLightingVolumeDim:64]]
[2019.01.27-19.38.31:980][  0]LogConfig: Setting CVar [[r.RefractionQuality:2]]
[2019.01.27-19.38.31:980][  0]LogConfig: Setting CVar [[r.SSR.Quality:3]]
[2019.01.27-19.38.31:980][  0]LogConfig: Setting CVar [[r.SceneColorFormat:4]]
[2019.01.27-19.38.31:980][  0]LogConfig: Setting CVar [[r.DetailMode:2]]
[2019.01.27-19.38.31:980][  0]LogConfig: Setting CVar [[r.TranslucencyVolumeBlur:1]]
[2019.01.27-19.38.31:980][  0]LogConfig: Setting CVar [[r.MaterialQualityLevel:1 ; High quality]]
[2019.01.27-19.38.31:980][  0]LogConfig: Setting CVar [[r.SSS.Scale:1]]
[2019.01.27-19.38.31:980][  0]LogConfig: Setting CVar [[r.SSS.SampleSet:2]]
[2019.01.27-19.38.31:980][  0]LogConfig: Setting CVar [[r.SSS.Quality:1]]
[2019.01.27-19.38.31:980][  0]LogConfig: Setting CVar [[r.SSS.HalfRes:1]]
[2019.01.27-19.38.31:980][  0]LogConfig: Setting CVar [[r.EmitterSpawnRateScale:1.0]]
[2019.01.27-19.38.31:980][  0]LogConfig: Setting CVar [[r.ParticleLightQuality:2]]
[2019.01.27-19.38.31:980][  0]LogConfig: Applying CVar settings from Section [FoliageQuality@3] File [../../../AnimeWolfy/Saved/Config/WindowsNoEditor/Scalability.ini]
[2019.01.27-19.38.31:980][  0]LogConfig: Setting CVar [[foliage.DensityScale:1.0]]
[2019.01.27-19.38.31:980][  0]LogConfig: Setting CVar [[grass.DensityScale:1.0]]
[2019.01.27-19.38.31:980][  0]LogConfig: Applying CVar settings from Section [Startup] File [../../../Engine/Config/ConsoleVariables.ini]
[2019.01.27-19.38.31:980][  0]LogConfig: Setting CVar [[net.UseAdaptiveNetUpdateFrequency:0]]
[2019.01.27-19.38.31:980][  0]LogConfig: Applying CVar settings from Section [ConsoleVariables] File [../../../AnimeWolfy/Saved/Config/WindowsNoEditor/Engine.ini]
[2019.01.27-19.38.31:980][  0]LogInit: Computer: DESKTOP-PF2V43L
[2019.01.27-19.38.31:980][  0]LogInit: User: Tinki
[2019.01.27-19.38.31:980][  0]LogInit: CPU Page size=4096, Cores=6
[2019.01.27-19.38.31:980][  0]LogInit: High frequency timer resolution =10.000000 MHz
[2019.01.27-19.38.31:981][  0]LogMemory: Memory total: Physical=15.9GB (16GB approx)
[2019.01.27-19.38.31:981][  0]LogMemory: Platform Memory Stats for WindowsNoEditor
[2019.01.27-19.38.31:981][  0]LogMemory: Process Physical Memory: 54.77 MB used, 54.78 MB peak
[2019.01.27-19.38.31:981][  0]LogMemory: Process Virtual Memory: 65.96 MB used, 65.96 MB peak
[2019.01.27-19.38.31:981][  0]LogMemory: Physical Memory: 10937.16 MB used,  5388.05 MB free, 16325.21 MB total
[2019.01.27-19.38.31:981][  0]LogMemory: Virtual Memory: 4448.54 MB used,  134213280.00 MB free, 134217728.00 MB total
[2019.01.27-19.38.31:990][  0]LogInit: Using OS detected language (ru-RU).
[2019.01.27-19.38.31:990][  0]LogInit: Using OS detected locale (ru-RU).
[2019.01.27-19.38.31:990][  0]LogTextLocalizationManager: No localization for 'ru-RU' exists, so 'en' will be used for the language.
[2019.01.27-19.38.31:990][  0]LogTextLocalizationManager: No localization for 'ru-RU' exists, so 'en' will be used for the locale.
[2019.01.27-19.38.32:006][  0]LogStreaming: Display: Took  0.016s to InitEngineTextLocalization.
[2019.01.27-19.38.32:016][  0]LogSlate: New Slate User Created.  User Index 0, Is Virtual User: 0
[2019.01.27-19.38.32:016][  0]LogSlate: Slate User Registered.  User Index 0, Is Virtual User: 0
[2019.01.27-19.38.32:021][  0]LogHMD: Failed to initialize OpenVR with code 110
[2019.01.27-19.38.32:021][  0]LogD3D11RHI: D3D11 adapters:
[2019.01.27-19.38.32:098][  0]LogD3D11RHI:    0. 'NVIDIA GeForce RTX 2080' (Feature Level 11_0)
[2019.01.27-19.38.32:098][  0]LogD3D11RHI:       8010/0/8162 MB DedicatedVideo/DedicatedSystem/SharedSystem, Outputs:2, VendorId:0x10de
[2019.01.27-19.38.32:099][  0]LogD3D11RHI:    1. 'Microsoft Basic Render Driver' (Feature Level 11_0)
[2019.01.27-19.38.32:099][  0]LogD3D11RHI:       0/0/8162 MB DedicatedVideo/DedicatedSystem/SharedSystem, Outputs:0, VendorId:0x1414
[2019.01.27-19.38.32:099][  0]LogD3D11RHI: Chosen D3D11 Adapter: 0
[2019.01.27-19.38.32:106][  0]LogD3D11RHI: Creating new Direct3DDevice
[2019.01.27-19.38.32:106][  0]LogD3D11RHI:     GPU DeviceId: 0x1e87 (for the marketing name, search the web for "GPU Device Id")
[2019.01.27-19.38.32:106][  0]LogWindows: EnumDisplayDevices:
[2019.01.27-19.38.32:106][  0]LogWindows:    0. 'NVIDIA GeForce RTX 2080' (P:1 D:1)
[2019.01.27-19.38.32:106][  0]LogWindows:    1. 'NVIDIA GeForce RTX 2080' (P:0 D:1)
[2019.01.27-19.38.32:106][  0]LogWindows:    2. 'NVIDIA GeForce RTX 2080' (P:0 D:0)
[2019.01.27-19.38.32:107][  0]LogWindows:    3. 'NVIDIA GeForce RTX 2080' (P:0 D:0)
[2019.01.27-19.38.32:107][  0]LogWindows: DebugString: FoundDriverCount:4 
[2019.01.27-19.38.32:107][  0]LogD3D11RHI:     Adapter Name: NVIDIA GeForce RTX 2080
[2019.01.27-19.38.32:107][  0]LogD3D11RHI:   Driver Version: 416.94 (internal:25.21.14.1694, unified:416.94)
[2019.01.27-19.38.32:107][  0]LogD3D11RHI:      Driver Date: 11-12-2018
[2019.01.27-19.38.32:107][  0]LogRHI: Texture pool is 5607 MB (70% of 8010 MB)
[2019.01.27-19.38.32:142][  0]LogD3D11RHI: Async texture creation enabled
[2019.01.27-19.38.32:160][  0]LogD3D11RHI: GPU Timing Frequency: 1000.000000 (Debug: 2 2)
[2019.01.27-19.38.32:251][  0]LogShaderLibrary: Display: Failed to load Shared Shader Library: Global and no native library supported.
[2019.01.27-19.38.32:251][  0]LogShaderLibrary: Display: Failed to load Shared Shader Library: Global_SC and no native library supported.
[2019.01.27-19.38.32:251][  0]LogShaderLibrary: Display: Failed to load Shared Shader Library: Paper2D and no native library supported.
[2019.01.27-19.38.32:251][  0]LogShaderLibrary: Display: Failed to load Shared Shader Library: Paper2D_SC and no native library supported.
[2019.01.27-19.38.32:251][  0]LogShaderLibrary: Display: Failed to load Shared Shader Library: Paper2D and no native library supported.
[2019.01.27-19.38.32:251][  0]LogShaderLibrary: Display: Failed to load Shared Shader Library: Paper2D_SC and no native library supported.
[2019.01.27-19.38.32:251][  0]LogShaderLibrary: Display: Failed to load Shared Shader Library: CryptoKeys and no native library supported.
[2019.01.27-19.38.32:251][  0]LogShaderLibrary: Display: Failed to load Shared Shader Library: CryptoKeys_SC and no native library supported.
[2019.01.27-19.38.32:252][  0]LogShaderLibrary: Display: Failed to load Shared Shader Library: CryptoKeys and no native library supported.
[2019.01.27-19.38.32:252][  0]LogShaderLibrary: Display: Failed to load Shared Shader Library: CryptoKeys_SC and no native library supported.
[2019.01.27-19.38.32:252][  0]LogShaderLibrary: Display: Failed to load Shared Shader Library: MeshEditor and no native library supported.
[2019.01.27-19.38.32:252][  0]LogShaderLibrary: Display: Failed to load Shared Shader Library: MeshEditor_SC and no native library supported.
[2019.01.27-19.38.32:252][  0]LogShaderLibrary: Display: Failed to load Shared Shader Library: MeshEditor and no native library supported.
[2019.01.27-19.38.32:252][  0]LogShaderLibrary: Display: Failed to load Shared Shader Library: MeshEditor_SC and no native library supported.
[2019.01.27-19.38.32:252][  0]LogShaderLibrary: Display: Failed to load Shared Shader Library: DatasmithContent and no native library supported.
[2019.01.27-19.38.32:252][  0]LogShaderLibrary: Display: Failed to load Shared Shader Library: DatasmithContent_SC and no native library supported.
[2019.01.27-19.38.32:252][  0]LogShaderLibrary: Display: Failed to load Shared Shader Library: DatasmithContent and no native library supported.
[2019.01.27-19.38.32:252][  0]LogShaderLibrary: Display: Failed to load Shared Shader Library: DatasmithContent_SC and no native library supported.
[2019.01.27-19.38.32:252][  0]LogShaderLibrary: Display: Failed to load Shared Shader Library: VariantManagerContent and no native library supported.
[2019.01.27-19.38.32:252][  0]LogShaderLibrary: Display: Failed to load Shared Shader Library: VariantManagerContent_SC and no native library supported.
[2019.01.27-19.38.32:252][  0]LogShaderLibrary: Display: Failed to load Shared Shader Library: VariantManagerContent and no native library supported.
[2019.01.27-19.38.32:252][  0]LogShaderLibrary: Display: Failed to load Shared Shader Library: VariantManagerContent_SC and no native library supported.
[2019.01.27-19.38.32:252][  0]LogShaderLibrary: Display: Failed to load Shared Shader Library: MediaCompositing and no native library supported.
[2019.01.27-19.38.32:252][  0]LogShaderLibrary: Display: Failed to load Shared Shader Library: MediaCompositing_SC and no native library supported.
[2019.01.27-19.38.32:252][  0]LogShaderLibrary: Display: Failed to load Shared Shader Library: MediaCompositing and no native library supported.
[2019.01.27-19.38.32:252][  0]LogShaderLibrary: Display: Failed to load Shared Shader Library: MediaCompositing_SC and no native library supported.
[2019.01.27-19.38.32:252][  0]LogShaderLibrary: Display: Failed to load Shared Shader Library: OculusVR and no native library supported.
[2019.01.27-19.38.32:252][  0]LogShaderLibrary: Display: Failed to load Shared Shader Library: OculusVR_SC and no native library supported.
[2019.01.27-19.38.32:252][  0]LogShaderLibrary: Display: Failed to load Shared Shader Library: OculusVR and no native library supported.
[2019.01.27-19.38.32:252][  0]LogShaderLibrary: Display: Failed to load Shared Shader Library: OculusVR_SC and no native library supported.
[2019.01.27-19.38.32:252][  0]LogShaderLibrary: Display: Failed to load Shared Shader Library: SteamVR and no native library supported.
[2019.01.27-19.38.32:252][  0]LogShaderLibrary: Display: Failed to load Shared Shader Library: SteamVR_SC and no native library supported.
[2019.01.27-19.38.32:252][  0]LogShaderLibrary: Display: Failed to load Shared Shader Library: SteamVR and no native library supported.
[2019.01.27-19.38.32:252][  0]LogShaderLibrary: Display: Failed to load Shared Shader Library: SteamVR_SC and no native library supported.
[2019.01.27-19.38.32:261][  0]LogMaterial: Verifying Global Shaders for PCD3D_SM5
[2019.01.27-19.38.32:286][  0]LogSlate: Using FreeType 2.6.0
[2019.01.27-19.38.32:287][  0]LogSlate: SlateFontServices - WITH_FREETYPE: 1, WITH_HARFBUZZ: 1
[2019.01.27-19.38.32:341][  0]LogShaderLibrary: Display: Failed to load Shared Shader Library: AnimeWolfy and no native library supported.
[2019.01.27-19.38.32:341][  0]LogShaderLibrary: Display: Failed to load Shared Shader Library: AnimeWolfy_SC and no native library supported.
[2019.01.27-19.38.32:341][  0]LogRHI: Display: Opened pipeline cache after state change and enqueued 0 of 0 tasks for precompile.
[2019.01.27-19.38.32:341][  0]LogShaderLibrary: Display: Failed to load Shared Shader Library: AnimeWolfy and no native library supported.
[2019.01.27-19.38.32:341][  0]LogShaderLibrary: Display: Failed to load Shared Shader Library: AnimeWolfy_SC and no native library supported.
[2019.01.27-19.38.32:341][  0]LogRHI: Display: Opened pipeline cache after state change and enqueued 0 of 0 tasks for precompile.
[2019.01.27-19.38.32:341][  0]LogRHI: Display: Failed to open default shader pipeline cache for AnimeWolfy using shader platform 0.
[2019.01.27-19.38.32:341][  0]LogRHI: Display: Failed to open default shader pipeline cache for AnimeWolfy using shader platform 0.
[2019.01.27-19.38.32:341][  0]LogInit: Using OS detected language (ru-RU).
[2019.01.27-19.38.32:341][  0]LogInit: Using OS detected locale (ru-RU).
[2019.01.27-19.38.32:341][  0]LogTextLocalizationManager: No localization for 'ru-RU' exists, so 'en' will be used for the language.
[2019.01.27-19.38.32:342][  0]LogTextLocalizationManager: No localization for 'ru-RU' exists, so 'en' will be used for the locale.
[2019.01.27-19.38.32:342][  0]LogStreaming: Display: Took  0.000s to InitGameTextLocalization.
[2019.01.27-19.38.32:351][  0]LogAssetRegistry: FAssetRegistry took 0.0086 seconds to start up
[2019.01.27-19.38.32:412][  0]LogStreaming: Display: Flushing async loaders.
[2019.01.27-19.38.32:418][  0]LogPackageLocalizationCache: Processed 10 localized package path(s) for 1 prioritized culture(s) in 0.005775 seconds
[2019.01.27-19.38.32:418][  0]LogPakFile: New pak file ../../../AnimeWolfy/Content/Paks/AnimeWolfy-WindowsNoEditor.pak added to pak precacher.
[2019.01.27-19.38.32:419][  0]LogInit: Selected Device Profile: [WindowsNoEditor]
[2019.01.27-19.38.32:426][  0]LogNetVersion: AnimeWolfy 1.0.0, NetCL: 0, EngineNetVer: 5, GameNetVer: 0 (Checksum: 3604432672)
[2019.01.27-19.38.32:552][  0]LogMoviePlayer: Initializing movie player
[2019.01.27-19.38.32:640][  0]LogAndroidPermission: UAndroidPermissionCallbackProxy::GetInstance
[2019.01.27-19.38.32:640][  0]LogOcInput: OculusInput pre-init called
[2019.01.27-19.38.32:643][  0]LogUObjectArray: 34978 objects as part of root set at end of initial load.
[2019.01.27-19.38.32:643][  0]LogUObjectArray: 2 objects are not in the root set, but can never be destroyed because they are in the DisregardForGC set.
[2019.01.27-19.38.32:643][  0]LogUObjectAllocator: 5223680 out of 0 bytes used by permanent object pool.
[2019.01.27-19.38.32:643][  0]LogUObjectArray: CloseDisregardForGC: 34978/34978 objects in disregard for GC pool
[2019.01.27-19.38.32:721][  0]LogEngine: Initializing Engine...
[2019.01.27-19.38.32:721][  0]LogHMD: Failed to initialize OpenVR with code 110
[2019.01.27-19.38.32:732][  0]LogStats: UGameplayTagsManager::ConstructGameplayTagTree: ImportINI prefixes -  0.000 s
[2019.01.27-19.38.32:732][  0]LogStats: UGameplayTagsManager::ConstructGameplayTagTree: Construct from data asset -  0.000 s
[2019.01.27-19.38.32:732][  0]LogStats: UGameplayTagsManager::ConstructGameplayTagTree: ImportINI -  0.000 s
[2019.01.27-19.38.32:732][  0]LogStats: UGameplayTagsManager::ConstructGameplayTagTree: GameplayTagTreeChangedEvent.Broadcast -  0.000 s
[2019.01.27-19.38.32:786][  0]LogInit: Initializing FReadOnlyCVARCache
[2019.01.27-19.38.32:799][  0]LogInit: XAudio2 using 'Динамики (Realtek High Definition Audio)' : 2 channels at 48 kHz using 32 bits per sample (channel mask 0x3)
[2019.01.27-19.38.32:816][  0]LogInit: FAudioDevice initialized.
[2019.01.27-19.38.32:828][  0]LogNetVersion: Set ProjectVersion to 1.0.0.0. Version Checksum will be recalculated on next use.
[2019.01.27-19.38.32:828][  0]LogInit: Texture streaming: Enabled
[2019.01.27-19.38.32:829][  0]LogSlate: Updating window title bar state: overlay mode, drag disabled, window buttons hidden, title bar hidden
[2019.01.27-19.38.32:829][  0]LogInit: Display: Game Engine Initialized.
[2019.01.27-19.38.32:829][  0]LogGameplayTags: Display: UGameplayTagsManager::DoneAddingNativeTags. DelegateIsBound: 0
[2019.01.27-19.38.32:829][  0]LogStats: UGameplayTagsManager::ConstructGameplayTagTree: ImportINI prefixes -  0.000 s
[2019.01.27-19.38.32:829][  0]LogStats: UGameplayTagsManager::ConstructGameplayTagTree: Construct from data asset -  0.000 s
[2019.01.27-19.38.32:829][  0]LogStats: UGameplayTagsManager::ConstructGameplayTagTree: ImportINI -  0.000 s
[2019.01.27-19.38.32:829][  0]LogStats: UGameplayTagsManager::ConstructGameplayTagTree: GameplayTagTreeChangedEvent.Broadcast -  0.000 s
[2019.01.27-19.38.32:835][  0]LogInit: Display: Starting Game.
[2019.01.27-19.38.32:835][  0]LogNet: Browse: /Game/Maps/EntryMap?Name=Player
[2019.01.27-19.38.32:836][  0]LogLoad: LoadMap: /Game/Maps/EntryMap?Name=Player
[2019.01.27-19.38.32:868][  0]LogAIModule: Creating AISystem for world EntryMap
[2019.01.27-19.38.32:869][  0]LogLoad: Game class is 'EntryGameMode_C'
[2019.01.27-19.38.32:870][  0]LogWorld: Bringing World /Game/Maps/EntryMap.EntryMap up for play (max tick rate 0) at 2019.01.27-22.38.32
[2019.01.27-19.38.32:870][  0]LogWorld: Bringing up level for play took: 0.000365
[2019.01.27-19.38.32:871][  0]LogUMG: Display: Widget Class Spector_Widget_C - Loaded Fast Template.
[2019.01.27-19.38.32:872][  0]LogLoad: Took 0.035565 seconds to LoadMap(/Game/Maps/EntryMap)
[2019.01.27-19.38.32:872][  0]LogSlate: Took 0.000062 seconds to synchronously load lazily loaded font '../../../Engine/Content/Slate/Fonts/Roboto-Regular.ttf' (155K)
[2019.01.27-19.38.32:873][  0]LogSlate: Took 0.000109 seconds to synchronously load lazily loaded font '../../../Engine/Content/EngineFonts/Faces/RobotoBold.ufont' (160K)
[2019.01.27-19.38.32:902][  0]LogLoad: (Engine Initialization) Total time: 1.58 seconds
[2019.01.27-19.38.32:903][  0]LogRenderer: Reallocating scene render targets to support 2560x1380 Format 10 NumSamples 1 (Frame:1).
[2019.01.27-19.38.32:940][  0]LogContentStreaming: Texture pool size now 1000 MB
[2019.01.27-19.38.33:970][ 64]LogSlate: FSceneViewport::OnFocusLost() reason 0
[2019.01.27-19.38.34:923][123]LogNet: Browse: 127.0.0.1//Game/Maps/EntryMap
[2019.01.27-19.38.34:923][123]LogTemp: Display: ParseSettings for GameNetDriver
[2019.01.27-19.38.34:923][123]LogTemp: Display: ParseSettings for IpNetDriver_0
[2019.01.27-19.38.34:923][123]LogTemp: Display: ParseSettings for PendingNetDriver
[2019.01.27-19.38.34:923][123]LogInit: WinSock: Socket queue 32768 / 32768
[2019.01.27-19.38.34:924][123]LogInit: WinSock: I am DESKTOP-PF2V43L (192.168.1.4:0)
[2019.01.27-19.38.34:924][123]PacketHandlerLog: Loaded PacketHandler component: Engine.EngineHandlerComponentFactory (StatelessConnectHandlerComponent)
[2019.01.27-19.38.34:925][123]LogNet: Game client on port 7777, rate 10000
[2019.01.27-19.38.34:954][125]LogHandshake: SendChallengeResponse. Timestamp: 38.301315, Cookie: 108173007128179068170165136088224101040096115112188180129186
[2019.01.27-19.38.34:987][127]LogNetVersion: AnimeWolfy 1.0.0.0, NetCL: 0, EngineNetVer: 5, GameNetVer: 0 (Checksum: 632502508)
[2019.01.27-19.38.34:987][127]LogNet: UPendingNetGame::SendInitialJoin: Sending hello. [UNetConnection] RemoteAddr: 127.0.0.1:7777, Name: IpConnection_0, Driver: PendingNetDriver IpNetDriver_0, IsServer: NO, PC: NULL, Owner: NULL, UniqueId: INVALID
[2019.01.27-19.38.35:050][131]LogNet: Welcomed by server (Level: /Game/Maps/TestMap, Game: /Game/Blueprints/MultGameMode.MultGameMode_C)
[2019.01.27-19.38.35:051][131]LogLoad: LoadMap: 127.0.0.1//Game/Maps/TestMap?game=/Game/Blueprints/MultGameMode.MultGameMode_C
[2019.01.27-19.38.35:056][131]LogStreaming: Display: Flushing async loaders.
[2019.01.27-19.38.35:094][131]LogTemp: Display: ParseSettings for GameNetDriver
[2019.01.27-19.38.35:097][131]LogWorld: Bringing World /Game/Maps/TestMap.TestMap up for play (max tick rate 0) at 2019.01.27-22.38.35
[2019.01.27-19.38.35:097][131]LogWorld: Bringing up level for play took: 0.001704
[2019.01.27-19.38.35:097][131]LogLoad: Took 0.046645 seconds to LoadMap(/Game/Maps/TestMap)
[2019.01.27-19.38.35:218][138]LogOnlineSession: Warning: OSS: No game present to join for session (GameSession)
[2019.01.27-19.38.35:282][142]LogUMG: Display: Widget Class Player_Widget_C - Loaded Fast Template.
[2019.01.27-19.38.35:378][148]LogUMG: Display: Widget Class PlayerEntry_Widget_C - Loaded Fast Template.
[2019.01.27-19.38.35:443][152]LogOnlineSession: Warning: OSS: No game present to join for session (GameSession)
[2019.01.27-19.38.54:230][263]LogOnlineSession: Warning: OSS: No game present to leave for session (GameSession)
[2019.01.27-19.38.59:747][605]LogNetPlayerMovement: Warning: CreateSavedMove: Hit limit of 96 saved moves (timing out or very bad ping?)
[2019.01.27-19.39.02:812][795]LogNetPlayerMovement: Warning: CreateSavedMove: Hit limit of 96 saved moves (timing out or very bad ping?)
[2019.01.27-19.39.05:877][985]LogNetPlayerMovement: Warning: CreateSavedMove: Hit limit of 96 saved moves (timing out or very bad ping?)
[2019.01.27-19.39.08:941][175]LogNetPlayerMovement: Warning: CreateSavedMove: Hit limit of 96 saved moves (timing out or very bad ping?)
[2019.01.27-19.39.12:007][365]LogNetPlayerMovement: Warning: CreateSavedMove: Hit limit of 96 saved moves (timing out or very bad ping?)
[2019.01.27-19.39.15:071][555]LogNetPlayerMovement: Warning: CreateSavedMove: Hit limit of 96 saved moves (timing out or very bad ping?)
[2019.01.27-19.39.18:136][745]LogNetPlayerMovement: Warning: CreateSavedMove: Hit limit of 96 saved moves (timing out or very bad ping?)
[2019.01.27-19.39.21:201][935]LogNetPlayerMovement: Warning: CreateSavedMove: Hit limit of 96 saved moves (timing out or very bad ping?)
[2019.01.27-19.39.24:264][125]LogNetPlayerMovement: Warning: CreateSavedMove: Hit limit of 96 saved moves (timing out or very bad ping?)
[2019.01.27-19.39.27:329][315]LogNetPlayerMovement: Warning: CreateSavedMove: Hit limit of 96 saved moves (timing out or very bad ping?)
[2019.01.27-19.39.30:394][505]LogNetPlayerMovement: Warning: CreateSavedMove: Hit limit of 96 saved moves (timing out or very bad ping?)
[2019.01.27-19.39.33:461][695]LogNetPlayerMovement: Warning: CreateSavedMove: Hit limit of 96 saved moves (timing out or very bad ping?)
[2019.01.27-19.39.35:687][833]LogNet: Warning: UNetDriver::ProcessRemoteFunction: No owning connection for actor MultGameState_C_0. Function EndGame will not be processed.
[2019.01.27-19.39.36:526][885]LogNetPlayerMovement: Warning: CreateSavedMove: Hit limit of 96 saved moves (timing out or very bad ping?)
[2019.01.27-19.39.39:591][ 75]LogNetPlayerMovement: Warning: CreateSavedMove: Hit limit of 96 saved moves (timing out or very bad ping?)
[2019.01.27-19.39.42:655][265]LogNetPlayerMovement: Warning: CreateSavedMove: Hit limit of 96 saved moves (timing out or very bad ping?)
[2019.01.27-19.39.45:720][455]LogNetPlayerMovement: Warning: CreateSavedMove: Hit limit of 96 saved moves (timing out or very bad ping?)
[2019.01.27-19.39.48:785][645]LogNetPlayerMovement: Warning: CreateSavedMove: Hit limit of 96 saved moves (timing out or very bad ping?)
[2019.01.27-19.39.51:849][835]LogNetPlayerMovement: Warning: CreateSavedMove: Hit limit of 96 saved moves (timing out or very bad ping?)
[2019.01.27-19.39.54:914][ 25]LogNetPlayerMovement: Warning: CreateSavedMove: Hit limit of 96 saved moves (timing out or very bad ping?)
[2019.01.27-19.39.56:703][135]LogNet: Warning: UNetConnection::Tick: Connection TIMED OUT. Closing connection.. Elapsed: 60.00, Real: 60.01, Good: 60.01, DriverTime: 81.78, Threshold: 60.00, [UNetConnection] RemoteAddr: 127.0.0.1:7777, Name: IpConnection_0, Driver: GameNetDriver IpNetDriver_0, IsServer: NO, PC: Wolfy_Controller_C_0, Owner: Wolfy_Controller_C_0, UniqueId: NULL:DESKTOP-PF2V43L-76A7BA434235067765437FA587870EB5
[2019.01.27-19.39.56:703][135]LogNet: Warning: Network Failure: GameNetDriver[ConnectionTimeout]: UNetConnection::Tick: Connection TIMED OUT. Closing connection.. Elapsed: 60.00, Real: 60.01, Good: 60.01, DriverTime: 81.78, Threshold: 60.00, [UNetConnection] RemoteAddr: 127.0.0.1:7777, Name: IpConnection_0, Driver: GameNetDriver IpNetDriver_0, IsServer: NO, PC: Wolfy_Controller_C_0, Owner: Wolfy_Controller_C_0, UniqueId: NULL:DESKTOP-PF2V43L-76A7BA434235067765437FA587870EB5
[2019.01.27-19.39.56:703][135]LogNet: NetworkFailure: ConnectionTimeout, Error: 'UNetConnection::Tick: Connection TIMED OUT. Closing connection.. Elapsed: 60.00, Real: 60.01, Good: 60.01, DriverTime: 81.78, Threshold: 60.00, [UNetConnection] RemoteAddr: 127.0.0.1:7777, Name: IpConnection_0, Driver: GameNetDriver IpNetDriver_0, IsServer: NO, PC: Wolfy_Controller_C_0, Owner: Wolfy_Controller_C_0, UniqueId: NULL:DESKTOP-PF2V43L-76A7BA434235067765437FA587870EB5'
[2019.01.27-19.39.56:703][135]LogNet: UNetConnection::Close: [UNetConnection] RemoteAddr: 127.0.0.1:7777, Name: IpConnection_0, Driver: GameNetDriver IpNetDriver_0, IsServer: NO, PC: Wolfy_Controller_C_0, Owner: Wolfy_Controller_C_0, UniqueId: NULL:DESKTOP-PF2V43L-76A7BA434235067765437FA587870EB5, Channels: 14, Time: 2019.01.27-19.39.56
[2019.01.27-19.39.56:703][135]LogNet: UChannel::Close: Sending CloseBunch. ChIndex == 0. Name: [UChannel] ChIndex: 0, Closing: 0 [UNetConnection] RemoteAddr: 127.0.0.1:7777, Name: IpConnection_0, Driver: GameNetDriver IpNetDriver_0, IsServer: NO, PC: Wolfy_Controller_C_0, Owner: Wolfy_Controller_C_0, UniqueId: NULL:DESKTOP-PF2V43L-76A7BA434235067765437FA587870EB5
[2019.01.27-19.39.56:704][136]LogNet: Browse: /Game/Maps/EntryMap?closed
[2019.01.27-19.39.56:704][136]LogNet: Connection failed; returning to Entry
[2019.01.27-19.39.56:705][136]LogLoad: LoadMap: /Game/Maps/EntryMap?closed
[2019.01.27-19.39.56:705][136]LogNet: World NetDriver shutdown IpNetDriver_0 [GameNetDriver]
[2019.01.27-19.39.56:705][136]LogNet: DestroyNamedNetDriver IpNetDriver_0 [GameNetDriver]
[2019.01.27-19.39.56:705][136]LogExit: GameNetDriver IpNetDriver_0 shut down
[2019.01.27-19.39.56:718][136]LogStreaming: Display: Flushing async loaders.
[2019.01.27-19.39.56:739][136]LogAIModule: Creating AISystem for world EntryMap
[2019.01.27-19.39.56:740][136]LogLoad: Game class is 'EntryGameMode_C'
[2019.01.27-19.39.56:740][136]LogWorld: Bringing World /Game/Maps/EntryMap.EntryMap up for play (max tick rate 0) at 2019.01.27-22.39.56
[2019.01.27-19.39.56:741][136]LogWorld: Bringing up level for play took: 0.000271
[2019.01.27-19.39.56:741][136]LogUMG: Display: Widget Class Spector_Widget_C - Loaded Fast Template.
[2019.01.27-19.39.56:741][136]LogLoad: Took 0.036791 seconds to LoadMap(/Game/Maps/EntryMap)
[2019.01.27-19.40.07:440][793]LogSlate: Request Window 'AnimeWolfy (64-bit Development PCD3D_SM5) ' being destroyed
[2019.01.27-19.40.07:469][793]LogSlate: Window 'AnimeWolfy (64-bit Development PCD3D_SM5) ' being destroyed
[2019.01.27-19.40.07:469][793]LogWindowsTextInputMethodSystem: Display: IME system now deactivated.
[2019.01.27-19.40.07:474][793]LogSlate: Updating window title bar state: overlay mode, drag disabled, window buttons hidden, title bar hidden
[2019.01.27-19.40.07:474][793]LogEngine: All Windows Closed
[2019.01.27-19.40.07:474][793]LogWindows: FPlatformMisc::RequestExit(0)
[2019.01.27-19.40.07:783][794]LogSlate: Slate User Destroyed.  User Index 0, Is Virtual User: 0
[2019.01.27-19.40.07:783][794]LogExit: Preparing to exit.
[2019.01.27-19.40.07:783][794]LogMoviePlayer: Shutting down movie player
[2019.01.27-19.40.07:786][794]LogSlate: Updating window title bar state: overlay mode, drag disabled, window buttons hidden, title bar hidden
[2019.01.27-19.40.07:787][794]LogExit: Game engine shut down
[2019.01.27-19.40.07:811][794]LogExit: Object subsystem successfully closed.
[2019.01.27-19.40.07:817][794]LogD3D11RHI: Shutdown
[2019.01.27-19.40.07:817][794]LogD3D11RHI: CleanupD3DDevice
[2019.01.27-19.40.07:818][794]LogD3D11RHI: ~FD3D11DynamicRHI
[2019.01.27-19.40.07:818][794]LogModuleManager: Shutting down and abandoning module AutomationController (196)
[2019.01.27-19.40.07:818][794]LogModuleManager: Shutting down and abandoning module AutomationWorker (194)
[2019.01.27-19.40.07:818][794]LogModuleManager: Shutting down and abandoning module Voice (192)
[2019.01.27-19.40.07:818][794]LogModuleManager: Shutting down and abandoning module AIModule (190)
[2019.01.27-19.40.07:818][794]LogModuleManager: Shutting down and abandoning module GameplayDebugger (189)
[2019.01.27-19.40.07:818][794]LogModuleManager: Shutting down and abandoning module NavigationSystem (187)
[2019.01.27-19.40.07:818][794]LogModuleManager: Shutting down and abandoning module WebMMediaFactory (184)
[2019.01.27-19.40.07:818][794]LogModuleManager: Shutting down and abandoning module WebMMedia (182)
[2019.01.27-19.40.07:818][794]LogModuleManager: Shutting down and abandoning module WmfMediaFactory (180)
[2019.01.27-19.40.07:818][794]LogModuleManager: Shutting down and abandoning module OpenExrWrapper (178)
[2019.01.27-19.40.07:818][794]LogModuleManager: Shutting down and abandoning module ImgMediaFactory (176)
[2019.01.27-19.40.07:818][794]LogModuleManager: Shutting down and abandoning module AvfMediaFactory (174)
[2019.01.27-19.40.07:818][794]LogModuleManager: Shutting down and abandoning module CharacterAI (172)
[2019.01.27-19.40.07:818][794]LogModuleManager: Shutting down and abandoning module SessionServices (170)
[2019.01.27-19.40.07:818][794]LogModuleManager: Shutting down and abandoning module MovieSceneTracks (168)
[2019.01.27-19.40.07:818][794]LogModuleManager: Shutting down and abandoning module MovieScene (166)
[2019.01.27-19.40.07:818][794]LogModuleManager: Shutting down and abandoning module StreamingPauseRendering (164)
[2019.01.27-19.40.07:818][794]LogModuleManager: Shutting down and abandoning module ImageWriteQueue (162)
[2019.01.27-19.40.07:819][794]LogModuleManager: Shutting down and abandoning module ProfilerService (160)
[2019.01.27-19.40.07:835][794]LogModuleManager: Shutting down and abandoning module TaskGraph (158)
[2019.01.27-19.40.07:835][794]LogModuleManager: Shutting down and abandoning module SteamVRController (156)
[2019.01.27-19.40.07:835][794]LogModuleManager: Shutting down and abandoning module ProceduralMeshComponent (154)
[2019.01.27-19.40.07:835][794]LogModuleManager: Shutting down and abandoning module OculusInput (152)
[2019.01.27-19.40.07:835][794]LogModuleManager: Shutting down and abandoning module MobilePatchingUtils (150)
[2019.01.27-19.40.07:835][794]LogModuleManager: Shutting down and abandoning module CustomMeshComponent (148)
[2019.01.27-19.40.07:835][794]LogModuleManager: Shutting down and abandoning module CableComponent (146)
[2019.01.27-19.40.07:835][794]LogModuleManager: Shutting down and abandoning module AudioCapture (144)
[2019.01.27-19.40.07:835][794]LogModuleManager: Shutting down and abandoning module ArchVisCharacter (142)
[2019.01.27-19.40.07:835][794]LogModuleManager: Shutting down and abandoning module AndroidPermission (140)
[2019.01.27-19.40.07:835][794]LogModuleManager: Shutting down and abandoning module MediaCompositing (138)
[2019.01.27-19.40.07:835][794]LogModuleManager: Shutting down and abandoning module LinearTimecode (136)
[2019.01.27-19.40.07:835][794]LogModuleManager: Shutting down and abandoning module ImgMedia (134)
[2019.01.27-19.40.07:836][794]LogModuleManager: Shutting down and abandoning module HTML5Networking (132)
[2019.01.27-19.40.07:836][794]LogModuleManager: Shutting down and abandoning module BackChannel (130)
[2019.01.27-19.40.07:836][794]LogModuleManager: Shutting down and abandoning module AppleVision (128)
[2019.01.27-19.40.07:836][794]LogModuleManager: Shutting down and abandoning module AppleImageUtils (126)
[2019.01.27-19.40.07:836][794]LogModuleManager: Shutting down and abandoning module GeometryCacheTracks (124)
[2019.01.27-19.40.07:836][794]LogModuleManager: Shutting down and abandoning module GeometryCache (122)
[2019.01.27-19.40.07:836][794]LogModuleManager: Shutting down and abandoning module VariantManagerContent (120)
[2019.01.27-19.40.07:836][794]LogModuleManager: Shutting down and abandoning module EditableMesh (118)
[2019.01.27-19.40.07:836][794]LogModuleManager: Shutting down and abandoning module AnimeWolfy (116)
[2019.01.27-19.40.07:836][794]LogModuleManager: Shutting down and abandoning module RuntimePhysXCooking (114)
[2019.01.27-19.40.07:836][794]LogModuleManager: Shutting down and abandoning module PhysXVehicles (112)
[2019.01.27-19.40.07:836][794]LogModuleManager: Shutting down and abandoning module LocationServicesBPLibrary (110)
[2019.01.27-19.40.07:836][794]LogModuleManager: Shutting down and abandoning module ActorSequence (108)
[2019.01.27-19.40.07:836][794]LogModuleManager: Shutting down and abandoning module UdpMessaging (106)
[2019.01.27-19.40.07:836][794]LogModuleManager: Shutting down and abandoning module TcpMessaging (104)
[2019.01.27-19.40.07:836][794]LogModuleManager: Shutting down and abandoning module FacialAnimation (102)
[2019.01.27-19.40.07:836][794]LogModuleManager: Shutting down and abandoning module LightPropagationVolumeRuntime (100)
[2019.01.27-19.40.07:836][794]LogModuleManager: Shutting down and abandoning module AISupportModule (98)
[2019.01.27-19.40.07:836][794]LogModuleManager: Shutting down and abandoning module Paper2D (96)
[2019.01.27-19.40.07:836][794]LogModuleManager: Shutting down and abandoning module WindowsMoviePlayer (94)
[2019.01.27-19.40.07:836][794]LogModuleManager: Shutting down and abandoning module WebMMoviePlayer (92)
[2019.01.27-19.40.07:836][794]LogModuleManager: Shutting down and abandoning module WmfMedia (90)
[2019.01.27-19.40.07:836][794]LogModuleManager: Shutting down and abandoning module Media (89)
[2019.01.27-19.40.07:842][794]LogModuleManager: Shutting down and abandoning module PacketHandler (86)
[2019.01.27-19.40.07:842][794]LogModuleManager: Shutting down and abandoning module ClothingSystemRuntime (84)
[2019.01.27-19.40.07:842][794]LogModuleManager: Shutting down and abandoning module MediaAssets (82)
[2019.01.27-19.40.07:842][794]LogModuleManager: Shutting down and abandoning module Overlay (80)
[2019.01.27-19.40.07:842][794]LogModuleManager: Shutting down and abandoning module UMG (78)
[2019.01.27-19.40.07:842][794]LogModuleManager: Shutting down and abandoning module SlateReflector (76)
[2019.01.27-19.40.07:842][794]LogModuleManager: Shutting down and abandoning module Slate (74)
[2019.01.27-19.40.07:842][794]LogModuleManager: Shutting down and abandoning module MRMesh (72)
[2019.01.27-19.40.07:842][794]LogModuleManager: Shutting down and abandoning module Messaging (70)
[2019.01.27-19.40.07:842][794]LogModuleManager: Shutting down and abandoning module HeadMountedDisplay (68)
[2019.01.27-19.40.07:842][794]LogModuleManager: Shutting down and abandoning module XAudio2 (66)
[2019.01.27-19.40.07:842][794]LogModuleManager: Shutting down and abandoning module Networking (64)
[2019.01.27-19.40.07:842][794]LogModuleManager: Shutting down and abandoning module Core (62)
[2019.01.27-19.40.07:842][794]LogModuleManager: Shutting down and abandoning module LevelSequence (60)
[2019.01.27-19.40.07:842][794]LogModuleManager: Shutting down and abandoning module ImageWrapper (56)
[2019.01.27-19.40.07:842][794]LogModuleManager: Shutting down and abandoning module InputCore (54)
[2019.01.27-19.40.07:842][794]LogModuleManager: Shutting down and abandoning module PhysXCooking (52)
[2019.01.27-19.40.07:842][794]LogModuleManager: Shutting down and abandoning module SteamVR (50)
[2019.01.27-19.40.07:842][794]LogHMD: Freeing OpenVRDLLHandle.
[2019.01.27-19.40.07:842][794]LogModuleManager: Shutting down and abandoning module OculusHMD (48)
[2019.01.27-19.40.07:842][794]LogModuleManager: Shutting down and abandoning module ExampleDeviceProfileSelector (46)
[2019.01.27-19.40.07:842][794]LogModuleManager: Shutting down and abandoning module LauncherChunkInstaller (44)
[2019.01.27-19.40.07:842][794]LogModuleManager: Shutting down and abandoning module OnlineSubsystem (40)
[2019.01.27-19.40.07:842][794]LogModuleManager: Shutting down and abandoning module HTTP (35)
[2019.01.27-19.40.07:867][794]LogModuleManager: Shutting down and abandoning module SSL (34)
[2019.01.27-19.40.07:867][794]LogModuleManager: Shutting down and abandoning module DatasmithContent (30)
[2019.01.27-19.40.07:867][794]LogModuleManager: Shutting down and abandoning module ShaderCore (28)
[2019.01.27-19.40.07:867][794]LogModuleManager: Shutting down and abandoning module Landscape (26)
[2019.01.27-19.40.07:867][794]LogModuleManager: Shutting down and abandoning module SlateRHIRenderer (24)
[2019.01.27-19.40.07:867][794]LogModuleManager: Shutting down and abandoning module OpenGLDrv (22)
[2019.01.27-19.40.07:867][794]LogModuleManager: Shutting down and abandoning module D3D11RHI (20)
[2019.01.27-19.40.07:867][794]LogModuleManager: Shutting down and abandoning module AnimGraphRuntime (18)
[2019.01.27-19.40.07:867][794]LogModuleManager: Shutting down and abandoning module Renderer (16)
[2019.01.27-19.40.07:867][794]LogModuleManager: Shutting down and abandoning module Engine (14)
[2019.01.27-19.40.07:867][794]LogModuleManager: Shutting down and abandoning module CoreUObject (12)
[2019.01.27-19.40.07:867][794]LogModuleManager: Shutting down and abandoning module NetworkFile (10)
[2019.01.27-19.40.07:867][794]LogModuleManager: Shutting down and abandoning module CookedIterativeFile (8)
[2019.01.27-19.40.07:868][794]LogModuleManager: Shutting down and abandoning module StreamingFile (6)
[2019.01.27-19.40.07:868][794]LogModuleManager: Shutting down and abandoning module SandboxFile (4)
[2019.01.27-19.40.07:868][794]LogModuleManager: Shutting down and abandoning module PakFile (2)
[2019.01.27-19.40.07:870][794]LogExit: Exiting.
[2019.01.27-19.40.07:874][794]Log file closed, 01/27/19 22:40:07
