Log file open, 01/27/19 22:47:34
LogWindows: Failed to load 'aqProf.dll' (GetLastError=126)
LogWindows: File 'aqProf.dll' does not exist
LogWindows: Failed to load 'VtuneApi.dll' (GetLastError=126)
LogWindows: File 'VtuneApi.dll' does not exist
LogWindows: Failed to load 'VtuneApi32e.dll' (GetLastError=126)
LogWindows: File 'VtuneApi32e.dll' does not exist
LogConsoleResponse: Display: Failed to find resolution value strings in scalability ini. Falling back to default.
LogPakFile: Registered encryption key '00000000000000000000000000000000': 0 pak files mounted, 0 remain pending
LogPakFile: Display: Found Pak file ../../../AnimeWolfy/Content/Paks/AnimeWolfy-WindowsNoEditor.pak attempting to mount.
LogPakFile: Display: Mounting pak file ../../../AnimeWolfy/Content/Paks/AnimeWolfy-WindowsNoEditor.pak.
LogPlatformFile: Not using cached read wrapper
LogTaskGraph: Started task graph with 5 named threads and 9 total threads with 1 sets of task threads.
LogStats: Stats thread started at 0.081346
LogD3D11RHI: Loaded GFSDK_Aftermath_Lib.x64.dll
LogICUInternationalization: ICU TimeZone Detection - Raw Offset: +3:00, Platform Override: ''
LogPluginManager: Mounting plugin Paper2D
LogPluginManager: Mounting plugin AISupport
LogPluginManager: Mounting plugin LightPropagationVolume
LogPluginManager: Mounting plugin AssetManagerEditor
LogPluginManager: Mounting plugin CryptoKeys
LogPluginManager: Mounting plugin FacialAnimation
LogPluginManager: Mounting plugin MeshEditor
LogPluginManager: Mounting plugin EditableMesh
LogPluginManager: Mounting plugin DatasmithContent
LogPluginManager: Mounting plugin VariantManagerContent
LogPluginManager: Mounting plugin AlembicImporter
LogPluginManager: Mounting plugin GeometryCache
LogPluginManager: Mounting plugin AppleImageUtils
LogPluginManager: Mounting plugin AppleVision
LogPluginManager: Mounting plugin BackChannel
LogPluginManager: Mounting plugin CharacterAI
LogPluginManager: Mounting plugin HTML5Networking
LogPluginManager: Mounting plugin AvfMedia
LogPluginManager: Mounting plugin ImgMedia
LogPluginManager: Mounting plugin LinearTimecode
LogPluginManager: Mounting plugin MediaCompositing
LogPluginManager: Mounting plugin WmfMedia
LogPluginManager: Mounting plugin TcpMessaging
LogPluginManager: Mounting plugin UdpMessaging
LogPluginManager: Mounting plugin ActorSequence
LogPluginManager: Mounting plugin NetcodeUnitTest
LogPluginManager: Mounting plugin OnlineSubsystem
LogPluginManager: Mounting plugin OnlineSubsystemNull
LogPluginManager: Mounting plugin OnlineSubsystemUtils
LogPluginManager: Mounting plugin LauncherChunkInstaller
LogPluginManager: Mounting plugin AndroidPermission
LogPluginManager: Mounting plugin ArchVisCharacter
LogPluginManager: Mounting plugin AudioCapture
LogPluginManager: Mounting plugin CableComponent
LogPluginManager: Mounting plugin CustomMeshComponent
LogPluginManager: Mounting plugin ExampleDeviceProfileSelector
LogPluginManager: Mounting plugin LocationServicesBPLibrary
LogPluginManager: Mounting plugin MobilePatchingUtils
LogPluginManager: Mounting plugin OculusVR
LogPluginManager: Mounting plugin ProceduralMeshComponent
LogPluginManager: Mounting plugin PhysXVehicles
LogPluginManager: Mounting plugin RuntimePhysXCooking
LogPluginManager: Mounting plugin SteamVR
LogPluginManager: Mounting plugin WebMMoviePlayer
LogPluginManager: Mounting plugin WebMMedia
LogPluginManager: Mounting plugin WindowsMoviePlayer
LogStreaming: Display: Took  0.030s to configure plugins.
LogInit: Using libcurl 7.55.1-DEV
LogInit:  - built for x86_64-pc-win32
LogInit:  - supports SSL with OpenSSL/1.0.2h
LogInit:  - supports HTTP deflate (compression) using libz 1.2.8
LogInit:  - other features:
LogInit:      CURL_VERSION_SSL
LogInit:      CURL_VERSION_LIBZ
LogInit:      CURL_VERSION_IPV6
LogInit:      CURL_VERSION_ASYNCHDNS
LogInit:      CURL_VERSION_LARGEFILE
LogInit:      CURL_VERSION_IDN
LogInit:  CurlRequestOptions (configurable via config and command line):
LogInit:  - bVerifyPeer = true  - Libcurl will verify peer certificate
LogInit:  - bUseHttpProxy = false  - Libcurl will NOT use HTTP proxy
LogInit:  - bDontReuseConnections = false  - Libcurl will reuse connections
LogInit:  - MaxHostConnections = 16  - Libcurl will limit the number of connections to a host
LogInit:  - LocalHostAddr = Default
LogInit:  - BufferSize = 65536
LogInit: WinSock: version 1.1 (2.2), MaxSocks=32767, MaxUdp=65467
LogInit: Build: ++UE4+Release-4.21-CL-0
LogInit: Engine Version: 4.21.2-0+++UE4+Release-4.21
LogInit: Compatible Engine Version: 4.21.0-0+++UE4+Release-4.21
LogInit: Net CL: 0
LogInit: OS: Windows 10 (), CPU: Intel(R) Core(TM) i7-8700K CPU @ 3.70GHz, GPU: NVIDIA GeForce RTX 2080
LogInit: Compiled (64-bit): Jan 27 2019 14:47:18
LogInit: Compiled with Visual C++: 19.16.27026.01
LogInit: Build Configuration: Development
LogInit: Branch Name: ++UE4+Release-4.21
LogInit: Command Line: -log
LogInit: Base Directory: D:/Studing/PRojects/AnimeWolfy/Builds/WindowsNoEditor/AnimeWolfy/Binaries/Win64/
LogInit: Installed Engine Build: 0
LogDevObjectVersion: Number of dev versions registered: 22
LogDevObjectVersion:   Dev-Blueprints (B0D832E4-1F89-4F0D-ACCF-7EB736FD4AA2): 10
LogDevObjectVersion:   Dev-Build (E1C64328-A22C-4D53-A36C-8E866417BD8C): 0
LogDevObjectVersion:   Dev-Core (375EC13C-06E4-48FB-B500-84F0262A717E): 2
LogDevObjectVersion:   Dev-Editor (E4B068ED-F494-42E9-A231-DA0B2E46BB41): 26
LogDevObjectVersion:   Dev-Framework (CFFC743F-43B0-4480-9391-14DF171D2073): 34
LogDevObjectVersion:   Dev-Mobile (B02B49B5-BB20-44E9-A304-32B752E40360): 2
LogDevObjectVersion:   Dev-Networking (A4E4105C-59A1-49B5-A7C5-40C4547EDFEE): 0
LogDevObjectVersion:   Dev-Online (39C831C9-5AE6-47DC-9A44-9C173E1C8E7C): 0
LogDevObjectVersion:   Dev-Physics (78F01B33-EBEA-4F98-B9B4-84EACCB95AA2): 0
LogDevObjectVersion:   Dev-Platform (6631380F-2D4D-43E0-8009-CF276956A95A): 0
LogDevObjectVersion:   Dev-Rendering (12F88B9F-8875-4AFC-A67C-D90C383ABD29): 27
LogDevObjectVersion:   Dev-Sequencer (7B5AE74C-D270-4C10-A958-57980B212A5A): 9
LogDevObjectVersion:   Dev-VR (D7296918-1DD6-4BDD-9DE2-64A83CC13884): 2
LogDevObjectVersion:   Dev-LoadTimes (C2A15278-BFE7-4AFE-6C17-90FF531DF755): 1
LogDevObjectVersion:   Private-Geometry (6EACA3D4-40EC-4CC1-B786-8BED09428FC5): 3
LogDevObjectVersion:   Dev-AnimPhys (29E575DD-E0A3-4627-9D10-D276232CDCEA): 17
LogDevObjectVersion:   Dev-Anim (AF43A65D-7FD3-4947-9873-3E8ED9C1BB05): 2
LogDevObjectVersion:   Dev-ReflectionCapture (6B266CEC-1EC7-4B8F-A30B-E4D90942FC07): 1
LogDevObjectVersion:   Dev-Automation (0DF73D61-A23F-47EA-B727-89E90C41499A): 1
LogDevObjectVersion:   FortniteMain (601D1886-AC64-4F84-AA16-D3DE0DEAC7D6): 17
LogDevObjectVersion:   Dev-Enterprise (9DFFBCD6-494F-0158-E221-12823C92A888): 4
LogDevObjectVersion:   Dev-Niagara (F2AED0AC-9AFE-416F-8664-AA7FFA26D6FC): 1
LogStreaming: Display: Took  0.003s to delete old logs.
LogInit: Presizing for max 2097152 objects, including 1 objects not considered by GC, pre-allocating 0 bytes for permanent pool.
LogStreaming: Display: Async Loading initialized: Event Driven Loader: true, Async Loading Thread: false, Async Post Load: false
LogInit: Object subsystem initialized
LogConfig: Setting CVar [[con.DebugEarlyDefault:1]]
LogConfig: Setting CVar [[r.setres:1280x720]]
[2019.01.27-19.47.34:291][  0]LogConfig: Setting CVar [[con.DebugEarlyDefault:1]]
[2019.01.27-19.47.34:291][  0]LogConfig: Setting CVar [[r.setres:1280x720]]
[2019.01.27-19.47.34:292][  0]LogConfig: Applying CVar settings from Section [/Script/Engine.RendererSettings] File [../../../AnimeWolfy/Saved/Config/WindowsServer/Engine.ini]
[2019.01.27-19.47.34:292][  0]LogConfig: Setting CVar [[r.GPUCrashDebugging:0]]
[2019.01.27-19.47.34:293][  0]LogConfig: Applying CVar settings from Section [/Script/Engine.RendererOverrideSettings] File [../../../AnimeWolfy/Saved/Config/WindowsServer/Engine.ini]
[2019.01.27-19.47.34:293][  0]LogConfig: Applying CVar settings from Section [/Script/Engine.StreamingSettings] File [../../../AnimeWolfy/Saved/Config/WindowsServer/Engine.ini]
[2019.01.27-19.47.34:293][  0]LogConfig: Setting CVar [[s.MinBulkDataSizeForAsyncLoading:131072]]
[2019.01.27-19.47.34:294][  0]LogConfig: Setting CVar [[s.AsyncLoadingThreadEnabled:0]]
[2019.01.27-19.47.34:294][  0]LogConfig: Setting CVar [[s.EventDrivenLoaderEnabled:1]]
[2019.01.27-19.47.34:294][  0]LogConfig: Setting CVar [[s.WarnIfTimeLimitExceeded:0]]
[2019.01.27-19.47.34:295][  0]LogConfig: Setting CVar [[s.TimeLimitExceededMultiplier:1.5]]
[2019.01.27-19.47.34:295][  0]LogConfig: Setting CVar [[s.TimeLimitExceededMinTime:0.005]]
[2019.01.27-19.47.34:295][  0]LogConfig: Setting CVar [[s.UseBackgroundLevelStreaming:1]]
[2019.01.27-19.47.34:295][  0]LogConfig: Setting CVar [[s.PriorityAsyncLoadingExtraTime:15.0]]
[2019.01.27-19.47.34:296][  0]LogConfig: Setting CVar [[s.LevelStreamingActorsUpdateTimeLimit:5.0]]
[2019.01.27-19.47.34:296][  0]LogConfig: Setting CVar [[s.PriorityLevelStreamingActorsUpdateExtraTime:5.0]]
[2019.01.27-19.47.34:296][  0]LogConfig: Setting CVar [[s.LevelStreamingComponentsRegistrationGranularity:10]]
[2019.01.27-19.47.34:297][  0]LogConfig: Setting CVar [[s.UnregisterComponentsTimeLimit:1.0]]
[2019.01.27-19.47.34:297][  0]LogConfig: Setting CVar [[s.LevelStreamingComponentsUnregistrationGranularity:5]]
[2019.01.27-19.47.34:297][  0]LogConfig: Applying CVar settings from Section [/Script/Engine.GarbageCollectionSettings] File [../../../AnimeWolfy/Saved/Config/WindowsServer/Engine.ini]
[2019.01.27-19.47.34:298][  0]LogConfig: Setting CVar [[gc.MaxObjectsNotConsideredByGC:1]]
[2019.01.27-19.47.34:298][  0]LogConfig: Setting CVar [[gc.SizeOfPermanentObjectPool:0]]
[2019.01.27-19.47.34:298][  0]LogConfig: Setting CVar [[gc.FlushStreamingOnGC:0]]
[2019.01.27-19.47.34:298][  0]LogConfig: Setting CVar [[gc.NumRetriesBeforeForcingGC:10]]
[2019.01.27-19.47.34:299][  0]LogConfig: Setting CVar [[gc.AllowParallelGC:1]]
[2019.01.27-19.47.34:300][  0]LogConfig: Setting CVar [[gc.TimeBetweenPurgingPendingKillObjects:61.1]]
[2019.01.27-19.47.34:303][  0]LogConfig: Setting CVar [[gc.MaxObjectsInEditor:8388607]]
[2019.01.27-19.47.34:303][  0]LogConfig: Setting CVar [[gc.IncrementalBeginDestroyEnabled:1]]
[2019.01.27-19.47.34:303][  0]LogConfig: Setting CVar [[gc.CreateGCClusters:1]]
[2019.01.27-19.47.34:304][  0]LogConfig: Setting CVar [[gc.MergeGCClusters:0]]
[2019.01.27-19.47.34:304][  0]LogConfig: Setting CVar [[gc.MinGCClusterSize:5]]
[2019.01.27-19.47.34:304][  0]LogConfig: Setting CVar [[gc.ActorClusteringEnabled:0]]
[2019.01.27-19.47.34:305][  0]LogConfig: Setting CVar [[gc.BlueprintClusteringEnabled:0]]
[2019.01.27-19.47.34:305][  0]LogConfig: Setting CVar [[gc.UseDisregardForGCOnDedicatedServers:0]]
[2019.01.27-19.47.34:305][  0]LogConfig: Applying CVar settings from Section [/Script/Engine.NetworkSettings] File [../../../AnimeWolfy/Saved/Config/WindowsServer/Engine.ini]
[2019.01.27-19.47.34:306][  0]LogConfig: Applying CVar settings from Section [ViewDistanceQuality@3] File [../../../AnimeWolfy/Saved/Config/WindowsServer/Scalability.ini]
[2019.01.27-19.47.34:306][  0]LogConfig: Setting CVar [[r.SkeletalMeshLODBias:0]]
[2019.01.27-19.47.34:307][  0]LogConfig: Setting CVar [[r.ViewDistanceScale:1.0]]
[2019.01.27-19.47.34:307][  0]LogConfig: Applying CVar settings from Section [AntiAliasingQuality@3] File [../../../AnimeWolfy/Saved/Config/WindowsServer/Scalability.ini]
[2019.01.27-19.47.34:307][  0]LogConfig: Setting CVar [[r.PostProcessAAQuality:4]]
[2019.01.27-19.47.34:308][  0]LogConfig: Applying CVar settings from Section [ShadowQuality@3] File [../../../AnimeWolfy/Saved/Config/WindowsServer/Scalability.ini]
[2019.01.27-19.47.34:308][  0]LogConfig: Setting CVar [[r.LightFunctionQuality:1]]
[2019.01.27-19.47.34:308][  0]LogConfig: Setting CVar [[r.ShadowQuality:5]]
[2019.01.27-19.47.34:309][  0]LogConfig: Setting CVar [[r.Shadow.CSM.MaxCascades:10]]
[2019.01.27-19.47.34:309][  0]LogConfig: Setting CVar [[r.Shadow.MaxResolution:2048]]
[2019.01.27-19.47.34:309][  0]LogConfig: Setting CVar [[r.Shadow.MaxCSMResolution:2048]]
[2019.01.27-19.47.34:309][  0]LogConfig: Setting CVar [[r.Shadow.RadiusThreshold:0.01]]
[2019.01.27-19.47.34:310][  0]LogConfig: Setting CVar [[r.Shadow.DistanceScale:1.0]]
[2019.01.27-19.47.34:310][  0]LogConfig: Setting CVar [[r.Shadow.CSM.TransitionScale:1.0]]
[2019.01.27-19.47.34:310][  0]LogConfig: Setting CVar [[r.Shadow.PreShadowResolutionFactor:1.0]]
[2019.01.27-19.47.34:311][  0]LogConfig: Setting CVar [[r.DistanceFieldShadowing:1]]
[2019.01.27-19.47.34:311][  0]LogConfig: Setting CVar [[r.DistanceFieldAO:1]]
[2019.01.27-19.47.34:311][  0]LogConfig: Setting CVar [[r.AOQuality:2]]
[2019.01.27-19.47.34:311][  0]LogConfig: Setting CVar [[r.VolumetricFog:1]]
[2019.01.27-19.47.34:312][  0]LogConfig: Setting CVar [[r.VolumetricFog.GridPixelSize:8]]
[2019.01.27-19.47.34:314][  0]LogConfig: Setting CVar [[r.VolumetricFog.GridSizeZ:128]]
[2019.01.27-19.47.34:314][  0]LogConfig: Setting CVar [[r.VolumetricFog.HistoryMissSupersampleCount:4]]
[2019.01.27-19.47.34:315][  0]LogConfig: Setting CVar [[r.LightMaxDrawDistanceScale:1]]
[2019.01.27-19.47.34:316][  0]LogConfig: Setting CVar [[r.CapsuleShadows:1]]
[2019.01.27-19.47.34:316][  0]LogConfig: Applying CVar settings from Section [PostProcessQuality@3] File [../../../AnimeWolfy/Saved/Config/WindowsServer/Scalability.ini]
[2019.01.27-19.47.34:317][  0]LogConfig: Setting CVar [[r.MotionBlurQuality:4]]
[2019.01.27-19.47.34:317][  0]LogConfig: Setting CVar [[r.AmbientOcclusionMipLevelFactor:0.4]]
[2019.01.27-19.47.34:318][  0]LogConfig: Setting CVar [[r.AmbientOcclusionMaxQuality:100]]
[2019.01.27-19.47.34:318][  0]LogConfig: Setting CVar [[r.AmbientOcclusionLevels:-1]]
[2019.01.27-19.47.34:318][  0]LogConfig: Setting CVar [[r.AmbientOcclusionRadiusScale:1.0]]
[2019.01.27-19.47.34:319][  0]LogConfig: Setting CVar [[r.DepthOfFieldQuality:2]]
[2019.01.27-19.47.34:319][  0]LogConfig: Setting CVar [[r.RenderTargetPoolMin:400]]
[2019.01.27-19.47.34:320][  0]LogConfig: Setting CVar [[r.LensFlareQuality:2]]
[2019.01.27-19.47.34:320][  0]LogConfig: Setting CVar [[r.SceneColorFringeQuality:1]]
[2019.01.27-19.47.34:320][  0]LogConfig: Setting CVar [[r.EyeAdaptationQuality:2]]
[2019.01.27-19.47.34:321][  0]LogConfig: Setting CVar [[r.BloomQuality:5]]
[2019.01.27-19.47.34:321][  0]LogConfig: Setting CVar [[r.FastBlurThreshold:100]]
[2019.01.27-19.47.34:321][  0]LogConfig: Setting CVar [[r.Upscale.Quality:3]]
[2019.01.27-19.47.34:322][  0]LogConfig: Setting CVar [[r.Tonemapper.GrainQuantization:1]]
[2019.01.27-19.47.34:322][  0]LogConfig: Setting CVar [[r.LightShaftQuality:1]]
[2019.01.27-19.47.34:322][  0]LogConfig: Setting CVar [[r.Filter.SizeScale:1]]
[2019.01.27-19.47.34:325][  0]LogConfig: Setting CVar [[r.Tonemapper.Quality:5]]
[2019.01.27-19.47.34:325][  0]LogConfig: Setting CVar [[r.DOF.Gather.AccumulatorQuality:1        ; higher gathering accumulator quality]]
[2019.01.27-19.47.34:326][  0]LogConfig: Setting CVar [[r.DOF.Gather.PostfilterMethod:1          ; Median3x3 postfilering method]]
[2019.01.27-19.47.34:326][  0]LogConfig: Setting CVar [[r.DOF.Gather.EnableBokehSettings:0       ; no bokeh simulation when gathering]]
[2019.01.27-19.47.34:327][  0]LogConfig: Setting CVar [[r.DOF.Gather.RingCount:4                 ; medium number of samples when gathering]]
[2019.01.27-19.47.34:327][  0]LogConfig: Setting CVar [[r.DOF.Scatter.ForegroundCompositing:1    ; additive foreground scattering]]
[2019.01.27-19.47.34:327][  0]LogConfig: Setting CVar [[r.DOF.Scatter.BackgroundCompositing:2    ; additive background scattering]]
[2019.01.27-19.47.34:328][  0]LogConfig: Setting CVar [[r.DOF.Scatter.EnableBokehSettings:1      ; bokeh simulation when scattering]]
[2019.01.27-19.47.34:328][  0]LogConfig: Setting CVar [[r.DOF.Scatter.MaxSpriteRatio:0.1         ; only a maximum of 10% of scattered bokeh]]
[2019.01.27-19.47.34:328][  0]LogConfig: Setting CVar [[r.DOF.Recombine.Quality:1                ; cheap slight out of focus]]
[2019.01.27-19.47.34:329][  0]LogConfig: Setting CVar [[r.DOF.Recombine.EnableBokehSettings:0    ; no bokeh simulation on slight out of focus]]
[2019.01.27-19.47.34:329][  0]LogConfig: Setting CVar [[r.DOF.TemporalAAQuality:1                ; more stable temporal accumulation]]
[2019.01.27-19.47.34:329][  0]LogConfig: Setting CVar [[r.DOF.Kernel.MaxForegroundRadius:0.025]]
[2019.01.27-19.47.34:330][  0]LogConfig: Setting CVar [[r.DOF.Kernel.MaxBackgroundRadius:0.025]]
[2019.01.27-19.47.34:330][  0]LogConfig: Applying CVar settings from Section [TextureQuality@3] File [../../../AnimeWolfy/Saved/Config/WindowsServer/Scalability.ini]
[2019.01.27-19.47.34:331][  0]LogConfig: Setting CVar [[r.Streaming.MipBias:0]]
[2019.01.27-19.47.34:331][  0]LogConfig: Setting CVar [[r.Streaming.AmortizeCPUToGPUCopy:0]]
[2019.01.27-19.47.34:331][  0]LogConfig: Setting CVar [[r.Streaming.MaxNumTexturesToStreamPerFrame:0]]
[2019.01.27-19.47.34:332][  0]LogConfig: Setting CVar [[r.Streaming.Boost:1]]
[2019.01.27-19.47.34:332][  0]LogConfig: Setting CVar [[r.MaxAnisotropy:8]]
[2019.01.27-19.47.34:332][  0]LogConfig: Setting CVar [[r.Streaming.LimitPoolSizeToVRAM:0]]
[2019.01.27-19.47.34:332][  0]LogConfig: Setting CVar [[r.Streaming.PoolSize:1000]]
[2019.01.27-19.47.34:333][  0]LogConfig: Setting CVar [[r.Streaming.MaxEffectiveScreenSize:0]]
[2019.01.27-19.47.34:333][  0]LogConfig: Applying CVar settings from Section [EffectsQuality@3] File [../../../AnimeWolfy/Saved/Config/WindowsServer/Scalability.ini]
[2019.01.27-19.47.34:333][  0]LogConfig: Setting CVar [[r.TranslucencyLightingVolumeDim:64]]
[2019.01.27-19.47.34:336][  0]LogConfig: Setting CVar [[r.RefractionQuality:2]]
[2019.01.27-19.47.34:336][  0]LogConfig: Setting CVar [[r.SSR.Quality:3]]
[2019.01.27-19.47.34:337][  0]LogConfig: Setting CVar [[r.SceneColorFormat:4]]
[2019.01.27-19.47.34:337][  0]LogConfig: Setting CVar [[r.DetailMode:2]]
[2019.01.27-19.47.34:338][  0]LogConfig: Setting CVar [[r.TranslucencyVolumeBlur:1]]
[2019.01.27-19.47.34:338][  0]LogConfig: Setting CVar [[r.MaterialQualityLevel:1 ; High quality]]
[2019.01.27-19.47.34:339][  0]LogConfig: Setting CVar [[r.SSS.Scale:1]]
[2019.01.27-19.47.34:340][  0]LogConfig: Setting CVar [[r.SSS.SampleSet:2]]
[2019.01.27-19.47.34:340][  0]LogConfig: Setting CVar [[r.SSS.Quality:1]]
[2019.01.27-19.47.34:340][  0]LogConfig: Setting CVar [[r.SSS.HalfRes:1]]
[2019.01.27-19.47.34:340][  0]LogConfig: Setting CVar [[r.EmitterSpawnRateScale:1.0]]
[2019.01.27-19.47.34:340][  0]LogConfig: Setting CVar [[r.ParticleLightQuality:2]]
[2019.01.27-19.47.34:340][  0]LogConfig: Applying CVar settings from Section [FoliageQuality@3] File [../../../AnimeWolfy/Saved/Config/WindowsServer/Scalability.ini]
[2019.01.27-19.47.34:341][  0]LogConfig: Setting CVar [[foliage.DensityScale:1.0]]
[2019.01.27-19.47.34:341][  0]LogConfig: Setting CVar [[grass.DensityScale:1.0]]
[2019.01.27-19.47.34:341][  0]LogInit: Selected Device Profile: [WindowsServer]
[2019.01.27-19.47.34:342][  0]LogInit: Applying CVar settings loaded from the selected device profile: [WindowsServer]
[2019.01.27-19.47.34:345][  0]LogHAL: Display: Platform has ~ 16 GB [17118220288 / 17179869184 / 16], which maps to Larger [LargestMinGB=32, LargerMinGB=12, DefaultMinGB=8, SmallerMinGB=6, SmallestMinGB=0)
[2019.01.27-19.47.34:347][  0]LogInit: Going up to parent DeviceProfile [Windows]
[2019.01.27-19.47.34:348][  0]LogConfig: Setting CVar [[r.Vulkan.UseRealUBs:1]]
[2019.01.27-19.47.34:350][  0]LogInit: Going up to parent DeviceProfile []
[2019.01.27-19.47.34:351][  0]LogConfig: Applying CVar settings from Section [ViewDistanceQuality@3] File [../../../AnimeWolfy/Saved/Config/WindowsServer/Scalability.ini]
[2019.01.27-19.47.34:351][  0]LogConfig: Setting CVar [[r.SkeletalMeshLODBias:0]]
[2019.01.27-19.47.34:351][  0]LogConfig: Setting CVar [[r.ViewDistanceScale:1.0]]
[2019.01.27-19.47.34:352][  0]LogConfig: Applying CVar settings from Section [AntiAliasingQuality@3] File [../../../AnimeWolfy/Saved/Config/WindowsServer/Scalability.ini]
[2019.01.27-19.47.34:352][  0]LogConfig: Setting CVar [[r.PostProcessAAQuality:4]]
[2019.01.27-19.47.34:352][  0]LogConfig: Applying CVar settings from Section [ShadowQuality@3] File [../../../AnimeWolfy/Saved/Config/WindowsServer/Scalability.ini]
[2019.01.27-19.47.34:353][  0]LogConfig: Setting CVar [[r.LightFunctionQuality:1]]
[2019.01.27-19.47.34:353][  0]LogConfig: Setting CVar [[r.ShadowQuality:5]]
[2019.01.27-19.47.34:353][  0]LogConfig: Setting CVar [[r.Shadow.CSM.MaxCascades:10]]
[2019.01.27-19.47.34:353][  0]LogConfig: Setting CVar [[r.Shadow.MaxResolution:2048]]
[2019.01.27-19.47.34:354][  0]LogConfig: Setting CVar [[r.Shadow.MaxCSMResolution:2048]]
[2019.01.27-19.47.34:354][  0]LogConfig: Setting CVar [[r.Shadow.RadiusThreshold:0.01]]
[2019.01.27-19.47.34:354][  0]LogConfig: Setting CVar [[r.Shadow.DistanceScale:1.0]]
[2019.01.27-19.47.34:355][  0]LogConfig: Setting CVar [[r.Shadow.CSM.TransitionScale:1.0]]
[2019.01.27-19.47.34:355][  0]LogConfig: Setting CVar [[r.Shadow.PreShadowResolutionFactor:1.0]]
[2019.01.27-19.47.34:355][  0]LogConfig: Setting CVar [[r.DistanceFieldShadowing:1]]
[2019.01.27-19.47.34:356][  0]LogConfig: Setting CVar [[r.DistanceFieldAO:1]]
[2019.01.27-19.47.34:359][  0]LogConfig: Setting CVar [[r.AOQuality:2]]
[2019.01.27-19.47.34:359][  0]LogConfig: Setting CVar [[r.VolumetricFog:1]]
[2019.01.27-19.47.34:359][  0]LogConfig: Setting CVar [[r.VolumetricFog.GridPixelSize:8]]
[2019.01.27-19.47.34:360][  0]LogConfig: Setting CVar [[r.VolumetricFog.GridSizeZ:128]]
[2019.01.27-19.47.34:360][  0]LogConfig: Setting CVar [[r.VolumetricFog.HistoryMissSupersampleCount:4]]
[2019.01.27-19.47.34:360][  0]LogConfig: Setting CVar [[r.LightMaxDrawDistanceScale:1]]
[2019.01.27-19.47.34:361][  0]LogConfig: Setting CVar [[r.CapsuleShadows:1]]
[2019.01.27-19.47.34:361][  0]LogConfig: Applying CVar settings from Section [PostProcessQuality@3] File [../../../AnimeWolfy/Saved/Config/WindowsServer/Scalability.ini]
[2019.01.27-19.47.34:361][  0]LogConfig: Setting CVar [[r.MotionBlurQuality:4]]
[2019.01.27-19.47.34:362][  0]LogConfig: Setting CVar [[r.AmbientOcclusionMipLevelFactor:0.4]]
[2019.01.27-19.47.34:362][  0]LogConfig: Setting CVar [[r.AmbientOcclusionMaxQuality:100]]
[2019.01.27-19.47.34:362][  0]LogConfig: Setting CVar [[r.AmbientOcclusionLevels:-1]]
[2019.01.27-19.47.34:363][  0]LogConfig: Setting CVar [[r.AmbientOcclusionRadiusScale:1.0]]
[2019.01.27-19.47.34:363][  0]LogConfig: Setting CVar [[r.DepthOfFieldQuality:2]]
[2019.01.27-19.47.34:363][  0]LogConfig: Setting CVar [[r.RenderTargetPoolMin:400]]
[2019.01.27-19.47.34:363][  0]LogConfig: Setting CVar [[r.LensFlareQuality:2]]
[2019.01.27-19.47.34:364][  0]LogConfig: Setting CVar [[r.SceneColorFringeQuality:1]]
[2019.01.27-19.47.34:364][  0]LogConfig: Setting CVar [[r.EyeAdaptationQuality:2]]
[2019.01.27-19.47.34:365][  0]LogConfig: Setting CVar [[r.BloomQuality:5]]
[2019.01.27-19.47.34:365][  0]LogConfig: Setting CVar [[r.FastBlurThreshold:100]]
[2019.01.27-19.47.34:365][  0]LogConfig: Setting CVar [[r.Upscale.Quality:3]]
[2019.01.27-19.47.34:366][  0]LogConfig: Setting CVar [[r.Tonemapper.GrainQuantization:1]]
[2019.01.27-19.47.34:366][  0]LogConfig: Setting CVar [[r.LightShaftQuality:1]]
[2019.01.27-19.47.34:366][  0]LogConfig: Setting CVar [[r.Filter.SizeScale:1]]
[2019.01.27-19.47.34:366][  0]LogConfig: Setting CVar [[r.Tonemapper.Quality:5]]
[2019.01.27-19.47.34:367][  0]LogConfig: Setting CVar [[r.DOF.Gather.AccumulatorQuality:1        ; higher gathering accumulator quality]]
[2019.01.27-19.47.34:370][  0]LogConfig: Setting CVar [[r.DOF.Gather.PostfilterMethod:1          ; Median3x3 postfilering method]]
[2019.01.27-19.47.34:370][  0]LogConfig: Setting CVar [[r.DOF.Gather.EnableBokehSettings:0       ; no bokeh simulation when gathering]]
[2019.01.27-19.47.34:370][  0]LogConfig: Setting CVar [[r.DOF.Gather.RingCount:4                 ; medium number of samples when gathering]]
[2019.01.27-19.47.34:371][  0]LogConfig: Setting CVar [[r.DOF.Scatter.ForegroundCompositing:1    ; additive foreground scattering]]
[2019.01.27-19.47.34:371][  0]LogConfig: Setting CVar [[r.DOF.Scatter.BackgroundCompositing:2    ; additive background scattering]]
[2019.01.27-19.47.34:371][  0]LogConfig: Setting CVar [[r.DOF.Scatter.EnableBokehSettings:1      ; bokeh simulation when scattering]]
[2019.01.27-19.47.34:372][  0]LogConfig: Setting CVar [[r.DOF.Scatter.MaxSpriteRatio:0.1         ; only a maximum of 10% of scattered bokeh]]
[2019.01.27-19.47.34:373][  0]LogConfig: Setting CVar [[r.DOF.Recombine.Quality:1                ; cheap slight out of focus]]
[2019.01.27-19.47.34:373][  0]LogConfig: Setting CVar [[r.DOF.Recombine.EnableBokehSettings:0    ; no bokeh simulation on slight out of focus]]
[2019.01.27-19.47.34:373][  0]LogConfig: Setting CVar [[r.DOF.TemporalAAQuality:1                ; more stable temporal accumulation]]
[2019.01.27-19.47.34:373][  0]LogConfig: Setting CVar [[r.DOF.Kernel.MaxForegroundRadius:0.025]]
[2019.01.27-19.47.34:374][  0]LogConfig: Setting CVar [[r.DOF.Kernel.MaxBackgroundRadius:0.025]]
[2019.01.27-19.47.34:374][  0]LogConfig: Applying CVar settings from Section [TextureQuality@3] File [../../../AnimeWolfy/Saved/Config/WindowsServer/Scalability.ini]
[2019.01.27-19.47.34:374][  0]LogConfig: Setting CVar [[r.Streaming.MipBias:0]]
[2019.01.27-19.47.34:375][  0]LogConfig: Setting CVar [[r.Streaming.AmortizeCPUToGPUCopy:0]]
[2019.01.27-19.47.34:375][  0]LogConfig: Setting CVar [[r.Streaming.MaxNumTexturesToStreamPerFrame:0]]
[2019.01.27-19.47.34:375][  0]LogConfig: Setting CVar [[r.Streaming.Boost:1]]
[2019.01.27-19.47.34:375][  0]LogConfig: Setting CVar [[r.MaxAnisotropy:8]]
[2019.01.27-19.47.34:376][  0]LogConfig: Setting CVar [[r.Streaming.LimitPoolSizeToVRAM:0]]
[2019.01.27-19.47.34:376][  0]LogConfig: Setting CVar [[r.Streaming.PoolSize:1000]]
[2019.01.27-19.47.34:376][  0]LogConfig: Setting CVar [[r.Streaming.MaxEffectiveScreenSize:0]]
[2019.01.27-19.47.34:377][  0]LogConfig: Applying CVar settings from Section [EffectsQuality@3] File [../../../AnimeWolfy/Saved/Config/WindowsServer/Scalability.ini]
[2019.01.27-19.47.34:377][  0]LogConfig: Setting CVar [[r.TranslucencyLightingVolumeDim:64]]
[2019.01.27-19.47.34:377][  0]LogConfig: Setting CVar [[r.RefractionQuality:2]]
[2019.01.27-19.47.34:378][  0]LogConfig: Setting CVar [[r.SSR.Quality:3]]
[2019.01.27-19.47.34:381][  0]LogConfig: Setting CVar [[r.SceneColorFormat:4]]
[2019.01.27-19.47.34:381][  0]LogConfig: Setting CVar [[r.DetailMode:2]]
[2019.01.27-19.47.34:381][  0]LogConfig: Setting CVar [[r.TranslucencyVolumeBlur:1]]
[2019.01.27-19.47.34:382][  0]LogConfig: Setting CVar [[r.MaterialQualityLevel:1 ; High quality]]
[2019.01.27-19.47.34:382][  0]LogConfig: Setting CVar [[r.SSS.Scale:1]]
[2019.01.27-19.47.34:383][  0]LogConfig: Setting CVar [[r.SSS.SampleSet:2]]
[2019.01.27-19.47.34:383][  0]LogConfig: Setting CVar [[r.SSS.Quality:1]]
[2019.01.27-19.47.34:383][  0]LogConfig: Setting CVar [[r.SSS.HalfRes:1]]
[2019.01.27-19.47.34:383][  0]LogConfig: Setting CVar [[r.EmitterSpawnRateScale:1.0]]
[2019.01.27-19.47.34:384][  0]LogConfig: Setting CVar [[r.ParticleLightQuality:2]]
[2019.01.27-19.47.34:384][  0]LogConfig: Applying CVar settings from Section [FoliageQuality@3] File [../../../AnimeWolfy/Saved/Config/WindowsServer/Scalability.ini]
[2019.01.27-19.47.34:384][  0]LogConfig: Setting CVar [[foliage.DensityScale:1.0]]
[2019.01.27-19.47.34:384][  0]LogConfig: Setting CVar [[grass.DensityScale:1.0]]
[2019.01.27-19.47.34:385][  0]LogConfig: Applying CVar settings from Section [Startup] File [../../../Engine/Config/ConsoleVariables.ini]
[2019.01.27-19.47.34:385][  0]LogConfig: Setting CVar [[net.UseAdaptiveNetUpdateFrequency:0]]
[2019.01.27-19.47.34:385][  0]LogConfig: Applying CVar settings from Section [ConsoleVariables] File [../../../AnimeWolfy/Saved/Config/WindowsServer/Engine.ini]
[2019.01.27-19.47.34:386][  0]LogInit: Computer: DESKTOP-PF2V43L
[2019.01.27-19.47.34:386][  0]LogInit: User: Tinki
[2019.01.27-19.47.34:386][  0]LogInit: CPU Page size=4096, Cores=6
[2019.01.27-19.47.34:386][  0]LogInit: High frequency timer resolution =10.000000 MHz
[2019.01.27-19.47.34:387][  0]LogMemory: Memory total: Physical=15.9GB (16GB approx)
[2019.01.27-19.47.34:387][  0]LogMemory: Platform Memory Stats for WindowsServer
[2019.01.27-19.47.34:387][  0]LogMemory: Process Physical Memory: 53.14 MB used, 53.14 MB peak
[2019.01.27-19.47.34:388][  0]LogMemory: Process Virtual Memory: 62.85 MB used, 62.85 MB peak
[2019.01.27-19.47.34:388][  0]LogMemory: Physical Memory: 11072.65 MB used,  5252.55 MB free, 16325.21 MB total
[2019.01.27-19.47.34:388][  0]LogMemory: Virtual Memory: 4426.66 MB used,  134213304.00 MB free, 134217728.00 MB total
[2019.01.27-19.47.34:399][  0]LogInit: Using OS detected language (ru-RU).
[2019.01.27-19.47.34:399][  0]LogInit: Using OS detected locale (ru-RU).
[2019.01.27-19.47.34:401][  0]LogTextLocalizationManager: No localization for 'ru-RU' exists, so 'en' will be used for the language.
[2019.01.27-19.47.34:402][  0]LogTextLocalizationManager: No localization for 'ru-RU' exists, so 'en' will be used for the locale.
[2019.01.27-19.47.34:418][  0]LogStreaming: Display: Took  0.018s to InitEngineTextLocalization.
[2019.01.27-19.47.34:420][  0]LogInit: Using OS detected language (ru-RU).
[2019.01.27-19.47.34:420][  0]LogInit: Using OS detected locale (ru-RU).
[2019.01.27-19.47.34:421][  0]LogTextLocalizationManager: No localization for 'ru-RU' exists, so 'en' will be used for the language.
[2019.01.27-19.47.34:422][  0]LogTextLocalizationManager: No localization for 'ru-RU' exists, so 'en' will be used for the locale.
[2019.01.27-19.47.34:423][  0]LogStreaming: Display: Took  0.003s to InitGameTextLocalization.
[2019.01.27-19.47.34:430][  0]LogAssetRegistry: FAssetRegistry took 0.0063 seconds to start up
[2019.01.27-19.47.34:491][  0]LogStreaming: Display: Flushing async loaders.
[2019.01.27-19.47.34:497][  0]LogPackageLocalizationCache: Processed 10 localized package path(s) for 1 prioritized culture(s) in 0.005110 seconds
[2019.01.27-19.47.34:497][  0]LogPakFile: New pak file ../../../AnimeWolfy/Content/Paks/AnimeWolfy-WindowsNoEditor.pak added to pak precacher.
[2019.01.27-19.47.34:499][  0]LogInit: Selected Device Profile: [WindowsServer]
[2019.01.27-19.47.34:506][  0]LogNetVersion: AnimeWolfy 1.0.0, NetCL: 0, EngineNetVer: 5, GameNetVer: 0 (Checksum: 3604432672)
[2019.01.27-19.47.34:589][  0]LogUObjectArray: 34939 objects as part of root set at end of initial load.
[2019.01.27-19.47.34:589][  0]LogUObjectAllocator: 5215640 out of 0 bytes used by permanent object pool.
[2019.01.27-19.47.34:590][  0]LogUObjectArray: CloseDisregardForGC: 34939/0 objects in disregard for GC pool
[2019.01.27-19.47.34:691][  0]LogAndroidPermission: UAndroidPermissionCallbackProxy::GetInstance
[2019.01.27-19.47.34:693][  0]LogOcInput: OculusInput pre-init called
[2019.01.27-19.47.34:712][  0]LogEngine: Initializing Engine...
[2019.01.27-19.47.34:712][  0]LogStats: UGameplayTagsManager::ConstructGameplayTagTree: ImportINI prefixes -  0.000 s
[2019.01.27-19.47.34:713][  0]LogStats: UGameplayTagsManager::ConstructGameplayTagTree: Construct from data asset -  0.000 s
[2019.01.27-19.47.34:713][  0]LogStats: UGameplayTagsManager::ConstructGameplayTagTree: ImportINI -  0.000 s
[2019.01.27-19.47.34:713][  0]LogStats: UGameplayTagsManager::ConstructGameplayTagTree: GameplayTagTreeChangedEvent.Broadcast -  0.000 s
[2019.01.27-19.47.34:747][  0]LogInit: Initializing FReadOnlyCVARCache
[2019.01.27-19.47.34:747][  0]LogNetVersion: Set ProjectVersion to 1.0.0.0. Version Checksum will be recalculated on next use.
[2019.01.27-19.47.34:748][  0]LogInit: Texture streaming: Disabled
[2019.01.27-19.47.34:817][  0]LogInit: Display: Game Engine Initialized.
[2019.01.27-19.47.34:817][  0]LogGameplayTags: Display: UGameplayTagsManager::DoneAddingNativeTags. DelegateIsBound: 0
[2019.01.27-19.47.34:819][  0]LogStats: UGameplayTagsManager::ConstructGameplayTagTree: ImportINI prefixes -  0.000 s
[2019.01.27-19.47.34:819][  0]LogStats: UGameplayTagsManager::ConstructGameplayTagTree: Construct from data asset -  0.000 s
[2019.01.27-19.47.34:819][  0]LogStats: UGameplayTagsManager::ConstructGameplayTagTree: ImportINI -  0.000 s
[2019.01.27-19.47.34:820][  0]LogStats: UGameplayTagsManager::ConstructGameplayTagTree: GameplayTagTreeChangedEvent.Broadcast -  0.000 s
[2019.01.27-19.47.34:826][  0]LogInit: Display: Starting Game.
[2019.01.27-19.47.34:826][  0]LogNet: Browse: /Game/Maps/TestMap?Name=Player
[2019.01.27-19.47.34:827][  0]LogLoad: LoadMap: /Game/Maps/TestMap?Name=Player
[2019.01.27-19.47.34:863][  0]LogAIModule: Creating AISystem for world TestMap
[2019.01.27-19.47.34:863][  0]LogLoad: Game class is 'MultGameMode_C'
[2019.01.27-19.47.34:866][  0]LogTemp: Display: ParseSettings for GameNetDriver
[2019.01.27-19.47.34:867][  0]LogTemp: Display: ParseSettings for IpNetDriver_0
[2019.01.27-19.47.34:867][  0]LogTemp: Display: ParseSettings for GameNetDriver
[2019.01.27-19.47.34:867][  0]LogNet: ReplicationDriverClass is null! Not using ReplicationDriver.
[2019.01.27-19.47.34:868][  0]PacketHandlerLog: DDoS detection status: detection enabled: 0 analytics enabled: 0
[2019.01.27-19.47.34:868][  0]LogInit: WinSock: Socket queue 131072 / 131072
[2019.01.27-19.47.34:869][  0]LogInit: WinSock: I am DESKTOP-PF2V43L (192.168.1.4:0)
[2019.01.27-19.47.34:870][  0]PacketHandlerLog: Loaded PacketHandler component: Engine.EngineHandlerComponentFactory (StatelessConnectHandlerComponent)
[2019.01.27-19.47.34:870][  0]LogNet: GameNetDriver IpNetDriver_0 IpNetDriver listening on port 7777
[2019.01.27-19.47.34:871][  0]LogWorld: Bringing World /Game/Maps/TestMap.TestMap up for play (max tick rate 30) at 2019.01.27-22.47.34
[2019.01.27-19.47.34:871][  0]LogWorld: Bringing up level for play took: 0.000971
[2019.01.27-19.47.34:872][  0]LogGameMode: Display: Match State Changed from EnteringMap to WaitingToStart
[2019.01.27-19.47.34:872][  0]LogGameState: Match State Changed from EnteringMap to WaitingToStart
[2019.01.27-19.47.34:872][  0]LogGameMode: Display: Match State Changed from WaitingToStart to InProgress
[2019.01.27-19.47.34:873][  0]LogGameState: Match State Changed from WaitingToStart to InProgress
[2019.01.27-19.47.34:875][  0]LogLoad: Took 0.047856 seconds to LoadMap(/Game/Maps/TestMap)
[2019.01.27-19.47.34:875][  0]LogLoad: (Engine Initialization) Total time: 0.90 seconds
[2019.01.27-19.47.38:005][ 92]LogOutputDevice: Warning: 

Script Stack (4 frames):
GameArea_C.SpawnFood
MultGameMode_C.SpawnFood
MultGameMode_C.ExecuteUbergraph_MultGameMode
MultGameMode_C.ReceiveTick

[2019.01.27-19.47.38:009][ 92]LogStats: FPlatformStackWalk::StackWalkAndDump -  0.003 s
[2019.01.27-19.47.38:009][ 92]LogOutputDevice: Error: === Handled ensure: ===
[2019.01.27-19.47.38:010][ 92]LogOutputDevice: Error: 
[2019.01.27-19.47.38:011][ 92]LogOutputDevice: Error: Ensure condition failed: AsAIController [File:C:\Program Files\Epic Games\UnrealEngine-release\Engine\Source\Runtime\AIModule\Private\Navigation\NavFilter_AIControllerDefault.cpp] [Line: 18]
[2019.01.27-19.47.38:012][ 92]LogOutputDevice: Error: 
[2019.01.27-19.47.38:012][ 92]LogOutputDevice: Error: Stack: 
[2019.01.27-19.47.38:012][ 92]LogOutputDevice: Error: [Callstack] 0x00007ff64dbd57a1 AnimeWolfyServer.exe!UnknownFunction []
[2019.01.27-19.47.38:013][ 92]LogOutputDevice: Error: [Callstack] 0x00007ff64da5004c AnimeWolfyServer.exe!UnknownFunction []
[2019.01.27-19.47.38:013][ 92]LogOutputDevice: Error: [Callstack] 0x00007ff64da50698 AnimeWolfyServer.exe!UnknownFunction []
[2019.01.27-19.47.38:014][ 92]LogOutputDevice: Error: [Callstack] 0x00007ff64da5e79a AnimeWolfyServer.exe!UnknownFunction []
[2019.01.27-19.47.38:014][ 92]LogOutputDevice: Error: [Callstack] 0x00007ff64daac4f1 AnimeWolfyServer.exe!UnknownFunction []
[2019.01.27-19.47.38:015][ 92]LogOutputDevice: Error: [Callstack] 0x00007ff64adabce2 AnimeWolfyServer.exe!UnknownFunction []
[2019.01.27-19.47.38:015][ 92]LogOutputDevice: Error: [Callstack] 0x00007ff64af81b19 AnimeWolfyServer.exe!UnknownFunction []
[2019.01.27-19.47.38:017][ 92]LogOutputDevice: Error: [Callstack] 0x00007ff64af9c91a AnimeWolfyServer.exe!UnknownFunction []
[2019.01.27-19.47.38:018][ 92]LogOutputDevice: Error: [Callstack] 0x00007ff64afb0fa4 AnimeWolfyServer.exe!UnknownFunction []
[2019.01.27-19.47.38:018][ 92]LogOutputDevice: Error: [Callstack] 0x00007ff64af9f092 AnimeWolfyServer.exe!UnknownFunction []
[2019.01.27-19.47.38:019][ 92]LogOutputDevice: Error: [Callstack] 0x00007ff64af82479 AnimeWolfyServer.exe!UnknownFunction []
[2019.01.27-19.47.38:019][ 92]LogOutputDevice: Error: [Callstack] 0x00007ff64af9c91a AnimeWolfyServer.exe!UnknownFunction []
[2019.01.27-19.47.38:020][ 92]LogOutputDevice: Error: [Callstack] 0x00007ff64af9f092 AnimeWolfyServer.exe!UnknownFunction []
[2019.01.27-19.47.38:020][ 92]LogOutputDevice: Error: [Callstack] 0x00007ff64af82479 AnimeWolfyServer.exe!UnknownFunction []
[2019.01.27-19.47.38:020][ 92]LogOutputDevice: Error: [Callstack] 0x00007ff64af9f092 AnimeWolfyServer.exe!UnknownFunction []
[2019.01.27-19.47.38:021][ 92]LogOutputDevice: Error: [Callstack] 0x00007ff64af82479 AnimeWolfyServer.exe!UnknownFunction []
[2019.01.27-19.47.38:021][ 92]LogOutputDevice: Error: [Callstack] 0x00007ff64af9f092 AnimeWolfyServer.exe!UnknownFunction []
[2019.01.27-19.47.38:022][ 92]LogOutputDevice: Error: [Callstack] 0x00007ff64adabce2 AnimeWolfyServer.exe!UnknownFunction []
[2019.01.27-19.47.38:022][ 92]LogOutputDevice: Error: [Callstack] 0x00007ff64af9e6b1 AnimeWolfyServer.exe!UnknownFunction []
[2019.01.27-19.47.38:023][ 92]LogOutputDevice: Error: [Callstack] 0x00007ff64c5fa17b AnimeWolfyServer.exe!UnknownFunction []
[2019.01.27-19.47.38:024][ 92]LogOutputDevice: Error: [Callstack] 0x00007ff64d480e33 AnimeWolfyServer.exe!UnknownFunction []
[2019.01.27-19.47.38:024][ 92]LogOutputDevice: Error: [Callstack] 0x00007ff64c60a6b3 AnimeWolfyServer.exe!UnknownFunction []
[2019.01.27-19.47.38:025][ 92]LogOutputDevice: Error: [Callstack] 0x00007ff64caefcfe AnimeWolfyServer.exe!UnknownFunction []
[2019.01.27-19.47.38:025][ 92]LogOutputDevice: Error: [Callstack] 0x00007ff64c60ae04 AnimeWolfyServer.exe!UnknownFunction []
[2019.01.27-19.47.38:026][ 92]LogOutputDevice: Error: [Callstack] 0x00007ff64c5dde25 AnimeWolfyServer.exe!UnknownFunction []
[2019.01.27-19.47.38:028][ 92]LogOutputDevice: Error: [Callstack] 0x00007ff64d2d0e7a AnimeWolfyServer.exe!UnknownFunction []
[2019.01.27-19.47.38:029][ 92]LogOutputDevice: Error: [Callstack] 0x00007ff64a89333d AnimeWolfyServer.exe!UnknownFunction []
[2019.01.27-19.47.38:029][ 92]LogOutputDevice: Error: [Callstack] 0x00007ff64a8937b6 AnimeWolfyServer.exe!UnknownFunction []
[2019.01.27-19.47.38:030][ 92]LogOutputDevice: Error: [Callstack] 0x00007ff64a8a57f9 AnimeWolfyServer.exe!UnknownFunction []
[2019.01.27-19.47.38:030][ 92]LogOutputDevice: Error: [Callstack] 0x00007ff64d2e3633 AnimeWolfyServer.exe!UnknownFunction []
[2019.01.27-19.47.38:030][ 92]LogOutputDevice: Error: [Callstack] 0x00007ff64d2e7b18 AnimeWolfyServer.exe!UnknownFunction []
[2019.01.27-19.47.38:031][ 92]LogOutputDevice: Error: [Callstack] 0x00007ff64cc7e20f AnimeWolfyServer.exe!UnknownFunction []
[2019.01.27-19.47.38:031][ 92]LogOutputDevice: Error: [Callstack] 0x00007ff64cc86c32 AnimeWolfyServer.exe!UnknownFunction []
[2019.01.27-19.47.38:032][ 92]LogOutputDevice: Error: [Callstack] 0x00007ff64caf0880 AnimeWolfyServer.exe!UnknownFunction []
[2019.01.27-19.47.38:032][ 92]LogOutputDevice: Error: [Callstack] 0x00007ff64a379185 AnimeWolfyServer.exe!UnknownFunction []
[2019.01.27-19.47.38:033][ 92]LogOutputDevice: Error: [Callstack] 0x00007ff64a386070 AnimeWolfyServer.exe!UnknownFunction []
[2019.01.27-19.47.38:033][ 92]LogOutputDevice: Error: [Callstack] 0x00007ff64a3860fa AnimeWolfyServer.exe!UnknownFunction []
[2019.01.27-19.47.38:034][ 92]LogOutputDevice: Error: [Callstack] 0x00007ff64a392811 AnimeWolfyServer.exe!UnknownFunction []
[2019.01.27-19.47.38:034][ 92]LogOutputDevice: Error: [Callstack] 0x00007ff64e490182 AnimeWolfyServer.exe!UnknownFunction []
[2019.01.27-19.47.38:035][ 92]LogOutputDevice: Error: [Callstack] 0x00007ffc03ef7e94 KERNEL32.DLL!UnknownFunction []
[2019.01.27-19.47.38:035][ 92]LogOutputDevice: Error: [Callstack] 0x00007ffc06c3a251 ntdll.dll!UnknownFunction []
[2019.01.27-19.47.38:036][ 92]LogOutputDevice: Error: 
[2019.01.27-19.47.38:040][ 92]LogStats:                SubmitErrorReport -  0.000 s
[2019.01.27-19.47.38:127][ 92]LogWindows: Warning: CreateProc failed: Не удается найти указанный файл. (0x00000002)
[2019.01.27-19.47.38:130][ 92]LogWindows: Warning: URL: ../../../Engine/Binaries/Win64/CrashReportClient.exe "D:/Studing/PRojects/AnimeWolfy/Builds/WindowsNoEditor/AnimeWolfy/Saved/Crashes/UE4CC-Windows-232219EA4DC6880FC5D12480CEAA5858_0000" -Unattended -nullrhi -AppName=UE4-AnimeWolfy -CrashGUID=UE4CC-Windows-232219EA4DC6880FC5D12480CEAA5858_0000 -DebugSymbols=..\..\..\Engine\Intermediate\Symbols
[2019.01.27-19.47.38:131][ 92]LogStats:                    SendNewReport -  0.091 s
[2019.01.27-19.47.38:131][ 92]LogStats:             FDebug::EnsureFailed -  0.126 s
[2019.01.27-19.47.39:955][147]LogNet: NotifyAcceptingConnection accepted from: 127.0.0.1:56302
[2019.01.27-19.47.39:955][147]LogHandshake: SendConnectChallenge. Timestamp: 5.079047, Cookie: 092048029079195149016254034159240190204146193195120073136178
[2019.01.27-19.47.39:988][148]LogNet: NotifyAcceptingConnection accepted from: 127.0.0.1:56302
[2019.01.27-19.47.39:988][148]LogHandshake: SendChallengeAck. InCookie: 092048029079195149016254034159240190204146193195120073136178
[2019.01.27-19.47.39:989][148]LogNet: Server accepting post-challenge connection from: 127.0.0.1:56302
[2019.01.27-19.47.39:990][148]PacketHandlerLog: Loaded PacketHandler component: Engine.EngineHandlerComponentFactory (StatelessConnectHandlerComponent)
[2019.01.27-19.47.39:991][148]LogNet: NotifyAcceptedConnection: Name: TestMap, TimeStamp: 01/27/19 22:47:39, [UNetConnection] RemoteAddr: 127.0.0.1:56302, Name: IpConnection_0, Driver: GameNetDriver IpNetDriver_0, IsServer: YES, PC: NULL, Owner: NULL, UniqueId: INVALID
[2019.01.27-19.47.39:992][148]LogNet: AddClientConnection: Added client connection: [UNetConnection] RemoteAddr: 127.0.0.1:56302, Name: IpConnection_0, Driver: GameNetDriver IpNetDriver_0, IsServer: YES, PC: NULL, Owner: NULL, UniqueId: INVALID
[2019.01.27-19.47.39:992][148]LogNet: NotifyAcceptingChannel Control 0 server World /Game/Maps/TestMap.TestMap: Accepted
[2019.01.27-19.47.39:993][148]LogNet: Remote platform little endian=1
[2019.01.27-19.47.39:994][148]LogNet: This platform little endian=1
[2019.01.27-19.47.39:994][148]LogNetVersion: AnimeWolfy 1.0.0.0, NetCL: 0, EngineNetVer: 5, GameNetVer: 0 (Checksum: 632502508)
[2019.01.27-19.47.40:021][149]LogNet: Login request: /Game/Maps/EntryMap?Name=DESKTOP-PF2V43L-85887FDA44B24A1C8DD4D4B890B1B68E userId: NULL:DESKTOP-PF2V43L-85887FDA44B24A1C8DD4D4B890B1B68E platform: NULL
[2019.01.27-19.47.40:054][150]LogNet: Client netspeed is 10000
[2019.01.27-19.47.40:087][151]LogNet: Join request: /Game/Maps/EntryMap?Name=DESKTOP-PF2V43L-85887FDA44B24A1C8DD4D4B890B1B68E?SplitscreenCount=1
[2019.01.27-19.47.40:087][151]LogOnlineSession: Warning: OSS: No game present to join for session (GameSession)
[2019.01.27-19.47.40:091][151]LogBlueprintUserMessages: [MultGameMode_C_0] Hello Kek!
[2019.01.27-19.47.40:095][151]LogBlueprintUserMessages: [MultGameMode_C_0] Hellrerereo
[2019.01.27-19.47.40:095][151]LogNet: Join succeeded: DESKTOP-PF2V43L-8588
[2019.01.27-19.48.10:936][ 85]LogNet: UChannel::ReceivedSequencedBunch: Bunch.bClose == true. ChIndex == 0. Calling ConditionalCleanUp.
[2019.01.27-19.48.10:936][ 85]LogNet: UChannel::CleanUp: ChIndex == 0. Closing connection. [UChannel] ChIndex: 0, Closing: 0 [UNetConnection] RemoteAddr: 127.0.0.1:56302, Name: IpConnection_0, Driver: GameNetDriver IpNetDriver_0, IsServer: YES, PC: Wolfy_Controller_C_0, Owner: Wolfy_Controller_C_0, UniqueId: NULL:DESKTOP-PF2V43L-85887FDA44B24A1C8DD4D4B890B1B68E
[2019.01.27-19.48.10:938][ 85]LogNet: UNetConnection::Close: [UNetConnection] RemoteAddr: 127.0.0.1:56302, Name: IpConnection_0, Driver: GameNetDriver IpNetDriver_0, IsServer: YES, PC: Wolfy_Controller_C_0, Owner: Wolfy_Controller_C_0, UniqueId: NULL:DESKTOP-PF2V43L-85887FDA44B24A1C8DD4D4B890B1B68E, Channels: 16, Time: 2019.01.27-19.48.10
[2019.01.27-19.48.10:942][ 85]LogNet: UChannel::Close: Sending CloseBunch. ChIndex == 0. Name: [UChannel] ChIndex: 0, Closing: 0 [UNetConnection] RemoteAddr: 127.0.0.1:56302, Name: IpConnection_0, Driver: GameNetDriver IpNetDriver_0, IsServer: YES, PC: Wolfy_Controller_C_0, Owner: Wolfy_Controller_C_0, UniqueId: NULL:DESKTOP-PF2V43L-85887FDA44B24A1C8DD4D4B890B1B68E
[2019.01.27-19.48.10:945][ 85]LogOnlineSession: Warning: OSS: No game present to leave for session (GameSession)
[2019.01.27-19.48.15:975][235]LogNet: NotifyAcceptingConnection accepted from: 127.0.0.1:50225
[2019.01.27-19.48.15:975][235]LogHandshake: SendConnectChallenge. Timestamp: 41.099468, Cookie: 185037058219139094061221055047058086239137120127045099226240
[2019.01.27-19.48.16:042][237]LogNet: NotifyAcceptingConnection accepted from: 127.0.0.1:50225
[2019.01.27-19.48.16:042][237]LogHandshake: SendChallengeAck. InCookie: 185037058219139094061221055047058086239137120127045099226240
[2019.01.27-19.48.16:043][237]LogNet: Server accepting post-challenge connection from: 127.0.0.1:50225
[2019.01.27-19.48.16:044][237]PacketHandlerLog: Loaded PacketHandler component: Engine.EngineHandlerComponentFactory (StatelessConnectHandlerComponent)
[2019.01.27-19.48.16:045][237]LogNet: NotifyAcceptedConnection: Name: TestMap, TimeStamp: 01/27/19 22:48:16, [UNetConnection] RemoteAddr: 127.0.0.1:50225, Name: IpConnection_1, Driver: GameNetDriver IpNetDriver_0, IsServer: YES, PC: NULL, Owner: NULL, UniqueId: INVALID
[2019.01.27-19.48.16:045][237]LogNet: AddClientConnection: Added client connection: [UNetConnection] RemoteAddr: 127.0.0.1:50225, Name: IpConnection_1, Driver: GameNetDriver IpNetDriver_0, IsServer: YES, PC: NULL, Owner: NULL, UniqueId: INVALID
[2019.01.27-19.48.16:075][238]LogNet: NotifyAcceptingChannel Control 0 server World /Game/Maps/TestMap.TestMap: Accepted
[2019.01.27-19.48.16:075][238]LogNet: Remote platform little endian=1
[2019.01.27-19.48.16:076][238]LogNet: This platform little endian=1
[2019.01.27-19.48.16:108][239]LogNet: Login request: /Game/Maps/EntryMap?Name=DESKTOP-PF2V43L-3592EEA34419F4750DF27FB7C6C685D0 userId: NULL:DESKTOP-PF2V43L-3592EEA34419F4750DF27FB7C6C685D0 platform: NULL
[2019.01.27-19.48.16:141][240]LogNet: Client netspeed is 10000
[2019.01.27-19.48.16:208][242]LogNet: Join request: /Game/Maps/EntryMap?Name=DESKTOP-PF2V43L-3592EEA34419F4750DF27FB7C6C685D0?SplitscreenCount=1
[2019.01.27-19.48.16:208][242]LogOnlineSession: Warning: OSS: No game present to join for session (GameSession)
[2019.01.27-19.48.16:210][242]LogBlueprintUserMessages: [MultGameMode_C_0] Hello Kek!
[2019.01.27-19.48.16:212][242]LogBlueprintUserMessages: [MultGameMode_C_0] Hellrerereo
[2019.01.27-19.48.16:212][242]LogNet: Join succeeded: DESKTOP-PF2V43L-3592
[2019.01.27-19.49.34:924][621]LogScript: Warning: Accessed None trying to read property CallFunc_Array_Get_Item2
	MultGameMode_C /Game/Maps/TestMap.TestMap:PersistentLevel.MultGameMode_C_0
	Function /Game/Blueprints/MultGameMode.MultGameMode_C:ExecuteUbergraph_MultGameMode:0D9E
[2019.01.27-19.49.34:927][621]LogScript: Warning: Script call stack:
	Function /Game/Blueprints/MultGameState.MultGameState_C:EndGame
	Function /Game/Blueprints/MultGameState.MultGameState_C:ExecuteUbergraph_MultGameState
	Function /Game/Blueprints/MultGameMode.MultGameMode_C:Restart
	Function /Game/Blueprints/MultGameMode.MultGameMode_C:ExecuteUbergraph_MultGameMode

[2019.01.27-19.49.34:928][621]LogGameMode: Display: Match State Changed from InProgress to WaitingPostMatch
[2019.01.27-19.49.34:928][621]LogGameState: Match State Changed from InProgress to WaitingPostMatch
[2019.01.27-19.49.42:936][861]LogNet: UChannel::ReceivedSequencedBunch: Bunch.bClose == true. ChIndex == 0. Calling ConditionalCleanUp.
[2019.01.27-19.49.42:936][861]LogNet: UChannel::CleanUp: ChIndex == 0. Closing connection. [UChannel] ChIndex: 0, Closing: 0 [UNetConnection] RemoteAddr: 127.0.0.1:50225, Name: IpConnection_1, Driver: GameNetDriver IpNetDriver_0, IsServer: YES, PC: Wolfy_Controller_C_1, Owner: Wolfy_Controller_C_1, UniqueId: NULL:DESKTOP-PF2V43L-3592EEA34419F4750DF27FB7C6C685D0
[2019.01.27-19.49.42:937][861]LogNet: UNetConnection::Close: [UNetConnection] RemoteAddr: 127.0.0.1:50225, Name: IpConnection_1, Driver: GameNetDriver IpNetDriver_0, IsServer: YES, PC: Wolfy_Controller_C_1, Owner: Wolfy_Controller_C_1, UniqueId: NULL:DESKTOP-PF2V43L-3592EEA34419F4750DF27FB7C6C685D0, Channels: 9, Time: 2019.01.27-19.49.42
[2019.01.27-19.49.42:938][861]LogNet: UChannel::Close: Sending CloseBunch. ChIndex == 0. Name: [UChannel] ChIndex: 0, Closing: 0 [UNetConnection] RemoteAddr: 127.0.0.1:50225, Name: IpConnection_1, Driver: GameNetDriver IpNetDriver_0, IsServer: YES, PC: Wolfy_Controller_C_1, Owner: Wolfy_Controller_C_1, UniqueId: NULL:DESKTOP-PF2V43L-3592EEA34419F4750DF27FB7C6C685D0
[2019.01.27-19.49.42:938][861]LogOnlineSession: Warning: OSS: No game present to leave for session (GameSession)
[2019.01.27-19.49.44:944][921]LogScript: Warning: Attempted to access Wolfy_Controller_C_1 via property K2Node_DynamicCast_AsWolfy_Controller2, but Wolfy_Controller_C_1 is pending kill
	MultGameMode_C /Game/Maps/TestMap.TestMap:PersistentLevel.MultGameMode_C_0
	Function /Game/Blueprints/MultGameMode.MultGameMode_C:ExecuteUbergraph_MultGameMode:065C
[2019.01.27-19.49.44:945][921]LogScript: Warning: Script call stack:
	Function /Game/Blueprints/MultGameMode.MultGameMode_C:NewMatchStart
	Function /Game/Blueprints/MultGameMode.MultGameMode_C:ExecuteUbergraph_MultGameMode

[2019.01.27-19.49.44:947][921]LogScript: Warning: Attempted to access Wolfy_Controller_C_1 via property K2Node_DynamicCast_AsWolfy_Controller2, but Wolfy_Controller_C_1 is pending kill
	MultGameMode_C /Game/Maps/TestMap.TestMap:PersistentLevel.MultGameMode_C_0
	Function /Game/Blueprints/MultGameMode.MultGameMode_C:ExecuteUbergraph_MultGameMode:06B1
[2019.01.27-19.49.44:948][921]LogScript: Warning: Script call stack:
	Function /Game/Blueprints/MultGameMode.MultGameMode_C:NewMatchStart
	Function /Game/Blueprints/MultGameMode.MultGameMode_C:ExecuteUbergraph_MultGameMode

[2019.01.27-19.49.44:949][921]LogBlueprintUserMessages: [MultGameMode_C_0] Hello None!
[2019.01.27-19.49.44:950][921]LogScript: Warning: Attempted to access Wolfy_Controller_C_1 via property K2Node_DynamicCast_AsWolfy_Controller2, but Wolfy_Controller_C_1 is pending kill
	MultGameMode_C /Game/Maps/TestMap.TestMap:PersistentLevel.MultGameMode_C_0
	Function /Game/Blueprints/MultGameMode.MultGameMode_C:ExecuteUbergraph_MultGameMode:09D2
[2019.01.27-19.49.44:951][921]LogScript: Warning: Script call stack:
	Function /Game/Blueprints/MultGameMode.MultGameMode_C:NewMatchStart
	Function /Game/Blueprints/MultGameMode.MultGameMode_C:ExecuteUbergraph_MultGameMode

[2019.01.27-19.49.46:284][961]LogNet: NotifyAcceptingConnection accepted from: 127.0.0.1:62430
[2019.01.27-19.49.46:284][961]LogHandshake: SendConnectChallenge. Timestamp: 131.408539, Cookie: 019203025119161030218103142092227125159133065033057128209054
[2019.01.27-19.49.46:385][964]LogNet: NotifyAcceptingConnection accepted from: 127.0.0.1:62430
[2019.01.27-19.49.46:385][964]LogHandshake: SendChallengeAck. InCookie: 019203025119161030218103142092227125159133065033057128209054
[2019.01.27-19.49.46:386][964]LogNet: Server accepting post-challenge connection from: 127.0.0.1:62430
[2019.01.27-19.49.46:387][964]PacketHandlerLog: Loaded PacketHandler component: Engine.EngineHandlerComponentFactory (StatelessConnectHandlerComponent)
[2019.01.27-19.49.46:387][964]LogNet: NotifyAcceptedConnection: Name: TestMap, TimeStamp: 01/27/19 22:49:46, [UNetConnection] RemoteAddr: 127.0.0.1:62430, Name: IpConnection_2, Driver: GameNetDriver IpNetDriver_0, IsServer: YES, PC: NULL, Owner: NULL, UniqueId: INVALID
[2019.01.27-19.49.46:387][964]LogNet: AddClientConnection: Added client connection: [UNetConnection] RemoteAddr: 127.0.0.1:62430, Name: IpConnection_2, Driver: GameNetDriver IpNetDriver_0, IsServer: YES, PC: NULL, Owner: NULL, UniqueId: INVALID
[2019.01.27-19.49.46:418][965]LogNet: NotifyAcceptingChannel Control 0 server World /Game/Maps/TestMap.TestMap: Accepted
[2019.01.27-19.49.46:418][965]LogNet: Remote platform little endian=1
[2019.01.27-19.49.46:419][965]LogNet: This platform little endian=1
[2019.01.27-19.49.46:451][966]LogNet: Login request: /Game/Maps/EntryMap?Name=DESKTOP-PF2V43L-391ACD3E4B112678C88D9395F586192B userId: NULL:DESKTOP-PF2V43L-391ACD3E4B112678C88D9395F586192B platform: NULL
[2019.01.27-19.49.46:485][967]LogNet: Client netspeed is 10000
[2019.01.27-19.49.46:518][968]LogNet: Join request: /Game/Maps/EntryMap?Name=DESKTOP-PF2V43L-391ACD3E4B112678C88D9395F586192B?SplitscreenCount=1
[2019.01.27-19.49.46:518][968]LogOnlineSession: Warning: OSS: No game present to join for session (GameSession)
[2019.01.27-19.49.46:520][968]LogBlueprintUserMessages: [MultGameMode_C_0] Hello Kek!
[2019.01.27-19.49.46:522][968]LogNet: Join succeeded: DESKTOP-PF2V43L-391A
[2019.01.27-19.50.00:792][399]LogNet: UChannel::ReceivedSequencedBunch: Bunch.bClose == true. ChIndex == 0. Calling ConditionalCleanUp.
[2019.01.27-19.50.00:792][399]LogNet: UChannel::CleanUp: ChIndex == 0. Closing connection. [UChannel] ChIndex: 0, Closing: 0 [UNetConnection] RemoteAddr: 127.0.0.1:62430, Name: IpConnection_2, Driver: GameNetDriver IpNetDriver_0, IsServer: YES, PC: Wolfy_Controller_C_2, Owner: Wolfy_Controller_C_2, UniqueId: NULL:DESKTOP-PF2V43L-391ACD3E4B112678C88D9395F586192B
[2019.01.27-19.50.00:794][399]LogNet: UNetConnection::Close: [UNetConnection] RemoteAddr: 127.0.0.1:62430, Name: IpConnection_2, Driver: GameNetDriver IpNetDriver_0, IsServer: YES, PC: Wolfy_Controller_C_2, Owner: Wolfy_Controller_C_2, UniqueId: NULL:DESKTOP-PF2V43L-391ACD3E4B112678C88D9395F586192B, Channels: 11, Time: 2019.01.27-19.50.00
[2019.01.27-19.50.00:795][399]LogNet: UChannel::Close: Sending CloseBunch. ChIndex == 0. Name: [UChannel] ChIndex: 0, Closing: 0 [UNetConnection] RemoteAddr: 127.0.0.1:62430, Name: IpConnection_2, Driver: GameNetDriver IpNetDriver_0, IsServer: YES, PC: Wolfy_Controller_C_2, Owner: Wolfy_Controller_C_2, UniqueId: NULL:DESKTOP-PF2V43L-391ACD3E4B112678C88D9395F586192B
[2019.01.27-19.50.00:796][399]LogOnlineSession: Warning: OSS: No game present to leave for session (GameSession)
[2019.01.27-19.50.20:945][  3]LogNet: NotifyAcceptingConnection accepted from: 127.0.0.1:52220
[2019.01.27-19.50.20:945][  3]LogHandshake: SendConnectChallenge. Timestamp: 166.068756, Cookie: 065006211006002134059167160049188219159033016070072084241017
[2019.01.27-19.50.21:045][  6]LogNet: NotifyAcceptingConnection accepted from: 127.0.0.1:52220
[2019.01.27-19.50.21:045][  6]LogHandshake: SendChallengeAck. InCookie: 065006211006002134059167160049188219159033016070072084241017
[2019.01.27-19.50.21:046][  6]LogNet: Server accepting post-challenge connection from: 127.0.0.1:52220
[2019.01.27-19.50.21:046][  6]PacketHandlerLog: Loaded PacketHandler component: Engine.EngineHandlerComponentFactory (StatelessConnectHandlerComponent)
[2019.01.27-19.50.21:046][  6]LogNet: NotifyAcceptedConnection: Name: TestMap, TimeStamp: 01/27/19 22:50:21, [UNetConnection] RemoteAddr: 127.0.0.1:52220, Name: IpConnection_3, Driver: GameNetDriver IpNetDriver_0, IsServer: YES, PC: NULL, Owner: NULL, UniqueId: INVALID
[2019.01.27-19.50.21:047][  6]LogNet: AddClientConnection: Added client connection: [UNetConnection] RemoteAddr: 127.0.0.1:52220, Name: IpConnection_3, Driver: GameNetDriver IpNetDriver_0, IsServer: YES, PC: NULL, Owner: NULL, UniqueId: INVALID
[2019.01.27-19.50.21:078][  7]LogNet: NotifyAcceptingChannel Control 0 server World /Game/Maps/TestMap.TestMap: Accepted
[2019.01.27-19.50.21:078][  7]LogNet: Remote platform little endian=1
[2019.01.27-19.50.21:079][  7]LogNet: This platform little endian=1
[2019.01.27-19.50.21:111][  8]LogNet: Login request: /Game/Maps/EntryMap?Name=DESKTOP-PF2V43L-B3FFFE904A09B5EEB92462B74F2CFE2C userId: NULL:DESKTOP-PF2V43L-B3FFFE904A09B5EEB92462B74F2CFE2C platform: NULL
[2019.01.27-19.50.21:144][  9]LogNet: Client netspeed is 10000
[2019.01.27-19.50.21:243][ 12]LogNet: Join request: /Game/Maps/EntryMap?Name=DESKTOP-PF2V43L-B3FFFE904A09B5EEB92462B74F2CFE2C?SplitscreenCount=1
[2019.01.27-19.50.21:243][ 12]LogOnlineSession: Warning: OSS: No game present to join for session (GameSession)
[2019.01.27-19.50.21:245][ 12]LogBlueprintUserMessages: [MultGameMode_C_0] Hello Kek!
[2019.01.27-19.50.21:246][ 12]LogNet: Join succeeded: DESKTOP-PF2V43L-B3FF
[2019.01.27-19.50.36:677][479]LogNet: NotifyAcceptingConnection accepted from: 127.0.0.1:62782
[2019.01.27-19.50.36:677][479]LogHandshake: SendConnectChallenge. Timestamp: 181.801193, Cookie: 226187014081207214231205183084169183197233084158104217254177
[2019.01.27-19.50.36:711][480]LogNet: NotifyAcceptingConnection accepted from: 127.0.0.1:62782
[2019.01.27-19.50.36:711][480]LogHandshake: SendChallengeAck. InCookie: 226187014081207214231205183084169183197233084158104217254177
[2019.01.27-19.50.36:713][480]LogNet: Server accepting post-challenge connection from: 127.0.0.1:62782
[2019.01.27-19.50.36:713][480]PacketHandlerLog: Loaded PacketHandler component: Engine.EngineHandlerComponentFactory (StatelessConnectHandlerComponent)
[2019.01.27-19.50.36:714][480]LogNet: NotifyAcceptedConnection: Name: TestMap, TimeStamp: 01/27/19 22:50:36, [UNetConnection] RemoteAddr: 127.0.0.1:62782, Name: IpConnection_4, Driver: GameNetDriver IpNetDriver_0, IsServer: YES, PC: NULL, Owner: NULL, UniqueId: INVALID
[2019.01.27-19.50.36:714][480]LogNet: AddClientConnection: Added client connection: [UNetConnection] RemoteAddr: 127.0.0.1:62782, Name: IpConnection_4, Driver: GameNetDriver IpNetDriver_0, IsServer: YES, PC: NULL, Owner: NULL, UniqueId: INVALID
[2019.01.27-19.50.36:744][481]LogNet: NotifyAcceptingChannel Control 0 server World /Game/Maps/TestMap.TestMap: Accepted
[2019.01.27-19.50.36:744][481]LogNet: Remote platform little endian=1
[2019.01.27-19.50.36:745][481]LogNet: This platform little endian=1
[2019.01.27-19.50.36:777][482]LogNet: Login request: /Game/Maps/EntryMap?Name=DESKTOP-PF2V43L-E8CD28BB440AEA9D1DD0618442A8DE47 userId: NULL:DESKTOP-PF2V43L-E8CD28BB440AEA9D1DD0618442A8DE47 platform: NULL
[2019.01.27-19.50.36:811][483]LogNet: Client netspeed is 10000
[2019.01.27-19.50.36:877][485]LogNet: Join request: /Game/Maps/EntryMap?Name=DESKTOP-PF2V43L-E8CD28BB440AEA9D1DD0618442A8DE47?SplitscreenCount=1
[2019.01.27-19.50.36:877][485]LogOnlineSession: Warning: OSS: No game present to join for session (GameSession)
[2019.01.27-19.50.36:879][485]LogBlueprintUserMessages: [MultGameMode_C_0] Hello Kek!
[2019.01.27-19.50.36:881][485]LogNet: Join succeeded: DESKTOP-PF2V43L-E8CD
[2019.01.27-19.50.48:323][831]LogNet: UChannel::ReceivedSequencedBunch: Bunch.bClose == true. ChIndex == 0. Calling ConditionalCleanUp.
[2019.01.27-19.50.48:323][831]LogNet: UChannel::CleanUp: ChIndex == 0. Closing connection. [UChannel] ChIndex: 0, Closing: 0 [UNetConnection] RemoteAddr: 127.0.0.1:52220, Name: IpConnection_3, Driver: GameNetDriver IpNetDriver_0, IsServer: YES, PC: Wolfy_Controller_C_3, Owner: Wolfy_Controller_C_3, UniqueId: NULL:DESKTOP-PF2V43L-B3FFFE904A09B5EEB92462B74F2CFE2C
[2019.01.27-19.50.48:325][831]LogNet: UNetConnection::Close: [UNetConnection] RemoteAddr: 127.0.0.1:52220, Name: IpConnection_3, Driver: GameNetDriver IpNetDriver_0, IsServer: YES, PC: Wolfy_Controller_C_3, Owner: Wolfy_Controller_C_3, UniqueId: NULL:DESKTOP-PF2V43L-B3FFFE904A09B5EEB92462B74F2CFE2C, Channels: 13, Time: 2019.01.27-19.50.48
[2019.01.27-19.50.48:326][831]LogNet: UChannel::Close: Sending CloseBunch. ChIndex == 0. Name: [UChannel] ChIndex: 0, Closing: 0 [UNetConnection] RemoteAddr: 127.0.0.1:52220, Name: IpConnection_3, Driver: GameNetDriver IpNetDriver_0, IsServer: YES, PC: Wolfy_Controller_C_3, Owner: Wolfy_Controller_C_3, UniqueId: NULL:DESKTOP-PF2V43L-B3FFFE904A09B5EEB92462B74F2CFE2C
[2019.01.27-19.50.48:327][831]LogOnlineSession: Warning: OSS: No game present to leave for session (GameSession)
[2019.01.27-19.50.48:421][834]LogNet: UChannel::ReceivedSequencedBunch: Bunch.bClose == true. ChIndex == 0. Calling ConditionalCleanUp.
[2019.01.27-19.50.48:421][834]LogNet: UChannel::CleanUp: ChIndex == 0. Closing connection. [UChannel] ChIndex: 0, Closing: 0 [UNetConnection] RemoteAddr: 127.0.0.1:62782, Name: IpConnection_4, Driver: GameNetDriver IpNetDriver_0, IsServer: YES, PC: Wolfy_Controller_C_4, Owner: Wolfy_Controller_C_4, UniqueId: NULL:DESKTOP-PF2V43L-E8CD28BB440AEA9D1DD0618442A8DE47
[2019.01.27-19.50.48:422][834]LogNet: UNetConnection::Close: [UNetConnection] RemoteAddr: 127.0.0.1:62782, Name: IpConnection_4, Driver: GameNetDriver IpNetDriver_0, IsServer: YES, PC: Wolfy_Controller_C_4, Owner: Wolfy_Controller_C_4, UniqueId: NULL:DESKTOP-PF2V43L-E8CD28BB440AEA9D1DD0618442A8DE47, Channels: 13, Time: 2019.01.27-19.50.48
[2019.01.27-19.50.48:423][834]LogNet: UChannel::Close: Sending CloseBunch. ChIndex == 0. Name: [UChannel] ChIndex: 0, Closing: 0 [UNetConnection] RemoteAddr: 127.0.0.1:62782, Name: IpConnection_4, Driver: GameNetDriver IpNetDriver_0, IsServer: YES, PC: Wolfy_Controller_C_4, Owner: Wolfy_Controller_C_4, UniqueId: NULL:DESKTOP-PF2V43L-E8CD28BB440AEA9D1DD0618442A8DE47
[2019.01.27-19.50.48:424][834]LogOnlineSession: Warning: OSS: No game present to leave for session (GameSession)
[2019.01.27-19.50.55:457][ 45]LogNet: NotifyAcceptingConnection accepted from: 127.0.0.1:50208
[2019.01.27-19.50.55:457][ 45]LogHandshake: SendConnectChallenge. Timestamp: 200.581161, Cookie: 154229012110085185117076223067023073202191135164078117246093
[2019.01.27-19.50.55:490][ 46]LogNet: NotifyAcceptingConnection accepted from: 127.0.0.1:50208
[2019.01.27-19.50.55:490][ 46]LogHandshake: SendChallengeAck. InCookie: 154229012110085185117076223067023073202191135164078117246093
[2019.01.27-19.50.55:491][ 46]LogNet: Server accepting post-challenge connection from: 127.0.0.1:50208
[2019.01.27-19.50.55:492][ 46]PacketHandlerLog: Loaded PacketHandler component: Engine.EngineHandlerComponentFactory (StatelessConnectHandlerComponent)
[2019.01.27-19.50.55:492][ 46]LogNet: NotifyAcceptedConnection: Name: TestMap, TimeStamp: 01/27/19 22:50:55, [UNetConnection] RemoteAddr: 127.0.0.1:50208, Name: IpConnection_5, Driver: GameNetDriver IpNetDriver_0, IsServer: YES, PC: NULL, Owner: NULL, UniqueId: INVALID
[2019.01.27-19.50.55:493][ 46]LogNet: AddClientConnection: Added client connection: [UNetConnection] RemoteAddr: 127.0.0.1:50208, Name: IpConnection_5, Driver: GameNetDriver IpNetDriver_0, IsServer: YES, PC: NULL, Owner: NULL, UniqueId: INVALID
[2019.01.27-19.50.55:560][ 48]LogNet: NotifyAcceptingChannel Control 0 server World /Game/Maps/TestMap.TestMap: Accepted
[2019.01.27-19.50.55:560][ 48]LogNet: Remote platform little endian=1
[2019.01.27-19.50.55:561][ 48]LogNet: This platform little endian=1
[2019.01.27-19.50.55:593][ 49]LogNet: Login request: /Game/Maps/EntryMap?Name=DESKTOP-PF2V43L-C2427719441C14D3678951807FA9732F userId: NULL:DESKTOP-PF2V43L-C2427719441C14D3678951807FA9732F platform: NULL
[2019.01.27-19.50.55:627][ 50]LogNet: Client netspeed is 10000
[2019.01.27-19.50.55:693][ 52]LogNet: Join request: /Game/Maps/EntryMap?Name=DESKTOP-PF2V43L-C2427719441C14D3678951807FA9732F?SplitscreenCount=1
[2019.01.27-19.50.55:693][ 52]LogOnlineSession: Warning: OSS: No game present to join for session (GameSession)
[2019.01.27-19.50.55:695][ 52]LogBlueprintUserMessages: [MultGameMode_C_0] Hello Kek!
[2019.01.27-19.50.55:696][ 52]LogNet: Join succeeded: DESKTOP-PF2V43L-C242
[2019.01.27-19.50.59:627][171]LogNet: UChannel::ReceivedSequencedBunch: Bunch.bClose == true. ChIndex == 0. Calling ConditionalCleanUp.
[2019.01.27-19.50.59:627][171]LogNet: UChannel::CleanUp: ChIndex == 0. Closing connection. [UChannel] ChIndex: 0, Closing: 0 [UNetConnection] RemoteAddr: 127.0.0.1:50208, Name: IpConnection_5, Driver: GameNetDriver IpNetDriver_0, IsServer: YES, PC: Wolfy_Controller_C_5, Owner: Wolfy_Controller_C_5, UniqueId: NULL:DESKTOP-PF2V43L-C2427719441C14D3678951807FA9732F
[2019.01.27-19.50.59:628][171]LogNet: UNetConnection::Close: [UNetConnection] RemoteAddr: 127.0.0.1:50208, Name: IpConnection_5, Driver: GameNetDriver IpNetDriver_0, IsServer: YES, PC: Wolfy_Controller_C_5, Owner: Wolfy_Controller_C_5, UniqueId: NULL:DESKTOP-PF2V43L-C2427719441C14D3678951807FA9732F, Channels: 11, Time: 2019.01.27-19.50.59
[2019.01.27-19.50.59:628][171]LogNet: UChannel::Close: Sending CloseBunch. ChIndex == 0. Name: [UChannel] ChIndex: 0, Closing: 0 [UNetConnection] RemoteAddr: 127.0.0.1:50208, Name: IpConnection_5, Driver: GameNetDriver IpNetDriver_0, IsServer: YES, PC: Wolfy_Controller_C_5, Owner: Wolfy_Controller_C_5, UniqueId: NULL:DESKTOP-PF2V43L-C2427719441C14D3678951807FA9732F
[2019.01.27-19.50.59:630][171]LogOnlineSession: Warning: OSS: No game present to leave for session (GameSession)
[2019.01.27-19.51.34:926][229]LogScript: Warning: Accessed None trying to read property CallFunc_Array_Get_Item2
	MultGameMode_C /Game/Maps/TestMap.TestMap:PersistentLevel.MultGameMode_C_0
	Function /Game/Blueprints/MultGameMode.MultGameMode_C:ExecuteUbergraph_MultGameMode:0D9E
[2019.01.27-19.51.34:926][229]LogScript: Warning: Script call stack:
	Function /Game/Blueprints/MultGameState.MultGameState_C:EndGame
	Function /Game/Blueprints/MultGameState.MultGameState_C:ExecuteUbergraph_MultGameState
	Function /Game/Blueprints/MultGameMode.MultGameMode_C:Restart
	Function /Game/Blueprints/MultGameMode.MultGameMode_C:ExecuteUbergraph_MultGameMode

[2019.01.27-19.51.34:928][229]LogScript: Warning: Accessed None trying to read property CallFunc_Array_Get_Item2
	MultGameMode_C /Game/Maps/TestMap.TestMap:PersistentLevel.MultGameMode_C_0
	Function /Game/Blueprints/MultGameMode.MultGameMode_C:ExecuteUbergraph_MultGameMode:0D9E
[2019.01.27-19.51.34:929][229]LogScript: Warning: Script call stack:
	Function /Game/Blueprints/MultGameState.MultGameState_C:EndGame
	Function /Game/Blueprints/MultGameState.MultGameState_C:ExecuteUbergraph_MultGameState
	Function /Game/Blueprints/MultGameMode.MultGameMode_C:Restart
	Function /Game/Blueprints/MultGameMode.MultGameMode_C:ExecuteUbergraph_MultGameMode

[2019.01.27-19.51.34:930][229]LogScript: Warning: Accessed None trying to read property CallFunc_Array_Get_Item2
	MultGameMode_C /Game/Maps/TestMap.TestMap:PersistentLevel.MultGameMode_C_0
	Function /Game/Blueprints/MultGameMode.MultGameMode_C:ExecuteUbergraph_MultGameMode:0D9E
[2019.01.27-19.51.34:931][229]LogScript: Warning: Script call stack:
	Function /Game/Blueprints/MultGameState.MultGameState_C:EndGame
	Function /Game/Blueprints/MultGameState.MultGameState_C:ExecuteUbergraph_MultGameState
	Function /Game/Blueprints/MultGameMode.MultGameMode_C:Restart
	Function /Game/Blueprints/MultGameMode.MultGameMode_C:ExecuteUbergraph_MultGameMode

[2019.01.27-19.51.34:931][229]LogScript: Warning: Attempted to access Wolfy_Controller_C_3 via property CallFunc_Array_Get_Item2, but Wolfy_Controller_C_3 is pending kill
	MultGameMode_C /Game/Maps/TestMap.TestMap:PersistentLevel.MultGameMode_C_0
	Function /Game/Blueprints/MultGameMode.MultGameMode_C:ExecuteUbergraph_MultGameMode:0D9E
[2019.01.27-19.51.34:932][229]LogScript: Warning: Script call stack:
	Function /Game/Blueprints/MultGameState.MultGameState_C:EndGame
	Function /Game/Blueprints/MultGameState.MultGameState_C:ExecuteUbergraph_MultGameState
	Function /Game/Blueprints/MultGameMode.MultGameMode_C:Restart
	Function /Game/Blueprints/MultGameMode.MultGameMode_C:ExecuteUbergraph_MultGameMode

[2019.01.27-19.51.34:933][229]LogScript: Warning: Attempted to access Wolfy_Controller_C_4 via property CallFunc_Array_Get_Item2, but Wolfy_Controller_C_4 is pending kill
	MultGameMode_C /Game/Maps/TestMap.TestMap:PersistentLevel.MultGameMode_C_0
	Function /Game/Blueprints/MultGameMode.MultGameMode_C:ExecuteUbergraph_MultGameMode:0D9E
[2019.01.27-19.51.34:933][229]LogScript: Warning: Script call stack:
	Function /Game/Blueprints/MultGameState.MultGameState_C:EndGame
	Function /Game/Blueprints/MultGameState.MultGameState_C:ExecuteUbergraph_MultGameState
	Function /Game/Blueprints/MultGameMode.MultGameMode_C:Restart
	Function /Game/Blueprints/MultGameMode.MultGameMode_C:ExecuteUbergraph_MultGameMode

[2019.01.27-19.51.34:934][229]LogScript: Warning: Attempted to access Wolfy_Controller_C_5 via property CallFunc_Array_Get_Item2, but Wolfy_Controller_C_5 is pending kill
	MultGameMode_C /Game/Maps/TestMap.TestMap:PersistentLevel.MultGameMode_C_0
	Function /Game/Blueprints/MultGameMode.MultGameMode_C:ExecuteUbergraph_MultGameMode:0D9E
[2019.01.27-19.51.34:934][229]LogScript: Warning: Script call stack:
	Function /Game/Blueprints/MultGameState.MultGameState_C:EndGame
	Function /Game/Blueprints/MultGameState.MultGameState_C:ExecuteUbergraph_MultGameState
	Function /Game/Blueprints/MultGameMode.MultGameMode_C:Restart
	Function /Game/Blueprints/MultGameMode.MultGameMode_C:ExecuteUbergraph_MultGameMode

[2019.01.27-19.51.44:938][529]LogScript: Warning: Attempted to access Wolfy_Controller_C_3 via property K2Node_DynamicCast_AsWolfy_Controller2, but Wolfy_Controller_C_3 is pending kill
	MultGameMode_C /Game/Maps/TestMap.TestMap:PersistentLevel.MultGameMode_C_0
	Function /Game/Blueprints/MultGameMode.MultGameMode_C:ExecuteUbergraph_MultGameMode:065C
[2019.01.27-19.51.44:940][529]LogScript: Warning: Script call stack:
	Function /Game/Blueprints/MultGameMode.MultGameMode_C:NewMatchStart
	Function /Game/Blueprints/MultGameMode.MultGameMode_C:ExecuteUbergraph_MultGameMode

[2019.01.27-19.51.44:941][529]LogScript: Warning: Attempted to access Wolfy_Controller_C_3 via property K2Node_DynamicCast_AsWolfy_Controller2, but Wolfy_Controller_C_3 is pending kill
	MultGameMode_C /Game/Maps/TestMap.TestMap:PersistentLevel.MultGameMode_C_0
	Function /Game/Blueprints/MultGameMode.MultGameMode_C:ExecuteUbergraph_MultGameMode:06B1
[2019.01.27-19.51.44:941][529]LogScript: Warning: Script call stack:
	Function /Game/Blueprints/MultGameMode.MultGameMode_C:NewMatchStart
	Function /Game/Blueprints/MultGameMode.MultGameMode_C:ExecuteUbergraph_MultGameMode

[2019.01.27-19.51.44:942][529]LogBlueprintUserMessages: [MultGameMode_C_0] Hello None!
[2019.01.27-19.51.44:943][529]LogScript: Warning: Attempted to access Wolfy_Controller_C_3 via property K2Node_DynamicCast_AsWolfy_Controller2, but Wolfy_Controller_C_3 is pending kill
	MultGameMode_C /Game/Maps/TestMap.TestMap:PersistentLevel.MultGameMode_C_0
	Function /Game/Blueprints/MultGameMode.MultGameMode_C:ExecuteUbergraph_MultGameMode:09D2
[2019.01.27-19.51.44:944][529]LogScript: Warning: Script call stack:
	Function /Game/Blueprints/MultGameMode.MultGameMode_C:NewMatchStart
	Function /Game/Blueprints/MultGameMode.MultGameMode_C:ExecuteUbergraph_MultGameMode

[2019.01.27-19.51.44:945][529]LogScript: Warning: Attempted to access Wolfy_Controller_C_4 via property K2Node_DynamicCast_AsWolfy_Controller2, but Wolfy_Controller_C_4 is pending kill
	MultGameMode_C /Game/Maps/TestMap.TestMap:PersistentLevel.MultGameMode_C_0
	Function /Game/Blueprints/MultGameMode.MultGameMode_C:ExecuteUbergraph_MultGameMode:065C
[2019.01.27-19.51.44:946][529]LogScript: Warning: Script call stack:
	Function /Game/Blueprints/MultGameMode.MultGameMode_C:NewMatchStart
	Function /Game/Blueprints/MultGameMode.MultGameMode_C:ExecuteUbergraph_MultGameMode

[2019.01.27-19.51.44:946][529]LogScript: Warning: Attempted to access Wolfy_Controller_C_4 via property K2Node_DynamicCast_AsWolfy_Controller2, but Wolfy_Controller_C_4 is pending kill
	MultGameMode_C /Game/Maps/TestMap.TestMap:PersistentLevel.MultGameMode_C_0
	Function /Game/Blueprints/MultGameMode.MultGameMode_C:ExecuteUbergraph_MultGameMode:06B1
[2019.01.27-19.51.44:947][529]LogScript: Warning: Script call stack:
	Function /Game/Blueprints/MultGameMode.MultGameMode_C:NewMatchStart
	Function /Game/Blueprints/MultGameMode.MultGameMode_C:ExecuteUbergraph_MultGameMode

[2019.01.27-19.51.44:951][529]LogBlueprintUserMessages: [MultGameMode_C_0] Hello None!
[2019.01.27-19.51.44:952][529]LogScript: Warning: Attempted to access Wolfy_Controller_C_4 via property K2Node_DynamicCast_AsWolfy_Controller2, but Wolfy_Controller_C_4 is pending kill
	MultGameMode_C /Game/Maps/TestMap.TestMap:PersistentLevel.MultGameMode_C_0
	Function /Game/Blueprints/MultGameMode.MultGameMode_C:ExecuteUbergraph_MultGameMode:09D2
[2019.01.27-19.51.44:953][529]LogScript: Warning: Script call stack:
	Function /Game/Blueprints/MultGameMode.MultGameMode_C:NewMatchStart
	Function /Game/Blueprints/MultGameMode.MultGameMode_C:ExecuteUbergraph_MultGameMode

[2019.01.27-19.51.44:954][529]LogScript: Warning: Attempted to access Wolfy_Controller_C_5 via property K2Node_DynamicCast_AsWolfy_Controller2, but Wolfy_Controller_C_5 is pending kill
	MultGameMode_C /Game/Maps/TestMap.TestMap:PersistentLevel.MultGameMode_C_0
	Function /Game/Blueprints/MultGameMode.MultGameMode_C:ExecuteUbergraph_MultGameMode:065C
[2019.01.27-19.51.44:955][529]LogScript: Warning: Script call stack:
	Function /Game/Blueprints/MultGameMode.MultGameMode_C:NewMatchStart
	Function /Game/Blueprints/MultGameMode.MultGameMode_C:ExecuteUbergraph_MultGameMode

[2019.01.27-19.51.44:955][529]LogScript: Warning: Attempted to access Wolfy_Controller_C_5 via property K2Node_DynamicCast_AsWolfy_Controller2, but Wolfy_Controller_C_5 is pending kill
	MultGameMode_C /Game/Maps/TestMap.TestMap:PersistentLevel.MultGameMode_C_0
	Function /Game/Blueprints/MultGameMode.MultGameMode_C:ExecuteUbergraph_MultGameMode:06B1
[2019.01.27-19.51.44:956][529]LogScript: Warning: Script call stack:
	Function /Game/Blueprints/MultGameMode.MultGameMode_C:NewMatchStart
	Function /Game/Blueprints/MultGameMode.MultGameMode_C:ExecuteUbergraph_MultGameMode

[2019.01.27-19.51.44:957][529]LogBlueprintUserMessages: [MultGameMode_C_0] Hello None!
[2019.01.27-19.51.44:957][529]LogScript: Warning: Script Msg: Attempted to access index 0 from array 'CallFunc_FindFreeSpawnPoints_SpawnPoint2' of length 0 in '/Game/Blueprints/MultGameMode.MultGameMode_C:ExecuteUbergraph_MultGameMode'!
[2019.01.27-19.51.44:958][529]LogScript: Warning: Accessed None trying to read property CallFunc_Array_Get_Item4
	MultGameMode_C /Game/Maps/TestMap.TestMap:PersistentLevel.MultGameMode_C_0
	Function /Game/Blueprints/MultGameMode.MultGameMode_C:ExecuteUbergraph_MultGameMode:0869
[2019.01.27-19.51.44:958][529]LogScript: Warning: Script call stack:
	Function /Game/Blueprints/MultGameMode.MultGameMode_C:NewMatchStart
	Function /Game/Blueprints/MultGameMode.MultGameMode_C:ExecuteUbergraph_MultGameMode

[2019.01.27-19.51.44:960][529]LogScript: Warning: Script Msg: Attempted to access index 0 from array 'CallFunc_FindFreeSpawnPoints_SpawnPoint2' of length 0 in '/Game/Blueprints/MultGameMode.MultGameMode_C:ExecuteUbergraph_MultGameMode'!
[2019.01.27-19.51.44:964][529]LogScript: Warning: Accessed None trying to read property CallFunc_Array_Get_Item4
	MultGameMode_C /Game/Maps/TestMap.TestMap:PersistentLevel.MultGameMode_C_0
	Function /Game/Blueprints/MultGameMode.MultGameMode_C:ExecuteUbergraph_MultGameMode:0976
[2019.01.27-19.51.44:965][529]LogScript: Warning: Script call stack:
	Function /Game/Blueprints/MultGameMode.MultGameMode_C:NewMatchStart
	Function /Game/Blueprints/MultGameMode.MultGameMode_C:ExecuteUbergraph_MultGameMode

[2019.01.27-19.51.44:966][529]LogScript: Warning: Attempted to access Wolfy_Controller_C_5 via property K2Node_DynamicCast_AsWolfy_Controller2, but Wolfy_Controller_C_5 is pending kill
	MultGameMode_C /Game/Maps/TestMap.TestMap:PersistentLevel.MultGameMode_C_0
	Function /Game/Blueprints/MultGameMode.MultGameMode_C:ExecuteUbergraph_MultGameMode:09D2
[2019.01.27-19.51.44:966][529]LogScript: Warning: Script call stack:
	Function /Game/Blueprints/MultGameMode.MultGameMode_C:NewMatchStart
	Function /Game/Blueprints/MultGameMode.MultGameMode_C:ExecuteUbergraph_MultGameMode

[2019.01.27-19.51.45:235][538]LogNet: NotifyAcceptingConnection accepted from: 127.0.0.1:54138
[2019.01.27-19.51.45:235][538]LogHandshake: SendConnectChallenge. Timestamp: 250.358902, Cookie: 033139067041136149081071118023101041124223226048000224101000
[2019.01.27-19.51.45:334][541]LogNet: NotifyAcceptingConnection accepted from: 127.0.0.1:54138
[2019.01.27-19.51.45:334][541]LogHandshake: SendChallengeAck. InCookie: 033139067041136149081071118023101041124223226048000224101000
[2019.01.27-19.51.45:335][541]LogNet: Server accepting post-challenge connection from: 127.0.0.1:54138
[2019.01.27-19.51.45:337][541]PacketHandlerLog: Loaded PacketHandler component: Engine.EngineHandlerComponentFactory (StatelessConnectHandlerComponent)
[2019.01.27-19.51.45:337][541]LogNet: NotifyAcceptedConnection: Name: TestMap, TimeStamp: 01/27/19 22:51:45, [UNetConnection] RemoteAddr: 127.0.0.1:54138, Name: IpConnection_6, Driver: GameNetDriver IpNetDriver_0, IsServer: YES, PC: NULL, Owner: NULL, UniqueId: INVALID
[2019.01.27-19.51.45:338][541]LogNet: AddClientConnection: Added client connection: [UNetConnection] RemoteAddr: 127.0.0.1:54138, Name: IpConnection_6, Driver: GameNetDriver IpNetDriver_0, IsServer: YES, PC: NULL, Owner: NULL, UniqueId: INVALID
[2019.01.27-19.51.45:368][542]LogNet: NotifyAcceptingChannel Control 0 server World /Game/Maps/TestMap.TestMap: Accepted
[2019.01.27-19.51.45:368][542]LogNet: Remote platform little endian=1
[2019.01.27-19.51.45:369][542]LogNet: This platform little endian=1
[2019.01.27-19.51.45:401][543]LogNet: Login request: /Game/Maps/EntryMap?Name=DESKTOP-PF2V43L-80E75EAA4B86385FC844C18B9B69C3FB userId: NULL:DESKTOP-PF2V43L-80E75EAA4B86385FC844C18B9B69C3FB platform: NULL
[2019.01.27-19.51.45:434][544]LogNet: Client netspeed is 10000
[2019.01.27-19.51.45:533][547]LogNet: Join request: /Game/Maps/EntryMap?Name=DESKTOP-PF2V43L-80E75EAA4B86385FC844C18B9B69C3FB?SplitscreenCount=1
[2019.01.27-19.51.45:533][547]LogOnlineSession: Warning: OSS: No game present to join for session (GameSession)
[2019.01.27-19.51.45:535][547]LogBlueprintUserMessages: [MultGameMode_C_0] Hello Kek!
[2019.01.27-19.51.45:535][547]LogScript: Warning: Script Msg: Attempted to access index 0 from array 'CallFunc_FindFreeSpawnPoints_SpawnPoint' of length 0 in '/Game/Blueprints/MultGameMode.MultGameMode_C:ExecuteUbergraph_MultGameMode'!
[2019.01.27-19.51.45:536][547]LogScript: Warning: Accessed None trying to read property CallFunc_Array_Get_Item
	MultGameMode_C /Game/Maps/TestMap.TestMap:PersistentLevel.MultGameMode_C_0
	Function /Game/Blueprints/MultGameMode.MultGameMode_C:ExecuteUbergraph_MultGameMode:00DD
[2019.01.27-19.51.45:537][547]LogScript: Warning: Script call stack:
	Function /Game/Blueprints/MultGameMode.MultGameMode_C:K2_PostLogin
	Function /Game/Blueprints/MultGameMode.MultGameMode_C:ExecuteUbergraph_MultGameMode

[2019.01.27-19.51.45:538][547]LogScript: Warning: Script Msg: Attempted to access index 0 from array 'CallFunc_FindFreeSpawnPoints_SpawnPoint' of length 0 in '/Game/Blueprints/MultGameMode.MultGameMode_C:ExecuteUbergraph_MultGameMode'!
[2019.01.27-19.51.45:539][547]LogScript: Warning: Accessed None trying to read property CallFunc_Array_Get_Item
	MultGameMode_C /Game/Maps/TestMap.TestMap:PersistentLevel.MultGameMode_C_0
	Function /Game/Blueprints/MultGameMode.MultGameMode_C:ExecuteUbergraph_MultGameMode:01EA
[2019.01.27-19.51.45:539][547]LogScript: Warning: Script call stack:
	Function /Game/Blueprints/MultGameMode.MultGameMode_C:K2_PostLogin
	Function /Game/Blueprints/MultGameMode.MultGameMode_C:ExecuteUbergraph_MultGameMode

[2019.01.27-19.51.45:540][547]LogNet: Join succeeded: DESKTOP-PF2V43L-80E7
[2019.01.27-19.51.49:799][676]LogNet: UChannel::ReceivedSequencedBunch: Bunch.bClose == true. ChIndex == 0. Calling ConditionalCleanUp.
[2019.01.27-19.51.49:799][676]LogNet: UChannel::CleanUp: ChIndex == 0. Closing connection. [UChannel] ChIndex: 0, Closing: 0 [UNetConnection] RemoteAddr: 127.0.0.1:54138, Name: IpConnection_6, Driver: GameNetDriver IpNetDriver_0, IsServer: YES, PC: Wolfy_Controller_C_6, Owner: Wolfy_Controller_C_6, UniqueId: NULL:DESKTOP-PF2V43L-80E75EAA4B86385FC844C18B9B69C3FB
[2019.01.27-19.51.49:800][676]LogNet: UNetConnection::Close: [UNetConnection] RemoteAddr: 127.0.0.1:54138, Name: IpConnection_6, Driver: GameNetDriver IpNetDriver_0, IsServer: YES, PC: Wolfy_Controller_C_6, Owner: Wolfy_Controller_C_6, UniqueId: NULL:DESKTOP-PF2V43L-80E75EAA4B86385FC844C18B9B69C3FB, Channels: 13, Time: 2019.01.27-19.51.49
[2019.01.27-19.51.49:801][676]LogNet: UChannel::Close: Sending CloseBunch. ChIndex == 0. Name: [UChannel] ChIndex: 0, Closing: 0 [UNetConnection] RemoteAddr: 127.0.0.1:54138, Name: IpConnection_6, Driver: GameNetDriver IpNetDriver_0, IsServer: YES, PC: Wolfy_Controller_C_6, Owner: Wolfy_Controller_C_6, UniqueId: NULL:DESKTOP-PF2V43L-80E75EAA4B86385FC844C18B9B69C3FB
[2019.01.27-19.51.49:801][676]LogOnlineSession: Warning: OSS: No game present to leave for session (GameSession)
[2019.01.27-19.51.53:537][789]LogNet: NotifyAcceptingConnection accepted from: 127.0.0.1:52557
[2019.01.27-19.51.53:537][789]LogHandshake: SendConnectChallenge. Timestamp: 258.661224, Cookie: 104142005203138221079090226098085102162112170184017073180116
[2019.01.27-19.51.53:570][790]LogNet: NotifyAcceptingConnection accepted from: 127.0.0.1:52557
[2019.01.27-19.51.53:570][790]LogHandshake: SendChallengeAck. InCookie: 104142005203138221079090226098085102162112170184017073180116
[2019.01.27-19.51.53:571][790]LogNet: Server accepting post-challenge connection from: 127.0.0.1:52557
[2019.01.27-19.51.53:572][790]PacketHandlerLog: Loaded PacketHandler component: Engine.EngineHandlerComponentFactory (StatelessConnectHandlerComponent)
[2019.01.27-19.51.53:572][790]LogNet: NotifyAcceptedConnection: Name: TestMap, TimeStamp: 01/27/19 22:51:53, [UNetConnection] RemoteAddr: 127.0.0.1:52557, Name: IpConnection_7, Driver: GameNetDriver IpNetDriver_0, IsServer: YES, PC: NULL, Owner: NULL, UniqueId: INVALID
[2019.01.27-19.51.53:573][790]LogNet: AddClientConnection: Added client connection: [UNetConnection] RemoteAddr: 127.0.0.1:52557, Name: IpConnection_7, Driver: GameNetDriver IpNetDriver_0, IsServer: YES, PC: NULL, Owner: NULL, UniqueId: INVALID
[2019.01.27-19.51.53:637][792]LogNet: NotifyAcceptingChannel Control 0 server World /Game/Maps/TestMap.TestMap: Accepted
[2019.01.27-19.51.53:637][792]LogNet: Remote platform little endian=1
[2019.01.27-19.51.53:638][792]LogNet: This platform little endian=1
[2019.01.27-19.51.53:670][793]LogNet: Login request: /Game/Maps/EntryMap?Name=DESKTOP-PF2V43L-014B0A954CC337F1807934AC5D2F3AC9 userId: NULL:DESKTOP-PF2V43L-014B0A954CC337F1807934AC5D2F3AC9 platform: NULL
[2019.01.27-19.51.53:704][794]LogNet: Client netspeed is 10000
[2019.01.27-19.51.53:770][796]LogNet: Join request: /Game/Maps/EntryMap?Name=DESKTOP-PF2V43L-014B0A954CC337F1807934AC5D2F3AC9?SplitscreenCount=1
[2019.01.27-19.51.53:770][796]LogOnlineSession: Warning: OSS: No game present to join for session (GameSession)
[2019.01.27-19.51.53:771][796]LogBlueprintUserMessages: [MultGameMode_C_0] Hello Kek!
[2019.01.27-19.51.53:772][796]LogScript: Warning: Script Msg: Attempted to access index 0 from array 'CallFunc_FindFreeSpawnPoints_SpawnPoint' of length 0 in '/Game/Blueprints/MultGameMode.MultGameMode_C:ExecuteUbergraph_MultGameMode'!
[2019.01.27-19.51.53:773][796]LogScript: Warning: Accessed None trying to read property CallFunc_Array_Get_Item
	MultGameMode_C /Game/Maps/TestMap.TestMap:PersistentLevel.MultGameMode_C_0
	Function /Game/Blueprints/MultGameMode.MultGameMode_C:ExecuteUbergraph_MultGameMode:00DD
[2019.01.27-19.51.53:774][796]LogScript: Warning: Script call stack:
	Function /Game/Blueprints/MultGameMode.MultGameMode_C:K2_PostLogin
	Function /Game/Blueprints/MultGameMode.MultGameMode_C:ExecuteUbergraph_MultGameMode

[2019.01.27-19.51.53:775][796]LogScript: Warning: Script Msg: Attempted to access index 0 from array 'CallFunc_FindFreeSpawnPoints_SpawnPoint' of length 0 in '/Game/Blueprints/MultGameMode.MultGameMode_C:ExecuteUbergraph_MultGameMode'!
[2019.01.27-19.51.53:776][796]LogScript: Warning: Accessed None trying to read property CallFunc_Array_Get_Item
	MultGameMode_C /Game/Maps/TestMap.TestMap:PersistentLevel.MultGameMode_C_0
	Function /Game/Blueprints/MultGameMode.MultGameMode_C:ExecuteUbergraph_MultGameMode:01EA
[2019.01.27-19.51.53:776][796]LogScript: Warning: Script call stack:
	Function /Game/Blueprints/MultGameMode.MultGameMode_C:K2_PostLogin
	Function /Game/Blueprints/MultGameMode.MultGameMode_C:ExecuteUbergraph_MultGameMode

[2019.01.27-19.51.53:778][796]LogNet: Join succeeded: DESKTOP-PF2V43L-014B
[2019.01.27-19.51.55:957][862]LogNet: UChannel::ReceivedSequencedBunch: Bunch.bClose == true. ChIndex == 0. Calling ConditionalCleanUp.
[2019.01.27-19.51.55:957][862]LogNet: UChannel::CleanUp: ChIndex == 0. Closing connection. [UChannel] ChIndex: 0, Closing: 0 [UNetConnection] RemoteAddr: 127.0.0.1:52557, Name: IpConnection_7, Driver: GameNetDriver IpNetDriver_0, IsServer: YES, PC: Wolfy_Controller_C_7, Owner: Wolfy_Controller_C_7, UniqueId: NULL:DESKTOP-PF2V43L-014B0A954CC337F1807934AC5D2F3AC9
[2019.01.27-19.51.55:958][862]LogNet: UNetConnection::Close: [UNetConnection] RemoteAddr: 127.0.0.1:52557, Name: IpConnection_7, Driver: GameNetDriver IpNetDriver_0, IsServer: YES, PC: Wolfy_Controller_C_7, Owner: Wolfy_Controller_C_7, UniqueId: NULL:DESKTOP-PF2V43L-014B0A954CC337F1807934AC5D2F3AC9, Channels: 12, Time: 2019.01.27-19.51.55
[2019.01.27-19.51.55:959][862]LogNet: UChannel::Close: Sending CloseBunch. ChIndex == 0. Name: [UChannel] ChIndex: 0, Closing: 0 [UNetConnection] RemoteAddr: 127.0.0.1:52557, Name: IpConnection_7, Driver: GameNetDriver IpNetDriver_0, IsServer: YES, PC: Wolfy_Controller_C_7, Owner: Wolfy_Controller_C_7, UniqueId: NULL:DESKTOP-PF2V43L-014B0A954CC337F1807934AC5D2F3AC9
[2019.01.27-19.51.55:960][862]LogOnlineSession: Warning: OSS: No game present to leave for session (GameSession)
[2019.01.27-19.52.01:986][ 45]LogNet: World NetDriver shutdown IpNetDriver_0 [GameNetDriver]
[2019.01.27-19.52.01:987][ 45]LogNet: DestroyNamedNetDriver IpNetDriver_0 [GameNetDriver]
[2019.01.27-19.52.01:989][ 45]LogExit: GameNetDriver IpNetDriver_0 shut down
[2019.01.27-19.52.01:990][ 45]LogExit: Preparing to exit.
[2019.01.27-19.52.01:993][ 45]LogExit: Game engine shut down
[2019.01.27-19.52.02:023][ 45]LogExit: Object subsystem successfully closed.
[2019.01.27-19.52.02:024][ 45]LogModuleManager: Shutting down and abandoning module AutomationController (172)
[2019.01.27-19.52.02:024][ 45]LogModuleManager: Shutting down and abandoning module AutomationWorker (170)
[2019.01.27-19.52.02:024][ 45]LogModuleManager: Shutting down and abandoning module AIModule (168)
[2019.01.27-19.52.02:025][ 45]LogModuleManager: Shutting down and abandoning module GameplayDebugger (167)
[2019.01.27-19.52.02:025][ 45]LogModuleManager: Shutting down and abandoning module NavigationSystem (165)
[2019.01.27-19.52.02:026][ 45]LogModuleManager: Shutting down and abandoning module WmfMediaFactory (162)
[2019.01.27-19.52.02:026][ 45]LogModuleManager: Shutting down and abandoning module OpenExrWrapper (160)
[2019.01.27-19.52.02:027][ 45]LogModuleManager: Shutting down and abandoning module ImgMediaFactory (158)
[2019.01.27-19.52.02:027][ 45]LogModuleManager: Shutting down and abandoning module AvfMediaFactory (156)
[2019.01.27-19.52.02:027][ 45]LogModuleManager: Shutting down and abandoning module CharacterAI (154)
[2019.01.27-19.52.02:028][ 45]LogModuleManager: Shutting down and abandoning module SessionServices (152)
[2019.01.27-19.52.02:028][ 45]LogModuleManager: Shutting down and abandoning module MovieSceneTracks (150)
[2019.01.27-19.52.02:028][ 45]LogModuleManager: Shutting down and abandoning module MovieScene (148)
[2019.01.27-19.52.02:029][ 45]LogModuleManager: Shutting down and abandoning module StreamingPauseRendering (146)
[2019.01.27-19.52.02:029][ 45]LogModuleManager: Shutting down and abandoning module ImageWriteQueue (144)
[2019.01.27-19.52.02:030][ 45]LogModuleManager: Shutting down and abandoning module ImageWrapper (143)
[2019.01.27-19.52.02:030][ 45]LogModuleManager: Shutting down and abandoning module ProfilerService (140)
[2019.01.27-19.52.02:260][ 45]LogModuleManager: Shutting down and abandoning module TaskGraph (138)
[2019.01.27-19.52.02:260][ 45]LogModuleManager: Shutting down and abandoning module SteamVRController (136)
[2019.01.27-19.52.02:261][ 45]LogModuleManager: Shutting down and abandoning module ProceduralMeshComponent (134)
[2019.01.27-19.52.02:262][ 45]LogModuleManager: Shutting down and abandoning module OculusInput (132)
[2019.01.27-19.52.02:262][ 45]LogModuleManager: Shutting down and abandoning module MobilePatchingUtils (130)
[2019.01.27-19.52.02:262][ 45]LogModuleManager: Shutting down and abandoning module CustomMeshComponent (128)
[2019.01.27-19.52.02:263][ 45]LogModuleManager: Shutting down and abandoning module CableComponent (126)
[2019.01.27-19.52.02:263][ 45]LogModuleManager: Shutting down and abandoning module AudioCapture (124)
[2019.01.27-19.52.02:264][ 45]LogModuleManager: Shutting down and abandoning module ArchVisCharacter (122)
[2019.01.27-19.52.02:264][ 45]LogModuleManager: Shutting down and abandoning module AndroidPermission (120)
[2019.01.27-19.52.02:264][ 45]LogModuleManager: Shutting down and abandoning module MediaCompositing (118)
[2019.01.27-19.52.02:265][ 45]LogModuleManager: Shutting down and abandoning module LinearTimecode (116)
[2019.01.27-19.52.02:265][ 45]LogModuleManager: Shutting down and abandoning module ImgMedia (114)
[2019.01.27-19.52.02:266][ 45]LogModuleManager: Shutting down and abandoning module Media (113)
[2019.01.27-19.52.02:266][ 45]LogModuleManager: Shutting down and abandoning module HTML5Networking (110)
[2019.01.27-19.52.02:266][ 45]LogModuleManager: Shutting down and abandoning module BackChannel (108)
[2019.01.27-19.52.02:267][ 45]LogModuleManager: Shutting down and abandoning module AppleVision (106)
[2019.01.27-19.52.02:267][ 45]LogModuleManager: Shutting down and abandoning module AppleImageUtils (104)
[2019.01.27-19.52.02:267][ 45]LogModuleManager: Shutting down and abandoning module GeometryCacheTracks (102)
[2019.01.27-19.52.02:268][ 45]LogModuleManager: Shutting down and abandoning module GeometryCache (100)
[2019.01.27-19.52.02:269][ 45]LogModuleManager: Shutting down and abandoning module VariantManagerContent (98)
[2019.01.27-19.52.02:269][ 45]LogModuleManager: Shutting down and abandoning module EditableMesh (96)
[2019.01.27-19.52.02:269][ 45]LogModuleManager: Shutting down and abandoning module AnimeWolfy (94)
[2019.01.27-19.52.02:269][ 45]LogModuleManager: Shutting down and abandoning module RuntimePhysXCooking (92)
[2019.01.27-19.52.02:270][ 45]LogModuleManager: Shutting down and abandoning module PhysXVehicles (90)
[2019.01.27-19.52.02:272][ 45]LogModuleManager: Shutting down and abandoning module LocationServicesBPLibrary (88)
[2019.01.27-19.52.02:273][ 45]LogModuleManager: Shutting down and abandoning module ActorSequence (86)
[2019.01.27-19.52.02:273][ 45]LogModuleManager: Shutting down and abandoning module UdpMessaging (84)
[2019.01.27-19.52.02:273][ 45]LogModuleManager: Shutting down and abandoning module TcpMessaging (82)
[2019.01.27-19.52.02:274][ 45]LogModuleManager: Shutting down and abandoning module FacialAnimation (80)
[2019.01.27-19.52.02:274][ 45]LogModuleManager: Shutting down and abandoning module LightPropagationVolumeRuntime (78)
[2019.01.27-19.52.02:274][ 45]LogModuleManager: Shutting down and abandoning module AISupportModule (76)
[2019.01.27-19.52.02:275][ 45]LogModuleManager: Shutting down and abandoning module Paper2D (74)
[2019.01.27-19.52.02:275][ 45]LogModuleManager: Shutting down and abandoning module WindowsMoviePlayer (72)
[2019.01.27-19.52.02:276][ 45]LogModuleManager: Shutting down and abandoning module WmfMedia (70)
[2019.01.27-19.52.02:276][ 45]LogModuleManager: Shutting down and abandoning module PacketHandler (68)
[2019.01.27-19.52.02:276][ 45]LogModuleManager: Shutting down and abandoning module ClothingSystemRuntime (66)
[2019.01.27-19.52.02:276][ 45]LogModuleManager: Shutting down and abandoning module MediaAssets (64)
[2019.01.27-19.52.02:277][ 45]LogModuleManager: Shutting down and abandoning module Messaging (62)
[2019.01.27-19.52.02:277][ 45]LogModuleManager: Shutting down and abandoning module Networking (60)
[2019.01.27-19.52.02:278][ 45]LogModuleManager: Shutting down and abandoning module Core (58)
[2019.01.27-19.52.02:278][ 45]LogModuleManager: Shutting down and abandoning module LevelSequence (56)
[2019.01.27-19.52.02:278][ 45]LogModuleManager: Shutting down and abandoning module NullDrv (52)
[2019.01.27-19.52.02:279][ 45]LogModuleManager: Shutting down and abandoning module PhysXCooking (50)
[2019.01.27-19.52.02:279][ 45]LogModuleManager: Shutting down and abandoning module SteamVR (48)
[2019.01.27-19.52.02:279][ 45]LogHMD: Freeing OpenVRDLLHandle.
[2019.01.27-19.52.02:280][ 45]LogModuleManager: Shutting down and abandoning module OculusHMD (46)
[2019.01.27-19.52.02:280][ 45]LogModuleManager: Shutting down and abandoning module ExampleDeviceProfileSelector (44)
[2019.01.27-19.52.02:280][ 45]LogModuleManager: Shutting down and abandoning module LauncherChunkInstaller (42)
[2019.01.27-19.52.02:281][ 45]LogModuleManager: Shutting down and abandoning module OnlineSubsystem (38)
[2019.01.27-19.52.02:283][ 45]LogModuleManager: Shutting down and abandoning module HTTP (33)
[2019.01.27-19.52.02:296][ 45]LogModuleManager: Shutting down and abandoning module SSL (32)
[2019.01.27-19.52.02:296][ 45]LogModuleManager: Shutting down and abandoning module DatasmithContent (28)
[2019.01.27-19.52.02:297][ 45]LogModuleManager: Shutting down and abandoning module ShaderCore (26)
[2019.01.27-19.52.02:297][ 45]LogModuleManager: Shutting down and abandoning module Landscape (24)
[2019.01.27-19.52.02:298][ 45]LogModuleManager: Shutting down and abandoning module OpenGLDrv (22)
[2019.01.27-19.52.02:298][ 45]LogModuleManager: Shutting down and abandoning module D3D11RHI (20)
[2019.01.27-19.52.02:298][ 45]LogModuleManager: Shutting down and abandoning module AnimGraphRuntime (18)
[2019.01.27-19.52.02:299][ 45]LogModuleManager: Shutting down and abandoning module Renderer (16)
[2019.01.27-19.52.02:299][ 45]LogModuleManager: Shutting down and abandoning module Engine (14)
[2019.01.27-19.52.02:300][ 45]LogModuleManager: Shutting down and abandoning module CoreUObject (12)
[2019.01.27-19.52.02:300][ 45]LogModuleManager: Shutting down and abandoning module NetworkFile (10)
[2019.01.27-19.52.02:300][ 45]LogModuleManager: Shutting down and abandoning module CookedIterativeFile (8)
[2019.01.27-19.52.02:301][ 45]LogModuleManager: Shutting down and abandoning module StreamingFile (6)
[2019.01.27-19.52.02:301][ 45]LogModuleManager: Shutting down and abandoning module SandboxFile (4)
[2019.01.27-19.52.02:301][ 45]LogModuleManager: Shutting down and abandoning module PakFile (2)
[2019.01.27-19.52.02:302][ 45]LogExit: Exiting.
[2019.01.27-19.52.02:307][ 45]Log file closed, 01/27/19 22:52:02
