Log file open, 01/27/19 22:40:57
LogWindows: Failed to load 'aqProf.dll' (GetLastError=126)
LogWindows: File 'aqProf.dll' does not exist
LogWindows: Failed to load 'VtuneApi.dll' (GetLastError=126)
LogWindows: File 'VtuneApi.dll' does not exist
LogWindows: Failed to load 'VtuneApi32e.dll' (GetLastError=126)
LogWindows: File 'VtuneApi32e.dll' does not exist
LogConsoleResponse: Display: Failed to find resolution value strings in scalability ini. Falling back to default.
LogPakFile: Registered encryption key '00000000000000000000000000000000': 0 pak files mounted, 0 remain pending
LogPakFile: Display: Found Pak file ../../../AnimeWolfy/Content/Paks/AnimeWolfy-WindowsNoEditor.pak attempting to mount.
LogPakFile: Display: Mounting pak file ../../../AnimeWolfy/Content/Paks/AnimeWolfy-WindowsNoEditor.pak.
LogPlatformFile: Not using cached read wrapper
LogTaskGraph: Started task graph with 5 named threads and 9 total threads with 1 sets of task threads.
LogStats: Stats thread started at 0.080522
LogD3D11RHI: Loaded GFSDK_Aftermath_Lib.x64.dll
LogICUInternationalization: ICU TimeZone Detection - Raw Offset: +3:00, Platform Override: ''
LogPluginManager: Mounting plugin Paper2D
LogPluginManager: Mounting plugin AISupport
LogPluginManager: Mounting plugin LightPropagationVolume
LogPluginManager: Mounting plugin AssetManagerEditor
LogPluginManager: Mounting plugin CryptoKeys
LogPluginManager: Mounting plugin FacialAnimation
LogPluginManager: Mounting plugin MeshEditor
LogPluginManager: Mounting plugin EditableMesh
LogPluginManager: Mounting plugin DatasmithContent
LogPluginManager: Mounting plugin VariantManagerContent
LogPluginManager: Mounting plugin AlembicImporter
LogPluginManager: Mounting plugin GeometryCache
LogPluginManager: Mounting plugin AppleImageUtils
LogPluginManager: Mounting plugin AppleVision
LogPluginManager: Mounting plugin BackChannel
LogPluginManager: Mounting plugin CharacterAI
LogPluginManager: Mounting plugin HTML5Networking
LogPluginManager: Mounting plugin AvfMedia
LogPluginManager: Mounting plugin ImgMedia
LogPluginManager: Mounting plugin LinearTimecode
LogPluginManager: Mounting plugin MediaCompositing
LogPluginManager: Mounting plugin WmfMedia
LogPluginManager: Mounting plugin TcpMessaging
LogPluginManager: Mounting plugin UdpMessaging
LogPluginManager: Mounting plugin ActorSequence
LogPluginManager: Mounting plugin NetcodeUnitTest
LogPluginManager: Mounting plugin OnlineSubsystem
LogPluginManager: Mounting plugin OnlineSubsystemNull
LogPluginManager: Mounting plugin OnlineSubsystemUtils
LogPluginManager: Mounting plugin LauncherChunkInstaller
LogPluginManager: Mounting plugin AndroidPermission
LogPluginManager: Mounting plugin ArchVisCharacter
LogPluginManager: Mounting plugin AudioCapture
LogPluginManager: Mounting plugin CableComponent
LogPluginManager: Mounting plugin CustomMeshComponent
LogPluginManager: Mounting plugin ExampleDeviceProfileSelector
LogPluginManager: Mounting plugin LocationServicesBPLibrary
LogPluginManager: Mounting plugin MobilePatchingUtils
LogPluginManager: Mounting plugin OculusVR
LogPluginManager: Mounting plugin ProceduralMeshComponent
LogPluginManager: Mounting plugin PhysXVehicles
LogPluginManager: Mounting plugin RuntimePhysXCooking
LogPluginManager: Mounting plugin SteamVR
LogPluginManager: Mounting plugin WebMMoviePlayer
LogPluginManager: Mounting plugin WebMMedia
LogPluginManager: Mounting plugin WindowsMoviePlayer
LogStreaming: Display: Took  0.027s to configure plugins.
LogInit: Using libcurl 7.55.1-DEV
LogInit:  - built for x86_64-pc-win32
LogInit:  - supports SSL with OpenSSL/1.0.2h
LogInit:  - supports HTTP deflate (compression) using libz 1.2.8
LogInit:  - other features:
LogInit:      CURL_VERSION_SSL
LogInit:      CURL_VERSION_LIBZ
LogInit:      CURL_VERSION_IPV6
LogInit:      CURL_VERSION_ASYNCHDNS
LogInit:      CURL_VERSION_LARGEFILE
LogInit:      CURL_VERSION_IDN
LogInit:  CurlRequestOptions (configurable via config and command line):
LogInit:  - bVerifyPeer = true  - Libcurl will verify peer certificate
LogInit:  - bUseHttpProxy = false  - Libcurl will NOT use HTTP proxy
LogInit:  - bDontReuseConnections = false  - Libcurl will reuse connections
LogInit:  - MaxHostConnections = 16  - Libcurl will limit the number of connections to a host
LogInit:  - LocalHostAddr = Default
LogInit:  - BufferSize = 65536
LogInit: WinSock: version 1.1 (2.2), MaxSocks=32767, MaxUdp=65467
LogInit: Build: ++UE4+Release-4.21-CL-0
LogInit: Engine Version: 4.21.2-0+++UE4+Release-4.21
LogInit: Compatible Engine Version: 4.21.0-0+++UE4+Release-4.21
LogInit: Net CL: 0
LogInit: OS: Windows 10 (), CPU: Intel(R) Core(TM) i7-8700K CPU @ 3.70GHz, GPU: NVIDIA GeForce RTX 2080
LogInit: Compiled (64-bit): Jan 27 2019 14:47:18
LogInit: Compiled with Visual C++: 19.16.27026.01
LogInit: Build Configuration: Development
LogInit: Branch Name: ++UE4+Release-4.21
LogInit: Command Line: -log
LogInit: Base Directory: D:/Studing/PRojects/AnimeWolfy/Builds/WindowsNoEditor/AnimeWolfy/Binaries/Win64/
LogInit: Installed Engine Build: 0
LogDevObjectVersion: Number of dev versions registered: 22
LogDevObjectVersion:   Dev-Blueprints (B0D832E4-1F89-4F0D-ACCF-7EB736FD4AA2): 10
LogDevObjectVersion:   Dev-Build (E1C64328-A22C-4D53-A36C-8E866417BD8C): 0
LogDevObjectVersion:   Dev-Core (375EC13C-06E4-48FB-B500-84F0262A717E): 2
LogDevObjectVersion:   Dev-Editor (E4B068ED-F494-42E9-A231-DA0B2E46BB41): 26
LogDevObjectVersion:   Dev-Framework (CFFC743F-43B0-4480-9391-14DF171D2073): 34
LogDevObjectVersion:   Dev-Mobile (B02B49B5-BB20-44E9-A304-32B752E40360): 2
LogDevObjectVersion:   Dev-Networking (A4E4105C-59A1-49B5-A7C5-40C4547EDFEE): 0
LogDevObjectVersion:   Dev-Online (39C831C9-5AE6-47DC-9A44-9C173E1C8E7C): 0
LogDevObjectVersion:   Dev-Physics (78F01B33-EBEA-4F98-B9B4-84EACCB95AA2): 0
LogDevObjectVersion:   Dev-Platform (6631380F-2D4D-43E0-8009-CF276956A95A): 0
LogDevObjectVersion:   Dev-Rendering (12F88B9F-8875-4AFC-A67C-D90C383ABD29): 27
LogDevObjectVersion:   Dev-Sequencer (7B5AE74C-D270-4C10-A958-57980B212A5A): 9
LogDevObjectVersion:   Dev-VR (D7296918-1DD6-4BDD-9DE2-64A83CC13884): 2
LogDevObjectVersion:   Dev-LoadTimes (C2A15278-BFE7-4AFE-6C17-90FF531DF755): 1
LogDevObjectVersion:   Private-Geometry (6EACA3D4-40EC-4CC1-B786-8BED09428FC5): 3
LogDevObjectVersion:   Dev-AnimPhys (29E575DD-E0A3-4627-9D10-D276232CDCEA): 17
LogDevObjectVersion:   Dev-Anim (AF43A65D-7FD3-4947-9873-3E8ED9C1BB05): 2
LogDevObjectVersion:   Dev-ReflectionCapture (6B266CEC-1EC7-4B8F-A30B-E4D90942FC07): 1
LogDevObjectVersion:   Dev-Automation (0DF73D61-A23F-47EA-B727-89E90C41499A): 1
LogDevObjectVersion:   FortniteMain (601D1886-AC64-4F84-AA16-D3DE0DEAC7D6): 17
LogDevObjectVersion:   Dev-Enterprise (9DFFBCD6-494F-0158-E221-12823C92A888): 4
LogDevObjectVersion:   Dev-Niagara (F2AED0AC-9AFE-416F-8664-AA7FFA26D6FC): 1
LogStreaming: Display: Took  0.003s to delete old logs.
LogInit: Presizing for max 2097152 objects, including 1 objects not considered by GC, pre-allocating 0 bytes for permanent pool.
LogStreaming: Display: Async Loading initialized: Event Driven Loader: true, Async Loading Thread: false, Async Post Load: false
LogInit: Object subsystem initialized
LogConfig: Setting CVar [[con.DebugEarlyDefault:1]]
LogConfig: Setting CVar [[r.setres:1280x720]]
[2019.01.27-19.40.57:918][  0]LogConfig: Setting CVar [[con.DebugEarlyDefault:1]]
[2019.01.27-19.40.57:918][  0]LogConfig: Setting CVar [[r.setres:1280x720]]
[2019.01.27-19.40.57:919][  0]LogConfig: Applying CVar settings from Section [/Script/Engine.RendererSettings] File [../../../AnimeWolfy/Saved/Config/WindowsServer/Engine.ini]
[2019.01.27-19.40.57:919][  0]LogConfig: Setting CVar [[r.GPUCrashDebugging:0]]
[2019.01.27-19.40.57:919][  0]LogConfig: Applying CVar settings from Section [/Script/Engine.RendererOverrideSettings] File [../../../AnimeWolfy/Saved/Config/WindowsServer/Engine.ini]
[2019.01.27-19.40.57:920][  0]LogConfig: Applying CVar settings from Section [/Script/Engine.StreamingSettings] File [../../../AnimeWolfy/Saved/Config/WindowsServer/Engine.ini]
[2019.01.27-19.40.57:920][  0]LogConfig: Setting CVar [[s.MinBulkDataSizeForAsyncLoading:131072]]
[2019.01.27-19.40.57:920][  0]LogConfig: Setting CVar [[s.AsyncLoadingThreadEnabled:0]]
[2019.01.27-19.40.57:921][  0]LogConfig: Setting CVar [[s.EventDrivenLoaderEnabled:1]]
[2019.01.27-19.40.57:921][  0]LogConfig: Setting CVar [[s.WarnIfTimeLimitExceeded:0]]
[2019.01.27-19.40.57:921][  0]LogConfig: Setting CVar [[s.TimeLimitExceededMultiplier:1.5]]
[2019.01.27-19.40.57:922][  0]LogConfig: Setting CVar [[s.TimeLimitExceededMinTime:0.005]]
[2019.01.27-19.40.57:922][  0]LogConfig: Setting CVar [[s.UseBackgroundLevelStreaming:1]]
[2019.01.27-19.40.57:922][  0]LogConfig: Setting CVar [[s.PriorityAsyncLoadingExtraTime:15.0]]
[2019.01.27-19.40.57:923][  0]LogConfig: Setting CVar [[s.LevelStreamingActorsUpdateTimeLimit:5.0]]
[2019.01.27-19.40.57:923][  0]LogConfig: Setting CVar [[s.PriorityLevelStreamingActorsUpdateExtraTime:5.0]]
[2019.01.27-19.40.57:923][  0]LogConfig: Setting CVar [[s.LevelStreamingComponentsRegistrationGranularity:10]]
[2019.01.27-19.40.57:923][  0]LogConfig: Setting CVar [[s.UnregisterComponentsTimeLimit:1.0]]
[2019.01.27-19.40.57:924][  0]LogConfig: Setting CVar [[s.LevelStreamingComponentsUnregistrationGranularity:5]]
[2019.01.27-19.40.57:925][  0]LogConfig: Applying CVar settings from Section [/Script/Engine.GarbageCollectionSettings] File [../../../AnimeWolfy/Saved/Config/WindowsServer/Engine.ini]
[2019.01.27-19.40.57:925][  0]LogConfig: Setting CVar [[gc.MaxObjectsNotConsideredByGC:1]]
[2019.01.27-19.40.57:925][  0]LogConfig: Setting CVar [[gc.SizeOfPermanentObjectPool:0]]
[2019.01.27-19.40.57:925][  0]LogConfig: Setting CVar [[gc.FlushStreamingOnGC:0]]
[2019.01.27-19.40.57:926][  0]LogConfig: Setting CVar [[gc.NumRetriesBeforeForcingGC:10]]
[2019.01.27-19.40.57:926][  0]LogConfig: Setting CVar [[gc.AllowParallelGC:1]]
[2019.01.27-19.40.57:926][  0]LogConfig: Setting CVar [[gc.TimeBetweenPurgingPendingKillObjects:61.1]]
[2019.01.27-19.40.57:926][  0]LogConfig: Setting CVar [[gc.MaxObjectsInEditor:8388607]]
[2019.01.27-19.40.57:927][  0]LogConfig: Setting CVar [[gc.IncrementalBeginDestroyEnabled:1]]
[2019.01.27-19.40.57:929][  0]LogConfig: Setting CVar [[gc.CreateGCClusters:1]]
[2019.01.27-19.40.57:930][  0]LogConfig: Setting CVar [[gc.MergeGCClusters:0]]
[2019.01.27-19.40.57:930][  0]LogConfig: Setting CVar [[gc.MinGCClusterSize:5]]
[2019.01.27-19.40.57:931][  0]LogConfig: Setting CVar [[gc.ActorClusteringEnabled:0]]
[2019.01.27-19.40.57:931][  0]LogConfig: Setting CVar [[gc.BlueprintClusteringEnabled:0]]
[2019.01.27-19.40.57:932][  0]LogConfig: Setting CVar [[gc.UseDisregardForGCOnDedicatedServers:0]]
[2019.01.27-19.40.57:932][  0]LogConfig: Applying CVar settings from Section [/Script/Engine.NetworkSettings] File [../../../AnimeWolfy/Saved/Config/WindowsServer/Engine.ini]
[2019.01.27-19.40.57:932][  0]LogConfig: Applying CVar settings from Section [ViewDistanceQuality@3] File [../../../AnimeWolfy/Saved/Config/WindowsServer/Scalability.ini]
[2019.01.27-19.40.57:933][  0]LogConfig: Setting CVar [[r.SkeletalMeshLODBias:0]]
[2019.01.27-19.40.57:933][  0]LogConfig: Setting CVar [[r.ViewDistanceScale:1.0]]
[2019.01.27-19.40.57:933][  0]LogConfig: Applying CVar settings from Section [AntiAliasingQuality@3] File [../../../AnimeWolfy/Saved/Config/WindowsServer/Scalability.ini]
[2019.01.27-19.40.57:934][  0]LogConfig: Setting CVar [[r.PostProcessAAQuality:4]]
[2019.01.27-19.40.57:934][  0]LogConfig: Applying CVar settings from Section [ShadowQuality@3] File [../../../AnimeWolfy/Saved/Config/WindowsServer/Scalability.ini]
[2019.01.27-19.40.57:934][  0]LogConfig: Setting CVar [[r.LightFunctionQuality:1]]
[2019.01.27-19.40.57:935][  0]LogConfig: Setting CVar [[r.ShadowQuality:5]]
[2019.01.27-19.40.57:935][  0]LogConfig: Setting CVar [[r.Shadow.CSM.MaxCascades:10]]
[2019.01.27-19.40.57:935][  0]LogConfig: Setting CVar [[r.Shadow.MaxResolution:2048]]
[2019.01.27-19.40.57:935][  0]LogConfig: Setting CVar [[r.Shadow.MaxCSMResolution:2048]]
[2019.01.27-19.40.57:936][  0]LogConfig: Setting CVar [[r.Shadow.RadiusThreshold:0.01]]
[2019.01.27-19.40.57:936][  0]LogConfig: Setting CVar [[r.Shadow.DistanceScale:1.0]]
[2019.01.27-19.40.57:936][  0]LogConfig: Setting CVar [[r.Shadow.CSM.TransitionScale:1.0]]
[2019.01.27-19.40.57:937][  0]LogConfig: Setting CVar [[r.Shadow.PreShadowResolutionFactor:1.0]]
[2019.01.27-19.40.57:937][  0]LogConfig: Setting CVar [[r.DistanceFieldShadowing:1]]
[2019.01.27-19.40.57:937][  0]LogConfig: Setting CVar [[r.DistanceFieldAO:1]]
[2019.01.27-19.40.57:937][  0]LogConfig: Setting CVar [[r.AOQuality:2]]
[2019.01.27-19.40.57:938][  0]LogConfig: Setting CVar [[r.VolumetricFog:1]]
[2019.01.27-19.40.57:941][  0]LogConfig: Setting CVar [[r.VolumetricFog.GridPixelSize:8]]
[2019.01.27-19.40.57:941][  0]LogConfig: Setting CVar [[r.VolumetricFog.GridSizeZ:128]]
[2019.01.27-19.40.57:941][  0]LogConfig: Setting CVar [[r.VolumetricFog.HistoryMissSupersampleCount:4]]
[2019.01.27-19.40.57:942][  0]LogConfig: Setting CVar [[r.LightMaxDrawDistanceScale:1]]
[2019.01.27-19.40.57:942][  0]LogConfig: Setting CVar [[r.CapsuleShadows:1]]
[2019.01.27-19.40.57:942][  0]LogConfig: Applying CVar settings from Section [PostProcessQuality@3] File [../../../AnimeWolfy/Saved/Config/WindowsServer/Scalability.ini]
[2019.01.27-19.40.57:943][  0]LogConfig: Setting CVar [[r.MotionBlurQuality:4]]
[2019.01.27-19.40.57:943][  0]LogConfig: Setting CVar [[r.AmbientOcclusionMipLevelFactor:0.4]]
[2019.01.27-19.40.57:943][  0]LogConfig: Setting CVar [[r.AmbientOcclusionMaxQuality:100]]
[2019.01.27-19.40.57:943][  0]LogConfig: Setting CVar [[r.AmbientOcclusionLevels:-1]]
[2019.01.27-19.40.57:944][  0]LogConfig: Setting CVar [[r.AmbientOcclusionRadiusScale:1.0]]
[2019.01.27-19.40.57:944][  0]LogConfig: Setting CVar [[r.DepthOfFieldQuality:2]]
[2019.01.27-19.40.57:944][  0]LogConfig: Setting CVar [[r.RenderTargetPoolMin:400]]
[2019.01.27-19.40.57:945][  0]LogConfig: Setting CVar [[r.LensFlareQuality:2]]
[2019.01.27-19.40.57:945][  0]LogConfig: Setting CVar [[r.SceneColorFringeQuality:1]]
[2019.01.27-19.40.57:945][  0]LogConfig: Setting CVar [[r.EyeAdaptationQuality:2]]
[2019.01.27-19.40.57:946][  0]LogConfig: Setting CVar [[r.BloomQuality:5]]
[2019.01.27-19.40.57:946][  0]LogConfig: Setting CVar [[r.FastBlurThreshold:100]]
[2019.01.27-19.40.57:947][  0]LogConfig: Setting CVar [[r.Upscale.Quality:3]]
[2019.01.27-19.40.57:947][  0]LogConfig: Setting CVar [[r.Tonemapper.GrainQuantization:1]]
[2019.01.27-19.40.57:947][  0]LogConfig: Setting CVar [[r.LightShaftQuality:1]]
[2019.01.27-19.40.57:948][  0]LogConfig: Setting CVar [[r.Filter.SizeScale:1]]
[2019.01.27-19.40.57:948][  0]LogConfig: Setting CVar [[r.Tonemapper.Quality:5]]
[2019.01.27-19.40.57:949][  0]LogConfig: Setting CVar [[r.DOF.Gather.AccumulatorQuality:1        ; higher gathering accumulator quality]]
[2019.01.27-19.40.57:949][  0]LogConfig: Setting CVar [[r.DOF.Gather.PostfilterMethod:1          ; Median3x3 postfilering method]]
[2019.01.27-19.40.57:949][  0]LogConfig: Setting CVar [[r.DOF.Gather.EnableBokehSettings:0       ; no bokeh simulation when gathering]]
[2019.01.27-19.40.57:950][  0]LogConfig: Setting CVar [[r.DOF.Gather.RingCount:4                 ; medium number of samples when gathering]]
[2019.01.27-19.40.57:953][  0]LogConfig: Setting CVar [[r.DOF.Scatter.ForegroundCompositing:1    ; additive foreground scattering]]
[2019.01.27-19.40.57:953][  0]LogConfig: Setting CVar [[r.DOF.Scatter.BackgroundCompositing:2    ; additive background scattering]]
[2019.01.27-19.40.57:953][  0]LogConfig: Setting CVar [[r.DOF.Scatter.EnableBokehSettings:1      ; bokeh simulation when scattering]]
[2019.01.27-19.40.57:954][  0]LogConfig: Setting CVar [[r.DOF.Scatter.MaxSpriteRatio:0.1         ; only a maximum of 10% of scattered bokeh]]
[2019.01.27-19.40.57:954][  0]LogConfig: Setting CVar [[r.DOF.Recombine.Quality:1                ; cheap slight out of focus]]
[2019.01.27-19.40.57:954][  0]LogConfig: Setting CVar [[r.DOF.Recombine.EnableBokehSettings:0    ; no bokeh simulation on slight out of focus]]
[2019.01.27-19.40.57:955][  0]LogConfig: Setting CVar [[r.DOF.TemporalAAQuality:1                ; more stable temporal accumulation]]
[2019.01.27-19.40.57:955][  0]LogConfig: Setting CVar [[r.DOF.Kernel.MaxForegroundRadius:0.025]]
[2019.01.27-19.40.57:955][  0]LogConfig: Setting CVar [[r.DOF.Kernel.MaxBackgroundRadius:0.025]]
[2019.01.27-19.40.57:956][  0]LogConfig: Applying CVar settings from Section [TextureQuality@3] File [../../../AnimeWolfy/Saved/Config/WindowsServer/Scalability.ini]
[2019.01.27-19.40.57:957][  0]LogConfig: Setting CVar [[r.Streaming.MipBias:0]]
[2019.01.27-19.40.57:957][  0]LogConfig: Setting CVar [[r.Streaming.AmortizeCPUToGPUCopy:0]]
[2019.01.27-19.40.57:957][  0]LogConfig: Setting CVar [[r.Streaming.MaxNumTexturesToStreamPerFrame:0]]
[2019.01.27-19.40.57:957][  0]LogConfig: Setting CVar [[r.Streaming.Boost:1]]
[2019.01.27-19.40.57:958][  0]LogConfig: Setting CVar [[r.MaxAnisotropy:8]]
[2019.01.27-19.40.57:958][  0]LogConfig: Setting CVar [[r.Streaming.LimitPoolSizeToVRAM:0]]
[2019.01.27-19.40.57:958][  0]LogConfig: Setting CVar [[r.Streaming.PoolSize:1000]]
[2019.01.27-19.40.57:959][  0]LogConfig: Setting CVar [[r.Streaming.MaxEffectiveScreenSize:0]]
[2019.01.27-19.40.57:959][  0]LogConfig: Applying CVar settings from Section [EffectsQuality@3] File [../../../AnimeWolfy/Saved/Config/WindowsServer/Scalability.ini]
[2019.01.27-19.40.57:959][  0]LogConfig: Setting CVar [[r.TranslucencyLightingVolumeDim:64]]
[2019.01.27-19.40.57:959][  0]LogConfig: Setting CVar [[r.RefractionQuality:2]]
[2019.01.27-19.40.57:960][  0]LogConfig: Setting CVar [[r.SSR.Quality:3]]
[2019.01.27-19.40.57:960][  0]LogConfig: Setting CVar [[r.SceneColorFormat:4]]
[2019.01.27-19.40.57:960][  0]LogConfig: Setting CVar [[r.DetailMode:2]]
[2019.01.27-19.40.57:960][  0]LogConfig: Setting CVar [[r.TranslucencyVolumeBlur:1]]
[2019.01.27-19.40.57:961][  0]LogConfig: Setting CVar [[r.MaterialQualityLevel:1 ; High quality]]
[2019.01.27-19.40.57:964][  0]LogConfig: Setting CVar [[r.SSS.Scale:1]]
[2019.01.27-19.40.57:980][  0]LogConfig: Setting CVar [[r.SSS.SampleSet:2]]
[2019.01.27-19.40.57:981][  0]LogConfig: Setting CVar [[r.SSS.Quality:1]]
[2019.01.27-19.40.57:981][  0]LogConfig: Setting CVar [[r.SSS.HalfRes:1]]
[2019.01.27-19.40.57:982][  0]LogConfig: Setting CVar [[r.EmitterSpawnRateScale:1.0]]
[2019.01.27-19.40.57:982][  0]LogConfig: Setting CVar [[r.ParticleLightQuality:2]]
[2019.01.27-19.40.57:983][  0]LogConfig: Applying CVar settings from Section [FoliageQuality@3] File [../../../AnimeWolfy/Saved/Config/WindowsServer/Scalability.ini]
[2019.01.27-19.40.57:983][  0]LogConfig: Setting CVar [[foliage.DensityScale:1.0]]
[2019.01.27-19.40.57:983][  0]LogConfig: Setting CVar [[grass.DensityScale:1.0]]
[2019.01.27-19.40.57:984][  0]LogInit: Selected Device Profile: [WindowsServer]
[2019.01.27-19.40.57:984][  0]LogInit: Applying CVar settings loaded from the selected device profile: [WindowsServer]
[2019.01.27-19.40.57:987][  0]LogHAL: Display: Platform has ~ 16 GB [17118220288 / 17179869184 / 16], which maps to Larger [LargestMinGB=32, LargerMinGB=12, DefaultMinGB=8, SmallerMinGB=6, SmallestMinGB=0)
[2019.01.27-19.40.57:988][  0]LogInit: Going up to parent DeviceProfile [Windows]
[2019.01.27-19.40.57:988][  0]LogConfig: Setting CVar [[r.Vulkan.UseRealUBs:1]]
[2019.01.27-19.40.57:988][  0]LogInit: Going up to parent DeviceProfile []
[2019.01.27-19.40.57:989][  0]LogConfig: Applying CVar settings from Section [ViewDistanceQuality@3] File [../../../AnimeWolfy/Saved/Config/WindowsServer/Scalability.ini]
[2019.01.27-19.40.57:989][  0]LogConfig: Setting CVar [[r.SkeletalMeshLODBias:0]]
[2019.01.27-19.40.57:990][  0]LogConfig: Setting CVar [[r.ViewDistanceScale:1.0]]
[2019.01.27-19.40.57:992][  0]LogConfig: Applying CVar settings from Section [AntiAliasingQuality@3] File [../../../AnimeWolfy/Saved/Config/WindowsServer/Scalability.ini]
[2019.01.27-19.40.57:992][  0]LogConfig: Setting CVar [[r.PostProcessAAQuality:4]]
[2019.01.27-19.40.57:993][  0]LogConfig: Applying CVar settings from Section [ShadowQuality@3] File [../../../AnimeWolfy/Saved/Config/WindowsServer/Scalability.ini]
[2019.01.27-19.40.57:993][  0]LogConfig: Setting CVar [[r.LightFunctionQuality:1]]
[2019.01.27-19.40.57:993][  0]LogConfig: Setting CVar [[r.ShadowQuality:5]]
[2019.01.27-19.40.57:993][  0]LogConfig: Setting CVar [[r.Shadow.CSM.MaxCascades:10]]
[2019.01.27-19.40.57:994][  0]LogConfig: Setting CVar [[r.Shadow.MaxResolution:2048]]
[2019.01.27-19.40.57:994][  0]LogConfig: Setting CVar [[r.Shadow.MaxCSMResolution:2048]]
[2019.01.27-19.40.57:994][  0]LogConfig: Setting CVar [[r.Shadow.RadiusThreshold:0.01]]
[2019.01.27-19.40.57:995][  0]LogConfig: Setting CVar [[r.Shadow.DistanceScale:1.0]]
[2019.01.27-19.40.57:995][  0]LogConfig: Setting CVar [[r.Shadow.CSM.TransitionScale:1.0]]
[2019.01.27-19.40.57:995][  0]LogConfig: Setting CVar [[r.Shadow.PreShadowResolutionFactor:1.0]]
[2019.01.27-19.40.57:996][  0]LogConfig: Setting CVar [[r.DistanceFieldShadowing:1]]
[2019.01.27-19.40.57:996][  0]LogConfig: Setting CVar [[r.DistanceFieldAO:1]]
[2019.01.27-19.40.57:996][  0]LogConfig: Setting CVar [[r.AOQuality:2]]
[2019.01.27-19.40.57:997][  0]LogConfig: Setting CVar [[r.VolumetricFog:1]]
[2019.01.27-19.40.57:997][  0]LogConfig: Setting CVar [[r.VolumetricFog.GridPixelSize:8]]
[2019.01.27-19.40.57:997][  0]LogConfig: Setting CVar [[r.VolumetricFog.GridSizeZ:128]]
[2019.01.27-19.40.57:998][  0]LogConfig: Setting CVar [[r.VolumetricFog.HistoryMissSupersampleCount:4]]
[2019.01.27-19.40.57:998][  0]LogConfig: Setting CVar [[r.LightMaxDrawDistanceScale:1]]
[2019.01.27-19.40.57:998][  0]LogConfig: Setting CVar [[r.CapsuleShadows:1]]
[2019.01.27-19.40.57:998][  0]LogConfig: Applying CVar settings from Section [PostProcessQuality@3] File [../../../AnimeWolfy/Saved/Config/WindowsServer/Scalability.ini]
[2019.01.27-19.40.57:999][  0]LogConfig: Setting CVar [[r.MotionBlurQuality:4]]
[2019.01.27-19.40.57:999][  0]LogConfig: Setting CVar [[r.AmbientOcclusionMipLevelFactor:0.4]]
[2019.01.27-19.40.57:999][  0]LogConfig: Setting CVar [[r.AmbientOcclusionMaxQuality:100]]
[2019.01.27-19.40.58:000][  0]LogConfig: Setting CVar [[r.AmbientOcclusionLevels:-1]]
[2019.01.27-19.40.58:000][  0]LogConfig: Setting CVar [[r.AmbientOcclusionRadiusScale:1.0]]
[2019.01.27-19.40.58:000][  0]LogConfig: Setting CVar [[r.DepthOfFieldQuality:2]]
[2019.01.27-19.40.58:001][  0]LogConfig: Setting CVar [[r.RenderTargetPoolMin:400]]
[2019.01.27-19.40.58:004][  0]LogConfig: Setting CVar [[r.LensFlareQuality:2]]
[2019.01.27-19.40.58:005][  0]LogConfig: Setting CVar [[r.SceneColorFringeQuality:1]]
[2019.01.27-19.40.58:005][  0]LogConfig: Setting CVar [[r.EyeAdaptationQuality:2]]
[2019.01.27-19.40.58:005][  0]LogConfig: Setting CVar [[r.BloomQuality:5]]
[2019.01.27-19.40.58:006][  0]LogConfig: Setting CVar [[r.FastBlurThreshold:100]]
[2019.01.27-19.40.58:006][  0]LogConfig: Setting CVar [[r.Upscale.Quality:3]]
[2019.01.27-19.40.58:006][  0]LogConfig: Setting CVar [[r.Tonemapper.GrainQuantization:1]]
[2019.01.27-19.40.58:007][  0]LogConfig: Setting CVar [[r.LightShaftQuality:1]]
[2019.01.27-19.40.58:007][  0]LogConfig: Setting CVar [[r.Filter.SizeScale:1]]
[2019.01.27-19.40.58:007][  0]LogConfig: Setting CVar [[r.Tonemapper.Quality:5]]
[2019.01.27-19.40.58:007][  0]LogConfig: Setting CVar [[r.DOF.Gather.AccumulatorQuality:1        ; higher gathering accumulator quality]]
[2019.01.27-19.40.58:008][  0]LogConfig: Setting CVar [[r.DOF.Gather.PostfilterMethod:1          ; Median3x3 postfilering method]]
[2019.01.27-19.40.58:008][  0]LogConfig: Setting CVar [[r.DOF.Gather.EnableBokehSettings:0       ; no bokeh simulation when gathering]]
[2019.01.27-19.40.58:009][  0]LogConfig: Setting CVar [[r.DOF.Gather.RingCount:4                 ; medium number of samples when gathering]]
[2019.01.27-19.40.58:009][  0]LogConfig: Setting CVar [[r.DOF.Scatter.ForegroundCompositing:1    ; additive foreground scattering]]
[2019.01.27-19.40.58:009][  0]LogConfig: Setting CVar [[r.DOF.Scatter.BackgroundCompositing:2    ; additive background scattering]]
[2019.01.27-19.40.58:010][  0]LogConfig: Setting CVar [[r.DOF.Scatter.EnableBokehSettings:1      ; bokeh simulation when scattering]]
[2019.01.27-19.40.58:010][  0]LogConfig: Setting CVar [[r.DOF.Scatter.MaxSpriteRatio:0.1         ; only a maximum of 10% of scattered bokeh]]
[2019.01.27-19.40.58:010][  0]LogConfig: Setting CVar [[r.DOF.Recombine.Quality:1                ; cheap slight out of focus]]
[2019.01.27-19.40.58:011][  0]LogConfig: Setting CVar [[r.DOF.Recombine.EnableBokehSettings:0    ; no bokeh simulation on slight out of focus]]
[2019.01.27-19.40.58:011][  0]LogConfig: Setting CVar [[r.DOF.TemporalAAQuality:1                ; more stable temporal accumulation]]
[2019.01.27-19.40.58:011][  0]LogConfig: Setting CVar [[r.DOF.Kernel.MaxForegroundRadius:0.025]]
[2019.01.27-19.40.58:011][  0]LogConfig: Setting CVar [[r.DOF.Kernel.MaxBackgroundRadius:0.025]]
[2019.01.27-19.40.58:012][  0]LogConfig: Applying CVar settings from Section [TextureQuality@3] File [../../../AnimeWolfy/Saved/Config/WindowsServer/Scalability.ini]
[2019.01.27-19.40.58:012][  0]LogConfig: Setting CVar [[r.Streaming.MipBias:0]]
[2019.01.27-19.40.58:012][  0]LogConfig: Setting CVar [[r.Streaming.AmortizeCPUToGPUCopy:0]]
[2019.01.27-19.40.58:016][  0]LogConfig: Setting CVar [[r.Streaming.MaxNumTexturesToStreamPerFrame:0]]
[2019.01.27-19.40.58:016][  0]LogConfig: Setting CVar [[r.Streaming.Boost:1]]
[2019.01.27-19.40.58:016][  0]LogConfig: Setting CVar [[r.MaxAnisotropy:8]]
[2019.01.27-19.40.58:017][  0]LogConfig: Setting CVar [[r.Streaming.LimitPoolSizeToVRAM:0]]
[2019.01.27-19.40.58:017][  0]LogConfig: Setting CVar [[r.Streaming.PoolSize:1000]]
[2019.01.27-19.40.58:017][  0]LogConfig: Setting CVar [[r.Streaming.MaxEffectiveScreenSize:0]]
[2019.01.27-19.40.58:018][  0]LogConfig: Applying CVar settings from Section [EffectsQuality@3] File [../../../AnimeWolfy/Saved/Config/WindowsServer/Scalability.ini]
[2019.01.27-19.40.58:018][  0]LogConfig: Setting CVar [[r.TranslucencyLightingVolumeDim:64]]
[2019.01.27-19.40.58:018][  0]LogConfig: Setting CVar [[r.RefractionQuality:2]]
[2019.01.27-19.40.58:018][  0]LogConfig: Setting CVar [[r.SSR.Quality:3]]
[2019.01.27-19.40.58:019][  0]LogConfig: Setting CVar [[r.SceneColorFormat:4]]
[2019.01.27-19.40.58:019][  0]LogConfig: Setting CVar [[r.DetailMode:2]]
[2019.01.27-19.40.58:019][  0]LogConfig: Setting CVar [[r.TranslucencyVolumeBlur:1]]
[2019.01.27-19.40.58:020][  0]LogConfig: Setting CVar [[r.MaterialQualityLevel:1 ; High quality]]
[2019.01.27-19.40.58:020][  0]LogConfig: Setting CVar [[r.SSS.Scale:1]]
[2019.01.27-19.40.58:020][  0]LogConfig: Setting CVar [[r.SSS.SampleSet:2]]
[2019.01.27-19.40.58:020][  0]LogConfig: Setting CVar [[r.SSS.Quality:1]]
[2019.01.27-19.40.58:021][  0]LogConfig: Setting CVar [[r.SSS.HalfRes:1]]
[2019.01.27-19.40.58:021][  0]LogConfig: Setting CVar [[r.EmitterSpawnRateScale:1.0]]
[2019.01.27-19.40.58:021][  0]LogConfig: Setting CVar [[r.ParticleLightQuality:2]]
[2019.01.27-19.40.58:022][  0]LogConfig: Applying CVar settings from Section [FoliageQuality@3] File [../../../AnimeWolfy/Saved/Config/WindowsServer/Scalability.ini]
[2019.01.27-19.40.58:022][  0]LogConfig: Setting CVar [[foliage.DensityScale:1.0]]
[2019.01.27-19.40.58:022][  0]LogConfig: Setting CVar [[grass.DensityScale:1.0]]
[2019.01.27-19.40.58:022][  0]LogConfig: Applying CVar settings from Section [Startup] File [../../../Engine/Config/ConsoleVariables.ini]
[2019.01.27-19.40.58:023][  0]LogConfig: Setting CVar [[net.UseAdaptiveNetUpdateFrequency:0]]
[2019.01.27-19.40.58:023][  0]LogConfig: Applying CVar settings from Section [ConsoleVariables] File [../../../AnimeWolfy/Saved/Config/WindowsServer/Engine.ini]
[2019.01.27-19.40.58:023][  0]LogInit: Computer: DESKTOP-PF2V43L
[2019.01.27-19.40.58:024][  0]LogInit: User: Tinki
[2019.01.27-19.40.58:024][  0]LogInit: CPU Page size=4096, Cores=6
[2019.01.27-19.40.58:024][  0]LogInit: High frequency timer resolution =10.000000 MHz
[2019.01.27-19.40.58:025][  0]LogMemory: Memory total: Physical=15.9GB (16GB approx)
[2019.01.27-19.40.58:025][  0]LogMemory: Platform Memory Stats for WindowsServer
[2019.01.27-19.40.58:028][  0]LogMemory: Process Physical Memory: 53.37 MB used, 53.38 MB peak
[2019.01.27-19.40.58:028][  0]LogMemory: Process Virtual Memory: 62.95 MB used, 62.95 MB peak
[2019.01.27-19.40.58:029][  0]LogMemory: Physical Memory: 10933.58 MB used,  5391.63 MB free, 16325.21 MB total
[2019.01.27-19.40.58:029][  0]LogMemory: Virtual Memory: 4426.73 MB used,  134213304.00 MB free, 134217728.00 MB total
[2019.01.27-19.40.58:039][  0]LogInit: Using OS detected language (ru-RU).
[2019.01.27-19.40.58:039][  0]LogInit: Using OS detected locale (ru-RU).
[2019.01.27-19.40.58:040][  0]LogTextLocalizationManager: No localization for 'ru-RU' exists, so 'en' will be used for the language.
[2019.01.27-19.40.58:040][  0]LogTextLocalizationManager: No localization for 'ru-RU' exists, so 'en' will be used for the locale.
[2019.01.27-19.40.58:057][  0]LogStreaming: Display: Took  0.018s to InitEngineTextLocalization.
[2019.01.27-19.40.58:059][  0]LogInit: Using OS detected language (ru-RU).
[2019.01.27-19.40.58:059][  0]LogInit: Using OS detected locale (ru-RU).
[2019.01.27-19.40.58:060][  0]LogTextLocalizationManager: No localization for 'ru-RU' exists, so 'en' will be used for the language.
[2019.01.27-19.40.58:060][  0]LogTextLocalizationManager: No localization for 'ru-RU' exists, so 'en' will be used for the locale.
[2019.01.27-19.40.58:061][  0]LogStreaming: Display: Took  0.002s to InitGameTextLocalization.
[2019.01.27-19.40.58:069][  0]LogAssetRegistry: FAssetRegistry took 0.0069 seconds to start up
[2019.01.27-19.40.58:128][  0]LogStreaming: Display: Flushing async loaders.
[2019.01.27-19.40.58:135][  0]LogPackageLocalizationCache: Processed 10 localized package path(s) for 1 prioritized culture(s) in 0.006134 seconds
[2019.01.27-19.40.58:135][  0]LogPakFile: New pak file ../../../AnimeWolfy/Content/Paks/AnimeWolfy-WindowsNoEditor.pak added to pak precacher.
[2019.01.27-19.40.58:136][  0]LogInit: Selected Device Profile: [WindowsServer]
[2019.01.27-19.40.58:143][  0]LogNetVersion: AnimeWolfy 1.0.0, NetCL: 0, EngineNetVer: 5, GameNetVer: 0 (Checksum: 3604432672)
[2019.01.27-19.40.58:223][  0]LogUObjectArray: 34939 objects as part of root set at end of initial load.
[2019.01.27-19.40.58:223][  0]LogUObjectAllocator: 5215640 out of 0 bytes used by permanent object pool.
[2019.01.27-19.40.58:224][  0]LogUObjectArray: CloseDisregardForGC: 34939/0 objects in disregard for GC pool
[2019.01.27-19.40.58:325][  0]LogAndroidPermission: UAndroidPermissionCallbackProxy::GetInstance
[2019.01.27-19.40.58:325][  0]LogOcInput: OculusInput pre-init called
[2019.01.27-19.40.58:337][  0]LogEngine: Initializing Engine...
[2019.01.27-19.40.58:337][  0]LogStats: UGameplayTagsManager::ConstructGameplayTagTree: ImportINI prefixes -  0.000 s
[2019.01.27-19.40.58:337][  0]LogStats: UGameplayTagsManager::ConstructGameplayTagTree: Construct from data asset -  0.000 s
[2019.01.27-19.40.58:338][  0]LogStats: UGameplayTagsManager::ConstructGameplayTagTree: ImportINI -  0.000 s
[2019.01.27-19.40.58:338][  0]LogStats: UGameplayTagsManager::ConstructGameplayTagTree: GameplayTagTreeChangedEvent.Broadcast -  0.000 s
[2019.01.27-19.40.58:382][  0]LogInit: Initializing FReadOnlyCVARCache
[2019.01.27-19.40.58:383][  0]LogNetVersion: Set ProjectVersion to 1.0.0.0. Version Checksum will be recalculated on next use.
[2019.01.27-19.40.58:384][  0]LogInit: Texture streaming: Disabled
[2019.01.27-19.40.58:450][  0]LogInit: Display: Game Engine Initialized.
[2019.01.27-19.40.58:450][  0]LogGameplayTags: Display: UGameplayTagsManager::DoneAddingNativeTags. DelegateIsBound: 0
[2019.01.27-19.40.58:451][  0]LogStats: UGameplayTagsManager::ConstructGameplayTagTree: ImportINI prefixes -  0.000 s
[2019.01.27-19.40.58:452][  0]LogStats: UGameplayTagsManager::ConstructGameplayTagTree: Construct from data asset -  0.000 s
[2019.01.27-19.40.58:452][  0]LogStats: UGameplayTagsManager::ConstructGameplayTagTree: ImportINI -  0.000 s
[2019.01.27-19.40.58:452][  0]LogStats: UGameplayTagsManager::ConstructGameplayTagTree: GameplayTagTreeChangedEvent.Broadcast -  0.000 s
[2019.01.27-19.40.58:458][  0]LogInit: Display: Starting Game.
[2019.01.27-19.40.58:459][  0]LogNet: Browse: /Game/Maps/TestMap?Name=Player
[2019.01.27-19.40.58:460][  0]LogLoad: LoadMap: /Game/Maps/TestMap?Name=Player
[2019.01.27-19.40.58:495][  0]LogAIModule: Creating AISystem for world TestMap
[2019.01.27-19.40.58:495][  0]LogLoad: Game class is 'MultGameMode_C'
[2019.01.27-19.40.58:496][  0]LogTemp: Display: ParseSettings for GameNetDriver
[2019.01.27-19.40.58:496][  0]LogTemp: Display: ParseSettings for IpNetDriver_0
[2019.01.27-19.40.58:497][  0]LogTemp: Display: ParseSettings for GameNetDriver
[2019.01.27-19.40.58:497][  0]LogNet: ReplicationDriverClass is null! Not using ReplicationDriver.
[2019.01.27-19.40.58:498][  0]PacketHandlerLog: DDoS detection status: detection enabled: 0 analytics enabled: 0
[2019.01.27-19.40.58:498][  0]LogInit: WinSock: Socket queue 131072 / 131072
[2019.01.27-19.40.58:500][  0]LogInit: WinSock: I am DESKTOP-PF2V43L (192.168.1.4:0)
[2019.01.27-19.40.58:500][  0]PacketHandlerLog: Loaded PacketHandler component: Engine.EngineHandlerComponentFactory (StatelessConnectHandlerComponent)
[2019.01.27-19.40.58:501][  0]LogNet: GameNetDriver IpNetDriver_0 IpNetDriver listening on port 7777
[2019.01.27-19.40.58:502][  0]LogWorld: Bringing World /Game/Maps/TestMap.TestMap up for play (max tick rate 30) at 2019.01.27-22.40.58
[2019.01.27-19.40.58:502][  0]LogWorld: Bringing up level for play took: 0.000952
[2019.01.27-19.40.58:503][  0]LogGameMode: Display: Match State Changed from EnteringMap to WaitingToStart
[2019.01.27-19.40.58:503][  0]LogGameState: Match State Changed from EnteringMap to WaitingToStart
[2019.01.27-19.40.58:503][  0]LogGameMode: Display: Match State Changed from WaitingToStart to InProgress
[2019.01.27-19.40.58:504][  0]LogGameState: Match State Changed from WaitingToStart to InProgress
[2019.01.27-19.40.58:506][  0]LogLoad: Took 0.045402 seconds to LoadMap(/Game/Maps/TestMap)
[2019.01.27-19.40.58:507][  0]LogLoad: (Engine Initialization) Total time: 0.92 seconds
[2019.01.27-19.41.01:574][ 90]LogOutputDevice: Warning: 

Script Stack (4 frames):
GameArea_C.SpawnFood
MultGameMode_C.SpawnFood
MultGameMode_C.ExecuteUbergraph_MultGameMode
MultGameMode_C.ReceiveTick

[2019.01.27-19.41.01:579][ 90]LogStats: FPlatformStackWalk::StackWalkAndDump -  0.003 s
[2019.01.27-19.41.01:579][ 90]LogOutputDevice: Error: === Handled ensure: ===
[2019.01.27-19.41.01:581][ 90]LogOutputDevice: Error: 
[2019.01.27-19.41.01:583][ 90]LogOutputDevice: Error: Ensure condition failed: AsAIController [File:C:\Program Files\Epic Games\UnrealEngine-release\Engine\Source\Runtime\AIModule\Private\Navigation\NavFilter_AIControllerDefault.cpp] [Line: 18]
[2019.01.27-19.41.01:583][ 90]LogOutputDevice: Error: 
[2019.01.27-19.41.01:583][ 90]LogOutputDevice: Error: Stack: 
[2019.01.27-19.41.01:583][ 90]LogOutputDevice: Error: [Callstack] 0x00007ff64dbd57a1 AnimeWolfyServer.exe!UnknownFunction []
[2019.01.27-19.41.01:584][ 90]LogOutputDevice: Error: [Callstack] 0x00007ff64da5004c AnimeWolfyServer.exe!UnknownFunction []
[2019.01.27-19.41.01:585][ 90]LogOutputDevice: Error: [Callstack] 0x00007ff64da50698 AnimeWolfyServer.exe!UnknownFunction []
[2019.01.27-19.41.01:586][ 90]LogOutputDevice: Error: [Callstack] 0x00007ff64da5e79a AnimeWolfyServer.exe!UnknownFunction []
[2019.01.27-19.41.01:586][ 90]LogOutputDevice: Error: [Callstack] 0x00007ff64daac4f1 AnimeWolfyServer.exe!UnknownFunction []
[2019.01.27-19.41.01:587][ 90]LogOutputDevice: Error: [Callstack] 0x00007ff64adabce2 AnimeWolfyServer.exe!UnknownFunction []
[2019.01.27-19.41.01:587][ 90]LogOutputDevice: Error: [Callstack] 0x00007ff64af81b19 AnimeWolfyServer.exe!UnknownFunction []
[2019.01.27-19.41.01:588][ 90]LogOutputDevice: Error: [Callstack] 0x00007ff64af9c91a AnimeWolfyServer.exe!UnknownFunction []
[2019.01.27-19.41.01:588][ 90]LogOutputDevice: Error: [Callstack] 0x00007ff64afb0fa4 AnimeWolfyServer.exe!UnknownFunction []
[2019.01.27-19.41.01:588][ 90]LogOutputDevice: Error: [Callstack] 0x00007ff64af9f092 AnimeWolfyServer.exe!UnknownFunction []
[2019.01.27-19.41.01:589][ 90]LogOutputDevice: Error: [Callstack] 0x00007ff64af82479 AnimeWolfyServer.exe!UnknownFunction []
[2019.01.27-19.41.01:589][ 90]LogOutputDevice: Error: [Callstack] 0x00007ff64af9c91a AnimeWolfyServer.exe!UnknownFunction []
[2019.01.27-19.41.01:590][ 90]LogOutputDevice: Error: [Callstack] 0x00007ff64af9f092 AnimeWolfyServer.exe!UnknownFunction []
[2019.01.27-19.41.01:590][ 90]LogOutputDevice: Error: [Callstack] 0x00007ff64af82479 AnimeWolfyServer.exe!UnknownFunction []
[2019.01.27-19.41.01:591][ 90]LogOutputDevice: Error: [Callstack] 0x00007ff64af9f092 AnimeWolfyServer.exe!UnknownFunction []
[2019.01.27-19.41.01:591][ 90]LogOutputDevice: Error: [Callstack] 0x00007ff64af82479 AnimeWolfyServer.exe!UnknownFunction []
[2019.01.27-19.41.01:591][ 90]LogOutputDevice: Error: [Callstack] 0x00007ff64af9f092 AnimeWolfyServer.exe!UnknownFunction []
[2019.01.27-19.41.01:592][ 90]LogOutputDevice: Error: [Callstack] 0x00007ff64adabce2 AnimeWolfyServer.exe!UnknownFunction []
[2019.01.27-19.41.01:592][ 90]LogOutputDevice: Error: [Callstack] 0x00007ff64af9e6b1 AnimeWolfyServer.exe!UnknownFunction []
[2019.01.27-19.41.01:593][ 90]LogOutputDevice: Error: [Callstack] 0x00007ff64c5fa17b AnimeWolfyServer.exe!UnknownFunction []
[2019.01.27-19.41.01:593][ 90]LogOutputDevice: Error: [Callstack] 0x00007ff64d480e33 AnimeWolfyServer.exe!UnknownFunction []
[2019.01.27-19.41.01:596][ 90]LogOutputDevice: Error: [Callstack] 0x00007ff64c60a6b3 AnimeWolfyServer.exe!UnknownFunction []
[2019.01.27-19.41.01:597][ 90]LogOutputDevice: Error: [Callstack] 0x00007ff64caefcfe AnimeWolfyServer.exe!UnknownFunction []
[2019.01.27-19.41.01:598][ 90]LogOutputDevice: Error: [Callstack] 0x00007ff64c60ae04 AnimeWolfyServer.exe!UnknownFunction []
[2019.01.27-19.41.01:598][ 90]LogOutputDevice: Error: [Callstack] 0x00007ff64c5dde25 AnimeWolfyServer.exe!UnknownFunction []
[2019.01.27-19.41.01:598][ 90]LogOutputDevice: Error: [Callstack] 0x00007ff64d2d0e7a AnimeWolfyServer.exe!UnknownFunction []
[2019.01.27-19.41.01:599][ 90]LogOutputDevice: Error: [Callstack] 0x00007ff64a89333d AnimeWolfyServer.exe!UnknownFunction []
[2019.01.27-19.41.01:600][ 90]LogOutputDevice: Error: [Callstack] 0x00007ff64a8937b6 AnimeWolfyServer.exe!UnknownFunction []
[2019.01.27-19.41.01:600][ 90]LogOutputDevice: Error: [Callstack] 0x00007ff64a8a57f9 AnimeWolfyServer.exe!UnknownFunction []
[2019.01.27-19.41.01:600][ 90]LogOutputDevice: Error: [Callstack] 0x00007ff64d2e3633 AnimeWolfyServer.exe!UnknownFunction []
[2019.01.27-19.41.01:601][ 90]LogOutputDevice: Error: [Callstack] 0x00007ff64d2e7b18 AnimeWolfyServer.exe!UnknownFunction []
[2019.01.27-19.41.01:601][ 90]LogOutputDevice: Error: [Callstack] 0x00007ff64cc7e20f AnimeWolfyServer.exe!UnknownFunction []
[2019.01.27-19.41.01:602][ 90]LogOutputDevice: Error: [Callstack] 0x00007ff64cc86c32 AnimeWolfyServer.exe!UnknownFunction []
[2019.01.27-19.41.01:602][ 90]LogOutputDevice: Error: [Callstack] 0x00007ff64caf0880 AnimeWolfyServer.exe!UnknownFunction []
[2019.01.27-19.41.01:603][ 90]LogOutputDevice: Error: [Callstack] 0x00007ff64a379185 AnimeWolfyServer.exe!UnknownFunction []
[2019.01.27-19.41.01:603][ 90]LogOutputDevice: Error: [Callstack] 0x00007ff64a386070 AnimeWolfyServer.exe!UnknownFunction []
[2019.01.27-19.41.01:604][ 90]LogOutputDevice: Error: [Callstack] 0x00007ff64a3860fa AnimeWolfyServer.exe!UnknownFunction []
[2019.01.27-19.41.01:604][ 90]LogOutputDevice: Error: [Callstack] 0x00007ff64a392811 AnimeWolfyServer.exe!UnknownFunction []
[2019.01.27-19.41.01:604][ 90]LogOutputDevice: Error: [Callstack] 0x00007ff64e490182 AnimeWolfyServer.exe!UnknownFunction []
[2019.01.27-19.41.01:607][ 90]LogOutputDevice: Error: [Callstack] 0x00007ffc03ef7e94 KERNEL32.DLL!UnknownFunction []
[2019.01.27-19.41.01:608][ 90]LogOutputDevice: Error: [Callstack] 0x00007ffc06c3a251 ntdll.dll!UnknownFunction []
[2019.01.27-19.41.01:608][ 90]LogOutputDevice: Error: 
[2019.01.27-19.41.01:611][ 90]LogStats:                SubmitErrorReport -  0.000 s
[2019.01.27-19.41.01:693][ 90]LogWindows: Warning: CreateProc failed: Не удается найти указанный файл. (0x00000002)
[2019.01.27-19.41.01:695][ 90]LogWindows: Warning: URL: ../../../Engine/Binaries/Win64/CrashReportClient.exe "D:/Studing/PRojects/AnimeWolfy/Builds/WindowsNoEditor/AnimeWolfy/Saved/Crashes/UE4CC-Windows-9B808B834F12B1D189796A8C6AD13FBC_0000" -Unattended -nullrhi -AppName=UE4-AnimeWolfy -CrashGUID=UE4CC-Windows-9B808B834F12B1D189796A8C6AD13FBC_0000 -DebugSymbols=..\..\..\Engine\Intermediate\Symbols
[2019.01.27-19.41.01:696][ 90]LogStats:                    SendNewReport -  0.084 s
[2019.01.27-19.41.01:696][ 90]LogStats:             FDebug::EnsureFailed -  0.122 s
[2019.01.27-19.41.02:806][124]LogNet: NotifyAcceptingConnection accepted from: 127.0.0.1:55985
[2019.01.27-19.41.02:806][124]LogHandshake: SendConnectChallenge. Timestamp: 4.298609, Cookie: 068059139079092026012225104163056048165010078093018049183077
[2019.01.27-19.41.02:839][125]LogNet: NotifyAcceptingConnection accepted from: 127.0.0.1:55985
[2019.01.27-19.41.02:839][125]LogHandshake: SendChallengeAck. InCookie: 068059139079092026012225104163056048165010078093018049183077
[2019.01.27-19.41.02:844][125]LogNet: Server accepting post-challenge connection from: 127.0.0.1:55985
[2019.01.27-19.41.02:847][125]PacketHandlerLog: Loaded PacketHandler component: Engine.EngineHandlerComponentFactory (StatelessConnectHandlerComponent)
[2019.01.27-19.41.02:848][125]LogNet: NotifyAcceptedConnection: Name: TestMap, TimeStamp: 01/27/19 22:41:02, [UNetConnection] RemoteAddr: 127.0.0.1:55985, Name: IpConnection_0, Driver: GameNetDriver IpNetDriver_0, IsServer: YES, PC: NULL, Owner: NULL, UniqueId: INVALID
[2019.01.27-19.41.02:851][125]LogNet: AddClientConnection: Added client connection: [UNetConnection] RemoteAddr: 127.0.0.1:55985, Name: IpConnection_0, Driver: GameNetDriver IpNetDriver_0, IsServer: YES, PC: NULL, Owner: NULL, UniqueId: INVALID
[2019.01.27-19.41.02:858][125]LogNet: NotifyAcceptingChannel Control 0 server World /Game/Maps/TestMap.TestMap: Accepted
[2019.01.27-19.41.02:859][125]LogNet: Remote platform little endian=1
[2019.01.27-19.41.02:859][125]LogNet: This platform little endian=1
[2019.01.27-19.41.02:859][125]LogNetVersion: AnimeWolfy 1.0.0.0, NetCL: 0, EngineNetVer: 5, GameNetVer: 0 (Checksum: 632502508)
[2019.01.27-19.41.02:872][126]LogNet: Login request: /Game/Maps/EntryMap?Name=DESKTOP-PF2V43L-E5B21239457074156F031BAAE7EEAE2B userId: NULL:DESKTOP-PF2V43L-E5B21239457074156F031BAAE7EEAE2B platform: NULL
[2019.01.27-19.41.02:905][127]LogNet: Client netspeed is 10000
[2019.01.27-19.41.02:938][128]LogNet: Join request: /Game/Maps/EntryMap?Name=DESKTOP-PF2V43L-E5B21239457074156F031BAAE7EEAE2B?SplitscreenCount=1
[2019.01.27-19.41.02:938][128]LogOnlineSession: Warning: OSS: No game present to join for session (GameSession)
[2019.01.27-19.41.02:940][128]LogBlueprintUserMessages: [MultGameMode_C_0] Hello Kek!
[2019.01.27-19.41.02:943][128]LogBlueprintUserMessages: [MultGameMode_C_0] Hellrerereo
[2019.01.27-19.41.02:943][128]LogNet: Join succeeded: DESKTOP-PF2V43L-E5B2
[2019.01.27-19.41.13:174][438]LogNet: NotifyAcceptingConnection accepted from: 127.0.0.1:63767
[2019.01.27-19.41.13:174][438]LogHandshake: SendConnectChallenge. Timestamp: 14.666178, Cookie: 089037176107187118209176046152238030111250055200143116183217
[2019.01.27-19.41.13:207][439]LogNet: NotifyAcceptingConnection accepted from: 127.0.0.1:63767
[2019.01.27-19.41.13:207][439]LogHandshake: SendChallengeAck. InCookie: 089037176107187118209176046152238030111250055200143116183217
[2019.01.27-19.41.13:208][439]LogNet: Server accepting post-challenge connection from: 127.0.0.1:63767
[2019.01.27-19.41.13:208][439]PacketHandlerLog: Loaded PacketHandler component: Engine.EngineHandlerComponentFactory (StatelessConnectHandlerComponent)
[2019.01.27-19.41.13:209][439]LogNet: NotifyAcceptedConnection: Name: TestMap, TimeStamp: 01/27/19 22:41:13, [UNetConnection] RemoteAddr: 127.0.0.1:63767, Name: IpConnection_1, Driver: GameNetDriver IpNetDriver_0, IsServer: YES, PC: NULL, Owner: NULL, UniqueId: INVALID
[2019.01.27-19.41.13:209][439]LogNet: AddClientConnection: Added client connection: [UNetConnection] RemoteAddr: 127.0.0.1:63767, Name: IpConnection_1, Driver: GameNetDriver IpNetDriver_0, IsServer: YES, PC: NULL, Owner: NULL, UniqueId: INVALID
[2019.01.27-19.41.13:210][439]LogNet: NotifyAcceptingChannel Control 0 server World /Game/Maps/TestMap.TestMap: Accepted
[2019.01.27-19.41.13:211][439]LogNet: Remote platform little endian=1
[2019.01.27-19.41.13:211][439]LogNet: This platform little endian=1
[2019.01.27-19.41.13:240][440]LogNet: Login request: /Game/Maps/EntryMap?Name=DESKTOP-PF2V43L-D5A0B5F04205995D87CFC38E4442AD1D userId: NULL:DESKTOP-PF2V43L-D5A0B5F04205995D87CFC38E4442AD1D platform: NULL
[2019.01.27-19.41.13:273][441]LogNet: Client netspeed is 10000
[2019.01.27-19.41.13:307][442]LogNet: Join request: /Game/Maps/EntryMap?Name=DESKTOP-PF2V43L-D5A0B5F04205995D87CFC38E4442AD1D?SplitscreenCount=1
[2019.01.27-19.41.13:307][442]LogOnlineSession: Warning: OSS: No game present to join for session (GameSession)
[2019.01.27-19.41.13:309][442]LogBlueprintUserMessages: [MultGameMode_C_0] Hello Kek!
[2019.01.27-19.41.13:309][442]LogBlueprintUserMessages: [MultGameMode_C_0] Hellrerereo
[2019.01.27-19.41.13:310][442]LogNet: Join succeeded: DESKTOP-PF2V43L-D5A0
[2019.01.27-19.41.21:051][676]LogNet: UChannel::ReceivedSequencedBunch: Bunch.bClose == true. ChIndex == 0. Calling ConditionalCleanUp.
[2019.01.27-19.41.21:051][676]LogNet: UChannel::CleanUp: ChIndex == 0. Closing connection. [UChannel] ChIndex: 0, Closing: 0 [UNetConnection] RemoteAddr: 127.0.0.1:55985, Name: IpConnection_0, Driver: GameNetDriver IpNetDriver_0, IsServer: YES, PC: Wolfy_Controller_C_0, Owner: Wolfy_Controller_C_0, UniqueId: NULL:DESKTOP-PF2V43L-E5B21239457074156F031BAAE7EEAE2B
[2019.01.27-19.41.21:052][676]LogNet: UNetConnection::Close: [UNetConnection] RemoteAddr: 127.0.0.1:55985, Name: IpConnection_0, Driver: GameNetDriver IpNetDriver_0, IsServer: YES, PC: Wolfy_Controller_C_0, Owner: Wolfy_Controller_C_0, UniqueId: NULL:DESKTOP-PF2V43L-E5B21239457074156F031BAAE7EEAE2B, Channels: 19, Time: 2019.01.27-19.41.21
[2019.01.27-19.41.21:052][676]LogNet: UChannel::Close: Sending CloseBunch. ChIndex == 0. Name: [UChannel] ChIndex: 0, Closing: 0 [UNetConnection] RemoteAddr: 127.0.0.1:55985, Name: IpConnection_0, Driver: GameNetDriver IpNetDriver_0, IsServer: YES, PC: Wolfy_Controller_C_0, Owner: Wolfy_Controller_C_0, UniqueId: NULL:DESKTOP-PF2V43L-E5B21239457074156F031BAAE7EEAE2B
[2019.01.27-19.41.21:054][676]LogOnlineSession: Warning: OSS: No game present to leave for session (GameSession)
[2019.01.27-19.41.24:981][795]LogNet: UChannel::ReceivedSequencedBunch: Bunch.bClose == true. ChIndex == 0. Calling ConditionalCleanUp.
[2019.01.27-19.41.24:981][795]LogNet: UChannel::CleanUp: ChIndex == 0. Closing connection. [UChannel] ChIndex: 0, Closing: 0 [UNetConnection] RemoteAddr: 127.0.0.1:63767, Name: IpConnection_1, Driver: GameNetDriver IpNetDriver_0, IsServer: YES, PC: Wolfy_Controller_C_1, Owner: Wolfy_Controller_C_1, UniqueId: NULL:DESKTOP-PF2V43L-D5A0B5F04205995D87CFC38E4442AD1D
[2019.01.27-19.41.24:982][795]LogNet: UNetConnection::Close: [UNetConnection] RemoteAddr: 127.0.0.1:63767, Name: IpConnection_1, Driver: GameNetDriver IpNetDriver_0, IsServer: YES, PC: Wolfy_Controller_C_1, Owner: Wolfy_Controller_C_1, UniqueId: NULL:DESKTOP-PF2V43L-D5A0B5F04205995D87CFC38E4442AD1D, Channels: 19, Time: 2019.01.27-19.41.24
[2019.01.27-19.41.24:983][795]LogNet: UChannel::Close: Sending CloseBunch. ChIndex == 0. Name: [UChannel] ChIndex: 0, Closing: 0 [UNetConnection] RemoteAddr: 127.0.0.1:63767, Name: IpConnection_1, Driver: GameNetDriver IpNetDriver_0, IsServer: YES, PC: Wolfy_Controller_C_1, Owner: Wolfy_Controller_C_1, UniqueId: NULL:DESKTOP-PF2V43L-D5A0B5F04205995D87CFC38E4442AD1D
[2019.01.27-19.41.24:984][795]LogOnlineSession: Warning: OSS: No game present to leave for session (GameSession)
[2019.01.27-19.41.35:163][ 97]LogNet: NotifyAcceptingConnection accepted from: 127.0.0.1:64519
[2019.01.27-19.41.35:163][ 97]LogHandshake: SendConnectChallenge. Timestamp: 36.655190, Cookie: 093198089109017121075237029198200137235229126138065100052159
[2019.01.27-19.41.35:196][ 98]LogNet: NotifyAcceptingConnection accepted from: 127.0.0.1:64519
[2019.01.27-19.41.35:196][ 98]LogHandshake: SendChallengeAck. InCookie: 093198089109017121075237029198200137235229126138065100052159
[2019.01.27-19.41.35:197][ 98]LogNet: Server accepting post-challenge connection from: 127.0.0.1:64519
[2019.01.27-19.41.35:199][ 98]PacketHandlerLog: Loaded PacketHandler component: Engine.EngineHandlerComponentFactory (StatelessConnectHandlerComponent)
[2019.01.27-19.41.35:200][ 98]LogNet: NotifyAcceptedConnection: Name: TestMap, TimeStamp: 01/27/19 22:41:35, [UNetConnection] RemoteAddr: 127.0.0.1:64519, Name: IpConnection_2, Driver: GameNetDriver IpNetDriver_0, IsServer: YES, PC: NULL, Owner: NULL, UniqueId: INVALID
[2019.01.27-19.41.35:200][ 98]LogNet: AddClientConnection: Added client connection: [UNetConnection] RemoteAddr: 127.0.0.1:64519, Name: IpConnection_2, Driver: GameNetDriver IpNetDriver_0, IsServer: YES, PC: NULL, Owner: NULL, UniqueId: INVALID
[2019.01.27-19.41.35:230][ 99]LogNet: NotifyAcceptingChannel Control 0 server World /Game/Maps/TestMap.TestMap: Accepted
[2019.01.27-19.41.35:230][ 99]LogNet: Remote platform little endian=1
[2019.01.27-19.41.35:230][ 99]LogNet: This platform little endian=1
[2019.01.27-19.41.35:262][100]LogNet: Login request: /Game/Maps/EntryMap?Name=DESKTOP-PF2V43L-93D9B1D44569B9CE34A8B2B577279F1E userId: NULL:DESKTOP-PF2V43L-93D9B1D44569B9CE34A8B2B577279F1E platform: NULL
[2019.01.27-19.41.35:296][101]LogNet: Client netspeed is 10000
[2019.01.27-19.41.35:329][102]LogNet: Join request: /Game/Maps/EntryMap?Name=DESKTOP-PF2V43L-93D9B1D44569B9CE34A8B2B577279F1E?SplitscreenCount=1
[2019.01.27-19.41.35:329][102]LogOnlineSession: Warning: OSS: No game present to join for session (GameSession)
[2019.01.27-19.41.35:331][102]LogBlueprintUserMessages: [MultGameMode_C_0] Hello Kek!
[2019.01.27-19.41.35:332][102]LogBlueprintUserMessages: [MultGameMode_C_0] Hellrerereo
[2019.01.27-19.41.35:332][102]LogNet: Join succeeded: DESKTOP-PF2V43L-93D9
[2019.01.27-19.41.47:054][457]LogNet: NotifyAcceptingConnection accepted from: 127.0.0.1:53939
[2019.01.27-19.41.47:054][457]LogHandshake: SendConnectChallenge. Timestamp: 48.546486, Cookie: 247053176007146011078049240197252167235006234024247132017176
[2019.01.27-19.41.47:088][458]LogNet: NotifyAcceptingConnection accepted from: 127.0.0.1:53939
[2019.01.27-19.41.47:088][458]LogHandshake: SendChallengeAck. InCookie: 247053176007146011078049240197252167235006234024247132017176
[2019.01.27-19.41.47:089][458]LogNet: Server accepting post-challenge connection from: 127.0.0.1:53939
[2019.01.27-19.41.47:090][458]PacketHandlerLog: Loaded PacketHandler component: Engine.EngineHandlerComponentFactory (StatelessConnectHandlerComponent)
[2019.01.27-19.41.47:091][458]LogNet: NotifyAcceptedConnection: Name: TestMap, TimeStamp: 01/27/19 22:41:47, [UNetConnection] RemoteAddr: 127.0.0.1:53939, Name: IpConnection_3, Driver: GameNetDriver IpNetDriver_0, IsServer: YES, PC: NULL, Owner: NULL, UniqueId: INVALID
[2019.01.27-19.41.47:091][458]LogNet: AddClientConnection: Added client connection: [UNetConnection] RemoteAddr: 127.0.0.1:53939, Name: IpConnection_3, Driver: GameNetDriver IpNetDriver_0, IsServer: YES, PC: NULL, Owner: NULL, UniqueId: INVALID
[2019.01.27-19.41.47:121][459]LogNet: NotifyAcceptingChannel Control 0 server World /Game/Maps/TestMap.TestMap: Accepted
[2019.01.27-19.41.47:121][459]LogNet: Remote platform little endian=1
[2019.01.27-19.41.47:122][459]LogNet: This platform little endian=1
[2019.01.27-19.41.47:154][460]LogNet: Login request: /Game/Maps/EntryMap?Name=DESKTOP-PF2V43L-C497AA5D49DFC69CFA2F1FB1E9BA1030 userId: NULL:DESKTOP-PF2V43L-C497AA5D49DFC69CFA2F1FB1E9BA1030 platform: NULL
[2019.01.27-19.41.47:187][461]LogNet: Client netspeed is 10000
[2019.01.27-19.41.47:221][462]LogNet: Join request: /Game/Maps/EntryMap?Name=DESKTOP-PF2V43L-C497AA5D49DFC69CFA2F1FB1E9BA1030?SplitscreenCount=1
[2019.01.27-19.41.47:221][462]LogOnlineSession: Warning: OSS: No game present to join for session (GameSession)
[2019.01.27-19.41.47:223][462]LogBlueprintUserMessages: [MultGameMode_C_0] Hello Kek!
[2019.01.27-19.41.47:224][462]LogBlueprintUserMessages: [MultGameMode_C_0] Hellrerereo
[2019.01.27-19.41.47:224][462]LogNet: Join succeeded: DESKTOP-PF2V43L-C497
[2019.01.27-19.42.05:276][  8]LogNet: UChannel::ReceivedSequencedBunch: Bunch.bClose == true. ChIndex == 0. Calling ConditionalCleanUp.
[2019.01.27-19.42.05:276][  8]LogNet: UChannel::CleanUp: ChIndex == 0. Closing connection. [UChannel] ChIndex: 0, Closing: 0 [UNetConnection] RemoteAddr: 127.0.0.1:53939, Name: IpConnection_3, Driver: GameNetDriver IpNetDriver_0, IsServer: YES, PC: Wolfy_Controller_C_3, Owner: Wolfy_Controller_C_3, UniqueId: NULL:DESKTOP-PF2V43L-C497AA5D49DFC69CFA2F1FB1E9BA1030
[2019.01.27-19.42.05:278][  8]LogNet: UNetConnection::Close: [UNetConnection] RemoteAddr: 127.0.0.1:53939, Name: IpConnection_3, Driver: GameNetDriver IpNetDriver_0, IsServer: YES, PC: Wolfy_Controller_C_3, Owner: Wolfy_Controller_C_3, UniqueId: NULL:DESKTOP-PF2V43L-C497AA5D49DFC69CFA2F1FB1E9BA1030, Channels: 21, Time: 2019.01.27-19.42.05
[2019.01.27-19.42.05:278][  8]LogNet: UChannel::Close: Sending CloseBunch. ChIndex == 0. Name: [UChannel] ChIndex: 0, Closing: 0 [UNetConnection] RemoteAddr: 127.0.0.1:53939, Name: IpConnection_3, Driver: GameNetDriver IpNetDriver_0, IsServer: YES, PC: Wolfy_Controller_C_3, Owner: Wolfy_Controller_C_3, UniqueId: NULL:DESKTOP-PF2V43L-C497AA5D49DFC69CFA2F1FB1E9BA1030
[2019.01.27-19.42.05:279][  8]LogOnlineSession: Warning: OSS: No game present to leave for session (GameSession)
[2019.01.27-19.42.07:987][ 90]LogNet: UChannel::ReceivedSequencedBunch: Bunch.bClose == true. ChIndex == 0. Calling ConditionalCleanUp.
[2019.01.27-19.42.07:987][ 90]LogNet: UChannel::CleanUp: ChIndex == 0. Closing connection. [UChannel] ChIndex: 0, Closing: 0 [UNetConnection] RemoteAddr: 127.0.0.1:64519, Name: IpConnection_2, Driver: GameNetDriver IpNetDriver_0, IsServer: YES, PC: Wolfy_Controller_C_2, Owner: Wolfy_Controller_C_2, UniqueId: NULL:DESKTOP-PF2V43L-93D9B1D44569B9CE34A8B2B577279F1E
[2019.01.27-19.42.07:989][ 90]LogNet: UNetConnection::Close: [UNetConnection] RemoteAddr: 127.0.0.1:64519, Name: IpConnection_2, Driver: GameNetDriver IpNetDriver_0, IsServer: YES, PC: Wolfy_Controller_C_2, Owner: Wolfy_Controller_C_2, UniqueId: NULL:DESKTOP-PF2V43L-93D9B1D44569B9CE34A8B2B577279F1E, Channels: 19, Time: 2019.01.27-19.42.07
[2019.01.27-19.42.07:989][ 90]LogNet: UChannel::Close: Sending CloseBunch. ChIndex == 0. Name: [UChannel] ChIndex: 0, Closing: 0 [UNetConnection] RemoteAddr: 127.0.0.1:64519, Name: IpConnection_2, Driver: GameNetDriver IpNetDriver_0, IsServer: YES, PC: Wolfy_Controller_C_2, Owner: Wolfy_Controller_C_2, UniqueId: NULL:DESKTOP-PF2V43L-93D9B1D44569B9CE34A8B2B577279F1E
[2019.01.27-19.42.07:990][ 90]LogOnlineSession: Warning: OSS: No game present to leave for session (GameSession)
[2019.01.27-19.42.58:560][591]LogScript: Warning: Accessed None trying to read property CallFunc_Array_Get_Item3
	MultGameMode_C /Game/Maps/TestMap.TestMap:PersistentLevel.MultGameMode_C_0
	Function /Game/Blueprints/MultGameMode.MultGameMode_C:ExecuteUbergraph_MultGameMode:0FFE
[2019.01.27-19.42.58:562][591]LogScript: Warning: Script call stack:
	Function /Game/Blueprints/MultGameState.MultGameState_C:EndGame
	Function /Game/Blueprints/MultGameState.MultGameState_C:ExecuteUbergraph_MultGameState
	Function /Game/Blueprints/MultGameMode.MultGameMode_C:Restart
	Function /Game/Blueprints/MultGameMode.MultGameMode_C:ExecuteUbergraph_MultGameMode

[2019.01.27-19.42.58:563][591]LogScript: Warning: Accessed None trying to read property CallFunc_Array_Get_Item3
	MultGameMode_C /Game/Maps/TestMap.TestMap:PersistentLevel.MultGameMode_C_0
	Function /Game/Blueprints/MultGameMode.MultGameMode_C:ExecuteUbergraph_MultGameMode:0FFE
[2019.01.27-19.42.58:564][591]LogScript: Warning: Script call stack:
	Function /Game/Blueprints/MultGameState.MultGameState_C:EndGame
	Function /Game/Blueprints/MultGameState.MultGameState_C:ExecuteUbergraph_MultGameState
	Function /Game/Blueprints/MultGameMode.MultGameMode_C:Restart
	Function /Game/Blueprints/MultGameMode.MultGameMode_C:ExecuteUbergraph_MultGameMode

[2019.01.27-19.42.58:564][591]LogScript: Warning: Attempted to access Wolfy_Controller_C_2 via property CallFunc_Array_Get_Item3, but Wolfy_Controller_C_2 is pending kill
	MultGameMode_C /Game/Maps/TestMap.TestMap:PersistentLevel.MultGameMode_C_0
	Function /Game/Blueprints/MultGameMode.MultGameMode_C:ExecuteUbergraph_MultGameMode:0FFE
[2019.01.27-19.42.58:566][591]LogScript: Warning: Script call stack:
	Function /Game/Blueprints/MultGameState.MultGameState_C:EndGame
	Function /Game/Blueprints/MultGameState.MultGameState_C:ExecuteUbergraph_MultGameState
	Function /Game/Blueprints/MultGameMode.MultGameMode_C:Restart
	Function /Game/Blueprints/MultGameMode.MultGameMode_C:ExecuteUbergraph_MultGameMode

[2019.01.27-19.42.58:566][591]LogScript: Warning: Attempted to access Wolfy_Controller_C_3 via property CallFunc_Array_Get_Item3, but Wolfy_Controller_C_3 is pending kill
	MultGameMode_C /Game/Maps/TestMap.TestMap:PersistentLevel.MultGameMode_C_0
	Function /Game/Blueprints/MultGameMode.MultGameMode_C:ExecuteUbergraph_MultGameMode:0FFE
[2019.01.27-19.42.58:567][591]LogScript: Warning: Script call stack:
	Function /Game/Blueprints/MultGameState.MultGameState_C:EndGame
	Function /Game/Blueprints/MultGameState.MultGameState_C:ExecuteUbergraph_MultGameState
	Function /Game/Blueprints/MultGameMode.MultGameMode_C:Restart
	Function /Game/Blueprints/MultGameMode.MultGameMode_C:ExecuteUbergraph_MultGameMode

[2019.01.27-19.42.58:568][591]LogGameMode: Display: Match State Changed from InProgress to WaitingPostMatch
[2019.01.27-19.42.58:568][591]LogGameState: Match State Changed from InProgress to WaitingPostMatch
[2019.01.27-19.43.08:573][888]LogScript: Warning: Attempted to access Wolfy_Controller_C_2 via property K2Node_DynamicCast_AsWolfy_Controller2, but Wolfy_Controller_C_2 is pending kill
	MultGameMode_C /Game/Maps/TestMap.TestMap:PersistentLevel.MultGameMode_C_0
	Function /Game/Blueprints/MultGameMode.MultGameMode_C:ExecuteUbergraph_MultGameMode:0571
[2019.01.27-19.43.08:575][888]LogScript: Warning: Script call stack:
	Function /Game/Blueprints/MultGameMode.MultGameMode_C:NewMatchStart
	Function /Game/Blueprints/MultGameMode.MultGameMode_C:ExecuteUbergraph_MultGameMode

[2019.01.27-19.43.08:576][888]LogScript: Warning: Attempted to access Wolfy_Controller_C_2 via property K2Node_DynamicCast_AsWolfy_Controller2, but Wolfy_Controller_C_2 is pending kill
	MultGameMode_C /Game/Maps/TestMap.TestMap:PersistentLevel.MultGameMode_C_0
	Function /Game/Blueprints/MultGameMode.MultGameMode_C:ExecuteUbergraph_MultGameMode:05C6
[2019.01.27-19.43.08:576][888]LogScript: Warning: Script call stack:
	Function /Game/Blueprints/MultGameMode.MultGameMode_C:NewMatchStart
	Function /Game/Blueprints/MultGameMode.MultGameMode_C:ExecuteUbergraph_MultGameMode

[2019.01.27-19.43.08:577][888]LogBlueprintUserMessages: [MultGameMode_C_0] Hello None!
[2019.01.27-19.43.08:578][888]LogScript: Warning: Attempted to access Wolfy_Controller_C_2 via property K2Node_DynamicCast_AsWolfy_Controller2, but Wolfy_Controller_C_2 is pending kill
	MultGameMode_C /Game/Maps/TestMap.TestMap:PersistentLevel.MultGameMode_C_0
	Function /Game/Blueprints/MultGameMode.MultGameMode_C:ExecuteUbergraph_MultGameMode:08E7
[2019.01.27-19.43.08:579][888]LogScript: Warning: Script call stack:
	Function /Game/Blueprints/MultGameMode.MultGameMode_C:NewMatchStart
	Function /Game/Blueprints/MultGameMode.MultGameMode_C:ExecuteUbergraph_MultGameMode

[2019.01.27-19.43.08:579][888]LogScript: Warning: Attempted to access Wolfy_Controller_C_3 via property K2Node_DynamicCast_AsWolfy_Controller2, but Wolfy_Controller_C_3 is pending kill
	MultGameMode_C /Game/Maps/TestMap.TestMap:PersistentLevel.MultGameMode_C_0
	Function /Game/Blueprints/MultGameMode.MultGameMode_C:ExecuteUbergraph_MultGameMode:0571
[2019.01.27-19.43.08:580][888]LogScript: Warning: Script call stack:
	Function /Game/Blueprints/MultGameMode.MultGameMode_C:NewMatchStart
	Function /Game/Blueprints/MultGameMode.MultGameMode_C:ExecuteUbergraph_MultGameMode

[2019.01.27-19.43.08:581][888]LogScript: Warning: Attempted to access Wolfy_Controller_C_3 via property K2Node_DynamicCast_AsWolfy_Controller2, but Wolfy_Controller_C_3 is pending kill
	MultGameMode_C /Game/Maps/TestMap.TestMap:PersistentLevel.MultGameMode_C_0
	Function /Game/Blueprints/MultGameMode.MultGameMode_C:ExecuteUbergraph_MultGameMode:05C6
[2019.01.27-19.43.08:582][888]LogScript: Warning: Script call stack:
	Function /Game/Blueprints/MultGameMode.MultGameMode_C:NewMatchStart
	Function /Game/Blueprints/MultGameMode.MultGameMode_C:ExecuteUbergraph_MultGameMode

[2019.01.27-19.43.08:582][888]LogBlueprintUserMessages: [MultGameMode_C_0] Hello None!
[2019.01.27-19.43.08:584][888]LogScript: Warning: Attempted to access Wolfy_Controller_C_3 via property K2Node_DynamicCast_AsWolfy_Controller2, but Wolfy_Controller_C_3 is pending kill
	MultGameMode_C /Game/Maps/TestMap.TestMap:PersistentLevel.MultGameMode_C_0
	Function /Game/Blueprints/MultGameMode.MultGameMode_C:ExecuteUbergraph_MultGameMode:08E7
[2019.01.27-19.43.08:587][888]LogScript: Warning: Script call stack:
	Function /Game/Blueprints/MultGameMode.MultGameMode_C:NewMatchStart
	Function /Game/Blueprints/MultGameMode.MultGameMode_C:ExecuteUbergraph_MultGameMode

[2019.01.27-19.44.58:583][184]LogScript: Warning: Accessed None trying to read property CallFunc_Array_Get_Item3
	MultGameMode_C /Game/Maps/TestMap.TestMap:PersistentLevel.MultGameMode_C_0
	Function /Game/Blueprints/MultGameMode.MultGameMode_C:ExecuteUbergraph_MultGameMode:0FFE
[2019.01.27-19.44.58:585][184]LogScript: Warning: Script call stack:
	Function /Game/Blueprints/MultGameState.MultGameState_C:EndGame
	Function /Game/Blueprints/MultGameState.MultGameState_C:ExecuteUbergraph_MultGameState
	Function /Game/Blueprints/MultGameMode.MultGameMode_C:Restart
	Function /Game/Blueprints/MultGameMode.MultGameMode_C:ExecuteUbergraph_MultGameMode

[2019.01.27-19.44.58:586][184]LogScript: Warning: Accessed None trying to read property CallFunc_Array_Get_Item3
	MultGameMode_C /Game/Maps/TestMap.TestMap:PersistentLevel.MultGameMode_C_0
	Function /Game/Blueprints/MultGameMode.MultGameMode_C:ExecuteUbergraph_MultGameMode:0FFE
[2019.01.27-19.44.58:586][184]LogScript: Warning: Script call stack:
	Function /Game/Blueprints/MultGameState.MultGameState_C:EndGame
	Function /Game/Blueprints/MultGameState.MultGameState_C:ExecuteUbergraph_MultGameState
	Function /Game/Blueprints/MultGameMode.MultGameMode_C:Restart
	Function /Game/Blueprints/MultGameMode.MultGameMode_C:ExecuteUbergraph_MultGameMode

[2019.01.27-19.44.58:587][184]LogScript: Warning: Attempted to access Wolfy_Controller_C_2 via property CallFunc_Array_Get_Item3, but Wolfy_Controller_C_2 is pending kill
	MultGameMode_C /Game/Maps/TestMap.TestMap:PersistentLevel.MultGameMode_C_0
	Function /Game/Blueprints/MultGameMode.MultGameMode_C:ExecuteUbergraph_MultGameMode:0FFE
[2019.01.27-19.44.58:588][184]LogScript: Warning: Script call stack:
	Function /Game/Blueprints/MultGameState.MultGameState_C:EndGame
	Function /Game/Blueprints/MultGameState.MultGameState_C:ExecuteUbergraph_MultGameState
	Function /Game/Blueprints/MultGameMode.MultGameMode_C:Restart
	Function /Game/Blueprints/MultGameMode.MultGameMode_C:ExecuteUbergraph_MultGameMode

[2019.01.27-19.44.58:589][184]LogScript: Warning: Attempted to access Wolfy_Controller_C_3 via property CallFunc_Array_Get_Item3, but Wolfy_Controller_C_3 is pending kill
	MultGameMode_C /Game/Maps/TestMap.TestMap:PersistentLevel.MultGameMode_C_0
	Function /Game/Blueprints/MultGameMode.MultGameMode_C:ExecuteUbergraph_MultGameMode:0FFE
[2019.01.27-19.44.58:590][184]LogScript: Warning: Script call stack:
	Function /Game/Blueprints/MultGameState.MultGameState_C:EndGame
	Function /Game/Blueprints/MultGameState.MultGameState_C:ExecuteUbergraph_MultGameState
	Function /Game/Blueprints/MultGameMode.MultGameMode_C:Restart
	Function /Game/Blueprints/MultGameMode.MultGameMode_C:ExecuteUbergraph_MultGameMode

[2019.01.27-19.45.08:603][484]LogScript: Warning: Attempted to access Wolfy_Controller_C_2 via property K2Node_DynamicCast_AsWolfy_Controller2, but Wolfy_Controller_C_2 is pending kill
	MultGameMode_C /Game/Maps/TestMap.TestMap:PersistentLevel.MultGameMode_C_0
	Function /Game/Blueprints/MultGameMode.MultGameMode_C:ExecuteUbergraph_MultGameMode:0571
[2019.01.27-19.45.08:605][484]LogScript: Warning: Script call stack:
	Function /Game/Blueprints/MultGameMode.MultGameMode_C:NewMatchStart
	Function /Game/Blueprints/MultGameMode.MultGameMode_C:ExecuteUbergraph_MultGameMode

[2019.01.27-19.45.08:606][484]LogScript: Warning: Attempted to access Wolfy_Controller_C_2 via property K2Node_DynamicCast_AsWolfy_Controller2, but Wolfy_Controller_C_2 is pending kill
	MultGameMode_C /Game/Maps/TestMap.TestMap:PersistentLevel.MultGameMode_C_0
	Function /Game/Blueprints/MultGameMode.MultGameMode_C:ExecuteUbergraph_MultGameMode:05C6
[2019.01.27-19.45.08:607][484]LogScript: Warning: Script call stack:
	Function /Game/Blueprints/MultGameMode.MultGameMode_C:NewMatchStart
	Function /Game/Blueprints/MultGameMode.MultGameMode_C:ExecuteUbergraph_MultGameMode

[2019.01.27-19.45.08:607][484]LogBlueprintUserMessages: [MultGameMode_C_0] Hello None!
[2019.01.27-19.45.08:609][484]LogScript: Warning: Attempted to access Wolfy_Controller_C_2 via property K2Node_DynamicCast_AsWolfy_Controller2, but Wolfy_Controller_C_2 is pending kill
	MultGameMode_C /Game/Maps/TestMap.TestMap:PersistentLevel.MultGameMode_C_0
	Function /Game/Blueprints/MultGameMode.MultGameMode_C:ExecuteUbergraph_MultGameMode:08E7
[2019.01.27-19.45.08:609][484]LogScript: Warning: Script call stack:
	Function /Game/Blueprints/MultGameMode.MultGameMode_C:NewMatchStart
	Function /Game/Blueprints/MultGameMode.MultGameMode_C:ExecuteUbergraph_MultGameMode

[2019.01.27-19.45.08:610][484]LogScript: Warning: Attempted to access Wolfy_Controller_C_3 via property K2Node_DynamicCast_AsWolfy_Controller2, but Wolfy_Controller_C_3 is pending kill
	MultGameMode_C /Game/Maps/TestMap.TestMap:PersistentLevel.MultGameMode_C_0
	Function /Game/Blueprints/MultGameMode.MultGameMode_C:ExecuteUbergraph_MultGameMode:0571
[2019.01.27-19.45.08:610][484]LogScript: Warning: Script call stack:
	Function /Game/Blueprints/MultGameMode.MultGameMode_C:NewMatchStart
	Function /Game/Blueprints/MultGameMode.MultGameMode_C:ExecuteUbergraph_MultGameMode

[2019.01.27-19.45.08:611][484]LogScript: Warning: Attempted to access Wolfy_Controller_C_3 via property K2Node_DynamicCast_AsWolfy_Controller2, but Wolfy_Controller_C_3 is pending kill
	MultGameMode_C /Game/Maps/TestMap.TestMap:PersistentLevel.MultGameMode_C_0
	Function /Game/Blueprints/MultGameMode.MultGameMode_C:ExecuteUbergraph_MultGameMode:05C6
[2019.01.27-19.45.08:611][484]LogScript: Warning: Script call stack:
	Function /Game/Blueprints/MultGameMode.MultGameMode_C:NewMatchStart
	Function /Game/Blueprints/MultGameMode.MultGameMode_C:ExecuteUbergraph_MultGameMode

[2019.01.27-19.45.08:612][484]LogBlueprintUserMessages: [MultGameMode_C_0] Hello None!
[2019.01.27-19.45.08:612][484]LogScript: Warning: Script Msg: Attempted to access index 0 from array 'CallFunc_FindFreeSpawnPoints_SpawnPoint3' of length 0 in '/Game/Blueprints/MultGameMode.MultGameMode_C:ExecuteUbergraph_MultGameMode'!
[2019.01.27-19.45.08:614][484]LogScript: Warning: Accessed None trying to read property CallFunc_Array_Get_Item5
	MultGameMode_C /Game/Maps/TestMap.TestMap:PersistentLevel.MultGameMode_C_0
	Function /Game/Blueprints/MultGameMode.MultGameMode_C:ExecuteUbergraph_MultGameMode:077E
[2019.01.27-19.45.08:618][484]LogScript: Warning: Script call stack:
	Function /Game/Blueprints/MultGameMode.MultGameMode_C:NewMatchStart
	Function /Game/Blueprints/MultGameMode.MultGameMode_C:ExecuteUbergraph_MultGameMode

[2019.01.27-19.45.08:619][484]LogScript: Warning: Script Msg: Attempted to access index 0 from array 'CallFunc_FindFreeSpawnPoints_SpawnPoint3' of length 0 in '/Game/Blueprints/MultGameMode.MultGameMode_C:ExecuteUbergraph_MultGameMode'!
[2019.01.27-19.45.08:620][484]LogScript: Warning: Accessed None trying to read property CallFunc_Array_Get_Item5
	MultGameMode_C /Game/Maps/TestMap.TestMap:PersistentLevel.MultGameMode_C_0
	Function /Game/Blueprints/MultGameMode.MultGameMode_C:ExecuteUbergraph_MultGameMode:088B
[2019.01.27-19.45.08:621][484]LogScript: Warning: Script call stack:
	Function /Game/Blueprints/MultGameMode.MultGameMode_C:NewMatchStart
	Function /Game/Blueprints/MultGameMode.MultGameMode_C:ExecuteUbergraph_MultGameMode

[2019.01.27-19.45.08:622][484]LogScript: Warning: Attempted to access Wolfy_Controller_C_3 via property K2Node_DynamicCast_AsWolfy_Controller2, but Wolfy_Controller_C_3 is pending kill
	MultGameMode_C /Game/Maps/TestMap.TestMap:PersistentLevel.MultGameMode_C_0
	Function /Game/Blueprints/MultGameMode.MultGameMode_C:ExecuteUbergraph_MultGameMode:08E7
[2019.01.27-19.45.08:622][484]LogScript: Warning: Script call stack:
	Function /Game/Blueprints/MultGameMode.MultGameMode_C:NewMatchStart
	Function /Game/Blueprints/MultGameMode.MultGameMode_C:ExecuteUbergraph_MultGameMode

[2019.01.27-19.46.58:585][799]LogScript: Warning: Accessed None trying to read property CallFunc_Array_Get_Item3
	MultGameMode_C /Game/Maps/TestMap.TestMap:PersistentLevel.MultGameMode_C_0
	Function /Game/Blueprints/MultGameMode.MultGameMode_C:ExecuteUbergraph_MultGameMode:0FFE
[2019.01.27-19.46.58:586][799]LogScript: Warning: Script call stack:
	Function /Game/Blueprints/MultGameState.MultGameState_C:EndGame
	Function /Game/Blueprints/MultGameState.MultGameState_C:ExecuteUbergraph_MultGameState
	Function /Game/Blueprints/MultGameMode.MultGameMode_C:Restart
	Function /Game/Blueprints/MultGameMode.MultGameMode_C:ExecuteUbergraph_MultGameMode

[2019.01.27-19.46.58:588][799]LogScript: Warning: Accessed None trying to read property CallFunc_Array_Get_Item3
	MultGameMode_C /Game/Maps/TestMap.TestMap:PersistentLevel.MultGameMode_C_0
	Function /Game/Blueprints/MultGameMode.MultGameMode_C:ExecuteUbergraph_MultGameMode:0FFE
[2019.01.27-19.46.58:589][799]LogScript: Warning: Script call stack:
	Function /Game/Blueprints/MultGameState.MultGameState_C:EndGame
	Function /Game/Blueprints/MultGameState.MultGameState_C:ExecuteUbergraph_MultGameState
	Function /Game/Blueprints/MultGameMode.MultGameMode_C:Restart
	Function /Game/Blueprints/MultGameMode.MultGameMode_C:ExecuteUbergraph_MultGameMode

[2019.01.27-19.46.58:590][799]LogScript: Warning: Attempted to access Wolfy_Controller_C_2 via property CallFunc_Array_Get_Item3, but Wolfy_Controller_C_2 is pending kill
	MultGameMode_C /Game/Maps/TestMap.TestMap:PersistentLevel.MultGameMode_C_0
	Function /Game/Blueprints/MultGameMode.MultGameMode_C:ExecuteUbergraph_MultGameMode:0FFE
[2019.01.27-19.46.58:591][799]LogScript: Warning: Script call stack:
	Function /Game/Blueprints/MultGameState.MultGameState_C:EndGame
	Function /Game/Blueprints/MultGameState.MultGameState_C:ExecuteUbergraph_MultGameState
	Function /Game/Blueprints/MultGameMode.MultGameMode_C:Restart
	Function /Game/Blueprints/MultGameMode.MultGameMode_C:ExecuteUbergraph_MultGameMode

[2019.01.27-19.46.58:591][799]LogScript: Warning: Attempted to access Wolfy_Controller_C_3 via property CallFunc_Array_Get_Item3, but Wolfy_Controller_C_3 is pending kill
	MultGameMode_C /Game/Maps/TestMap.TestMap:PersistentLevel.MultGameMode_C_0
	Function /Game/Blueprints/MultGameMode.MultGameMode_C:ExecuteUbergraph_MultGameMode:0FFE
[2019.01.27-19.46.58:592][799]LogScript: Warning: Script call stack:
	Function /Game/Blueprints/MultGameState.MultGameState_C:EndGame
	Function /Game/Blueprints/MultGameState.MultGameState_C:ExecuteUbergraph_MultGameState
	Function /Game/Blueprints/MultGameMode.MultGameMode_C:Restart
	Function /Game/Blueprints/MultGameMode.MultGameMode_C:ExecuteUbergraph_MultGameMode

[2019.01.27-19.47.04:829][988]LogNet: World NetDriver shutdown IpNetDriver_0 [GameNetDriver]
[2019.01.27-19.47.04:830][988]LogNet: DestroyNamedNetDriver IpNetDriver_0 [GameNetDriver]
[2019.01.27-19.47.04:831][988]LogExit: GameNetDriver IpNetDriver_0 shut down
[2019.01.27-19.47.04:832][988]LogExit: Preparing to exit.
[2019.01.27-19.47.04:836][988]LogExit: Game engine shut down
[2019.01.27-19.47.04:866][988]LogExit: Object subsystem successfully closed.
[2019.01.27-19.47.04:867][988]LogModuleManager: Shutting down and abandoning module AutomationController (172)
[2019.01.27-19.47.04:868][988]LogModuleManager: Shutting down and abandoning module AutomationWorker (170)
[2019.01.27-19.47.04:868][988]LogModuleManager: Shutting down and abandoning module AIModule (168)
[2019.01.27-19.47.04:868][988]LogModuleManager: Shutting down and abandoning module GameplayDebugger (167)
[2019.01.27-19.47.04:869][988]LogModuleManager: Shutting down and abandoning module NavigationSystem (165)
[2019.01.27-19.47.04:869][988]LogModuleManager: Shutting down and abandoning module WmfMediaFactory (162)
[2019.01.27-19.47.04:869][988]LogModuleManager: Shutting down and abandoning module OpenExrWrapper (160)
[2019.01.27-19.47.04:870][988]LogModuleManager: Shutting down and abandoning module ImgMediaFactory (158)
[2019.01.27-19.47.04:870][988]LogModuleManager: Shutting down and abandoning module AvfMediaFactory (156)
[2019.01.27-19.47.04:870][988]LogModuleManager: Shutting down and abandoning module CharacterAI (154)
[2019.01.27-19.47.04:871][988]LogModuleManager: Shutting down and abandoning module SessionServices (152)
[2019.01.27-19.47.04:871][988]LogModuleManager: Shutting down and abandoning module MovieSceneTracks (150)
[2019.01.27-19.47.04:871][988]LogModuleManager: Shutting down and abandoning module MovieScene (148)
[2019.01.27-19.47.04:872][988]LogModuleManager: Shutting down and abandoning module StreamingPauseRendering (146)
[2019.01.27-19.47.04:872][988]LogModuleManager: Shutting down and abandoning module ImageWriteQueue (144)
[2019.01.27-19.47.04:873][988]LogModuleManager: Shutting down and abandoning module ImageWrapper (143)
[2019.01.27-19.47.04:873][988]LogModuleManager: Shutting down and abandoning module ProfilerService (140)
[2019.01.27-19.47.05:065][988]LogModuleManager: Shutting down and abandoning module TaskGraph (138)
[2019.01.27-19.47.05:065][988]LogModuleManager: Shutting down and abandoning module SteamVRController (136)
[2019.01.27-19.47.05:066][988]LogModuleManager: Shutting down and abandoning module ProceduralMeshComponent (134)
[2019.01.27-19.47.05:066][988]LogModuleManager: Shutting down and abandoning module OculusInput (132)
[2019.01.27-19.47.05:067][988]LogModuleManager: Shutting down and abandoning module MobilePatchingUtils (130)
[2019.01.27-19.47.05:067][988]LogModuleManager: Shutting down and abandoning module CustomMeshComponent (128)
[2019.01.27-19.47.05:068][988]LogModuleManager: Shutting down and abandoning module CableComponent (126)
[2019.01.27-19.47.05:068][988]LogModuleManager: Shutting down and abandoning module AudioCapture (124)
[2019.01.27-19.47.05:068][988]LogModuleManager: Shutting down and abandoning module ArchVisCharacter (122)
[2019.01.27-19.47.05:068][988]LogModuleManager: Shutting down and abandoning module AndroidPermission (120)
[2019.01.27-19.47.05:069][988]LogModuleManager: Shutting down and abandoning module MediaCompositing (118)
[2019.01.27-19.47.05:069][988]LogModuleManager: Shutting down and abandoning module LinearTimecode (116)
[2019.01.27-19.47.05:069][988]LogModuleManager: Shutting down and abandoning module ImgMedia (114)
[2019.01.27-19.47.05:070][988]LogModuleManager: Shutting down and abandoning module Media (113)
[2019.01.27-19.47.05:070][988]LogModuleManager: Shutting down and abandoning module HTML5Networking (110)
[2019.01.27-19.47.05:070][988]LogModuleManager: Shutting down and abandoning module BackChannel (108)
[2019.01.27-19.47.05:071][988]LogModuleManager: Shutting down and abandoning module AppleVision (106)
[2019.01.27-19.47.05:071][988]LogModuleManager: Shutting down and abandoning module AppleImageUtils (104)
[2019.01.27-19.47.05:072][988]LogModuleManager: Shutting down and abandoning module GeometryCacheTracks (102)
[2019.01.27-19.47.05:072][988]LogModuleManager: Shutting down and abandoning module GeometryCache (100)
[2019.01.27-19.47.05:072][988]LogModuleManager: Shutting down and abandoning module VariantManagerContent (98)
[2019.01.27-19.47.05:073][988]LogModuleManager: Shutting down and abandoning module EditableMesh (96)
[2019.01.27-19.47.05:073][988]LogModuleManager: Shutting down and abandoning module AnimeWolfy (94)
[2019.01.27-19.47.05:073][988]LogModuleManager: Shutting down and abandoning module RuntimePhysXCooking (92)
[2019.01.27-19.47.05:074][988]LogModuleManager: Shutting down and abandoning module PhysXVehicles (90)
[2019.01.27-19.47.05:074][988]LogModuleManager: Shutting down and abandoning module LocationServicesBPLibrary (88)
[2019.01.27-19.47.05:074][988]LogModuleManager: Shutting down and abandoning module ActorSequence (86)
[2019.01.27-19.47.05:074][988]LogModuleManager: Shutting down and abandoning module UdpMessaging (84)
[2019.01.27-19.47.05:075][988]LogModuleManager: Shutting down and abandoning module TcpMessaging (82)
[2019.01.27-19.47.05:078][988]LogModuleManager: Shutting down and abandoning module FacialAnimation (80)
[2019.01.27-19.47.05:078][988]LogModuleManager: Shutting down and abandoning module LightPropagationVolumeRuntime (78)
[2019.01.27-19.47.05:078][988]LogModuleManager: Shutting down and abandoning module AISupportModule (76)
[2019.01.27-19.47.05:079][988]LogModuleManager: Shutting down and abandoning module Paper2D (74)
[2019.01.27-19.47.05:079][988]LogModuleManager: Shutting down and abandoning module WindowsMoviePlayer (72)
[2019.01.27-19.47.05:080][988]LogModuleManager: Shutting down and abandoning module WmfMedia (70)
[2019.01.27-19.47.05:080][988]LogModuleManager: Shutting down and abandoning module PacketHandler (68)
[2019.01.27-19.47.05:080][988]LogModuleManager: Shutting down and abandoning module ClothingSystemRuntime (66)
[2019.01.27-19.47.05:081][988]LogModuleManager: Shutting down and abandoning module MediaAssets (64)
[2019.01.27-19.47.05:081][988]LogModuleManager: Shutting down and abandoning module Messaging (62)
[2019.01.27-19.47.05:081][988]LogModuleManager: Shutting down and abandoning module Networking (60)
[2019.01.27-19.47.05:082][988]LogModuleManager: Shutting down and abandoning module Core (58)
[2019.01.27-19.47.05:082][988]LogModuleManager: Shutting down and abandoning module LevelSequence (56)
[2019.01.27-19.47.05:083][988]LogModuleManager: Shutting down and abandoning module NullDrv (52)
[2019.01.27-19.47.05:083][988]LogModuleManager: Shutting down and abandoning module PhysXCooking (50)
[2019.01.27-19.47.05:083][988]LogModuleManager: Shutting down and abandoning module SteamVR (48)
[2019.01.27-19.47.05:083][988]LogHMD: Freeing OpenVRDLLHandle.
[2019.01.27-19.47.05:084][988]LogModuleManager: Shutting down and abandoning module OculusHMD (46)
[2019.01.27-19.47.05:084][988]LogModuleManager: Shutting down and abandoning module ExampleDeviceProfileSelector (44)
[2019.01.27-19.47.05:084][988]LogModuleManager: Shutting down and abandoning module LauncherChunkInstaller (42)
[2019.01.27-19.47.05:085][988]LogModuleManager: Shutting down and abandoning module OnlineSubsystem (38)
[2019.01.27-19.47.05:085][988]LogModuleManager: Shutting down and abandoning module HTTP (33)
[2019.01.27-19.47.05:118][988]LogModuleManager: Shutting down and abandoning module SSL (32)
[2019.01.27-19.47.05:118][988]LogModuleManager: Shutting down and abandoning module DatasmithContent (28)
[2019.01.27-19.47.05:119][988]LogModuleManager: Shutting down and abandoning module ShaderCore (26)
[2019.01.27-19.47.05:120][988]LogModuleManager: Shutting down and abandoning module Landscape (24)
[2019.01.27-19.47.05:120][988]LogModuleManager: Shutting down and abandoning module OpenGLDrv (22)
[2019.01.27-19.47.05:120][988]LogModuleManager: Shutting down and abandoning module D3D11RHI (20)
[2019.01.27-19.47.05:121][988]LogModuleManager: Shutting down and abandoning module AnimGraphRuntime (18)
[2019.01.27-19.47.05:121][988]LogModuleManager: Shutting down and abandoning module Renderer (16)
[2019.01.27-19.47.05:122][988]LogModuleManager: Shutting down and abandoning module Engine (14)
[2019.01.27-19.47.05:122][988]LogModuleManager: Shutting down and abandoning module CoreUObject (12)
[2019.01.27-19.47.05:122][988]LogModuleManager: Shutting down and abandoning module NetworkFile (10)
[2019.01.27-19.47.05:122][988]LogModuleManager: Shutting down and abandoning module CookedIterativeFile (8)
[2019.01.27-19.47.05:123][988]LogModuleManager: Shutting down and abandoning module StreamingFile (6)
[2019.01.27-19.47.05:123][988]LogModuleManager: Shutting down and abandoning module SandboxFile (4)
[2019.01.27-19.47.05:123][988]LogModuleManager: Shutting down and abandoning module PakFile (2)
[2019.01.27-19.47.05:124][988]LogExit: Exiting.
[2019.01.27-19.47.05:127][988]Log file closed, 01/27/19 22:47:05
