Log file open, 01/30/19 00:43:55
LogWindows: Failed to load 'aqProf.dll' (GetLastError=126)
LogWindows: File 'aqProf.dll' does not exist
LogWindows: Failed to load 'VtuneApi.dll' (GetLastError=126)
LogWindows: File 'VtuneApi.dll' does not exist
LogWindows: Failed to load 'VtuneApi32e.dll' (GetLastError=126)
LogWindows: File 'VtuneApi32e.dll' does not exist
LogConsoleResponse: Display: Failed to find resolution value strings in scalability ini. Falling back to default.
LogPakFile: Registered encryption key '00000000000000000000000000000000': 0 pak files mounted, 0 remain pending
LogPakFile: Display: Found Pak file ../../../AnimeWolfy/Content/Paks/AnimeWolfy-WindowsNoEditor.pak attempting to mount.
LogPakFile: Display: Mounting pak file ../../../AnimeWolfy/Content/Paks/AnimeWolfy-WindowsNoEditor.pak.
LogPlatformFile: Not using cached read wrapper
LogTaskGraph: Started task graph with 5 named threads and 9 total threads with 1 sets of task threads.
LogStats: Stats thread started at 0.084455
LogD3D11RHI: Loaded GFSDK_Aftermath_Lib.x64.dll
LogICUInternationalization: ICU TimeZone Detection - Raw Offset: +3:00, Platform Override: ''
LogPluginManager: Mounting plugin Paper2D
LogPluginManager: Mounting plugin AISupport
LogPluginManager: Mounting plugin LightPropagationVolume
LogPluginManager: Mounting plugin AssetManagerEditor
LogPluginManager: Mounting plugin CryptoKeys
LogPluginManager: Mounting plugin FacialAnimation
LogPluginManager: Mounting plugin MeshEditor
LogPluginManager: Mounting plugin EditableMesh
LogPluginManager: Mounting plugin DatasmithContent
LogPluginManager: Mounting plugin VariantManagerContent
LogPluginManager: Mounting plugin AlembicImporter
LogPluginManager: Mounting plugin GeometryCache
LogPluginManager: Mounting plugin AppleImageUtils
LogPluginManager: Mounting plugin AppleVision
LogPluginManager: Mounting plugin BackChannel
LogPluginManager: Mounting plugin CharacterAI
LogPluginManager: Mounting plugin HTML5Networking
LogPluginManager: Mounting plugin AvfMedia
LogPluginManager: Mounting plugin ImgMedia
LogPluginManager: Mounting plugin LinearTimecode
LogPluginManager: Mounting plugin MediaCompositing
LogPluginManager: Mounting plugin WmfMedia
LogPluginManager: Mounting plugin TcpMessaging
LogPluginManager: Mounting plugin UdpMessaging
LogPluginManager: Mounting plugin ActorSequence
LogPluginManager: Mounting plugin NetcodeUnitTest
LogPluginManager: Mounting plugin OnlineSubsystem
LogPluginManager: Mounting plugin OnlineSubsystemNull
LogPluginManager: Mounting plugin OnlineSubsystemUtils
LogPluginManager: Mounting plugin LauncherChunkInstaller
LogPluginManager: Mounting plugin AndroidPermission
LogPluginManager: Mounting plugin ArchVisCharacter
LogPluginManager: Mounting plugin AudioCapture
LogPluginManager: Mounting plugin CableComponent
LogPluginManager: Mounting plugin CustomMeshComponent
LogPluginManager: Mounting plugin ExampleDeviceProfileSelector
LogPluginManager: Mounting plugin LocationServicesBPLibrary
LogPluginManager: Mounting plugin MobilePatchingUtils
LogPluginManager: Mounting plugin OculusVR
LogPluginManager: Mounting plugin ProceduralMeshComponent
LogPluginManager: Mounting plugin PhysXVehicles
LogPluginManager: Mounting plugin RuntimePhysXCooking
LogPluginManager: Mounting plugin SteamVR
LogPluginManager: Mounting plugin WebMMoviePlayer
LogPluginManager: Mounting plugin WebMMedia
LogPluginManager: Mounting plugin WindowsMoviePlayer
LogStreaming: Display: Took  0.031s to configure plugins.
LogInit: Using libcurl 7.55.1-DEV
LogInit:  - built for x86_64-pc-win32
LogInit:  - supports SSL with OpenSSL/1.0.2h
LogInit:  - supports HTTP deflate (compression) using libz 1.2.8
LogInit:  - other features:
LogInit:      CURL_VERSION_SSL
LogInit:      CURL_VERSION_LIBZ
LogInit:      CURL_VERSION_IPV6
LogInit:      CURL_VERSION_ASYNCHDNS
LogInit:      CURL_VERSION_LARGEFILE
LogInit:      CURL_VERSION_IDN
LogInit:  CurlRequestOptions (configurable via config and command line):
LogInit:  - bVerifyPeer = true  - Libcurl will verify peer certificate
LogInit:  - bUseHttpProxy = false  - Libcurl will NOT use HTTP proxy
LogInit:  - bDontReuseConnections = false  - Libcurl will reuse connections
LogInit:  - MaxHostConnections = 16  - Libcurl will limit the number of connections to a host
LogInit:  - LocalHostAddr = Default
LogInit:  - BufferSize = 65536
LogInit: WinSock: version 1.1 (2.2), MaxSocks=32767, MaxUdp=65467
LogInit: Build: ++UE4+Release-4.21-CL-0
LogInit: Engine Version: 4.21.2-0+++UE4+Release-4.21
LogInit: Compatible Engine Version: 4.21.0-0+++UE4+Release-4.21
LogInit: Net CL: 0
LogInit: OS: Windows 10 (), CPU: Intel(R) Core(TM) i7-8700K CPU @ 3.70GHz, GPU: NVIDIA GeForce RTX 2080
LogInit: Compiled (64-bit): Jan 29 2019 21:54:40
LogInit: Compiled with Visual C++: 19.16.27026.01
LogInit: Build Configuration: Development
LogInit: Branch Name: ++UE4+Release-4.21
LogInit: Command Line: -log
LogInit: Base Directory: D:/Studing/PRojects/NetworkUE4/Builds/WindowsNoEditor/AnimeWolfy/Binaries/Win64/
LogInit: Installed Engine Build: 0
LogDevObjectVersion: Number of dev versions registered: 22
LogDevObjectVersion:   Dev-Blueprints (B0D832E4-1F89-4F0D-ACCF-7EB736FD4AA2): 10
LogDevObjectVersion:   Dev-Build (E1C64328-A22C-4D53-A36C-8E866417BD8C): 0
LogDevObjectVersion:   Dev-Core (375EC13C-06E4-48FB-B500-84F0262A717E): 2
LogDevObjectVersion:   Dev-Editor (E4B068ED-F494-42E9-A231-DA0B2E46BB41): 26
LogDevObjectVersion:   Dev-Framework (CFFC743F-43B0-4480-9391-14DF171D2073): 34
LogDevObjectVersion:   Dev-Mobile (B02B49B5-BB20-44E9-A304-32B752E40360): 2
LogDevObjectVersion:   Dev-Networking (A4E4105C-59A1-49B5-A7C5-40C4547EDFEE): 0
LogDevObjectVersion:   Dev-Online (39C831C9-5AE6-47DC-9A44-9C173E1C8E7C): 0
LogDevObjectVersion:   Dev-Physics (78F01B33-EBEA-4F98-B9B4-84EACCB95AA2): 0
LogDevObjectVersion:   Dev-Platform (6631380F-2D4D-43E0-8009-CF276956A95A): 0
LogDevObjectVersion:   Dev-Rendering (12F88B9F-8875-4AFC-A67C-D90C383ABD29): 27
LogDevObjectVersion:   Dev-Sequencer (7B5AE74C-D270-4C10-A958-57980B212A5A): 9
LogDevObjectVersion:   Dev-VR (D7296918-1DD6-4BDD-9DE2-64A83CC13884): 2
LogDevObjectVersion:   Dev-LoadTimes (C2A15278-BFE7-4AFE-6C17-90FF531DF755): 1
LogDevObjectVersion:   Private-Geometry (6EACA3D4-40EC-4CC1-B786-8BED09428FC5): 3
LogDevObjectVersion:   Dev-AnimPhys (29E575DD-E0A3-4627-9D10-D276232CDCEA): 17
LogDevObjectVersion:   Dev-Anim (AF43A65D-7FD3-4947-9873-3E8ED9C1BB05): 2
LogDevObjectVersion:   Dev-ReflectionCapture (6B266CEC-1EC7-4B8F-A30B-E4D90942FC07): 1
LogDevObjectVersion:   Dev-Automation (0DF73D61-A23F-47EA-B727-89E90C41499A): 1
LogDevObjectVersion:   FortniteMain (601D1886-AC64-4F84-AA16-D3DE0DEAC7D6): 17
LogDevObjectVersion:   Dev-Enterprise (9DFFBCD6-494F-0158-E221-12823C92A888): 4
LogDevObjectVersion:   Dev-Niagara (F2AED0AC-9AFE-416F-8664-AA7FFA26D6FC): 1
LogStreaming: Display: Took  0.003s to delete old logs.
LogInit: Presizing for max 2097152 objects, including 1 objects not considered by GC, pre-allocating 0 bytes for permanent pool.
LogStreaming: Display: Async Loading initialized: Event Driven Loader: true, Async Loading Thread: false, Async Post Load: false
LogInit: Object subsystem initialized
LogConfig: Setting CVar [[con.DebugEarlyDefault:1]]
LogConfig: Setting CVar [[r.setres:1280x720]]
[2019.01.29-21.43.55:283][  0]LogConfig: Setting CVar [[con.DebugEarlyDefault:1]]
[2019.01.29-21.43.55:283][  0]LogConfig: Setting CVar [[r.setres:1280x720]]
[2019.01.29-21.43.55:284][  0]LogConfig: Applying CVar settings from Section [/Script/Engine.RendererSettings] File [../../../AnimeWolfy/Saved/Config/WindowsServer/Engine.ini]
[2019.01.29-21.43.55:284][  0]LogConfig: Setting CVar [[r.GPUCrashDebugging:0]]
[2019.01.29-21.43.55:285][  0]LogConfig: Applying CVar settings from Section [/Script/Engine.RendererOverrideSettings] File [../../../AnimeWolfy/Saved/Config/WindowsServer/Engine.ini]
[2019.01.29-21.43.55:285][  0]LogConfig: Applying CVar settings from Section [/Script/Engine.StreamingSettings] File [../../../AnimeWolfy/Saved/Config/WindowsServer/Engine.ini]
[2019.01.29-21.43.55:285][  0]LogConfig: Setting CVar [[s.MinBulkDataSizeForAsyncLoading:131072]]
[2019.01.29-21.43.55:286][  0]LogConfig: Setting CVar [[s.AsyncLoadingThreadEnabled:0]]
[2019.01.29-21.43.55:287][  0]LogConfig: Setting CVar [[s.EventDrivenLoaderEnabled:1]]
[2019.01.29-21.43.55:287][  0]LogConfig: Setting CVar [[s.WarnIfTimeLimitExceeded:0]]
[2019.01.29-21.43.55:287][  0]LogConfig: Setting CVar [[s.TimeLimitExceededMultiplier:1.5]]
[2019.01.29-21.43.55:287][  0]LogConfig: Setting CVar [[s.TimeLimitExceededMinTime:0.005]]
[2019.01.29-21.43.55:288][  0]LogConfig: Setting CVar [[s.UseBackgroundLevelStreaming:1]]
[2019.01.29-21.43.55:289][  0]LogConfig: Setting CVar [[s.PriorityAsyncLoadingExtraTime:15.0]]
[2019.01.29-21.43.55:289][  0]LogConfig: Setting CVar [[s.LevelStreamingActorsUpdateTimeLimit:5.0]]
[2019.01.29-21.43.55:289][  0]LogConfig: Setting CVar [[s.PriorityLevelStreamingActorsUpdateExtraTime:5.0]]
[2019.01.29-21.43.55:290][  0]LogConfig: Setting CVar [[s.LevelStreamingComponentsRegistrationGranularity:10]]
[2019.01.29-21.43.55:290][  0]LogConfig: Setting CVar [[s.UnregisterComponentsTimeLimit:1.0]]
[2019.01.29-21.43.55:290][  0]LogConfig: Setting CVar [[s.LevelStreamingComponentsUnregistrationGranularity:5]]
[2019.01.29-21.43.55:291][  0]LogConfig: Applying CVar settings from Section [/Script/Engine.GarbageCollectionSettings] File [../../../AnimeWolfy/Saved/Config/WindowsServer/Engine.ini]
[2019.01.29-21.43.55:291][  0]LogConfig: Setting CVar [[gc.MaxObjectsNotConsideredByGC:1]]
[2019.01.29-21.43.55:291][  0]LogConfig: Setting CVar [[gc.SizeOfPermanentObjectPool:0]]
[2019.01.29-21.43.55:294][  0]LogConfig: Setting CVar [[gc.FlushStreamingOnGC:0]]
[2019.01.29-21.43.55:295][  0]LogConfig: Setting CVar [[gc.NumRetriesBeforeForcingGC:10]]
[2019.01.29-21.43.55:295][  0]LogConfig: Setting CVar [[gc.AllowParallelGC:1]]
[2019.01.29-21.43.55:296][  0]LogConfig: Setting CVar [[gc.TimeBetweenPurgingPendingKillObjects:61.1]]
[2019.01.29-21.43.55:296][  0]LogConfig: Setting CVar [[gc.MaxObjectsInEditor:8388607]]
[2019.01.29-21.43.55:296][  0]LogConfig: Setting CVar [[gc.IncrementalBeginDestroyEnabled:1]]
[2019.01.29-21.43.55:297][  0]LogConfig: Setting CVar [[gc.CreateGCClusters:1]]
[2019.01.29-21.43.55:297][  0]LogConfig: Setting CVar [[gc.MergeGCClusters:0]]
[2019.01.29-21.43.55:297][  0]LogConfig: Setting CVar [[gc.MinGCClusterSize:5]]
[2019.01.29-21.43.55:297][  0]LogConfig: Setting CVar [[gc.ActorClusteringEnabled:0]]
[2019.01.29-21.43.55:298][  0]LogConfig: Setting CVar [[gc.BlueprintClusteringEnabled:0]]
[2019.01.29-21.43.55:298][  0]LogConfig: Setting CVar [[gc.UseDisregardForGCOnDedicatedServers:0]]
[2019.01.29-21.43.55:298][  0]LogConfig: Applying CVar settings from Section [/Script/Engine.NetworkSettings] File [../../../AnimeWolfy/Saved/Config/WindowsServer/Engine.ini]
[2019.01.29-21.43.55:299][  0]LogConfig: Applying CVar settings from Section [ViewDistanceQuality@3] File [../../../AnimeWolfy/Saved/Config/WindowsServer/Scalability.ini]
[2019.01.29-21.43.55:299][  0]LogConfig: Setting CVar [[r.SkeletalMeshLODBias:0]]
[2019.01.29-21.43.55:299][  0]LogConfig: Setting CVar [[r.ViewDistanceScale:1.0]]
[2019.01.29-21.43.55:300][  0]LogConfig: Applying CVar settings from Section [AntiAliasingQuality@3] File [../../../AnimeWolfy/Saved/Config/WindowsServer/Scalability.ini]
[2019.01.29-21.43.55:300][  0]LogConfig: Setting CVar [[r.PostProcessAAQuality:4]]
[2019.01.29-21.43.55:300][  0]LogConfig: Applying CVar settings from Section [ShadowQuality@3] File [../../../AnimeWolfy/Saved/Config/WindowsServer/Scalability.ini]
[2019.01.29-21.43.55:301][  0]LogConfig: Setting CVar [[r.LightFunctionQuality:1]]
[2019.01.29-21.43.55:301][  0]LogConfig: Setting CVar [[r.ShadowQuality:5]]
[2019.01.29-21.43.55:301][  0]LogConfig: Setting CVar [[r.Shadow.CSM.MaxCascades:10]]
[2019.01.29-21.43.55:302][  0]LogConfig: Setting CVar [[r.Shadow.MaxResolution:2048]]
[2019.01.29-21.43.55:302][  0]LogConfig: Setting CVar [[r.Shadow.MaxCSMResolution:2048]]
[2019.01.29-21.43.55:302][  0]LogConfig: Setting CVar [[r.Shadow.RadiusThreshold:0.01]]
[2019.01.29-21.43.55:306][  0]LogConfig: Setting CVar [[r.Shadow.DistanceScale:1.0]]
[2019.01.29-21.43.55:307][  0]LogConfig: Setting CVar [[r.Shadow.CSM.TransitionScale:1.0]]
[2019.01.29-21.43.55:307][  0]LogConfig: Setting CVar [[r.Shadow.PreShadowResolutionFactor:1.0]]
[2019.01.29-21.43.55:308][  0]LogConfig: Setting CVar [[r.DistanceFieldShadowing:1]]
[2019.01.29-21.43.55:308][  0]LogConfig: Setting CVar [[r.DistanceFieldAO:1]]
[2019.01.29-21.43.55:308][  0]LogConfig: Setting CVar [[r.AOQuality:2]]
[2019.01.29-21.43.55:309][  0]LogConfig: Setting CVar [[r.VolumetricFog:1]]
[2019.01.29-21.43.55:309][  0]LogConfig: Setting CVar [[r.VolumetricFog.GridPixelSize:8]]
[2019.01.29-21.43.55:309][  0]LogConfig: Setting CVar [[r.VolumetricFog.GridSizeZ:128]]
[2019.01.29-21.43.55:309][  0]LogConfig: Setting CVar [[r.VolumetricFog.HistoryMissSupersampleCount:4]]
[2019.01.29-21.43.55:310][  0]LogConfig: Setting CVar [[r.LightMaxDrawDistanceScale:1]]
[2019.01.29-21.43.55:310][  0]LogConfig: Setting CVar [[r.CapsuleShadows:1]]
[2019.01.29-21.43.55:310][  0]LogConfig: Applying CVar settings from Section [PostProcessQuality@3] File [../../../AnimeWolfy/Saved/Config/WindowsServer/Scalability.ini]
[2019.01.29-21.43.55:311][  0]LogConfig: Setting CVar [[r.MotionBlurQuality:4]]
[2019.01.29-21.43.55:311][  0]LogConfig: Setting CVar [[r.AmbientOcclusionMipLevelFactor:0.4]]
[2019.01.29-21.43.55:311][  0]LogConfig: Setting CVar [[r.AmbientOcclusionMaxQuality:100]]
[2019.01.29-21.43.55:311][  0]LogConfig: Setting CVar [[r.AmbientOcclusionLevels:-1]]
[2019.01.29-21.43.55:312][  0]LogConfig: Setting CVar [[r.AmbientOcclusionRadiusScale:1.0]]
[2019.01.29-21.43.55:312][  0]LogConfig: Setting CVar [[r.DepthOfFieldQuality:2]]
[2019.01.29-21.43.55:312][  0]LogConfig: Setting CVar [[r.RenderTargetPoolMin:400]]
[2019.01.29-21.43.55:313][  0]LogConfig: Setting CVar [[r.LensFlareQuality:2]]
[2019.01.29-21.43.55:313][  0]LogConfig: Setting CVar [[r.SceneColorFringeQuality:1]]
[2019.01.29-21.43.55:314][  0]LogConfig: Setting CVar [[r.EyeAdaptationQuality:2]]
[2019.01.29-21.43.55:314][  0]LogConfig: Setting CVar [[r.BloomQuality:5]]
[2019.01.29-21.43.55:317][  0]LogConfig: Setting CVar [[r.FastBlurThreshold:100]]
[2019.01.29-21.43.55:318][  0]LogConfig: Setting CVar [[r.Upscale.Quality:3]]
[2019.01.29-21.43.55:318][  0]LogConfig: Setting CVar [[r.Tonemapper.GrainQuantization:1]]
[2019.01.29-21.43.55:318][  0]LogConfig: Setting CVar [[r.LightShaftQuality:1]]
[2019.01.29-21.43.55:319][  0]LogConfig: Setting CVar [[r.Filter.SizeScale:1]]
[2019.01.29-21.43.55:319][  0]LogConfig: Setting CVar [[r.Tonemapper.Quality:5]]
[2019.01.29-21.43.55:319][  0]LogConfig: Setting CVar [[r.DOF.Gather.AccumulatorQuality:1        ; higher gathering accumulator quality]]
[2019.01.29-21.43.55:320][  0]LogConfig: Setting CVar [[r.DOF.Gather.PostfilterMethod:1          ; Median3x3 postfilering method]]
[2019.01.29-21.43.55:321][  0]LogConfig: Setting CVar [[r.DOF.Gather.EnableBokehSettings:0       ; no bokeh simulation when gathering]]
[2019.01.29-21.43.55:322][  0]LogConfig: Setting CVar [[r.DOF.Gather.RingCount:4                 ; medium number of samples when gathering]]
[2019.01.29-21.43.55:322][  0]LogConfig: Setting CVar [[r.DOF.Scatter.ForegroundCompositing:1    ; additive foreground scattering]]
[2019.01.29-21.43.55:323][  0]LogConfig: Setting CVar [[r.DOF.Scatter.BackgroundCompositing:2    ; additive background scattering]]
[2019.01.29-21.43.55:323][  0]LogConfig: Setting CVar [[r.DOF.Scatter.EnableBokehSettings:1      ; bokeh simulation when scattering]]
[2019.01.29-21.43.55:324][  0]LogConfig: Setting CVar [[r.DOF.Scatter.MaxSpriteRatio:0.1         ; only a maximum of 10% of scattered bokeh]]
[2019.01.29-21.43.55:324][  0]LogConfig: Setting CVar [[r.DOF.Recombine.Quality:1                ; cheap slight out of focus]]
[2019.01.29-21.43.55:325][  0]LogConfig: Setting CVar [[r.DOF.Recombine.EnableBokehSettings:0    ; no bokeh simulation on slight out of focus]]
[2019.01.29-21.43.55:325][  0]LogConfig: Setting CVar [[r.DOF.TemporalAAQuality:1                ; more stable temporal accumulation]]
[2019.01.29-21.43.55:326][  0]LogConfig: Setting CVar [[r.DOF.Kernel.MaxForegroundRadius:0.025]]
[2019.01.29-21.43.55:328][  0]LogConfig: Setting CVar [[r.DOF.Kernel.MaxBackgroundRadius:0.025]]
[2019.01.29-21.43.55:329][  0]LogConfig: Applying CVar settings from Section [TextureQuality@3] File [../../../AnimeWolfy/Saved/Config/WindowsServer/Scalability.ini]
[2019.01.29-21.43.55:329][  0]LogConfig: Setting CVar [[r.Streaming.MipBias:0]]
[2019.01.29-21.43.55:329][  0]LogConfig: Setting CVar [[r.Streaming.AmortizeCPUToGPUCopy:0]]
[2019.01.29-21.43.55:330][  0]LogConfig: Setting CVar [[r.Streaming.MaxNumTexturesToStreamPerFrame:0]]
[2019.01.29-21.43.55:330][  0]LogConfig: Setting CVar [[r.Streaming.Boost:1]]
[2019.01.29-21.43.55:330][  0]LogConfig: Setting CVar [[r.MaxAnisotropy:8]]
[2019.01.29-21.43.55:331][  0]LogConfig: Setting CVar [[r.Streaming.LimitPoolSizeToVRAM:0]]
[2019.01.29-21.43.55:331][  0]LogConfig: Setting CVar [[r.Streaming.PoolSize:1000]]
[2019.01.29-21.43.55:331][  0]LogConfig: Setting CVar [[r.Streaming.MaxEffectiveScreenSize:0]]
[2019.01.29-21.43.55:331][  0]LogConfig: Applying CVar settings from Section [EffectsQuality@3] File [../../../AnimeWolfy/Saved/Config/WindowsServer/Scalability.ini]
[2019.01.29-21.43.55:332][  0]LogConfig: Setting CVar [[r.TranslucencyLightingVolumeDim:64]]
[2019.01.29-21.43.55:332][  0]LogConfig: Setting CVar [[r.RefractionQuality:2]]
[2019.01.29-21.43.55:332][  0]LogConfig: Setting CVar [[r.SSR.Quality:3]]
[2019.01.29-21.43.55:333][  0]LogConfig: Setting CVar [[r.SceneColorFormat:4]]
[2019.01.29-21.43.55:333][  0]LogConfig: Setting CVar [[r.DetailMode:2]]
[2019.01.29-21.43.55:333][  0]LogConfig: Setting CVar [[r.TranslucencyVolumeBlur:1]]
[2019.01.29-21.43.55:333][  0]LogConfig: Setting CVar [[r.MaterialQualityLevel:1 ; High quality]]
[2019.01.29-21.43.55:334][  0]LogConfig: Setting CVar [[r.SSS.Scale:1]]
[2019.01.29-21.43.55:334][  0]LogConfig: Setting CVar [[r.SSS.SampleSet:2]]
[2019.01.29-21.43.55:334][  0]LogConfig: Setting CVar [[r.SSS.Quality:1]]
[2019.01.29-21.43.55:336][  0]LogConfig: Setting CVar [[r.SSS.HalfRes:1]]
[2019.01.29-21.43.55:336][  0]LogConfig: Setting CVar [[r.EmitterSpawnRateScale:1.0]]
[2019.01.29-21.43.55:336][  0]LogConfig: Setting CVar [[r.ParticleLightQuality:2]]
[2019.01.29-21.43.55:337][  0]LogConfig: Applying CVar settings from Section [FoliageQuality@3] File [../../../AnimeWolfy/Saved/Config/WindowsServer/Scalability.ini]
[2019.01.29-21.43.55:341][  0]LogConfig: Setting CVar [[foliage.DensityScale:1.0]]
[2019.01.29-21.43.55:341][  0]LogConfig: Setting CVar [[grass.DensityScale:1.0]]
[2019.01.29-21.43.55:341][  0]LogInit: Selected Device Profile: [WindowsServer]
[2019.01.29-21.43.55:341][  0]LogInit: Applying CVar settings loaded from the selected device profile: [WindowsServer]
[2019.01.29-21.43.55:344][  0]LogHAL: Display: Platform has ~ 16 GB [17118220288 / 17179869184 / 16], which maps to Larger [LargestMinGB=32, LargerMinGB=12, DefaultMinGB=8, SmallerMinGB=6, SmallestMinGB=0)
[2019.01.29-21.43.55:345][  0]LogInit: Going up to parent DeviceProfile [Windows]
[2019.01.29-21.43.55:345][  0]LogConfig: Setting CVar [[r.Vulkan.UseRealUBs:1]]
[2019.01.29-21.43.55:346][  0]LogInit: Going up to parent DeviceProfile []
[2019.01.29-21.43.55:346][  0]LogConfig: Applying CVar settings from Section [ViewDistanceQuality@3] File [../../../AnimeWolfy/Saved/Config/WindowsServer/Scalability.ini]
[2019.01.29-21.43.55:347][  0]LogConfig: Setting CVar [[r.SkeletalMeshLODBias:0]]
[2019.01.29-21.43.55:348][  0]LogConfig: Setting CVar [[r.ViewDistanceScale:1.0]]
[2019.01.29-21.43.55:348][  0]LogConfig: Applying CVar settings from Section [AntiAliasingQuality@3] File [../../../AnimeWolfy/Saved/Config/WindowsServer/Scalability.ini]
[2019.01.29-21.43.55:349][  0]LogConfig: Setting CVar [[r.PostProcessAAQuality:4]]
[2019.01.29-21.43.55:349][  0]LogConfig: Applying CVar settings from Section [ShadowQuality@3] File [../../../AnimeWolfy/Saved/Config/WindowsServer/Scalability.ini]
[2019.01.29-21.43.55:352][  0]LogConfig: Setting CVar [[r.LightFunctionQuality:1]]
[2019.01.29-21.43.55:353][  0]LogConfig: Setting CVar [[r.ShadowQuality:5]]
[2019.01.29-21.43.55:353][  0]LogConfig: Setting CVar [[r.Shadow.CSM.MaxCascades:10]]
[2019.01.29-21.43.55:354][  0]LogConfig: Setting CVar [[r.Shadow.MaxResolution:2048]]
[2019.01.29-21.43.55:354][  0]LogConfig: Setting CVar [[r.Shadow.MaxCSMResolution:2048]]
[2019.01.29-21.43.55:354][  0]LogConfig: Setting CVar [[r.Shadow.RadiusThreshold:0.01]]
[2019.01.29-21.43.55:355][  0]LogConfig: Setting CVar [[r.Shadow.DistanceScale:1.0]]
[2019.01.29-21.43.55:355][  0]LogConfig: Setting CVar [[r.Shadow.CSM.TransitionScale:1.0]]
[2019.01.29-21.43.55:356][  0]LogConfig: Setting CVar [[r.Shadow.PreShadowResolutionFactor:1.0]]
[2019.01.29-21.43.55:356][  0]LogConfig: Setting CVar [[r.DistanceFieldShadowing:1]]
[2019.01.29-21.43.55:357][  0]LogConfig: Setting CVar [[r.DistanceFieldAO:1]]
[2019.01.29-21.43.55:357][  0]LogConfig: Setting CVar [[r.AOQuality:2]]
[2019.01.29-21.43.55:358][  0]LogConfig: Setting CVar [[r.VolumetricFog:1]]
[2019.01.29-21.43.55:358][  0]LogConfig: Setting CVar [[r.VolumetricFog.GridPixelSize:8]]
[2019.01.29-21.43.55:359][  0]LogConfig: Setting CVar [[r.VolumetricFog.GridSizeZ:128]]
[2019.01.29-21.43.55:359][  0]LogConfig: Setting CVar [[r.VolumetricFog.HistoryMissSupersampleCount:4]]
[2019.01.29-21.43.55:360][  0]LogConfig: Setting CVar [[r.LightMaxDrawDistanceScale:1]]
[2019.01.29-21.43.55:360][  0]LogConfig: Setting CVar [[r.CapsuleShadows:1]]
[2019.01.29-21.43.55:361][  0]LogConfig: Applying CVar settings from Section [PostProcessQuality@3] File [../../../AnimeWolfy/Saved/Config/WindowsServer/Scalability.ini]
[2019.01.29-21.43.55:364][  0]LogConfig: Setting CVar [[r.MotionBlurQuality:4]]
[2019.01.29-21.43.55:366][  0]LogConfig: Setting CVar [[r.AmbientOcclusionMipLevelFactor:0.4]]
[2019.01.29-21.43.55:366][  0]LogConfig: Setting CVar [[r.AmbientOcclusionMaxQuality:100]]
[2019.01.29-21.43.55:367][  0]LogConfig: Setting CVar [[r.AmbientOcclusionLevels:-1]]
[2019.01.29-21.43.55:368][  0]LogConfig: Setting CVar [[r.AmbientOcclusionRadiusScale:1.0]]
[2019.01.29-21.43.55:370][  0]LogConfig: Setting CVar [[r.DepthOfFieldQuality:2]]
[2019.01.29-21.43.55:371][  0]LogConfig: Setting CVar [[r.RenderTargetPoolMin:400]]
[2019.01.29-21.43.55:372][  0]LogConfig: Setting CVar [[r.LensFlareQuality:2]]
[2019.01.29-21.43.55:374][  0]LogConfig: Setting CVar [[r.SceneColorFringeQuality:1]]
[2019.01.29-21.43.55:375][  0]LogConfig: Setting CVar [[r.EyeAdaptationQuality:2]]
[2019.01.29-21.43.55:375][  0]LogConfig: Setting CVar [[r.BloomQuality:5]]
[2019.01.29-21.43.55:376][  0]LogConfig: Setting CVar [[r.FastBlurThreshold:100]]
[2019.01.29-21.43.55:377][  0]LogConfig: Setting CVar [[r.Upscale.Quality:3]]
[2019.01.29-21.43.55:377][  0]LogConfig: Setting CVar [[r.Tonemapper.GrainQuantization:1]]
[2019.01.29-21.43.55:378][  0]LogConfig: Setting CVar [[r.LightShaftQuality:1]]
[2019.01.29-21.43.55:378][  0]LogConfig: Setting CVar [[r.Filter.SizeScale:1]]
[2019.01.29-21.43.55:378][  0]LogConfig: Setting CVar [[r.Tonemapper.Quality:5]]
[2019.01.29-21.43.55:379][  0]LogConfig: Setting CVar [[r.DOF.Gather.AccumulatorQuality:1        ; higher gathering accumulator quality]]
[2019.01.29-21.43.55:379][  0]LogConfig: Setting CVar [[r.DOF.Gather.PostfilterMethod:1          ; Median3x3 postfilering method]]
[2019.01.29-21.43.55:380][  0]LogConfig: Setting CVar [[r.DOF.Gather.EnableBokehSettings:0       ; no bokeh simulation when gathering]]
[2019.01.29-21.43.55:380][  0]LogConfig: Setting CVar [[r.DOF.Gather.RingCount:4                 ; medium number of samples when gathering]]
[2019.01.29-21.43.55:380][  0]LogConfig: Setting CVar [[r.DOF.Scatter.ForegroundCompositing:1    ; additive foreground scattering]]
[2019.01.29-21.43.55:381][  0]LogConfig: Setting CVar [[r.DOF.Scatter.BackgroundCompositing:2    ; additive background scattering]]
[2019.01.29-21.43.55:381][  0]LogConfig: Setting CVar [[r.DOF.Scatter.EnableBokehSettings:1      ; bokeh simulation when scattering]]
[2019.01.29-21.43.55:382][  0]LogConfig: Setting CVar [[r.DOF.Scatter.MaxSpriteRatio:0.1         ; only a maximum of 10% of scattered bokeh]]
[2019.01.29-21.43.55:382][  0]LogConfig: Setting CVar [[r.DOF.Recombine.Quality:1                ; cheap slight out of focus]]
[2019.01.29-21.43.55:382][  0]LogConfig: Setting CVar [[r.DOF.Recombine.EnableBokehSettings:0    ; no bokeh simulation on slight out of focus]]
[2019.01.29-21.43.55:383][  0]LogConfig: Setting CVar [[r.DOF.TemporalAAQuality:1                ; more stable temporal accumulation]]
[2019.01.29-21.43.55:385][  0]LogConfig: Setting CVar [[r.DOF.Kernel.MaxForegroundRadius:0.025]]
[2019.01.29-21.43.55:386][  0]LogConfig: Setting CVar [[r.DOF.Kernel.MaxBackgroundRadius:0.025]]
[2019.01.29-21.43.55:386][  0]LogConfig: Applying CVar settings from Section [TextureQuality@3] File [../../../AnimeWolfy/Saved/Config/WindowsServer/Scalability.ini]
[2019.01.29-21.43.55:386][  0]LogConfig: Setting CVar [[r.Streaming.MipBias:0]]
[2019.01.29-21.43.55:387][  0]LogConfig: Setting CVar [[r.Streaming.AmortizeCPUToGPUCopy:0]]
[2019.01.29-21.43.55:387][  0]LogConfig: Setting CVar [[r.Streaming.MaxNumTexturesToStreamPerFrame:0]]
[2019.01.29-21.43.55:387][  0]LogConfig: Setting CVar [[r.Streaming.Boost:1]]
[2019.01.29-21.43.55:388][  0]LogConfig: Setting CVar [[r.MaxAnisotropy:8]]
[2019.01.29-21.43.55:388][  0]LogConfig: Setting CVar [[r.Streaming.LimitPoolSizeToVRAM:0]]
[2019.01.29-21.43.55:388][  0]LogConfig: Setting CVar [[r.Streaming.PoolSize:1000]]
[2019.01.29-21.43.55:388][  0]LogConfig: Setting CVar [[r.Streaming.MaxEffectiveScreenSize:0]]
[2019.01.29-21.43.55:389][  0]LogConfig: Applying CVar settings from Section [EffectsQuality@3] File [../../../AnimeWolfy/Saved/Config/WindowsServer/Scalability.ini]
[2019.01.29-21.43.55:389][  0]LogConfig: Setting CVar [[r.TranslucencyLightingVolumeDim:64]]
[2019.01.29-21.43.55:390][  0]LogConfig: Setting CVar [[r.RefractionQuality:2]]
[2019.01.29-21.43.55:390][  0]LogConfig: Setting CVar [[r.SSR.Quality:3]]
[2019.01.29-21.43.55:390][  0]LogConfig: Setting CVar [[r.SceneColorFormat:4]]
[2019.01.29-21.43.55:391][  0]LogConfig: Setting CVar [[r.DetailMode:2]]
[2019.01.29-21.43.55:391][  0]LogConfig: Setting CVar [[r.TranslucencyVolumeBlur:1]]
[2019.01.29-21.43.55:391][  0]LogConfig: Setting CVar [[r.MaterialQualityLevel:1 ; High quality]]
[2019.01.29-21.43.55:392][  0]LogConfig: Setting CVar [[r.SSS.Scale:1]]
[2019.01.29-21.43.55:392][  0]LogConfig: Setting CVar [[r.SSS.SampleSet:2]]
[2019.01.29-21.43.55:392][  0]LogConfig: Setting CVar [[r.SSS.Quality:1]]
[2019.01.29-21.43.55:393][  0]LogConfig: Setting CVar [[r.SSS.HalfRes:1]]
[2019.01.29-21.43.55:393][  0]LogConfig: Setting CVar [[r.EmitterSpawnRateScale:1.0]]
[2019.01.29-21.43.55:393][  0]LogConfig: Setting CVar [[r.ParticleLightQuality:2]]
[2019.01.29-21.43.55:396][  0]LogConfig: Applying CVar settings from Section [FoliageQuality@3] File [../../../AnimeWolfy/Saved/Config/WindowsServer/Scalability.ini]
[2019.01.29-21.43.55:397][  0]LogConfig: Setting CVar [[foliage.DensityScale:1.0]]
[2019.01.29-21.43.55:397][  0]LogConfig: Setting CVar [[grass.DensityScale:1.0]]
[2019.01.29-21.43.55:398][  0]LogConfig: Applying CVar settings from Section [Startup] File [../../../Engine/Config/ConsoleVariables.ini]
[2019.01.29-21.43.55:398][  0]LogConfig: Setting CVar [[net.UseAdaptiveNetUpdateFrequency:0]]
[2019.01.29-21.43.55:398][  0]LogConfig: Applying CVar settings from Section [ConsoleVariables] File [../../../AnimeWolfy/Saved/Config/WindowsServer/Engine.ini]
[2019.01.29-21.43.55:399][  0]LogInit: Computer: DESKTOP-PF2V43L
[2019.01.29-21.43.55:399][  0]LogInit: User: Tinki
[2019.01.29-21.43.55:399][  0]LogInit: CPU Page size=4096, Cores=6
[2019.01.29-21.43.55:400][  0]LogInit: High frequency timer resolution =10.000000 MHz
[2019.01.29-21.43.55:400][  0]LogMemory: Memory total: Physical=15.9GB (16GB approx)
[2019.01.29-21.43.55:400][  0]LogMemory: Platform Memory Stats for WindowsServer
[2019.01.29-21.43.55:400][  0]LogMemory: Process Physical Memory: 53.18 MB used, 53.19 MB peak
[2019.01.29-21.43.55:401][  0]LogMemory: Process Virtual Memory: 62.92 MB used, 62.92 MB peak
[2019.01.29-21.43.55:401][  0]LogMemory: Physical Memory: 12228.54 MB used,  4096.67 MB free, 16325.21 MB total
[2019.01.29-21.43.55:402][  0]LogMemory: Virtual Memory: 4426.66 MB used,  134213304.00 MB free, 134217728.00 MB total
[2019.01.29-21.43.55:412][  0]LogInit: Using OS detected language (ru-RU).
[2019.01.29-21.43.55:413][  0]LogInit: Using OS detected locale (ru-RU).
[2019.01.29-21.43.55:415][  0]LogTextLocalizationManager: No localization for 'ru-RU' exists, so 'en' will be used for the language.
[2019.01.29-21.43.55:416][  0]LogTextLocalizationManager: No localization for 'ru-RU' exists, so 'en' will be used for the locale.
[2019.01.29-21.43.55:433][  0]LogStreaming: Display: Took  0.020s to InitEngineTextLocalization.
[2019.01.29-21.43.55:437][  0]LogInit: Using OS detected language (ru-RU).
[2019.01.29-21.43.55:437][  0]LogInit: Using OS detected locale (ru-RU).
[2019.01.29-21.43.55:438][  0]LogTextLocalizationManager: No localization for 'ru-RU' exists, so 'en' will be used for the language.
[2019.01.29-21.43.55:439][  0]LogTextLocalizationManager: No localization for 'ru-RU' exists, so 'en' will be used for the locale.
[2019.01.29-21.43.55:440][  0]LogStreaming: Display: Took  0.004s to InitGameTextLocalization.
[2019.01.29-21.43.55:448][  0]LogAssetRegistry: FAssetRegistry took 0.0065 seconds to start up
[2019.01.29-21.43.55:510][  0]LogStreaming: Display: Flushing async loaders.
[2019.01.29-21.43.55:516][  0]LogPackageLocalizationCache: Processed 10 localized package path(s) for 1 prioritized culture(s) in 0.005121 seconds
[2019.01.29-21.43.55:516][  0]LogPakFile: New pak file ../../../AnimeWolfy/Content/Paks/AnimeWolfy-WindowsNoEditor.pak added to pak precacher.
[2019.01.29-21.43.55:517][  0]LogInit: Selected Device Profile: [WindowsServer]
[2019.01.29-21.43.55:524][  0]LogNetVersion: AnimeWolfy 1.0.0, NetCL: 0, EngineNetVer: 5, GameNetVer: 0 (Checksum: 3604432672)
[2019.01.29-21.43.55:607][  0]LogUObjectArray: 34939 objects as part of root set at end of initial load.
[2019.01.29-21.43.55:607][  0]LogUObjectAllocator: 5215640 out of 0 bytes used by permanent object pool.
[2019.01.29-21.43.55:609][  0]LogUObjectArray: CloseDisregardForGC: 34939/0 objects in disregard for GC pool
[2019.01.29-21.43.55:711][  0]LogAndroidPermission: UAndroidPermissionCallbackProxy::GetInstance
[2019.01.29-21.43.55:711][  0]LogOcInput: OculusInput pre-init called
[2019.01.29-21.43.55:724][  0]LogEngine: Initializing Engine...
[2019.01.29-21.43.55:725][  0]LogStats: UGameplayTagsManager::ConstructGameplayTagTree: ImportINI prefixes -  0.000 s
[2019.01.29-21.43.55:725][  0]LogStats: UGameplayTagsManager::ConstructGameplayTagTree: Construct from data asset -  0.000 s
[2019.01.29-21.43.55:725][  0]LogStats: UGameplayTagsManager::ConstructGameplayTagTree: ImportINI -  0.000 s
[2019.01.29-21.43.55:726][  0]LogStats: UGameplayTagsManager::ConstructGameplayTagTree: GameplayTagTreeChangedEvent.Broadcast -  0.000 s
[2019.01.29-21.43.55:760][  0]LogInit: Initializing FReadOnlyCVARCache
[2019.01.29-21.43.55:760][  0]LogNetVersion: Set ProjectVersion to 1.0.0.0. Version Checksum will be recalculated on next use.
[2019.01.29-21.43.55:761][  0]LogInit: Texture streaming: Disabled
[2019.01.29-21.43.55:829][  0]LogInit: Display: Game Engine Initialized.
[2019.01.29-21.43.55:829][  0]LogGameplayTags: Display: UGameplayTagsManager::DoneAddingNativeTags. DelegateIsBound: 0
[2019.01.29-21.43.55:830][  0]LogStats: UGameplayTagsManager::ConstructGameplayTagTree: ImportINI prefixes -  0.000 s
[2019.01.29-21.43.55:831][  0]LogStats: UGameplayTagsManager::ConstructGameplayTagTree: Construct from data asset -  0.000 s
[2019.01.29-21.43.55:831][  0]LogStats: UGameplayTagsManager::ConstructGameplayTagTree: ImportINI -  0.000 s
[2019.01.29-21.43.55:832][  0]LogStats: UGameplayTagsManager::ConstructGameplayTagTree: GameplayTagTreeChangedEvent.Broadcast -  0.000 s
[2019.01.29-21.43.55:837][  0]LogInit: Display: Starting Game.
[2019.01.29-21.43.55:839][  0]LogNet: Browse: /Game/Maps/TestMap?Name=Player
[2019.01.29-21.43.55:839][  0]LogLoad: LoadMap: /Game/Maps/TestMap?Name=Player
[2019.01.29-21.43.55:881][  0]LogAIModule: Creating AISystem for world TestMap
[2019.01.29-21.43.55:882][  0]LogLoad: Game class is 'MultGameMode_C'
[2019.01.29-21.43.55:884][  0]LogTemp: Display: ParseSettings for GameNetDriver
[2019.01.29-21.43.55:884][  0]LogTemp: Display: ParseSettings for IpNetDriver_0
[2019.01.29-21.43.55:885][  0]LogTemp: Display: ParseSettings for GameNetDriver
[2019.01.29-21.43.55:885][  0]LogNet: ReplicationDriverClass is null! Not using ReplicationDriver.
[2019.01.29-21.43.55:885][  0]PacketHandlerLog: DDoS detection status: detection enabled: 0 analytics enabled: 0
[2019.01.29-21.43.55:886][  0]LogInit: WinSock: Socket queue 131072 / 131072
[2019.01.29-21.43.55:887][  0]LogInit: WinSock: I am DESKTOP-PF2V43L (192.168.1.4:0)
[2019.01.29-21.43.55:887][  0]PacketHandlerLog: Loaded PacketHandler component: Engine.EngineHandlerComponentFactory (StatelessConnectHandlerComponent)
[2019.01.29-21.43.55:888][  0]LogNet: GameNetDriver IpNetDriver_0 IpNetDriver listening on port 7777
[2019.01.29-21.43.55:889][  0]LogWorld: Bringing World /Game/Maps/TestMap.TestMap up for play (max tick rate 30) at 2019.01.30-00.43.55
[2019.01.29-21.43.55:889][  0]LogWorld: Bringing up level for play took: 0.000979
[2019.01.29-21.43.55:890][  0]LogGameMode: Display: Match State Changed from EnteringMap to WaitingToStart
[2019.01.29-21.43.55:890][  0]LogGameState: Match State Changed from EnteringMap to WaitingToStart
[2019.01.29-21.43.55:890][  0]LogGameMode: Display: Match State Changed from WaitingToStart to InProgress
[2019.01.29-21.43.55:891][  0]LogGameState: Match State Changed from WaitingToStart to InProgress
[2019.01.29-21.43.55:893][  0]LogLoad: Took 0.053815 seconds to LoadMap(/Game/Maps/TestMap)
[2019.01.29-21.43.55:893][  0]LogLoad: (Engine Initialization) Total time: 0.93 seconds
[2019.01.29-21.43.58:957][ 90]LogOutputDevice: Warning: 

Script Stack (4 frames):
GameArea_C.SpawnFood
MultGameMode_C.SpawnFood
MultGameMode_C.ExecuteUbergraph_MultGameMode
MultGameMode_C.ReceiveTick

[2019.01.29-21.43.58:962][ 90]LogStats: FPlatformStackWalk::StackWalkAndDump -  0.003 s
[2019.01.29-21.43.58:962][ 90]LogOutputDevice: Error: === Handled ensure: ===
[2019.01.29-21.43.58:963][ 90]LogOutputDevice: Error: 
[2019.01.29-21.43.58:964][ 90]LogOutputDevice: Error: Ensure condition failed: AsAIController [File:C:\Program Files\Epic Games\UnrealEngine-release\Engine\Source\Runtime\AIModule\Private\Navigation\NavFilter_AIControllerDefault.cpp] [Line: 18]
[2019.01.29-21.43.58:964][ 90]LogOutputDevice: Error: 
[2019.01.29-21.43.58:965][ 90]LogOutputDevice: Error: Stack: 
[2019.01.29-21.43.58:966][ 90]LogOutputDevice: Error: [Callstack] 0x00007ff75be857a1 AnimeWolfyServer.exe!UnknownFunction []
[2019.01.29-21.43.58:966][ 90]LogOutputDevice: Error: [Callstack] 0x00007ff75bd0004c AnimeWolfyServer.exe!UnknownFunction []
[2019.01.29-21.43.58:967][ 90]LogOutputDevice: Error: [Callstack] 0x00007ff75bd00698 AnimeWolfyServer.exe!UnknownFunction []
[2019.01.29-21.43.58:967][ 90]LogOutputDevice: Error: [Callstack] 0x00007ff75bd0e79a AnimeWolfyServer.exe!UnknownFunction []
[2019.01.29-21.43.58:970][ 90]LogOutputDevice: Error: [Callstack] 0x00007ff75bd5c4f1 AnimeWolfyServer.exe!UnknownFunction []
[2019.01.29-21.43.58:970][ 90]LogOutputDevice: Error: [Callstack] 0x00007ff75905bce2 AnimeWolfyServer.exe!UnknownFunction []
[2019.01.29-21.43.58:971][ 90]LogOutputDevice: Error: [Callstack] 0x00007ff759231b19 AnimeWolfyServer.exe!UnknownFunction []
[2019.01.29-21.43.58:971][ 90]LogOutputDevice: Error: [Callstack] 0x00007ff75924c91a AnimeWolfyServer.exe!UnknownFunction []
[2019.01.29-21.43.58:971][ 90]LogOutputDevice: Error: [Callstack] 0x00007ff759260fa4 AnimeWolfyServer.exe!UnknownFunction []
[2019.01.29-21.43.58:972][ 90]LogOutputDevice: Error: [Callstack] 0x00007ff75924f092 AnimeWolfyServer.exe!UnknownFunction []
[2019.01.29-21.43.58:972][ 90]LogOutputDevice: Error: [Callstack] 0x00007ff759232479 AnimeWolfyServer.exe!UnknownFunction []
[2019.01.29-21.43.58:973][ 90]LogOutputDevice: Error: [Callstack] 0x00007ff75924c91a AnimeWolfyServer.exe!UnknownFunction []
[2019.01.29-21.43.58:973][ 90]LogOutputDevice: Error: [Callstack] 0x00007ff75924f092 AnimeWolfyServer.exe!UnknownFunction []
[2019.01.29-21.43.58:974][ 90]LogOutputDevice: Error: [Callstack] 0x00007ff759232479 AnimeWolfyServer.exe!UnknownFunction []
[2019.01.29-21.43.58:974][ 90]LogOutputDevice: Error: [Callstack] 0x00007ff75924f092 AnimeWolfyServer.exe!UnknownFunction []
[2019.01.29-21.43.58:975][ 90]LogOutputDevice: Error: [Callstack] 0x00007ff759232479 AnimeWolfyServer.exe!UnknownFunction []
[2019.01.29-21.43.58:975][ 90]LogOutputDevice: Error: [Callstack] 0x00007ff75924f092 AnimeWolfyServer.exe!UnknownFunction []
[2019.01.29-21.43.58:976][ 90]LogOutputDevice: Error: [Callstack] 0x00007ff75905bce2 AnimeWolfyServer.exe!UnknownFunction []
[2019.01.29-21.43.58:976][ 90]LogOutputDevice: Error: [Callstack] 0x00007ff75924e6b1 AnimeWolfyServer.exe!UnknownFunction []
[2019.01.29-21.43.58:977][ 90]LogOutputDevice: Error: [Callstack] 0x00007ff75a8aa17b AnimeWolfyServer.exe!UnknownFunction []
[2019.01.29-21.43.58:977][ 90]LogOutputDevice: Error: [Callstack] 0x00007ff75b730e33 AnimeWolfyServer.exe!UnknownFunction []
[2019.01.29-21.43.58:977][ 90]LogOutputDevice: Error: [Callstack] 0x00007ff75a8ba6b3 AnimeWolfyServer.exe!UnknownFunction []
[2019.01.29-21.43.58:980][ 90]LogOutputDevice: Error: [Callstack] 0x00007ff75ad9fcfe AnimeWolfyServer.exe!UnknownFunction []
[2019.01.29-21.43.58:981][ 90]LogOutputDevice: Error: [Callstack] 0x00007ff75a8bae04 AnimeWolfyServer.exe!UnknownFunction []
[2019.01.29-21.43.58:981][ 90]LogOutputDevice: Error: [Callstack] 0x00007ff75a88de25 AnimeWolfyServer.exe!UnknownFunction []
[2019.01.29-21.43.58:982][ 90]LogOutputDevice: Error: [Callstack] 0x00007ff75b580e7a AnimeWolfyServer.exe!UnknownFunction []
[2019.01.29-21.43.58:982][ 90]LogOutputDevice: Error: [Callstack] 0x00007ff758b4333d AnimeWolfyServer.exe!UnknownFunction []
[2019.01.29-21.43.58:983][ 90]LogOutputDevice: Error: [Callstack] 0x00007ff758b437b6 AnimeWolfyServer.exe!UnknownFunction []
[2019.01.29-21.43.58:984][ 90]LogOutputDevice: Error: [Callstack] 0x00007ff758b557f9 AnimeWolfyServer.exe!UnknownFunction []
[2019.01.29-21.43.58:985][ 90]LogOutputDevice: Error: [Callstack] 0x00007ff75b593633 AnimeWolfyServer.exe!UnknownFunction []
[2019.01.29-21.43.58:985][ 90]LogOutputDevice: Error: [Callstack] 0x00007ff75b597b18 AnimeWolfyServer.exe!UnknownFunction []
[2019.01.29-21.43.58:986][ 90]LogOutputDevice: Error: [Callstack] 0x00007ff75af2e20f AnimeWolfyServer.exe!UnknownFunction []
[2019.01.29-21.43.58:986][ 90]LogOutputDevice: Error: [Callstack] 0x00007ff75af36c32 AnimeWolfyServer.exe!UnknownFunction []
[2019.01.29-21.43.58:987][ 90]LogOutputDevice: Error: [Callstack] 0x00007ff75ada0880 AnimeWolfyServer.exe!UnknownFunction []
[2019.01.29-21.43.58:987][ 90]LogOutputDevice: Error: [Callstack] 0x00007ff758629185 AnimeWolfyServer.exe!UnknownFunction []
[2019.01.29-21.43.58:988][ 90]LogOutputDevice: Error: [Callstack] 0x00007ff758636070 AnimeWolfyServer.exe!UnknownFunction []
[2019.01.29-21.43.58:988][ 90]LogOutputDevice: Error: [Callstack] 0x00007ff7586360fa AnimeWolfyServer.exe!UnknownFunction []
[2019.01.29-21.43.58:988][ 90]LogOutputDevice: Error: [Callstack] 0x00007ff758642811 AnimeWolfyServer.exe!UnknownFunction []
[2019.01.29-21.43.58:992][ 90]LogOutputDevice: Error: [Callstack] 0x00007ff75c740182 AnimeWolfyServer.exe!UnknownFunction []
[2019.01.29-21.43.58:992][ 90]LogOutputDevice: Error: [Callstack] 0x00007ff894ae7e94 KERNEL32.DLL!UnknownFunction []
[2019.01.29-21.43.58:993][ 90]LogOutputDevice: Error: [Callstack] 0x00007ff896f3a251 ntdll.dll!UnknownFunction []
[2019.01.29-21.43.58:993][ 90]LogOutputDevice: Error: 
[2019.01.29-21.43.59:005][ 90]LogStats:                SubmitErrorReport -  0.000 s
[2019.01.29-21.43.59:101][ 90]LogWindows: Warning: CreateProc failed: Не удается найти указанный файл. (0x00000002)
[2019.01.29-21.43.59:103][ 90]LogWindows: Warning: URL: ../../../Engine/Binaries/Win64/CrashReportClient.exe "D:/Studing/PRojects/NetworkUE4/Builds/WindowsNoEditor/AnimeWolfy/Saved/Crashes/UE4CC-Windows-C09294824D8CC293CEBC75802FFC91DB_0000" -Unattended -nullrhi -AppName=UE4-AnimeWolfy -CrashGUID=UE4CC-Windows-C09294824D8CC293CEBC75802FFC91DB_0000 -DebugSymbols=..\..\..\Engine\Intermediate\Symbols
[2019.01.29-21.43.59:104][ 90]LogStats:                    SendNewReport -  0.100 s
[2019.01.29-21.43.59:104][ 90]LogStats:             FDebug::EnsureFailed -  0.148 s
[2019.01.29-21.43.59:242][ 95]LogNet: NotifyAcceptingConnection accepted from: 127.0.0.1:57984
[2019.01.29-21.43.59:242][ 95]LogHandshake: SendConnectChallenge. Timestamp: 3.347749, Cookie: 161058161114035135013100238216166139069011093064074216233249
[2019.01.29-21.43.59:275][ 96]LogNet: NotifyAcceptingConnection accepted from: 127.0.0.1:57984
[2019.01.29-21.43.59:275][ 96]LogHandshake: SendChallengeAck. InCookie: 161058161114035135013100238216166139069011093064074216233249
[2019.01.29-21.43.59:276][ 96]LogNet: Server accepting post-challenge connection from: 127.0.0.1:57984
[2019.01.29-21.43.59:277][ 96]PacketHandlerLog: Loaded PacketHandler component: Engine.EngineHandlerComponentFactory (StatelessConnectHandlerComponent)
[2019.01.29-21.43.59:277][ 96]LogNet: NotifyAcceptedConnection: Name: TestMap, TimeStamp: 01/30/19 00:43:59, [UNetConnection] RemoteAddr: 127.0.0.1:57984, Name: IpConnection_0, Driver: GameNetDriver IpNetDriver_0, IsServer: YES, PC: NULL, Owner: NULL, UniqueId: INVALID
[2019.01.29-21.43.59:278][ 96]LogNet: AddClientConnection: Added client connection: [UNetConnection] RemoteAddr: 127.0.0.1:57984, Name: IpConnection_0, Driver: GameNetDriver IpNetDriver_0, IsServer: YES, PC: NULL, Owner: NULL, UniqueId: INVALID
[2019.01.29-21.43.59:308][ 97]LogNet: NotifyAcceptingChannel Control 0 server World /Game/Maps/TestMap.TestMap: Accepted
[2019.01.29-21.43.59:309][ 97]LogNet: Remote platform little endian=1
[2019.01.29-21.43.59:315][ 97]LogNet: This platform little endian=1
[2019.01.29-21.43.59:317][ 97]LogNetVersion: AnimeWolfy 1.0.0.0, NetCL: 0, EngineNetVer: 5, GameNetVer: 0 (Checksum: 632502508)
[2019.01.29-21.43.59:341][ 98]LogNet: Login request: /Game/Maps/EntryMap?Name=DESKTOP-PF2V43L-E78B90124631ACEEB671A49CB224C641 userId: NULL:DESKTOP-PF2V43L-E78B90124631ACEEB671A49CB224C641 platform: NULL
[2019.01.29-21.43.59:374][ 99]LogNet: Client netspeed is 10000
[2019.01.29-21.43.59:441][101]LogNet: Join request: /Game/Maps/EntryMap?Name=DESKTOP-PF2V43L-E78B90124631ACEEB671A49CB224C641?SplitscreenCount=1
[2019.01.29-21.43.59:441][101]LogOnlineSession: Warning: OSS: No game present to join for session (GameSession)
[2019.01.29-21.43.59:443][101]LogBlueprintUserMessages: [MultGameMode_C_0] Hello Kek!
[2019.01.29-21.43.59:445][101]LogNet: Join succeeded: DESKTOP-PF2V43L-E78B
[2019.01.29-21.43.59:506][103]LogNetPackageMap: Warning: FNetGUIDCache::SupportsObject: MaterialInstanceDynamic /Game/Maps/TestMap.TestMap:PersistentLevel.Wolfy_Char_C_0.CharacterMesh0.MaterialInstanceDynamic_0 NOT Supported.
[2019.01.29-21.43.59:572][105]LogBlueprintUserMessages: [MultGameMode_C_0] 1
[2019.01.29-21.43.59:672][108]LogBlueprintUserMessages: [MultGameMode_C_0] 1
[2019.01.29-21.43.59:771][111]LogBlueprintUserMessages: [MultGameMode_C_0] 1
[2019.01.29-21.43.59:873][114]LogBlueprintUserMessages: [MultGameMode_C_0] 1
[2019.01.29-21.43.59:971][117]LogBlueprintUserMessages: [MultGameMode_C_0] 1
[2019.01.29-21.44.00:070][120]LogBlueprintUserMessages: [MultGameMode_C_0] 1
[2019.01.29-21.44.00:170][123]LogBlueprintUserMessages: [MultGameMode_C_0] 1
[2019.01.29-21.44.00:268][126]LogBlueprintUserMessages: [MultGameMode_C_0] 1
[2019.01.29-21.44.00:369][129]LogBlueprintUserMessages: [MultGameMode_C_0] 1
[2019.01.29-21.44.00:468][132]LogBlueprintUserMessages: [MultGameMode_C_0] 1
[2019.01.29-21.44.00:567][135]LogBlueprintUserMessages: [MultGameMode_C_0] 1
[2019.01.29-21.44.00:667][138]LogBlueprintUserMessages: [MultGameMode_C_0] 1
[2019.01.29-21.44.00:766][141]LogBlueprintUserMessages: [MultGameMode_C_0] 1
[2019.01.29-21.44.00:867][144]LogBlueprintUserMessages: [MultGameMode_C_0] 1
[2019.01.29-21.44.00:965][147]LogBlueprintUserMessages: [MultGameMode_C_0] 1
[2019.01.29-21.44.01:097][151]LogBlueprintUserMessages: [MultGameMode_C_0] 1
[2019.01.29-21.44.01:196][154]LogBlueprintUserMessages: [MultGameMode_C_0] 1
[2019.01.29-21.44.01:263][156]LogBlueprintUserMessages: [MultGameMode_C_0] 1
[2019.01.29-21.44.01:363][159]LogBlueprintUserMessages: [MultGameMode_C_0] 1
[2019.01.29-21.44.01:463][162]LogBlueprintUserMessages: [MultGameMode_C_0] 1
[2019.01.29-21.44.01:595][166]LogBlueprintUserMessages: [MultGameMode_C_0] 1
[2019.01.29-21.44.01:695][169]LogBlueprintUserMessages: [MultGameMode_C_0] 1
[2019.01.29-21.44.01:762][171]LogBlueprintUserMessages: [MultGameMode_C_0] 1
[2019.01.29-21.44.01:861][174]LogBlueprintUserMessages: [MultGameMode_C_0] 1
[2019.01.29-21.44.01:960][177]LogBlueprintUserMessages: [MultGameMode_C_0] 1
[2019.01.29-21.44.02:092][181]LogBlueprintUserMessages: [MultGameMode_C_0] 1
[2019.01.29-21.44.02:191][184]LogBlueprintUserMessages: [MultGameMode_C_0] 1
[2019.01.29-21.44.02:290][187]LogBlueprintUserMessages: [MultGameMode_C_0] 1
[2019.01.29-21.44.02:390][190]LogBlueprintUserMessages: [MultGameMode_C_0] 1
[2019.01.29-21.44.02:457][192]LogBlueprintUserMessages: [MultGameMode_C_0] 1
[2019.01.29-21.44.02:589][196]LogBlueprintUserMessages: [MultGameMode_C_0] 1
[2019.01.29-21.44.02:688][199]LogBlueprintUserMessages: [MultGameMode_C_0] 1
[2019.01.29-21.44.02:787][202]LogBlueprintUserMessages: [MultGameMode_C_0] 1
[2019.01.29-21.44.02:887][205]LogBlueprintUserMessages: [MultGameMode_C_0] 1
[2019.01.29-21.44.02:986][208]LogBlueprintUserMessages: [MultGameMode_C_0] 1
[2019.01.29-21.44.03:086][211]LogBlueprintUserMessages: [MultGameMode_C_0] 1
[2019.01.29-21.44.03:185][214]LogBlueprintUserMessages: [MultGameMode_C_0] 1
[2019.01.29-21.44.03:285][217]LogBlueprintUserMessages: [MultGameMode_C_0] 1
[2019.01.29-21.44.03:383][220]LogBlueprintUserMessages: [MultGameMode_C_0] 1
[2019.01.29-21.44.03:483][223]LogBlueprintUserMessages: [MultGameMode_C_0] 1
[2019.01.29-21.44.03:583][226]LogBlueprintUserMessages: [MultGameMode_C_0] 1
[2019.01.29-21.44.03:682][229]LogBlueprintUserMessages: [MultGameMode_C_0] 1
[2019.01.29-21.44.03:782][232]LogBlueprintUserMessages: [MultGameMode_C_0] 1
[2019.01.29-21.44.03:881][235]LogBlueprintUserMessages: [MultGameMode_C_0] 1
[2019.01.29-21.44.03:981][238]LogBlueprintUserMessages: [MultGameMode_C_0] 1
[2019.01.29-21.44.04:081][241]LogBlueprintUserMessages: [MultGameMode_C_0] 1
[2019.01.29-21.44.04:179][244]LogBlueprintUserMessages: [MultGameMode_C_0] 1
[2019.01.29-21.44.04:278][247]LogBlueprintUserMessages: [MultGameMode_C_0] 1
[2019.01.29-21.44.04:378][250]LogBlueprintUserMessages: [MultGameMode_C_0] 1
[2019.01.29-21.44.04:477][253]LogBlueprintUserMessages: [MultGameMode_C_0] 1
[2019.01.29-21.44.04:576][256]LogBlueprintUserMessages: [MultGameMode_C_0] 1
[2019.01.29-21.44.04:675][259]LogBlueprintUserMessages: [MultGameMode_C_0] 1
[2019.01.29-21.44.04:774][262]LogBlueprintUserMessages: [MultGameMode_C_0] 1
[2019.01.29-21.44.04:874][265]LogBlueprintUserMessages: [MultGameMode_C_0] 1
[2019.01.29-21.44.04:974][268]LogBlueprintUserMessages: [MultGameMode_C_0] 1
[2019.01.29-21.44.05:073][271]LogBlueprintUserMessages: [MultGameMode_C_0] 1
[2019.01.29-21.44.05:172][274]LogBlueprintUserMessages: [MultGameMode_C_0] 1
[2019.01.29-21.44.05:271][277]LogBlueprintUserMessages: [MultGameMode_C_0] 1
[2019.01.29-21.44.05:370][280]LogBlueprintUserMessages: [MultGameMode_C_0] 1
[2019.01.29-21.44.05:469][283]LogBlueprintUserMessages: [MultGameMode_C_0] 1
[2019.01.29-21.44.05:568][286]LogBlueprintUserMessages: [MultGameMode_C_0] 1
[2019.01.29-21.44.05:668][289]LogBlueprintUserMessages: [MultGameMode_C_0] 1
[2019.01.29-21.44.05:767][292]LogBlueprintUserMessages: [MultGameMode_C_0] 1
[2019.01.29-21.44.05:866][295]LogBlueprintUserMessages: [MultGameMode_C_0] 1
[2019.01.29-21.44.05:967][298]LogBlueprintUserMessages: [MultGameMode_C_0] 1
[2019.01.29-21.44.06:098][302]LogBlueprintUserMessages: [MultGameMode_C_0] 1
[2019.01.29-21.44.06:165][304]LogBlueprintUserMessages: [MultGameMode_C_0] 1
[2019.01.29-21.44.06:264][307]LogBlueprintUserMessages: [MultGameMode_C_0] 1
[2019.01.29-21.44.06:363][310]LogBlueprintUserMessages: [MultGameMode_C_0] 1
[2019.01.29-21.44.06:463][313]LogBlueprintUserMessages: [MultGameMode_C_0] 1
[2019.01.29-21.44.06:594][317]LogBlueprintUserMessages: [MultGameMode_C_0] 1
[2019.01.29-21.44.06:694][320]LogBlueprintUserMessages: [MultGameMode_C_0] 1
[2019.01.29-21.44.06:761][322]LogBlueprintUserMessages: [MultGameMode_C_0] 1
[2019.01.29-21.44.06:860][325]LogBlueprintUserMessages: [MultGameMode_C_0] 1
[2019.01.29-21.44.06:960][328]LogBlueprintUserMessages: [MultGameMode_C_0] 1
[2019.01.29-21.44.07:092][332]LogBlueprintUserMessages: [MultGameMode_C_0] 1
[2019.01.29-21.44.07:191][335]LogBlueprintUserMessages: [MultGameMode_C_0] 1
[2019.01.29-21.44.07:290][338]LogBlueprintUserMessages: [MultGameMode_C_0] 1
[2019.01.29-21.44.07:389][341]LogBlueprintUserMessages: [MultGameMode_C_0] 1
[2019.01.29-21.44.07:454][343]LogBlueprintUserMessages: [MultGameMode_C_0] 1
[2019.01.29-21.44.07:588][347]LogBlueprintUserMessages: [MultGameMode_C_0] 1
[2019.01.29-21.44.07:686][350]LogBlueprintUserMessages: [MultGameMode_C_0] 1
[2019.01.29-21.44.07:785][353]LogBlueprintUserMessages: [MultGameMode_C_0] 1
[2019.01.29-21.44.07:884][356]LogBlueprintUserMessages: [MultGameMode_C_0] 1
[2019.01.29-21.44.07:983][359]LogBlueprintUserMessages: [MultGameMode_C_0] 1
[2019.01.29-21.44.08:082][362]LogBlueprintUserMessages: [MultGameMode_C_0] 1
[2019.01.29-21.44.08:181][365]LogBlueprintUserMessages: [MultGameMode_C_0] 1
[2019.01.29-21.44.08:281][368]LogBlueprintUserMessages: [MultGameMode_C_0] 1
[2019.01.29-21.44.08:380][371]LogBlueprintUserMessages: [MultGameMode_C_0] 1
[2019.01.29-21.44.08:479][374]LogBlueprintUserMessages: [MultGameMode_C_0] 1
[2019.01.29-21.44.08:577][377]LogBlueprintUserMessages: [MultGameMode_C_0] 1
[2019.01.29-21.44.08:678][380]LogBlueprintUserMessages: [MultGameMode_C_0] 1
[2019.01.29-21.44.08:776][383]LogBlueprintUserMessages: [MultGameMode_C_0] 1
[2019.01.29-21.44.08:875][386]LogBlueprintUserMessages: [MultGameMode_C_0] 1
[2019.01.29-21.44.08:974][389]LogBlueprintUserMessages: [MultGameMode_C_0] 1
[2019.01.29-21.44.09:074][392]LogBlueprintUserMessages: [MultGameMode_C_0] 1
[2019.01.29-21.44.09:174][395]LogBlueprintUserMessages: [MultGameMode_C_0] 1
[2019.01.29-21.44.09:274][398]LogBlueprintUserMessages: [MultGameMode_C_0] 1
[2019.01.29-21.44.09:374][401]LogBlueprintUserMessages: [MultGameMode_C_0] 1
[2019.01.29-21.44.09:473][404]LogBlueprintUserMessages: [MultGameMode_C_0] 1
[2019.01.29-21.44.09:572][407]LogBlueprintUserMessages: [MultGameMode_C_0] 1
[2019.01.29-21.44.09:671][410]LogBlueprintUserMessages: [MultGameMode_C_0] 1
[2019.01.29-21.44.09:770][413]LogBlueprintUserMessages: [MultGameMode_C_0] 1
[2019.01.29-21.44.09:869][416]LogBlueprintUserMessages: [MultGameMode_C_0] 1
[2019.01.29-21.44.09:968][419]LogBlueprintUserMessages: [MultGameMode_C_0] 1
[2019.01.29-21.44.10:101][423]LogBlueprintUserMessages: [MultGameMode_C_0] 1
[2019.01.29-21.44.10:167][425]LogBlueprintUserMessages: [MultGameMode_C_0] 1
[2019.01.29-21.44.10:266][428]LogBlueprintUserMessages: [MultGameMode_C_0] 1
[2019.01.29-21.44.10:365][431]LogBlueprintUserMessages: [MultGameMode_C_0] 1
[2019.01.29-21.44.10:464][434]LogBlueprintUserMessages: [MultGameMode_C_0] 1
[2019.01.29-21.44.10:597][438]LogBlueprintUserMessages: [MultGameMode_C_0] 1
[2019.01.29-21.44.10:697][441]LogBlueprintUserMessages: [MultGameMode_C_0] 1
[2019.01.29-21.44.10:762][443]LogBlueprintUserMessages: [MultGameMode_C_0] 1
[2019.01.29-21.44.10:861][446]LogBlueprintUserMessages: [MultGameMode_C_0] 1
[2019.01.29-21.44.10:961][449]LogBlueprintUserMessages: [MultGameMode_C_0] 1
[2019.01.29-21.44.11:094][453]LogBlueprintUserMessages: [MultGameMode_C_0] 1
[2019.01.29-21.44.11:195][456]LogBlueprintUserMessages: [MultGameMode_C_0] 1
[2019.01.29-21.44.11:261][458]LogBlueprintUserMessages: [MultGameMode_C_0] 1
[2019.01.29-21.44.11:361][461]LogBlueprintUserMessages: [MultGameMode_C_0] 1
[2019.01.29-21.44.11:460][464]LogBlueprintUserMessages: [MultGameMode_C_0] 1
[2019.01.29-21.44.11:593][468]LogBlueprintUserMessages: [MultGameMode_C_0] 1
[2019.01.29-21.44.11:692][471]LogBlueprintUserMessages: [MultGameMode_C_0] 1
[2019.01.29-21.44.11:791][474]LogBlueprintUserMessages: [MultGameMode_C_0] 1
[2019.01.29-21.44.11:858][476]LogBlueprintUserMessages: [MultGameMode_C_0] 1
[2019.01.29-21.44.11:958][479]LogBlueprintUserMessages: [MultGameMode_C_0] 1
[2019.01.29-21.44.12:091][483]LogBlueprintUserMessages: [MultGameMode_C_0] 1
[2019.01.29-21.44.12:190][486]LogBlueprintUserMessages: [MultGameMode_C_0] 1
[2019.01.29-21.44.12:289][489]LogBlueprintUserMessages: [MultGameMode_C_0] 1
[2019.01.29-21.44.12:389][492]LogBlueprintUserMessages: [MultGameMode_C_0] 1
[2019.01.29-21.44.12:456][494]LogBlueprintUserMessages: [MultGameMode_C_0] 1
[2019.01.29-21.44.12:590][498]LogBlueprintUserMessages: [MultGameMode_C_0] 1
[2019.01.29-21.44.12:689][501]LogBlueprintUserMessages: [MultGameMode_C_0] 1
[2019.01.29-21.44.12:788][504]LogBlueprintUserMessages: [MultGameMode_C_0] 1
[2019.01.29-21.44.12:888][507]LogBlueprintUserMessages: [MultGameMode_C_0] 1
[2019.01.29-21.44.12:987][510]LogBlueprintUserMessages: [MultGameMode_C_0] 1
[2019.01.29-21.44.13:087][513]LogBlueprintUserMessages: [MultGameMode_C_0] 1
[2019.01.29-21.44.13:186][516]LogBlueprintUserMessages: [MultGameMode_C_0] 1
[2019.01.29-21.44.13:285][519]LogBlueprintUserMessages: [MultGameMode_C_0] 1
[2019.01.29-21.44.13:384][522]LogBlueprintUserMessages: [MultGameMode_C_0] 1
[2019.01.29-21.44.13:483][525]LogBlueprintUserMessages: [MultGameMode_C_0] 1
[2019.01.29-21.44.13:582][528]LogBlueprintUserMessages: [MultGameMode_C_0] 1
[2019.01.29-21.44.13:681][531]LogBlueprintUserMessages: [MultGameMode_C_0] 1
[2019.01.29-21.44.13:781][534]LogBlueprintUserMessages: [MultGameMode_C_0] 1
[2019.01.29-21.44.13:880][537]LogBlueprintUserMessages: [MultGameMode_C_0] 1
[2019.01.29-21.44.13:981][540]LogBlueprintUserMessages: [MultGameMode_C_0] 1
[2019.01.29-21.44.14:081][543]LogBlueprintUserMessages: [MultGameMode_C_0] 1
[2019.01.29-21.44.14:181][546]LogBlueprintUserMessages: [MultGameMode_C_0] 1
[2019.01.29-21.44.14:280][549]LogBlueprintUserMessages: [MultGameMode_C_0] 1
[2019.01.29-21.44.14:379][552]LogBlueprintUserMessages: [MultGameMode_C_0] 1
[2019.01.29-21.44.14:479][555]LogBlueprintUserMessages: [MultGameMode_C_0] 1
[2019.01.29-21.44.14:579][558]LogBlueprintUserMessages: [MultGameMode_C_0] 1
[2019.01.29-21.44.14:678][561]LogBlueprintUserMessages: [MultGameMode_C_0] 1
[2019.01.29-21.44.14:777][564]LogBlueprintUserMessages: [MultGameMode_C_0] 1
[2019.01.29-21.44.14:876][567]LogBlueprintUserMessages: [MultGameMode_C_0] 1
[2019.01.29-21.44.14:976][570]LogBlueprintUserMessages: [MultGameMode_C_0] 1
[2019.01.29-21.44.15:075][573]LogBlueprintUserMessages: [MultGameMode_C_0] 1
[2019.01.29-21.44.15:174][576]LogBlueprintUserMessages: [MultGameMode_C_0] 1
[2019.01.29-21.44.15:273][579]LogBlueprintUserMessages: [MultGameMode_C_0] 1
[2019.01.29-21.44.15:372][582]LogBlueprintUserMessages: [MultGameMode_C_0] 1
[2019.01.29-21.44.15:472][585]LogBlueprintUserMessages: [MultGameMode_C_0] 1
[2019.01.29-21.44.15:571][588]LogBlueprintUserMessages: [MultGameMode_C_0] 1
[2019.01.29-21.44.15:669][591]LogBlueprintUserMessages: [MultGameMode_C_0] 1
[2019.01.29-21.44.15:768][594]LogBlueprintUserMessages: [MultGameMode_C_0] 1
[2019.01.29-21.44.15:867][597]LogBlueprintUserMessages: [MultGameMode_C_0] 1
[2019.01.29-21.44.15:969][600]LogBlueprintUserMessages: [MultGameMode_C_0] 1
[2019.01.29-21.44.16:100][604]LogBlueprintUserMessages: [MultGameMode_C_0] 1
[2019.01.29-21.44.16:166][606]LogBlueprintUserMessages: [MultGameMode_C_0] 1
[2019.01.29-21.44.16:265][609]LogBlueprintUserMessages: [MultGameMode_C_0] 1
[2019.01.29-21.44.16:365][612]LogBlueprintUserMessages: [MultGameMode_C_0] 1
[2019.01.29-21.44.16:464][615]LogBlueprintUserMessages: [MultGameMode_C_0] 1
[2019.01.29-21.44.16:597][619]LogBlueprintUserMessages: [MultGameMode_C_0] 1
[2019.01.29-21.44.16:695][622]LogBlueprintUserMessages: [MultGameMode_C_0] 1
[2019.01.29-21.44.16:762][624]LogBlueprintUserMessages: [MultGameMode_C_0] 1
[2019.01.29-21.44.16:861][627]LogBlueprintUserMessages: [MultGameMode_C_0] 1
[2019.01.29-21.44.16:960][630]LogBlueprintUserMessages: [MultGameMode_C_0] 1
[2019.01.29-21.44.17:092][634]LogBlueprintUserMessages: [MultGameMode_C_0] 1
[2019.01.29-21.44.17:192][637]LogBlueprintUserMessages: [MultGameMode_C_0] 1
[2019.01.29-21.44.17:290][640]LogBlueprintUserMessages: [MultGameMode_C_0] 1
[2019.01.29-21.44.17:389][643]LogBlueprintUserMessages: [MultGameMode_C_0] 1
[2019.01.29-21.44.17:456][645]LogBlueprintUserMessages: [MultGameMode_C_0] 1
[2019.01.29-21.44.17:589][649]LogBlueprintUserMessages: [MultGameMode_C_0] 1
[2019.01.29-21.44.17:687][652]LogBlueprintUserMessages: [MultGameMode_C_0] 1
[2019.01.29-21.44.17:788][655]LogBlueprintUserMessages: [MultGameMode_C_0] 1
[2019.01.29-21.44.17:887][658]LogBlueprintUserMessages: [MultGameMode_C_0] 1
[2019.01.29-21.44.17:985][661]LogBlueprintUserMessages: [MultGameMode_C_0] 1
[2019.01.29-21.44.18:086][664]LogBlueprintUserMessages: [MultGameMode_C_0] 1
[2019.01.29-21.44.18:185][667]LogBlueprintUserMessages: [MultGameMode_C_0] 1
[2019.01.29-21.44.18:285][670]LogBlueprintUserMessages: [MultGameMode_C_0] 1
[2019.01.29-21.44.18:383][673]LogBlueprintUserMessages: [MultGameMode_C_0] 1
[2019.01.29-21.44.18:484][676]LogBlueprintUserMessages: [MultGameMode_C_0] 1
[2019.01.29-21.44.18:584][679]LogBlueprintUserMessages: [MultGameMode_C_0] 1
[2019.01.29-21.44.18:685][682]LogBlueprintUserMessages: [MultGameMode_C_0] 1
[2019.01.29-21.44.18:785][685]LogBlueprintUserMessages: [MultGameMode_C_0] 1
[2019.01.29-21.44.18:884][688]LogBlueprintUserMessages: [MultGameMode_C_0] 1
[2019.01.29-21.44.18:983][691]LogBlueprintUserMessages: [MultGameMode_C_0] 1
[2019.01.29-21.44.19:084][694]LogBlueprintUserMessages: [MultGameMode_C_0] 1
[2019.01.29-21.44.19:184][697]LogBlueprintUserMessages: [MultGameMode_C_0] 1
[2019.01.29-21.44.19:283][700]LogBlueprintUserMessages: [MultGameMode_C_0] 1
[2019.01.29-21.44.19:383][703]LogBlueprintUserMessages: [MultGameMode_C_0] 1
[2019.01.29-21.44.19:482][706]LogBlueprintUserMessages: [MultGameMode_C_0] 1
[2019.01.29-21.44.19:581][709]LogBlueprintUserMessages: [MultGameMode_C_0] 1
[2019.01.29-21.44.19:681][712]LogBlueprintUserMessages: [MultGameMode_C_0] 1
[2019.01.29-21.44.19:779][715]LogBlueprintUserMessages: [MultGameMode_C_0] 1
[2019.01.29-21.44.19:879][718]LogBlueprintUserMessages: [MultGameMode_C_0] 1
[2019.01.29-21.44.19:979][721]LogBlueprintUserMessages: [MultGameMode_C_0] 1
[2019.01.29-21.44.20:078][724]LogBlueprintUserMessages: [MultGameMode_C_0] 1
[2019.01.29-21.44.20:178][727]LogBlueprintUserMessages: [MultGameMode_C_0] 1
[2019.01.29-21.44.20:278][730]LogBlueprintUserMessages: [MultGameMode_C_0] 1
[2019.01.29-21.44.20:377][733]LogBlueprintUserMessages: [MultGameMode_C_0] 1
[2019.01.29-21.44.20:475][736]LogBlueprintUserMessages: [MultGameMode_C_0] 1
[2019.01.29-21.44.20:574][739]LogBlueprintUserMessages: [MultGameMode_C_0] 1
[2019.01.29-21.44.20:674][742]LogBlueprintUserMessages: [MultGameMode_C_0] 1
[2019.01.29-21.44.20:773][745]LogBlueprintUserMessages: [MultGameMode_C_0] 1
[2019.01.29-21.44.20:873][748]LogBlueprintUserMessages: [MultGameMode_C_0] 1
[2019.01.29-21.44.20:972][751]LogBlueprintUserMessages: [MultGameMode_C_0] 1
[2019.01.29-21.44.21:071][754]LogBlueprintUserMessages: [MultGameMode_C_0] 1
[2019.01.29-21.44.21:171][757]LogBlueprintUserMessages: [MultGameMode_C_0] 1
[2019.01.29-21.44.21:270][760]LogBlueprintUserMessages: [MultGameMode_C_0] 1
[2019.01.29-21.44.21:370][763]LogBlueprintUserMessages: [MultGameMode_C_0] 1
[2019.01.29-21.44.21:468][766]LogBlueprintUserMessages: [MultGameMode_C_0] 1
[2019.01.29-21.44.21:600][770]LogBlueprintUserMessages: [MultGameMode_C_0] 1
[2019.01.29-21.44.21:667][772]LogBlueprintUserMessages: [MultGameMode_C_0] 1
[2019.01.29-21.44.21:766][775]LogBlueprintUserMessages: [MultGameMode_C_0] 1
[2019.01.29-21.44.21:865][778]LogBlueprintUserMessages: [MultGameMode_C_0] 1
[2019.01.29-21.44.21:964][781]LogBlueprintUserMessages: [MultGameMode_C_0] 1
[2019.01.29-21.44.22:095][785]LogBlueprintUserMessages: [MultGameMode_C_0] 1
[2019.01.29-21.44.22:194][788]LogBlueprintUserMessages: [MultGameMode_C_0] 1
[2019.01.29-21.44.22:293][791]LogBlueprintUserMessages: [MultGameMode_C_0] 1
[2019.01.29-21.44.22:359][793]LogBlueprintUserMessages: [MultGameMode_C_0] 1
[2019.01.29-21.44.22:458][796]LogBlueprintUserMessages: [MultGameMode_C_0] 1
[2019.01.29-21.44.22:592][800]LogBlueprintUserMessages: [MultGameMode_C_0] 1
[2019.01.29-21.44.22:692][803]LogBlueprintUserMessages: [MultGameMode_C_0] 1
[2019.01.29-21.44.22:790][806]LogBlueprintUserMessages: [MultGameMode_C_0] 1
[2019.01.29-21.44.22:890][809]LogBlueprintUserMessages: [MultGameMode_C_0] 1
[2019.01.29-21.44.22:957][811]LogBlueprintUserMessages: [MultGameMode_C_0] 1
[2019.01.29-21.44.23:089][815]LogBlueprintUserMessages: [MultGameMode_C_0] 1
[2019.01.29-21.44.23:189][818]LogBlueprintUserMessages: [MultGameMode_C_0] 1
[2019.01.29-21.44.23:288][821]LogBlueprintUserMessages: [MultGameMode_C_0] 1
[2019.01.29-21.44.23:387][824]LogBlueprintUserMessages: [MultGameMode_C_0] 1
[2019.01.29-21.44.23:487][827]LogBlueprintUserMessages: [MultGameMode_C_0] 1
[2019.01.29-21.44.23:587][830]LogBlueprintUserMessages: [MultGameMode_C_0] 1
[2019.01.29-21.44.23:687][833]LogBlueprintUserMessages: [MultGameMode_C_0] 1
[2019.01.29-21.44.23:787][836]LogBlueprintUserMessages: [MultGameMode_C_0] 1
[2019.01.29-21.44.23:887][839]LogBlueprintUserMessages: [MultGameMode_C_0] 1
[2019.01.29-21.44.23:986][842]LogBlueprintUserMessages: [MultGameMode_C_0] 1
[2019.01.29-21.44.24:085][845]LogBlueprintUserMessages: [MultGameMode_C_0] 1
[2019.01.29-21.44.24:186][848]LogBlueprintUserMessages: [MultGameMode_C_0] 1
[2019.01.29-21.44.24:285][851]LogBlueprintUserMessages: [MultGameMode_C_0] 1
[2019.01.29-21.44.24:385][854]LogBlueprintUserMessages: [MultGameMode_C_0] 1
[2019.01.29-21.44.24:485][857]LogBlueprintUserMessages: [MultGameMode_C_0] 1
[2019.01.29-21.44.24:585][860]LogBlueprintUserMessages: [MultGameMode_C_0] 1
[2019.01.29-21.44.24:684][863]LogBlueprintUserMessages: [MultGameMode_C_0] 1
[2019.01.29-21.44.24:783][866]LogBlueprintUserMessages: [MultGameMode_C_0] 1
[2019.01.29-21.44.24:882][869]LogBlueprintUserMessages: [MultGameMode_C_0] 1
[2019.01.29-21.44.24:982][872]LogBlueprintUserMessages: [MultGameMode_C_0] 1
[2019.01.29-21.44.25:082][875]LogBlueprintUserMessages: [MultGameMode_C_0] 1
[2019.01.29-21.44.25:181][878]LogBlueprintUserMessages: [MultGameMode_C_0] 1
[2019.01.29-21.44.25:280][881]LogBlueprintUserMessages: [MultGameMode_C_0] 1
[2019.01.29-21.44.25:379][884]LogBlueprintUserMessages: [MultGameMode_C_0] 1
[2019.01.29-21.44.25:478][887]LogBlueprintUserMessages: [MultGameMode_C_0] 1
[2019.01.29-21.44.25:579][890]LogBlueprintUserMessages: [MultGameMode_C_0] 1
[2019.01.29-21.44.25:678][893]LogBlueprintUserMessages: [MultGameMode_C_0] 1
[2019.01.29-21.44.25:777][896]LogBlueprintUserMessages: [MultGameMode_C_0] 1
[2019.01.29-21.44.25:876][899]LogBlueprintUserMessages: [MultGameMode_C_0] 1
[2019.01.29-21.44.25:975][902]LogBlueprintUserMessages: [MultGameMode_C_0] 1
[2019.01.29-21.44.26:075][905]LogBlueprintUserMessages: [MultGameMode_C_0] 1
[2019.01.29-21.44.26:173][908]LogBlueprintUserMessages: [MultGameMode_C_0] 1
[2019.01.29-21.44.26:273][911]LogBlueprintUserMessages: [MultGameMode_C_0] 1
[2019.01.29-21.44.26:372][914]LogBlueprintUserMessages: [MultGameMode_C_0] 1
[2019.01.29-21.44.26:472][917]LogBlueprintUserMessages: [MultGameMode_C_0] 1
[2019.01.29-21.44.26:571][920]LogBlueprintUserMessages: [MultGameMode_C_0] 1
[2019.01.29-21.44.26:670][923]LogBlueprintUserMessages: [MultGameMode_C_0] 1
[2019.01.29-21.44.26:769][926]LogBlueprintUserMessages: [MultGameMode_C_0] 1
[2019.01.29-21.44.26:868][929]LogBlueprintUserMessages: [MultGameMode_C_0] 1
[2019.01.29-21.44.26:967][932]LogBlueprintUserMessages: [MultGameMode_C_0] 1
[2019.01.29-21.44.27:100][936]LogBlueprintUserMessages: [MultGameMode_C_0] 1
[2019.01.29-21.44.27:166][938]LogBlueprintUserMessages: [MultGameMode_C_0] 1
[2019.01.29-21.44.27:266][941]LogBlueprintUserMessages: [MultGameMode_C_0] 1
[2019.01.29-21.44.27:366][944]LogBlueprintUserMessages: [MultGameMode_C_0] 1
[2019.01.29-21.44.27:466][947]LogBlueprintUserMessages: [MultGameMode_C_0] 1
[2019.01.29-21.44.27:598][951]LogBlueprintUserMessages: [MultGameMode_C_0] 1
[2019.01.29-21.44.27:698][954]LogBlueprintUserMessages: [MultGameMode_C_0] 1
[2019.01.29-21.44.27:764][956]LogBlueprintUserMessages: [MultGameMode_C_0] 1
[2019.01.29-21.44.27:864][959]LogBlueprintUserMessages: [MultGameMode_C_0] 1
[2019.01.29-21.44.27:962][962]LogBlueprintUserMessages: [MultGameMode_C_0] 1
[2019.01.29-21.44.28:095][966]LogBlueprintUserMessages: [MultGameMode_C_0] 1
[2019.01.29-21.44.28:195][969]LogBlueprintUserMessages: [MultGameMode_C_0] 1
[2019.01.29-21.44.28:263][971]LogBlueprintUserMessages: [MultGameMode_C_0] 1
[2019.01.29-21.44.28:361][974]LogBlueprintUserMessages: [MultGameMode_C_0] 1
[2019.01.29-21.44.28:461][977]LogBlueprintUserMessages: [MultGameMode_C_0] 1
[2019.01.29-21.44.28:595][981]LogBlueprintUserMessages: [MultGameMode_C_0] 1
[2019.01.29-21.44.28:694][984]LogBlueprintUserMessages: [MultGameMode_C_0] 1
[2019.01.29-21.44.28:795][987]LogBlueprintUserMessages: [MultGameMode_C_0] 1
[2019.01.29-21.44.28:862][989]LogBlueprintUserMessages: [MultGameMode_C_0] 1
[2019.01.29-21.44.28:960][992]LogBlueprintUserMessages: [MultGameMode_C_0] 1
[2019.01.29-21.44.29:092][996]LogBlueprintUserMessages: [MultGameMode_C_0] 1
[2019.01.29-21.44.29:192][999]LogBlueprintUserMessages: [MultGameMode_C_0] 1
[2019.01.29-21.44.29:291][  2]LogBlueprintUserMessages: [MultGameMode_C_0] 1
[2019.01.29-21.44.29:391][  5]LogBlueprintUserMessages: [MultGameMode_C_0] 1
[2019.01.29-21.44.29:457][  7]LogBlueprintUserMessages: [MultGameMode_C_0] 1
[2019.01.29-21.44.29:591][ 11]LogBlueprintUserMessages: [MultGameMode_C_0] 1
[2019.01.29-21.44.29:689][ 14]LogBlueprintUserMessages: [MultGameMode_C_0] 1
[2019.01.29-21.44.29:789][ 17]LogBlueprintUserMessages: [MultGameMode_C_0] 1
[2019.01.29-21.44.29:888][ 20]LogBlueprintUserMessages: [MultGameMode_C_0] 1
[2019.01.29-21.44.29:988][ 23]LogBlueprintUserMessages: [MultGameMode_C_0] 1
[2019.01.29-21.44.30:087][ 26]LogBlueprintUserMessages: [MultGameMode_C_0] 1
[2019.01.29-21.44.30:186][ 29]LogBlueprintUserMessages: [MultGameMode_C_0] 1
[2019.01.29-21.44.30:285][ 32]LogBlueprintUserMessages: [MultGameMode_C_0] 1
[2019.01.29-21.44.30:384][ 35]LogBlueprintUserMessages: [MultGameMode_C_0] 1
[2019.01.29-21.44.30:484][ 38]LogBlueprintUserMessages: [MultGameMode_C_0] 1
[2019.01.29-21.44.30:584][ 41]LogBlueprintUserMessages: [MultGameMode_C_0] 1
[2019.01.29-21.44.30:682][ 44]LogBlueprintUserMessages: [MultGameMode_C_0] 1
[2019.01.29-21.44.30:781][ 47]LogBlueprintUserMessages: [MultGameMode_C_0] 1
[2019.01.29-21.44.30:881][ 50]LogBlueprintUserMessages: [MultGameMode_C_0] 1
[2019.01.29-21.44.30:980][ 53]LogBlueprintUserMessages: [MultGameMode_C_0] 1
[2019.01.29-21.44.31:080][ 56]LogBlueprintUserMessages: [MultGameMode_C_0] 1
[2019.01.29-21.44.31:179][ 59]LogBlueprintUserMessages: [MultGameMode_C_0] 1
[2019.01.29-21.44.31:279][ 62]LogBlueprintUserMessages: [MultGameMode_C_0] 1
[2019.01.29-21.44.31:378][ 65]LogBlueprintUserMessages: [MultGameMode_C_0] 1
[2019.01.29-21.44.31:479][ 68]LogBlueprintUserMessages: [MultGameMode_C_0] 1
[2019.01.29-21.44.31:578][ 71]LogBlueprintUserMessages: [MultGameMode_C_0] 1
[2019.01.29-21.44.31:676][ 74]LogBlueprintUserMessages: [MultGameMode_C_0] 1
[2019.01.29-21.44.31:775][ 77]LogBlueprintUserMessages: [MultGameMode_C_0] 1
[2019.01.29-21.44.31:875][ 80]LogBlueprintUserMessages: [MultGameMode_C_0] 1
[2019.01.29-21.44.31:975][ 83]LogBlueprintUserMessages: [MultGameMode_C_0] 1
[2019.01.29-21.44.32:074][ 86]LogBlueprintUserMessages: [MultGameMode_C_0] 1
[2019.01.29-21.44.32:173][ 89]LogBlueprintUserMessages: [MultGameMode_C_0] 1
[2019.01.29-21.44.32:272][ 92]LogBlueprintUserMessages: [MultGameMode_C_0] 1
[2019.01.29-21.44.32:371][ 95]LogBlueprintUserMessages: [MultGameMode_C_0] 1
[2019.01.29-21.44.32:471][ 98]LogBlueprintUserMessages: [MultGameMode_C_0] 1
[2019.01.29-21.44.32:572][101]LogBlueprintUserMessages: [MultGameMode_C_0] 1
[2019.01.29-21.44.32:672][104]LogBlueprintUserMessages: [MultGameMode_C_0] 1
[2019.01.29-21.44.32:770][107]LogBlueprintUserMessages: [MultGameMode_C_0] 1
[2019.01.29-21.44.32:870][110]LogBlueprintUserMessages: [MultGameMode_C_0] 1
[2019.01.29-21.44.32:971][113]LogBlueprintUserMessages: [MultGameMode_C_0] 1
[2019.01.29-21.44.33:070][116]LogBlueprintUserMessages: [MultGameMode_C_0] 1
[2019.01.29-21.44.33:169][119]LogBlueprintUserMessages: [MultGameMode_C_0] 1
[2019.01.29-21.44.33:268][122]LogBlueprintUserMessages: [MultGameMode_C_0] 1
[2019.01.29-21.44.33:369][125]LogBlueprintUserMessages: [MultGameMode_C_0] 1
[2019.01.29-21.44.33:469][128]LogBlueprintUserMessages: [MultGameMode_C_0] 1
[2019.01.29-21.44.33:569][131]LogBlueprintUserMessages: [MultGameMode_C_0] 1
[2019.01.29-21.44.33:668][134]LogBlueprintUserMessages: [MultGameMode_C_0] 1
[2019.01.29-21.44.33:768][137]LogBlueprintUserMessages: [MultGameMode_C_0] 1
[2019.01.29-21.44.33:868][140]LogBlueprintUserMessages: [MultGameMode_C_0] 1
[2019.01.29-21.44.33:969][143]LogBlueprintUserMessages: [MultGameMode_C_0] 1
[2019.01.29-21.44.34:100][147]LogBlueprintUserMessages: [MultGameMode_C_0] 1
[2019.01.29-21.44.34:167][149]LogBlueprintUserMessages: [MultGameMode_C_0] 1
[2019.01.29-21.44.34:266][152]LogBlueprintUserMessages: [MultGameMode_C_0] 1
[2019.01.29-21.44.34:366][155]LogBlueprintUserMessages: [MultGameMode_C_0] 1
[2019.01.29-21.44.34:466][158]LogBlueprintUserMessages: [MultGameMode_C_0] 1
[2019.01.29-21.44.34:598][162]LogBlueprintUserMessages: [MultGameMode_C_0] 1
[2019.01.29-21.44.34:697][165]LogBlueprintUserMessages: [MultGameMode_C_0] 1
[2019.01.29-21.44.34:763][167]LogBlueprintUserMessages: [MultGameMode_C_0] 1
[2019.01.29-21.44.34:862][170]LogBlueprintUserMessages: [MultGameMode_C_0] 1
[2019.01.29-21.44.34:962][173]LogBlueprintUserMessages: [MultGameMode_C_0] 1
[2019.01.29-21.44.35:093][177]LogBlueprintUserMessages: [MultGameMode_C_0] 1
[2019.01.29-21.44.35:192][180]LogBlueprintUserMessages: [MultGameMode_C_0] 1
[2019.01.29-21.44.35:291][183]LogBlueprintUserMessages: [MultGameMode_C_0] 1
[2019.01.29-21.44.35:390][186]LogBlueprintUserMessages: [MultGameMode_C_0] 1
[2019.01.29-21.44.35:456][188]LogBlueprintUserMessages: [MultGameMode_C_0] 1
[2019.01.29-21.44.35:589][192]LogBlueprintUserMessages: [MultGameMode_C_0] 1
[2019.01.29-21.44.35:687][195]LogBlueprintUserMessages: [MultGameMode_C_0] 1
[2019.01.29-21.44.35:787][198]LogBlueprintUserMessages: [MultGameMode_C_0] 1
[2019.01.29-21.44.35:886][201]LogBlueprintUserMessages: [MultGameMode_C_0] 1
[2019.01.29-21.44.35:985][204]LogBlueprintUserMessages: [MultGameMode_C_0] 1
[2019.01.29-21.44.36:085][207]LogBlueprintUserMessages: [MultGameMode_C_0] 1
[2019.01.29-21.44.36:186][210]LogBlueprintUserMessages: [MultGameMode_C_0] 1
[2019.01.29-21.44.36:287][213]LogBlueprintUserMessages: [MultGameMode_C_0] 1
[2019.01.29-21.44.36:385][216]LogBlueprintUserMessages: [MultGameMode_C_0] 1
[2019.01.29-21.44.36:486][219]LogBlueprintUserMessages: [MultGameMode_C_0] 1
[2019.01.29-21.44.36:584][222]LogBlueprintUserMessages: [MultGameMode_C_0] 1
[2019.01.29-21.44.36:684][225]LogBlueprintUserMessages: [MultGameMode_C_0] 1
[2019.01.29-21.44.36:783][228]LogBlueprintUserMessages: [MultGameMode_C_0] 1
[2019.01.29-21.44.36:882][231]LogBlueprintUserMessages: [MultGameMode_C_0] 1
[2019.01.29-21.44.36:982][234]LogBlueprintUserMessages: [MultGameMode_C_0] 1
[2019.01.29-21.44.37:081][237]LogBlueprintUserMessages: [MultGameMode_C_0] 1
[2019.01.29-21.44.37:180][240]LogBlueprintUserMessages: [MultGameMode_C_0] 1
[2019.01.29-21.44.37:279][243]LogBlueprintUserMessages: [MultGameMode_C_0] 1
[2019.01.29-21.44.37:379][246]LogBlueprintUserMessages: [MultGameMode_C_0] 1
[2019.01.29-21.44.37:479][249]LogBlueprintUserMessages: [MultGameMode_C_0] 1
[2019.01.29-21.44.37:579][252]LogBlueprintUserMessages: [MultGameMode_C_0] 1
[2019.01.29-21.44.37:678][255]LogBlueprintUserMessages: [MultGameMode_C_0] 1
[2019.01.29-21.44.37:776][258]LogBlueprintUserMessages: [MultGameMode_C_0] 1
[2019.01.29-21.44.37:875][261]LogBlueprintUserMessages: [MultGameMode_C_0] 1
[2019.01.29-21.44.37:975][264]LogBlueprintUserMessages: [MultGameMode_C_0] 1
[2019.01.29-21.44.38:075][267]LogBlueprintUserMessages: [MultGameMode_C_0] 1
[2019.01.29-21.44.38:174][270]LogBlueprintUserMessages: [MultGameMode_C_0] 1
[2019.01.29-21.44.38:273][273]LogBlueprintUserMessages: [MultGameMode_C_0] 1
[2019.01.29-21.44.38:373][276]LogBlueprintUserMessages: [MultGameMode_C_0] 1
[2019.01.29-21.44.38:474][279]LogBlueprintUserMessages: [MultGameMode_C_0] 1
[2019.01.29-21.44.38:573][282]LogBlueprintUserMessages: [MultGameMode_C_0] 1
[2019.01.29-21.44.38:672][285]LogBlueprintUserMessages: [MultGameMode_C_0] 1
[2019.01.29-21.44.38:771][288]LogBlueprintUserMessages: [MultGameMode_C_0] 1
[2019.01.29-21.44.38:871][291]LogBlueprintUserMessages: [MultGameMode_C_0] 1
[2019.01.29-21.44.38:971][294]LogBlueprintUserMessages: [MultGameMode_C_0] 1
[2019.01.29-21.44.39:102][298]LogBlueprintUserMessages: [MultGameMode_C_0] 1
[2019.01.29-21.44.39:168][300]LogBlueprintUserMessages: [MultGameMode_C_0] 1
[2019.01.29-21.44.39:267][303]LogBlueprintUserMessages: [MultGameMode_C_0] 1
[2019.01.29-21.44.39:367][306]LogBlueprintUserMessages: [MultGameMode_C_0] 1
[2019.01.29-21.44.39:467][309]LogBlueprintUserMessages: [MultGameMode_C_0] 1
[2019.01.29-21.44.39:599][313]LogBlueprintUserMessages: [MultGameMode_C_0] 1
[2019.01.29-21.44.39:697][316]LogBlueprintUserMessages: [MultGameMode_C_0] 1
[2019.01.29-21.44.39:763][318]LogBlueprintUserMessages: [MultGameMode_C_0] 1
[2019.01.29-21.44.39:862][321]LogBlueprintUserMessages: [MultGameMode_C_0] 1
[2019.01.29-21.44.39:962][324]LogBlueprintUserMessages: [MultGameMode_C_0] 1
[2019.01.29-21.44.40:094][328]LogBlueprintUserMessages: [MultGameMode_C_0] 1
[2019.01.29-21.44.40:193][331]LogBlueprintUserMessages: [MultGameMode_C_0] 1
[2019.01.29-21.44.40:292][334]LogBlueprintUserMessages: [MultGameMode_C_0] 1
[2019.01.29-21.44.40:391][337]LogBlueprintUserMessages: [MultGameMode_C_0] 1
[2019.01.29-21.44.40:457][339]LogBlueprintUserMessages: [MultGameMode_C_0] 1
[2019.01.29-21.44.40:589][343]LogBlueprintUserMessages: [MultGameMode_C_0] 1
[2019.01.29-21.44.40:687][346]LogBlueprintUserMessages: [MultGameMode_C_0] 1
[2019.01.29-21.44.40:787][349]LogBlueprintUserMessages: [MultGameMode_C_0] 1
[2019.01.29-21.44.40:887][352]LogBlueprintUserMessages: [MultGameMode_C_0] 1
[2019.01.29-21.44.40:986][355]LogBlueprintUserMessages: [MultGameMode_C_0] 1
[2019.01.29-21.44.41:085][358]LogBlueprintUserMessages: [MultGameMode_C_0] 1
[2019.01.29-21.44.41:184][361]LogBlueprintUserMessages: [MultGameMode_C_0] 1
[2019.01.29-21.44.41:283][364]LogBlueprintUserMessages: [MultGameMode_C_0] 1
[2019.01.29-21.44.41:381][367]LogBlueprintUserMessages: [MultGameMode_C_0] 1
[2019.01.29-21.44.41:481][370]LogBlueprintUserMessages: [MultGameMode_C_0] 1
[2019.01.29-21.44.41:580][373]LogBlueprintUserMessages: [MultGameMode_C_0] 1
[2019.01.29-21.44.41:846][381]LogBlueprintUserMessages: [MultGameMode_C_0] 1
[2019.01.29-21.44.41:846][381]LogBlueprintUserMessages: [MultGameMode_C_0] 1
[2019.01.29-21.44.41:880][382]LogBlueprintUserMessages: [MultGameMode_C_0] 1
[2019.01.29-21.44.41:979][385]LogBlueprintUserMessages: [MultGameMode_C_0] 1
[2019.01.29-21.44.42:079][388]LogBlueprintUserMessages: [MultGameMode_C_0] 1
[2019.01.29-21.44.42:178][391]LogBlueprintUserMessages: [MultGameMode_C_0] 1
[2019.01.29-21.44.42:276][394]LogBlueprintUserMessages: [MultGameMode_C_0] 1
[2019.01.29-21.44.42:375][397]LogBlueprintUserMessages: [MultGameMode_C_0] 1
[2019.01.29-21.44.42:543][402]LogNet: UChannel::ReceivedSequencedBunch: Bunch.bClose == true. ChIndex == 0. Calling ConditionalCleanUp.
[2019.01.29-21.44.42:543][402]LogNet: UChannel::CleanUp: ChIndex == 0. Closing connection. [UChannel] ChIndex: 0, Closing: 0 [UNetConnection] RemoteAddr: 127.0.0.1:57984, Name: IpConnection_0, Driver: GameNetDriver IpNetDriver_0, IsServer: YES, PC: Wolfy_Controller_C_0, Owner: Wolfy_Controller_C_0, UniqueId: NULL:DESKTOP-PF2V43L-E78B90124631ACEEB671A49CB224C641
[2019.01.29-21.44.42:545][402]LogNet: UNetConnection::Close: [UNetConnection] RemoteAddr: 127.0.0.1:57984, Name: IpConnection_0, Driver: GameNetDriver IpNetDriver_0, IsServer: YES, PC: Wolfy_Controller_C_0, Owner: Wolfy_Controller_C_0, UniqueId: NULL:DESKTOP-PF2V43L-E78B90124631ACEEB671A49CB224C641, Channels: 14, Time: 2019.01.29-21.44.42
[2019.01.29-21.44.42:546][402]LogNet: UChannel::Close: Sending CloseBunch. ChIndex == 0. Name: [UChannel] ChIndex: 0, Closing: 0 [UNetConnection] RemoteAddr: 127.0.0.1:57984, Name: IpConnection_0, Driver: GameNetDriver IpNetDriver_0, IsServer: YES, PC: Wolfy_Controller_C_0, Owner: Wolfy_Controller_C_0, UniqueId: NULL:DESKTOP-PF2V43L-E78B90124631ACEEB671A49CB224C641
[2019.01.29-21.44.42:547][402]LogOnlineSession: Warning: OSS: No game present to leave for session (GameSession)
[2019.01.29-21.44.47:184][541]LogNet: World NetDriver shutdown IpNetDriver_0 [GameNetDriver]
[2019.01.29-21.44.47:184][541]LogNet: DestroyNamedNetDriver IpNetDriver_0 [GameNetDriver]
[2019.01.29-21.44.47:185][541]LogExit: GameNetDriver IpNetDriver_0 shut down
[2019.01.29-21.44.47:186][541]LogExit: Preparing to exit.
[2019.01.29-21.44.47:189][541]LogExit: Game engine shut down
[2019.01.29-21.44.47:230][541]LogExit: Object subsystem successfully closed.
[2019.01.29-21.44.47:231][541]LogModuleManager: Shutting down and abandoning module AutomationController (172)
[2019.01.29-21.44.47:233][541]LogModuleManager: Shutting down and abandoning module AutomationWorker (170)
[2019.01.29-21.44.47:233][541]LogModuleManager: Shutting down and abandoning module AIModule (168)
[2019.01.29-21.44.47:234][541]LogModuleManager: Shutting down and abandoning module GameplayDebugger (167)
[2019.01.29-21.44.47:234][541]LogModuleManager: Shutting down and abandoning module NavigationSystem (165)
[2019.01.29-21.44.47:235][541]LogModuleManager: Shutting down and abandoning module WmfMediaFactory (162)
[2019.01.29-21.44.47:236][541]LogModuleManager: Shutting down and abandoning module OpenExrWrapper (160)
[2019.01.29-21.44.47:236][541]LogModuleManager: Shutting down and abandoning module ImgMediaFactory (158)
[2019.01.29-21.44.47:237][541]LogModuleManager: Shutting down and abandoning module AvfMediaFactory (156)
[2019.01.29-21.44.47:237][541]LogModuleManager: Shutting down and abandoning module CharacterAI (154)
[2019.01.29-21.44.47:238][541]LogModuleManager: Shutting down and abandoning module SessionServices (152)
[2019.01.29-21.44.47:238][541]LogModuleManager: Shutting down and abandoning module MovieSceneTracks (150)
[2019.01.29-21.44.47:239][541]LogModuleManager: Shutting down and abandoning module MovieScene (148)
[2019.01.29-21.44.47:239][541]LogModuleManager: Shutting down and abandoning module StreamingPauseRendering (146)
[2019.01.29-21.44.47:240][541]LogModuleManager: Shutting down and abandoning module ImageWriteQueue (144)
[2019.01.29-21.44.47:242][541]LogModuleManager: Shutting down and abandoning module ImageWrapper (143)
[2019.01.29-21.44.47:244][541]LogModuleManager: Shutting down and abandoning module ProfilerService (140)
[2019.01.29-21.44.47:320][541]LogModuleManager: Shutting down and abandoning module TaskGraph (138)
[2019.01.29-21.44.47:320][541]LogModuleManager: Shutting down and abandoning module SteamVRController (136)
[2019.01.29-21.44.47:322][541]LogModuleManager: Shutting down and abandoning module ProceduralMeshComponent (134)
[2019.01.29-21.44.47:323][541]LogModuleManager: Shutting down and abandoning module OculusInput (132)
[2019.01.29-21.44.47:324][541]LogModuleManager: Shutting down and abandoning module MobilePatchingUtils (130)
[2019.01.29-21.44.47:324][541]LogModuleManager: Shutting down and abandoning module CustomMeshComponent (128)
[2019.01.29-21.44.47:324][541]LogModuleManager: Shutting down and abandoning module CableComponent (126)
[2019.01.29-21.44.47:325][541]LogModuleManager: Shutting down and abandoning module AudioCapture (124)
[2019.01.29-21.44.47:325][541]LogModuleManager: Shutting down and abandoning module ArchVisCharacter (122)
[2019.01.29-21.44.47:325][541]LogModuleManager: Shutting down and abandoning module AndroidPermission (120)
[2019.01.29-21.44.47:326][541]LogModuleManager: Shutting down and abandoning module MediaCompositing (118)
[2019.01.29-21.44.47:326][541]LogModuleManager: Shutting down and abandoning module LinearTimecode (116)
[2019.01.29-21.44.47:326][541]LogModuleManager: Shutting down and abandoning module ImgMedia (114)
[2019.01.29-21.44.47:327][541]LogModuleManager: Shutting down and abandoning module Media (113)
[2019.01.29-21.44.47:327][541]LogModuleManager: Shutting down and abandoning module HTML5Networking (110)
[2019.01.29-21.44.47:327][541]LogModuleManager: Shutting down and abandoning module BackChannel (108)
[2019.01.29-21.44.47:328][541]LogModuleManager: Shutting down and abandoning module AppleVision (106)
[2019.01.29-21.44.47:328][541]LogModuleManager: Shutting down and abandoning module AppleImageUtils (104)
[2019.01.29-21.44.47:328][541]LogModuleManager: Shutting down and abandoning module GeometryCacheTracks (102)
[2019.01.29-21.44.47:328][541]LogModuleManager: Shutting down and abandoning module GeometryCache (100)
[2019.01.29-21.44.47:329][541]LogModuleManager: Shutting down and abandoning module VariantManagerContent (98)
[2019.01.29-21.44.47:329][541]LogModuleManager: Shutting down and abandoning module EditableMesh (96)
[2019.01.29-21.44.47:329][541]LogModuleManager: Shutting down and abandoning module AnimeWolfy (94)
[2019.01.29-21.44.47:330][541]LogModuleManager: Shutting down and abandoning module RuntimePhysXCooking (92)
[2019.01.29-21.44.47:330][541]LogModuleManager: Shutting down and abandoning module PhysXVehicles (90)
[2019.01.29-21.44.47:330][541]LogModuleManager: Shutting down and abandoning module LocationServicesBPLibrary (88)
[2019.01.29-21.44.47:331][541]LogModuleManager: Shutting down and abandoning module ActorSequence (86)
[2019.01.29-21.44.47:334][541]LogModuleManager: Shutting down and abandoning module UdpMessaging (84)
[2019.01.29-21.44.47:334][541]LogModuleManager: Shutting down and abandoning module TcpMessaging (82)
[2019.01.29-21.44.47:334][541]LogModuleManager: Shutting down and abandoning module FacialAnimation (80)
[2019.01.29-21.44.47:335][541]LogModuleManager: Shutting down and abandoning module LightPropagationVolumeRuntime (78)
[2019.01.29-21.44.47:335][541]LogModuleManager: Shutting down and abandoning module AISupportModule (76)
[2019.01.29-21.44.47:335][541]LogModuleManager: Shutting down and abandoning module Paper2D (74)
[2019.01.29-21.44.47:336][541]LogModuleManager: Shutting down and abandoning module WindowsMoviePlayer (72)
[2019.01.29-21.44.47:336][541]LogModuleManager: Shutting down and abandoning module WmfMedia (70)
[2019.01.29-21.44.47:336][541]LogModuleManager: Shutting down and abandoning module PacketHandler (68)
[2019.01.29-21.44.47:337][541]LogModuleManager: Shutting down and abandoning module ClothingSystemRuntime (66)
[2019.01.29-21.44.47:337][541]LogModuleManager: Shutting down and abandoning module MediaAssets (64)
[2019.01.29-21.44.47:337][541]LogModuleManager: Shutting down and abandoning module Messaging (62)
[2019.01.29-21.44.47:338][541]LogModuleManager: Shutting down and abandoning module Networking (60)
[2019.01.29-21.44.47:338][541]LogModuleManager: Shutting down and abandoning module Core (58)
[2019.01.29-21.44.47:338][541]LogModuleManager: Shutting down and abandoning module LevelSequence (56)
[2019.01.29-21.44.47:339][541]LogModuleManager: Shutting down and abandoning module NullDrv (52)
[2019.01.29-21.44.47:339][541]LogModuleManager: Shutting down and abandoning module PhysXCooking (50)
[2019.01.29-21.44.47:339][541]LogModuleManager: Shutting down and abandoning module SteamVR (48)
[2019.01.29-21.44.47:339][541]LogHMD: Freeing OpenVRDLLHandle.
[2019.01.29-21.44.47:340][541]LogModuleManager: Shutting down and abandoning module OculusHMD (46)
[2019.01.29-21.44.47:340][541]LogModuleManager: Shutting down and abandoning module ExampleDeviceProfileSelector (44)
[2019.01.29-21.44.47:341][541]LogModuleManager: Shutting down and abandoning module LauncherChunkInstaller (42)
[2019.01.29-21.44.47:341][541]LogModuleManager: Shutting down and abandoning module OnlineSubsystem (38)
[2019.01.29-21.44.47:341][541]LogModuleManager: Shutting down and abandoning module HTTP (33)
[2019.01.29-21.44.47:371][541]LogModuleManager: Shutting down and abandoning module SSL (32)
[2019.01.29-21.44.47:371][541]LogModuleManager: Shutting down and abandoning module DatasmithContent (28)
[2019.01.29-21.44.47:372][541]LogModuleManager: Shutting down and abandoning module ShaderCore (26)
[2019.01.29-21.44.47:373][541]LogModuleManager: Shutting down and abandoning module Landscape (24)
[2019.01.29-21.44.47:373][541]LogModuleManager: Shutting down and abandoning module OpenGLDrv (22)
[2019.01.29-21.44.47:373][541]LogModuleManager: Shutting down and abandoning module D3D11RHI (20)
[2019.01.29-21.44.47:374][541]LogModuleManager: Shutting down and abandoning module AnimGraphRuntime (18)
[2019.01.29-21.44.47:374][541]LogModuleManager: Shutting down and abandoning module Renderer (16)
[2019.01.29-21.44.47:375][541]LogModuleManager: Shutting down and abandoning module Engine (14)
[2019.01.29-21.44.47:375][541]LogModuleManager: Shutting down and abandoning module CoreUObject (12)
[2019.01.29-21.44.47:375][541]LogModuleManager: Shutting down and abandoning module NetworkFile (10)
[2019.01.29-21.44.47:375][541]LogModuleManager: Shutting down and abandoning module CookedIterativeFile (8)
[2019.01.29-21.44.47:376][541]LogModuleManager: Shutting down and abandoning module StreamingFile (6)
[2019.01.29-21.44.47:376][541]LogModuleManager: Shutting down and abandoning module SandboxFile (4)
[2019.01.29-21.44.47:376][541]LogModuleManager: Shutting down and abandoning module PakFile (2)
[2019.01.29-21.44.47:377][541]LogExit: Exiting.
[2019.01.29-21.44.47:384][541]Log file closed, 01/30/19 00:44:47
