Log file open, 01/30/19 00:45:38
LogWindows: Failed to load 'aqProf.dll' (GetLastError=126)
LogWindows: File 'aqProf.dll' does not exist
LogWindows: Failed to load 'VtuneApi.dll' (GetLastError=126)
LogWindows: File 'VtuneApi.dll' does not exist
LogWindows: Failed to load 'VtuneApi32e.dll' (GetLastError=126)
LogWindows: File 'VtuneApi32e.dll' does not exist
LogConsoleResponse: Display: Failed to find resolution value strings in scalability ini. Falling back to default.
LogPakFile: Registered encryption key '00000000000000000000000000000000': 0 pak files mounted, 0 remain pending
LogPakFile: Display: Found Pak file ../../../AnimeWolfy/Content/Paks/AnimeWolfy-WindowsNoEditor.pak attempting to mount.
LogPakFile: Display: Mounting pak file ../../../AnimeWolfy/Content/Paks/AnimeWolfy-WindowsNoEditor.pak.
LogPlatformFile: Not using cached read wrapper
LogTaskGraph: Started task graph with 5 named threads and 9 total threads with 1 sets of task threads.
LogStats: Stats thread started at 0.081314
LogD3D11RHI: Loaded GFSDK_Aftermath_Lib.x64.dll
LogICUInternationalization: ICU TimeZone Detection - Raw Offset: +3:00, Platform Override: ''
LogPluginManager: Mounting plugin Paper2D
LogPluginManager: Mounting plugin AISupport
LogPluginManager: Mounting plugin LightPropagationVolume
LogPluginManager: Mounting plugin AssetManagerEditor
LogPluginManager: Mounting plugin CryptoKeys
LogPluginManager: Mounting plugin FacialAnimation
LogPluginManager: Mounting plugin MeshEditor
LogPluginManager: Mounting plugin EditableMesh
LogPluginManager: Mounting plugin DatasmithContent
LogPluginManager: Mounting plugin VariantManagerContent
LogPluginManager: Mounting plugin AlembicImporter
LogPluginManager: Mounting plugin GeometryCache
LogPluginManager: Mounting plugin AppleImageUtils
LogPluginManager: Mounting plugin AppleVision
LogPluginManager: Mounting plugin BackChannel
LogPluginManager: Mounting plugin CharacterAI
LogPluginManager: Mounting plugin HTML5Networking
LogPluginManager: Mounting plugin AvfMedia
LogPluginManager: Mounting plugin ImgMedia
LogPluginManager: Mounting plugin LinearTimecode
LogPluginManager: Mounting plugin MediaCompositing
LogPluginManager: Mounting plugin WmfMedia
LogPluginManager: Mounting plugin TcpMessaging
LogPluginManager: Mounting plugin UdpMessaging
LogPluginManager: Mounting plugin ActorSequence
LogPluginManager: Mounting plugin NetcodeUnitTest
LogPluginManager: Mounting plugin OnlineSubsystem
LogPluginManager: Mounting plugin OnlineSubsystemNull
LogPluginManager: Mounting plugin OnlineSubsystemUtils
LogPluginManager: Mounting plugin LauncherChunkInstaller
LogPluginManager: Mounting plugin AndroidPermission
LogPluginManager: Mounting plugin ArchVisCharacter
LogPluginManager: Mounting plugin AudioCapture
LogPluginManager: Mounting plugin CableComponent
LogPluginManager: Mounting plugin CustomMeshComponent
LogPluginManager: Mounting plugin ExampleDeviceProfileSelector
LogPluginManager: Mounting plugin LocationServicesBPLibrary
LogPluginManager: Mounting plugin MobilePatchingUtils
LogPluginManager: Mounting plugin OculusVR
LogPluginManager: Mounting plugin ProceduralMeshComponent
LogPluginManager: Mounting plugin PhysXVehicles
LogPluginManager: Mounting plugin RuntimePhysXCooking
LogPluginManager: Mounting plugin SteamVR
LogPluginManager: Mounting plugin WebMMoviePlayer
LogPluginManager: Mounting plugin WebMMedia
LogPluginManager: Mounting plugin WindowsMoviePlayer
LogStreaming: Display: Took  0.030s to configure plugins.
LogInit: Using libcurl 7.55.1-DEV
LogInit:  - built for x86_64-pc-win32
LogInit:  - supports SSL with OpenSSL/1.0.2h
LogInit:  - supports HTTP deflate (compression) using libz 1.2.8
LogInit:  - other features:
LogInit:      CURL_VERSION_SSL
LogInit:      CURL_VERSION_LIBZ
LogInit:      CURL_VERSION_IPV6
LogInit:      CURL_VERSION_ASYNCHDNS
LogInit:      CURL_VERSION_LARGEFILE
LogInit:      CURL_VERSION_IDN
LogInit:  CurlRequestOptions (configurable via config and command line):
LogInit:  - bVerifyPeer = true  - Libcurl will verify peer certificate
LogInit:  - bUseHttpProxy = false  - Libcurl will NOT use HTTP proxy
LogInit:  - bDontReuseConnections = false  - Libcurl will reuse connections
LogInit:  - MaxHostConnections = 16  - Libcurl will limit the number of connections to a host
LogInit:  - LocalHostAddr = Default
LogInit:  - BufferSize = 65536
LogInit: WinSock: version 1.1 (2.2), MaxSocks=32767, MaxUdp=65467
LogInit: Build: ++UE4+Release-4.21-CL-0
LogInit: Engine Version: 4.21.2-0+++UE4+Release-4.21
LogInit: Compatible Engine Version: 4.21.0-0+++UE4+Release-4.21
LogInit: Net CL: 0
LogInit: OS: Windows 10 (), CPU: Intel(R) Core(TM) i7-8700K CPU @ 3.70GHz, GPU: NVIDIA GeForce RTX 2080
LogInit: Compiled (64-bit): Jan 29 2019 21:54:40
LogInit: Compiled with Visual C++: 19.16.27026.01
LogInit: Build Configuration: Development
LogInit: Branch Name: ++UE4+Release-4.21
LogInit: Command Line: -log
LogInit: Base Directory: D:/Studing/PRojects/NetworkUE4/Builds/WindowsNoEditor/AnimeWolfy/Binaries/Win64/
LogInit: Installed Engine Build: 0
LogDevObjectVersion: Number of dev versions registered: 22
LogDevObjectVersion:   Dev-Blueprints (B0D832E4-1F89-4F0D-ACCF-7EB736FD4AA2): 10
LogDevObjectVersion:   Dev-Build (E1C64328-A22C-4D53-A36C-8E866417BD8C): 0
LogDevObjectVersion:   Dev-Core (375EC13C-06E4-48FB-B500-84F0262A717E): 2
LogDevObjectVersion:   Dev-Editor (E4B068ED-F494-42E9-A231-DA0B2E46BB41): 26
LogDevObjectVersion:   Dev-Framework (CFFC743F-43B0-4480-9391-14DF171D2073): 34
LogDevObjectVersion:   Dev-Mobile (B02B49B5-BB20-44E9-A304-32B752E40360): 2
LogDevObjectVersion:   Dev-Networking (A4E4105C-59A1-49B5-A7C5-40C4547EDFEE): 0
LogDevObjectVersion:   Dev-Online (39C831C9-5AE6-47DC-9A44-9C173E1C8E7C): 0
LogDevObjectVersion:   Dev-Physics (78F01B33-EBEA-4F98-B9B4-84EACCB95AA2): 0
LogDevObjectVersion:   Dev-Platform (6631380F-2D4D-43E0-8009-CF276956A95A): 0
LogDevObjectVersion:   Dev-Rendering (12F88B9F-8875-4AFC-A67C-D90C383ABD29): 27
LogDevObjectVersion:   Dev-Sequencer (7B5AE74C-D270-4C10-A958-57980B212A5A): 9
LogDevObjectVersion:   Dev-VR (D7296918-1DD6-4BDD-9DE2-64A83CC13884): 2
LogDevObjectVersion:   Dev-LoadTimes (C2A15278-BFE7-4AFE-6C17-90FF531DF755): 1
LogDevObjectVersion:   Private-Geometry (6EACA3D4-40EC-4CC1-B786-8BED09428FC5): 3
LogDevObjectVersion:   Dev-AnimPhys (29E575DD-E0A3-4627-9D10-D276232CDCEA): 17
LogDevObjectVersion:   Dev-Anim (AF43A65D-7FD3-4947-9873-3E8ED9C1BB05): 2
LogDevObjectVersion:   Dev-ReflectionCapture (6B266CEC-1EC7-4B8F-A30B-E4D90942FC07): 1
LogDevObjectVersion:   Dev-Automation (0DF73D61-A23F-47EA-B727-89E90C41499A): 1
LogDevObjectVersion:   FortniteMain (601D1886-AC64-4F84-AA16-D3DE0DEAC7D6): 17
LogDevObjectVersion:   Dev-Enterprise (9DFFBCD6-494F-0158-E221-12823C92A888): 4
LogDevObjectVersion:   Dev-Niagara (F2AED0AC-9AFE-416F-8664-AA7FFA26D6FC): 1
LogStreaming: Display: Took  0.003s to delete old logs.
LogInit: Presizing for max 2097152 objects, including 1 objects not considered by GC, pre-allocating 0 bytes for permanent pool.
LogStreaming: Display: Async Loading initialized: Event Driven Loader: true, Async Loading Thread: false, Async Post Load: false
LogInit: Object subsystem initialized
LogConfig: Setting CVar [[con.DebugEarlyDefault:1]]
LogConfig: Setting CVar [[r.setres:1280x720]]
[2019.01.29-21.45.38:191][  0]LogConfig: Setting CVar [[con.DebugEarlyDefault:1]]
[2019.01.29-21.45.38:192][  0]LogConfig: Setting CVar [[r.setres:1280x720]]
[2019.01.29-21.45.38:192][  0]LogConfig: Applying CVar settings from Section [/Script/Engine.RendererSettings] File [../../../AnimeWolfy/Saved/Config/WindowsServer/Engine.ini]
[2019.01.29-21.45.38:193][  0]LogConfig: Setting CVar [[r.GPUCrashDebugging:0]]
[2019.01.29-21.45.38:193][  0]LogConfig: Applying CVar settings from Section [/Script/Engine.RendererOverrideSettings] File [../../../AnimeWolfy/Saved/Config/WindowsServer/Engine.ini]
[2019.01.29-21.45.38:193][  0]LogConfig: Applying CVar settings from Section [/Script/Engine.StreamingSettings] File [../../../AnimeWolfy/Saved/Config/WindowsServer/Engine.ini]
[2019.01.29-21.45.38:194][  0]LogConfig: Setting CVar [[s.MinBulkDataSizeForAsyncLoading:131072]]
[2019.01.29-21.45.38:194][  0]LogConfig: Setting CVar [[s.AsyncLoadingThreadEnabled:0]]
[2019.01.29-21.45.38:195][  0]LogConfig: Setting CVar [[s.EventDrivenLoaderEnabled:1]]
[2019.01.29-21.45.38:196][  0]LogConfig: Setting CVar [[s.WarnIfTimeLimitExceeded:0]]
[2019.01.29-21.45.38:196][  0]LogConfig: Setting CVar [[s.TimeLimitExceededMultiplier:1.5]]
[2019.01.29-21.45.38:197][  0]LogConfig: Setting CVar [[s.TimeLimitExceededMinTime:0.005]]
[2019.01.29-21.45.38:197][  0]LogConfig: Setting CVar [[s.UseBackgroundLevelStreaming:1]]
[2019.01.29-21.45.38:197][  0]LogConfig: Setting CVar [[s.PriorityAsyncLoadingExtraTime:15.0]]
[2019.01.29-21.45.38:197][  0]LogConfig: Setting CVar [[s.LevelStreamingActorsUpdateTimeLimit:5.0]]
[2019.01.29-21.45.38:198][  0]LogConfig: Setting CVar [[s.PriorityLevelStreamingActorsUpdateExtraTime:5.0]]
[2019.01.29-21.45.38:198][  0]LogConfig: Setting CVar [[s.LevelStreamingComponentsRegistrationGranularity:10]]
[2019.01.29-21.45.38:198][  0]LogConfig: Setting CVar [[s.UnregisterComponentsTimeLimit:1.0]]
[2019.01.29-21.45.38:199][  0]LogConfig: Setting CVar [[s.LevelStreamingComponentsUnregistrationGranularity:5]]
[2019.01.29-21.45.38:199][  0]LogConfig: Applying CVar settings from Section [/Script/Engine.GarbageCollectionSettings] File [../../../AnimeWolfy/Saved/Config/WindowsServer/Engine.ini]
[2019.01.29-21.45.38:199][  0]LogConfig: Setting CVar [[gc.MaxObjectsNotConsideredByGC:1]]
[2019.01.29-21.45.38:200][  0]LogConfig: Setting CVar [[gc.SizeOfPermanentObjectPool:0]]
[2019.01.29-21.45.38:202][  0]LogConfig: Setting CVar [[gc.FlushStreamingOnGC:0]]
[2019.01.29-21.45.38:203][  0]LogConfig: Setting CVar [[gc.NumRetriesBeforeForcingGC:10]]
[2019.01.29-21.45.38:203][  0]LogConfig: Setting CVar [[gc.AllowParallelGC:1]]
[2019.01.29-21.45.38:203][  0]LogConfig: Setting CVar [[gc.TimeBetweenPurgingPendingKillObjects:61.1]]
[2019.01.29-21.45.38:204][  0]LogConfig: Setting CVar [[gc.MaxObjectsInEditor:8388607]]
[2019.01.29-21.45.38:204][  0]LogConfig: Setting CVar [[gc.IncrementalBeginDestroyEnabled:1]]
[2019.01.29-21.45.38:204][  0]LogConfig: Setting CVar [[gc.CreateGCClusters:1]]
[2019.01.29-21.45.38:205][  0]LogConfig: Setting CVar [[gc.MergeGCClusters:0]]
[2019.01.29-21.45.38:205][  0]LogConfig: Setting CVar [[gc.MinGCClusterSize:5]]
[2019.01.29-21.45.38:205][  0]LogConfig: Setting CVar [[gc.ActorClusteringEnabled:0]]
[2019.01.29-21.45.38:206][  0]LogConfig: Setting CVar [[gc.BlueprintClusteringEnabled:0]]
[2019.01.29-21.45.38:206][  0]LogConfig: Setting CVar [[gc.UseDisregardForGCOnDedicatedServers:0]]
[2019.01.29-21.45.38:206][  0]LogConfig: Applying CVar settings from Section [/Script/Engine.NetworkSettings] File [../../../AnimeWolfy/Saved/Config/WindowsServer/Engine.ini]
[2019.01.29-21.45.38:207][  0]LogConfig: Applying CVar settings from Section [ViewDistanceQuality@3] File [../../../AnimeWolfy/Saved/Config/WindowsServer/Scalability.ini]
[2019.01.29-21.45.38:207][  0]LogConfig: Setting CVar [[r.SkeletalMeshLODBias:0]]
[2019.01.29-21.45.38:207][  0]LogConfig: Setting CVar [[r.ViewDistanceScale:1.0]]
[2019.01.29-21.45.38:208][  0]LogConfig: Applying CVar settings from Section [AntiAliasingQuality@3] File [../../../AnimeWolfy/Saved/Config/WindowsServer/Scalability.ini]
[2019.01.29-21.45.38:208][  0]LogConfig: Setting CVar [[r.PostProcessAAQuality:4]]
[2019.01.29-21.45.38:208][  0]LogConfig: Applying CVar settings from Section [ShadowQuality@3] File [../../../AnimeWolfy/Saved/Config/WindowsServer/Scalability.ini]
[2019.01.29-21.45.38:209][  0]LogConfig: Setting CVar [[r.LightFunctionQuality:1]]
[2019.01.29-21.45.38:209][  0]LogConfig: Setting CVar [[r.ShadowQuality:5]]
[2019.01.29-21.45.38:209][  0]LogConfig: Setting CVar [[r.Shadow.CSM.MaxCascades:10]]
[2019.01.29-21.45.38:209][  0]LogConfig: Setting CVar [[r.Shadow.MaxResolution:2048]]
[2019.01.29-21.45.38:210][  0]LogConfig: Setting CVar [[r.Shadow.MaxCSMResolution:2048]]
[2019.01.29-21.45.38:210][  0]LogConfig: Setting CVar [[r.Shadow.RadiusThreshold:0.01]]
[2019.01.29-21.45.38:210][  0]LogConfig: Setting CVar [[r.Shadow.DistanceScale:1.0]]
[2019.01.29-21.45.38:213][  0]LogConfig: Setting CVar [[r.Shadow.CSM.TransitionScale:1.0]]
[2019.01.29-21.45.38:214][  0]LogConfig: Setting CVar [[r.Shadow.PreShadowResolutionFactor:1.0]]
[2019.01.29-21.45.38:214][  0]LogConfig: Setting CVar [[r.DistanceFieldShadowing:1]]
[2019.01.29-21.45.38:215][  0]LogConfig: Setting CVar [[r.DistanceFieldAO:1]]
[2019.01.29-21.45.38:216][  0]LogConfig: Setting CVar [[r.AOQuality:2]]
[2019.01.29-21.45.38:217][  0]LogConfig: Setting CVar [[r.VolumetricFog:1]]
[2019.01.29-21.45.38:217][  0]LogConfig: Setting CVar [[r.VolumetricFog.GridPixelSize:8]]
[2019.01.29-21.45.38:217][  0]LogConfig: Setting CVar [[r.VolumetricFog.GridSizeZ:128]]
[2019.01.29-21.45.38:218][  0]LogConfig: Setting CVar [[r.VolumetricFog.HistoryMissSupersampleCount:4]]
[2019.01.29-21.45.38:218][  0]LogConfig: Setting CVar [[r.LightMaxDrawDistanceScale:1]]
[2019.01.29-21.45.38:219][  0]LogConfig: Setting CVar [[r.CapsuleShadows:1]]
[2019.01.29-21.45.38:219][  0]LogConfig: Applying CVar settings from Section [PostProcessQuality@3] File [../../../AnimeWolfy/Saved/Config/WindowsServer/Scalability.ini]
[2019.01.29-21.45.38:219][  0]LogConfig: Setting CVar [[r.MotionBlurQuality:4]]
[2019.01.29-21.45.38:220][  0]LogConfig: Setting CVar [[r.AmbientOcclusionMipLevelFactor:0.4]]
[2019.01.29-21.45.38:220][  0]LogConfig: Setting CVar [[r.AmbientOcclusionMaxQuality:100]]
[2019.01.29-21.45.38:220][  0]LogConfig: Setting CVar [[r.AmbientOcclusionLevels:-1]]
[2019.01.29-21.45.38:221][  0]LogConfig: Setting CVar [[r.AmbientOcclusionRadiusScale:1.0]]
[2019.01.29-21.45.38:221][  0]LogConfig: Setting CVar [[r.DepthOfFieldQuality:2]]
[2019.01.29-21.45.38:221][  0]LogConfig: Setting CVar [[r.RenderTargetPoolMin:400]]
[2019.01.29-21.45.38:221][  0]LogConfig: Setting CVar [[r.LensFlareQuality:2]]
[2019.01.29-21.45.38:224][  0]LogConfig: Setting CVar [[r.SceneColorFringeQuality:1]]
[2019.01.29-21.45.38:226][  0]LogConfig: Setting CVar [[r.EyeAdaptationQuality:2]]
[2019.01.29-21.45.38:226][  0]LogConfig: Setting CVar [[r.BloomQuality:5]]
[2019.01.29-21.45.38:227][  0]LogConfig: Setting CVar [[r.FastBlurThreshold:100]]
[2019.01.29-21.45.38:227][  0]LogConfig: Setting CVar [[r.Upscale.Quality:3]]
[2019.01.29-21.45.38:228][  0]LogConfig: Setting CVar [[r.Tonemapper.GrainQuantization:1]]
[2019.01.29-21.45.38:228][  0]LogConfig: Setting CVar [[r.LightShaftQuality:1]]
[2019.01.29-21.45.38:228][  0]LogConfig: Setting CVar [[r.Filter.SizeScale:1]]
[2019.01.29-21.45.38:229][  0]LogConfig: Setting CVar [[r.Tonemapper.Quality:5]]
[2019.01.29-21.45.38:230][  0]LogConfig: Setting CVar [[r.DOF.Gather.AccumulatorQuality:1        ; higher gathering accumulator quality]]
[2019.01.29-21.45.38:230][  0]LogConfig: Setting CVar [[r.DOF.Gather.PostfilterMethod:1          ; Median3x3 postfilering method]]
[2019.01.29-21.45.38:230][  0]LogConfig: Setting CVar [[r.DOF.Gather.EnableBokehSettings:0       ; no bokeh simulation when gathering]]
[2019.01.29-21.45.38:231][  0]LogConfig: Setting CVar [[r.DOF.Gather.RingCount:4                 ; medium number of samples when gathering]]
[2019.01.29-21.45.38:231][  0]LogConfig: Setting CVar [[r.DOF.Scatter.ForegroundCompositing:1    ; additive foreground scattering]]
[2019.01.29-21.45.38:231][  0]LogConfig: Setting CVar [[r.DOF.Scatter.BackgroundCompositing:2    ; additive background scattering]]
[2019.01.29-21.45.38:232][  0]LogConfig: Setting CVar [[r.DOF.Scatter.EnableBokehSettings:1      ; bokeh simulation when scattering]]
[2019.01.29-21.45.38:232][  0]LogConfig: Setting CVar [[r.DOF.Scatter.MaxSpriteRatio:0.1         ; only a maximum of 10% of scattered bokeh]]
[2019.01.29-21.45.38:232][  0]LogConfig: Setting CVar [[r.DOF.Recombine.Quality:1                ; cheap slight out of focus]]
[2019.01.29-21.45.38:235][  0]LogConfig: Setting CVar [[r.DOF.Recombine.EnableBokehSettings:0    ; no bokeh simulation on slight out of focus]]
[2019.01.29-21.45.38:235][  0]LogConfig: Setting CVar [[r.DOF.TemporalAAQuality:1                ; more stable temporal accumulation]]
[2019.01.29-21.45.38:236][  0]LogConfig: Setting CVar [[r.DOF.Kernel.MaxForegroundRadius:0.025]]
[2019.01.29-21.45.38:236][  0]LogConfig: Setting CVar [[r.DOF.Kernel.MaxBackgroundRadius:0.025]]
[2019.01.29-21.45.38:237][  0]LogConfig: Applying CVar settings from Section [TextureQuality@3] File [../../../AnimeWolfy/Saved/Config/WindowsServer/Scalability.ini]
[2019.01.29-21.45.38:237][  0]LogConfig: Setting CVar [[r.Streaming.MipBias:0]]
[2019.01.29-21.45.38:237][  0]LogConfig: Setting CVar [[r.Streaming.AmortizeCPUToGPUCopy:0]]
[2019.01.29-21.45.38:238][  0]LogConfig: Setting CVar [[r.Streaming.MaxNumTexturesToStreamPerFrame:0]]
[2019.01.29-21.45.38:238][  0]LogConfig: Setting CVar [[r.Streaming.Boost:1]]
[2019.01.29-21.45.38:238][  0]LogConfig: Setting CVar [[r.MaxAnisotropy:8]]
[2019.01.29-21.45.38:239][  0]LogConfig: Setting CVar [[r.Streaming.LimitPoolSizeToVRAM:0]]
[2019.01.29-21.45.38:239][  0]LogConfig: Setting CVar [[r.Streaming.PoolSize:1000]]
[2019.01.29-21.45.38:239][  0]LogConfig: Setting CVar [[r.Streaming.MaxEffectiveScreenSize:0]]
[2019.01.29-21.45.38:240][  0]LogConfig: Applying CVar settings from Section [EffectsQuality@3] File [../../../AnimeWolfy/Saved/Config/WindowsServer/Scalability.ini]
[2019.01.29-21.45.38:240][  0]LogConfig: Setting CVar [[r.TranslucencyLightingVolumeDim:64]]
[2019.01.29-21.45.38:240][  0]LogConfig: Setting CVar [[r.RefractionQuality:2]]
[2019.01.29-21.45.38:241][  0]LogConfig: Setting CVar [[r.SSR.Quality:3]]
[2019.01.29-21.45.38:241][  0]LogConfig: Setting CVar [[r.SceneColorFormat:4]]
[2019.01.29-21.45.38:242][  0]LogConfig: Setting CVar [[r.DetailMode:2]]
[2019.01.29-21.45.38:243][  0]LogConfig: Setting CVar [[r.TranslucencyVolumeBlur:1]]
[2019.01.29-21.45.38:244][  0]LogConfig: Setting CVar [[r.MaterialQualityLevel:1 ; High quality]]
[2019.01.29-21.45.38:247][  0]LogConfig: Setting CVar [[r.SSS.Scale:1]]
[2019.01.29-21.45.38:248][  0]LogConfig: Setting CVar [[r.SSS.SampleSet:2]]
[2019.01.29-21.45.38:248][  0]LogConfig: Setting CVar [[r.SSS.Quality:1]]
[2019.01.29-21.45.38:248][  0]LogConfig: Setting CVar [[r.SSS.HalfRes:1]]
[2019.01.29-21.45.38:249][  0]LogConfig: Setting CVar [[r.EmitterSpawnRateScale:1.0]]
[2019.01.29-21.45.38:249][  0]LogConfig: Setting CVar [[r.ParticleLightQuality:2]]
[2019.01.29-21.45.38:250][  0]LogConfig: Applying CVar settings from Section [FoliageQuality@3] File [../../../AnimeWolfy/Saved/Config/WindowsServer/Scalability.ini]
[2019.01.29-21.45.38:250][  0]LogConfig: Setting CVar [[foliage.DensityScale:1.0]]
[2019.01.29-21.45.38:250][  0]LogConfig: Setting CVar [[grass.DensityScale:1.0]]
[2019.01.29-21.45.38:251][  0]LogInit: Selected Device Profile: [WindowsServer]
[2019.01.29-21.45.38:251][  0]LogInit: Applying CVar settings loaded from the selected device profile: [WindowsServer]
[2019.01.29-21.45.38:254][  0]LogHAL: Display: Platform has ~ 16 GB [17118220288 / 17179869184 / 16], which maps to Larger [LargestMinGB=32, LargerMinGB=12, DefaultMinGB=8, SmallerMinGB=6, SmallestMinGB=0)
[2019.01.29-21.45.38:255][  0]LogInit: Going up to parent DeviceProfile [Windows]
[2019.01.29-21.45.38:255][  0]LogConfig: Setting CVar [[r.Vulkan.UseRealUBs:1]]
[2019.01.29-21.45.38:255][  0]LogInit: Going up to parent DeviceProfile []
[2019.01.29-21.45.38:256][  0]LogConfig: Applying CVar settings from Section [ViewDistanceQuality@3] File [../../../AnimeWolfy/Saved/Config/WindowsServer/Scalability.ini]
[2019.01.29-21.45.38:259][  0]LogConfig: Setting CVar [[r.SkeletalMeshLODBias:0]]
[2019.01.29-21.45.38:260][  0]LogConfig: Setting CVar [[r.ViewDistanceScale:1.0]]
[2019.01.29-21.45.38:260][  0]LogConfig: Applying CVar settings from Section [AntiAliasingQuality@3] File [../../../AnimeWolfy/Saved/Config/WindowsServer/Scalability.ini]
[2019.01.29-21.45.38:261][  0]LogConfig: Setting CVar [[r.PostProcessAAQuality:4]]
[2019.01.29-21.45.38:261][  0]LogConfig: Applying CVar settings from Section [ShadowQuality@3] File [../../../AnimeWolfy/Saved/Config/WindowsServer/Scalability.ini]
[2019.01.29-21.45.38:261][  0]LogConfig: Setting CVar [[r.LightFunctionQuality:1]]
[2019.01.29-21.45.38:262][  0]LogConfig: Setting CVar [[r.ShadowQuality:5]]
[2019.01.29-21.45.38:262][  0]LogConfig: Setting CVar [[r.Shadow.CSM.MaxCascades:10]]
[2019.01.29-21.45.38:262][  0]LogConfig: Setting CVar [[r.Shadow.MaxResolution:2048]]
[2019.01.29-21.45.38:263][  0]LogConfig: Setting CVar [[r.Shadow.MaxCSMResolution:2048]]
[2019.01.29-21.45.38:263][  0]LogConfig: Setting CVar [[r.Shadow.RadiusThreshold:0.01]]
[2019.01.29-21.45.38:263][  0]LogConfig: Setting CVar [[r.Shadow.DistanceScale:1.0]]
[2019.01.29-21.45.38:263][  0]LogConfig: Setting CVar [[r.Shadow.CSM.TransitionScale:1.0]]
[2019.01.29-21.45.38:264][  0]LogConfig: Setting CVar [[r.Shadow.PreShadowResolutionFactor:1.0]]
[2019.01.29-21.45.38:264][  0]LogConfig: Setting CVar [[r.DistanceFieldShadowing:1]]
[2019.01.29-21.45.38:264][  0]LogConfig: Setting CVar [[r.DistanceFieldAO:1]]
[2019.01.29-21.45.38:265][  0]LogConfig: Setting CVar [[r.AOQuality:2]]
[2019.01.29-21.45.38:265][  0]LogConfig: Setting CVar [[r.VolumetricFog:1]]
[2019.01.29-21.45.38:265][  0]LogConfig: Setting CVar [[r.VolumetricFog.GridPixelSize:8]]
[2019.01.29-21.45.38:265][  0]LogConfig: Setting CVar [[r.VolumetricFog.GridSizeZ:128]]
[2019.01.29-21.45.38:266][  0]LogConfig: Setting CVar [[r.VolumetricFog.HistoryMissSupersampleCount:4]]
[2019.01.29-21.45.38:266][  0]LogConfig: Setting CVar [[r.LightMaxDrawDistanceScale:1]]
[2019.01.29-21.45.38:266][  0]LogConfig: Setting CVar [[r.CapsuleShadows:1]]
[2019.01.29-21.45.38:267][  0]LogConfig: Applying CVar settings from Section [PostProcessQuality@3] File [../../../AnimeWolfy/Saved/Config/WindowsServer/Scalability.ini]
[2019.01.29-21.45.38:270][  0]LogConfig: Setting CVar [[r.MotionBlurQuality:4]]
[2019.01.29-21.45.38:270][  0]LogConfig: Setting CVar [[r.AmbientOcclusionMipLevelFactor:0.4]]
[2019.01.29-21.45.38:271][  0]LogConfig: Setting CVar [[r.AmbientOcclusionMaxQuality:100]]
[2019.01.29-21.45.38:271][  0]LogConfig: Setting CVar [[r.AmbientOcclusionLevels:-1]]
[2019.01.29-21.45.38:271][  0]LogConfig: Setting CVar [[r.AmbientOcclusionRadiusScale:1.0]]
[2019.01.29-21.45.38:272][  0]LogConfig: Setting CVar [[r.DepthOfFieldQuality:2]]
[2019.01.29-21.45.38:272][  0]LogConfig: Setting CVar [[r.RenderTargetPoolMin:400]]
[2019.01.29-21.45.38:272][  0]LogConfig: Setting CVar [[r.LensFlareQuality:2]]
[2019.01.29-21.45.38:273][  0]LogConfig: Setting CVar [[r.SceneColorFringeQuality:1]]
[2019.01.29-21.45.38:273][  0]LogConfig: Setting CVar [[r.EyeAdaptationQuality:2]]
[2019.01.29-21.45.38:273][  0]LogConfig: Setting CVar [[r.BloomQuality:5]]
[2019.01.29-21.45.38:273][  0]LogConfig: Setting CVar [[r.FastBlurThreshold:100]]
[2019.01.29-21.45.38:274][  0]LogConfig: Setting CVar [[r.Upscale.Quality:3]]
[2019.01.29-21.45.38:274][  0]LogConfig: Setting CVar [[r.Tonemapper.GrainQuantization:1]]
[2019.01.29-21.45.38:274][  0]LogConfig: Setting CVar [[r.LightShaftQuality:1]]
[2019.01.29-21.45.38:275][  0]LogConfig: Setting CVar [[r.Filter.SizeScale:1]]
[2019.01.29-21.45.38:275][  0]LogConfig: Setting CVar [[r.Tonemapper.Quality:5]]
[2019.01.29-21.45.38:275][  0]LogConfig: Setting CVar [[r.DOF.Gather.AccumulatorQuality:1        ; higher gathering accumulator quality]]
[2019.01.29-21.45.38:275][  0]LogConfig: Setting CVar [[r.DOF.Gather.PostfilterMethod:1          ; Median3x3 postfilering method]]
[2019.01.29-21.45.38:276][  0]LogConfig: Setting CVar [[r.DOF.Gather.EnableBokehSettings:0       ; no bokeh simulation when gathering]]
[2019.01.29-21.45.38:276][  0]LogConfig: Setting CVar [[r.DOF.Gather.RingCount:4                 ; medium number of samples when gathering]]
[2019.01.29-21.45.38:276][  0]LogConfig: Setting CVar [[r.DOF.Scatter.ForegroundCompositing:1    ; additive foreground scattering]]
[2019.01.29-21.45.38:277][  0]LogConfig: Setting CVar [[r.DOF.Scatter.BackgroundCompositing:2    ; additive background scattering]]
[2019.01.29-21.45.38:277][  0]LogConfig: Setting CVar [[r.DOF.Scatter.EnableBokehSettings:1      ; bokeh simulation when scattering]]
[2019.01.29-21.45.38:277][  0]LogConfig: Setting CVar [[r.DOF.Scatter.MaxSpriteRatio:0.1         ; only a maximum of 10% of scattered bokeh]]
[2019.01.29-21.45.38:278][  0]LogConfig: Setting CVar [[r.DOF.Recombine.Quality:1                ; cheap slight out of focus]]
[2019.01.29-21.45.38:278][  0]LogConfig: Setting CVar [[r.DOF.Recombine.EnableBokehSettings:0    ; no bokeh simulation on slight out of focus]]
[2019.01.29-21.45.38:278][  0]LogConfig: Setting CVar [[r.DOF.TemporalAAQuality:1                ; more stable temporal accumulation]]
[2019.01.29-21.45.38:278][  0]LogConfig: Setting CVar [[r.DOF.Kernel.MaxForegroundRadius:0.025]]
[2019.01.29-21.45.38:279][  0]LogConfig: Setting CVar [[r.DOF.Kernel.MaxBackgroundRadius:0.025]]
[2019.01.29-21.45.38:282][  0]LogConfig: Applying CVar settings from Section [TextureQuality@3] File [../../../AnimeWolfy/Saved/Config/WindowsServer/Scalability.ini]
[2019.01.29-21.45.38:282][  0]LogConfig: Setting CVar [[r.Streaming.MipBias:0]]
[2019.01.29-21.45.38:283][  0]LogConfig: Setting CVar [[r.Streaming.AmortizeCPUToGPUCopy:0]]
[2019.01.29-21.45.38:283][  0]LogConfig: Setting CVar [[r.Streaming.MaxNumTexturesToStreamPerFrame:0]]
[2019.01.29-21.45.38:283][  0]LogConfig: Setting CVar [[r.Streaming.Boost:1]]
[2019.01.29-21.45.38:283][  0]LogConfig: Setting CVar [[r.MaxAnisotropy:8]]
[2019.01.29-21.45.38:284][  0]LogConfig: Setting CVar [[r.Streaming.LimitPoolSizeToVRAM:0]]
[2019.01.29-21.45.38:284][  0]LogConfig: Setting CVar [[r.Streaming.PoolSize:1000]]
[2019.01.29-21.45.38:284][  0]LogConfig: Setting CVar [[r.Streaming.MaxEffectiveScreenSize:0]]
[2019.01.29-21.45.38:285][  0]LogConfig: Applying CVar settings from Section [EffectsQuality@3] File [../../../AnimeWolfy/Saved/Config/WindowsServer/Scalability.ini]
[2019.01.29-21.45.38:285][  0]LogConfig: Setting CVar [[r.TranslucencyLightingVolumeDim:64]]
[2019.01.29-21.45.38:285][  0]LogConfig: Setting CVar [[r.RefractionQuality:2]]
[2019.01.29-21.45.38:286][  0]LogConfig: Setting CVar [[r.SSR.Quality:3]]
[2019.01.29-21.45.38:286][  0]LogConfig: Setting CVar [[r.SceneColorFormat:4]]
[2019.01.29-21.45.38:286][  0]LogConfig: Setting CVar [[r.DetailMode:2]]
[2019.01.29-21.45.38:286][  0]LogConfig: Setting CVar [[r.TranslucencyVolumeBlur:1]]
[2019.01.29-21.45.38:287][  0]LogConfig: Setting CVar [[r.MaterialQualityLevel:1 ; High quality]]
[2019.01.29-21.45.38:287][  0]LogConfig: Setting CVar [[r.SSS.Scale:1]]
[2019.01.29-21.45.38:287][  0]LogConfig: Setting CVar [[r.SSS.SampleSet:2]]
[2019.01.29-21.45.38:287][  0]LogConfig: Setting CVar [[r.SSS.Quality:1]]
[2019.01.29-21.45.38:288][  0]LogConfig: Setting CVar [[r.SSS.HalfRes:1]]
[2019.01.29-21.45.38:288][  0]LogConfig: Setting CVar [[r.EmitterSpawnRateScale:1.0]]
[2019.01.29-21.45.38:288][  0]LogConfig: Setting CVar [[r.ParticleLightQuality:2]]
[2019.01.29-21.45.38:289][  0]LogConfig: Applying CVar settings from Section [FoliageQuality@3] File [../../../AnimeWolfy/Saved/Config/WindowsServer/Scalability.ini]
[2019.01.29-21.45.38:289][  0]LogConfig: Setting CVar [[foliage.DensityScale:1.0]]
[2019.01.29-21.45.38:289][  0]LogConfig: Setting CVar [[grass.DensityScale:1.0]]
[2019.01.29-21.45.38:290][  0]LogConfig: Applying CVar settings from Section [Startup] File [../../../Engine/Config/ConsoleVariables.ini]
[2019.01.29-21.45.38:290][  0]LogConfig: Setting CVar [[net.UseAdaptiveNetUpdateFrequency:0]]
[2019.01.29-21.45.38:290][  0]LogConfig: Applying CVar settings from Section [ConsoleVariables] File [../../../AnimeWolfy/Saved/Config/WindowsServer/Engine.ini]
[2019.01.29-21.45.38:291][  0]LogInit: Computer: DESKTOP-PF2V43L
[2019.01.29-21.45.38:294][  0]LogInit: User: Tinki
[2019.01.29-21.45.38:294][  0]LogInit: CPU Page size=4096, Cores=6
[2019.01.29-21.45.38:294][  0]LogInit: High frequency timer resolution =10.000000 MHz
[2019.01.29-21.45.38:295][  0]LogMemory: Memory total: Physical=15.9GB (16GB approx)
[2019.01.29-21.45.38:295][  0]LogMemory: Platform Memory Stats for WindowsServer
[2019.01.29-21.45.38:295][  0]LogMemory: Process Physical Memory: 53.18 MB used, 53.19 MB peak
[2019.01.29-21.45.38:296][  0]LogMemory: Process Virtual Memory: 62.93 MB used, 62.93 MB peak
[2019.01.29-21.45.38:296][  0]LogMemory: Physical Memory: 12261.43 MB used,  4063.78 MB free, 16325.21 MB total
[2019.01.29-21.45.38:297][  0]LogMemory: Virtual Memory: 4426.66 MB used,  134213304.00 MB free, 134217728.00 MB total
[2019.01.29-21.45.38:307][  0]LogInit: Using OS detected language (ru-RU).
[2019.01.29-21.45.38:307][  0]LogInit: Using OS detected locale (ru-RU).
[2019.01.29-21.45.38:308][  0]LogTextLocalizationManager: No localization for 'ru-RU' exists, so 'en' will be used for the language.
[2019.01.29-21.45.38:309][  0]LogTextLocalizationManager: No localization for 'ru-RU' exists, so 'en' will be used for the locale.
[2019.01.29-21.45.38:325][  0]LogStreaming: Display: Took  0.018s to InitEngineTextLocalization.
[2019.01.29-21.45.38:328][  0]LogInit: Using OS detected language (ru-RU).
[2019.01.29-21.45.38:328][  0]LogInit: Using OS detected locale (ru-RU).
[2019.01.29-21.45.38:328][  0]LogTextLocalizationManager: No localization for 'ru-RU' exists, so 'en' will be used for the language.
[2019.01.29-21.45.38:329][  0]LogTextLocalizationManager: No localization for 'ru-RU' exists, so 'en' will be used for the locale.
[2019.01.29-21.45.38:329][  0]LogStreaming: Display: Took  0.001s to InitGameTextLocalization.
[2019.01.29-21.45.38:337][  0]LogAssetRegistry: FAssetRegistry took 0.0073 seconds to start up
[2019.01.29-21.45.38:397][  0]LogStreaming: Display: Flushing async loaders.
[2019.01.29-21.45.38:403][  0]LogPackageLocalizationCache: Processed 10 localized package path(s) for 1 prioritized culture(s) in 0.005628 seconds
[2019.01.29-21.45.38:404][  0]LogPakFile: New pak file ../../../AnimeWolfy/Content/Paks/AnimeWolfy-WindowsNoEditor.pak added to pak precacher.
[2019.01.29-21.45.38:405][  0]LogInit: Selected Device Profile: [WindowsServer]
[2019.01.29-21.45.38:412][  0]LogNetVersion: AnimeWolfy 1.0.0, NetCL: 0, EngineNetVer: 5, GameNetVer: 0 (Checksum: 3604432672)
[2019.01.29-21.45.38:494][  0]LogUObjectArray: 34939 objects as part of root set at end of initial load.
[2019.01.29-21.45.38:494][  0]LogUObjectAllocator: 5215640 out of 0 bytes used by permanent object pool.
[2019.01.29-21.45.38:496][  0]LogUObjectArray: CloseDisregardForGC: 34939/0 objects in disregard for GC pool
[2019.01.29-21.45.38:598][  0]LogAndroidPermission: UAndroidPermissionCallbackProxy::GetInstance
[2019.01.29-21.45.38:598][  0]LogOcInput: OculusInput pre-init called
[2019.01.29-21.45.38:610][  0]LogEngine: Initializing Engine...
[2019.01.29-21.45.38:611][  0]LogStats: UGameplayTagsManager::ConstructGameplayTagTree: ImportINI prefixes -  0.000 s
[2019.01.29-21.45.38:611][  0]LogStats: UGameplayTagsManager::ConstructGameplayTagTree: Construct from data asset -  0.000 s
[2019.01.29-21.45.38:611][  0]LogStats: UGameplayTagsManager::ConstructGameplayTagTree: ImportINI -  0.000 s
[2019.01.29-21.45.38:612][  0]LogStats: UGameplayTagsManager::ConstructGameplayTagTree: GameplayTagTreeChangedEvent.Broadcast -  0.000 s
[2019.01.29-21.45.38:654][  0]LogInit: Initializing FReadOnlyCVARCache
[2019.01.29-21.45.38:655][  0]LogNetVersion: Set ProjectVersion to 1.0.0.0. Version Checksum will be recalculated on next use.
[2019.01.29-21.45.38:656][  0]LogInit: Texture streaming: Disabled
[2019.01.29-21.45.38:725][  0]LogInit: Display: Game Engine Initialized.
[2019.01.29-21.45.38:725][  0]LogGameplayTags: Display: UGameplayTagsManager::DoneAddingNativeTags. DelegateIsBound: 0
[2019.01.29-21.45.38:726][  0]LogStats: UGameplayTagsManager::ConstructGameplayTagTree: ImportINI prefixes -  0.000 s
[2019.01.29-21.45.38:727][  0]LogStats: UGameplayTagsManager::ConstructGameplayTagTree: Construct from data asset -  0.000 s
[2019.01.29-21.45.38:728][  0]LogStats: UGameplayTagsManager::ConstructGameplayTagTree: ImportINI -  0.000 s
[2019.01.29-21.45.38:728][  0]LogStats: UGameplayTagsManager::ConstructGameplayTagTree: GameplayTagTreeChangedEvent.Broadcast -  0.000 s
[2019.01.29-21.45.38:734][  0]LogInit: Display: Starting Game.
[2019.01.29-21.45.38:735][  0]LogNet: Browse: /Game/Maps/TestMap?Name=Player
[2019.01.29-21.45.38:736][  0]LogLoad: LoadMap: /Game/Maps/TestMap?Name=Player
[2019.01.29-21.45.38:771][  0]LogAIModule: Creating AISystem for world TestMap
[2019.01.29-21.45.38:771][  0]LogLoad: Game class is 'MultGameMode_C'
[2019.01.29-21.45.38:773][  0]LogTemp: Display: ParseSettings for GameNetDriver
[2019.01.29-21.45.38:773][  0]LogTemp: Display: ParseSettings for IpNetDriver_0
[2019.01.29-21.45.38:774][  0]LogTemp: Display: ParseSettings for GameNetDriver
[2019.01.29-21.45.38:774][  0]LogNet: ReplicationDriverClass is null! Not using ReplicationDriver.
[2019.01.29-21.45.38:774][  0]PacketHandlerLog: DDoS detection status: detection enabled: 0 analytics enabled: 0
[2019.01.29-21.45.38:774][  0]LogInit: WinSock: Socket queue 131072 / 131072
[2019.01.29-21.45.38:776][  0]LogInit: WinSock: I am DESKTOP-PF2V43L (192.168.1.4:0)
[2019.01.29-21.45.38:776][  0]PacketHandlerLog: Loaded PacketHandler component: Engine.EngineHandlerComponentFactory (StatelessConnectHandlerComponent)
[2019.01.29-21.45.38:776][  0]LogNet: GameNetDriver IpNetDriver_0 IpNetDriver listening on port 7777
[2019.01.29-21.45.38:777][  0]LogWorld: Bringing World /Game/Maps/TestMap.TestMap up for play (max tick rate 30) at 2019.01.30-00.45.38
[2019.01.29-21.45.38:778][  0]LogWorld: Bringing up level for play took: 0.000795
[2019.01.29-21.45.38:778][  0]LogGameMode: Display: Match State Changed from EnteringMap to WaitingToStart
[2019.01.29-21.45.38:778][  0]LogGameState: Match State Changed from EnteringMap to WaitingToStart
[2019.01.29-21.45.38:778][  0]LogGameMode: Display: Match State Changed from WaitingToStart to InProgress
[2019.01.29-21.45.38:779][  0]LogGameState: Match State Changed from WaitingToStart to InProgress
[2019.01.29-21.45.38:779][  0]LogLoad: Took 0.042438 seconds to LoadMap(/Game/Maps/TestMap)
[2019.01.29-21.45.38:779][  0]LogLoad: (Engine Initialization) Total time: 0.90 seconds
[2019.01.29-21.45.41:915][ 92]LogOutputDevice: Warning: 

Script Stack (4 frames):
GameArea_C.SpawnFood
MultGameMode_C.SpawnFood
MultGameMode_C.ExecuteUbergraph_MultGameMode
MultGameMode_C.ReceiveTick

[2019.01.29-21.45.41:936][ 92]LogStats: FPlatformStackWalk::StackWalkAndDump -  0.009 s
[2019.01.29-21.45.41:936][ 92]LogOutputDevice: Error: === Handled ensure: ===
[2019.01.29-21.45.41:938][ 92]LogOutputDevice: Error: 
[2019.01.29-21.45.41:940][ 92]LogOutputDevice: Error: Ensure condition failed: AsAIController [File:C:\Program Files\Epic Games\UnrealEngine-release\Engine\Source\Runtime\AIModule\Private\Navigation\NavFilter_AIControllerDefault.cpp] [Line: 18]
[2019.01.29-21.45.41:941][ 92]LogOutputDevice: Error: 
[2019.01.29-21.45.41:942][ 92]LogOutputDevice: Error: Stack: 
[2019.01.29-21.45.41:943][ 92]LogOutputDevice: Error: [Callstack] 0x00007ff75be857a1 AnimeWolfyServer.exe!UnknownFunction []
[2019.01.29-21.45.41:944][ 92]LogOutputDevice: Error: [Callstack] 0x00007ff75bd0004c AnimeWolfyServer.exe!UnknownFunction []
[2019.01.29-21.45.41:944][ 92]LogOutputDevice: Error: [Callstack] 0x00007ff75bd00698 AnimeWolfyServer.exe!UnknownFunction []
[2019.01.29-21.45.41:945][ 92]LogOutputDevice: Error: [Callstack] 0x00007ff75bd0e79a AnimeWolfyServer.exe!UnknownFunction []
[2019.01.29-21.45.41:945][ 92]LogOutputDevice: Error: [Callstack] 0x00007ff75bd5c4f1 AnimeWolfyServer.exe!UnknownFunction []
[2019.01.29-21.45.41:946][ 92]LogOutputDevice: Error: [Callstack] 0x00007ff75905bce2 AnimeWolfyServer.exe!UnknownFunction []
[2019.01.29-21.45.41:946][ 92]LogOutputDevice: Error: [Callstack] 0x00007ff759231b19 AnimeWolfyServer.exe!UnknownFunction []
[2019.01.29-21.45.41:947][ 92]LogOutputDevice: Error: [Callstack] 0x00007ff75924c91a AnimeWolfyServer.exe!UnknownFunction []
[2019.01.29-21.45.41:947][ 92]LogOutputDevice: Error: [Callstack] 0x00007ff759260fa4 AnimeWolfyServer.exe!UnknownFunction []
[2019.01.29-21.45.41:948][ 92]LogOutputDevice: Error: [Callstack] 0x00007ff75924f092 AnimeWolfyServer.exe!UnknownFunction []
[2019.01.29-21.45.41:948][ 92]LogOutputDevice: Error: [Callstack] 0x00007ff759232479 AnimeWolfyServer.exe!UnknownFunction []
[2019.01.29-21.45.41:949][ 92]LogOutputDevice: Error: [Callstack] 0x00007ff75924c91a AnimeWolfyServer.exe!UnknownFunction []
[2019.01.29-21.45.41:949][ 92]LogOutputDevice: Error: [Callstack] 0x00007ff75924f092 AnimeWolfyServer.exe!UnknownFunction []
[2019.01.29-21.45.41:950][ 92]LogOutputDevice: Error: [Callstack] 0x00007ff759232479 AnimeWolfyServer.exe!UnknownFunction []
[2019.01.29-21.45.41:950][ 92]LogOutputDevice: Error: [Callstack] 0x00007ff75924f092 AnimeWolfyServer.exe!UnknownFunction []
[2019.01.29-21.45.41:951][ 92]LogOutputDevice: Error: [Callstack] 0x00007ff759232479 AnimeWolfyServer.exe!UnknownFunction []
[2019.01.29-21.45.41:953][ 92]LogOutputDevice: Error: [Callstack] 0x00007ff75924f092 AnimeWolfyServer.exe!UnknownFunction []
[2019.01.29-21.45.41:953][ 92]LogOutputDevice: Error: [Callstack] 0x00007ff75905bce2 AnimeWolfyServer.exe!UnknownFunction []
[2019.01.29-21.45.41:954][ 92]LogOutputDevice: Error: [Callstack] 0x00007ff75924e6b1 AnimeWolfyServer.exe!UnknownFunction []
[2019.01.29-21.45.41:954][ 92]LogOutputDevice: Error: [Callstack] 0x00007ff75a8aa17b AnimeWolfyServer.exe!UnknownFunction []
[2019.01.29-21.45.41:955][ 92]LogOutputDevice: Error: [Callstack] 0x00007ff75b730e33 AnimeWolfyServer.exe!UnknownFunction []
[2019.01.29-21.45.41:955][ 92]LogOutputDevice: Error: [Callstack] 0x00007ff75a8ba6b3 AnimeWolfyServer.exe!UnknownFunction []
[2019.01.29-21.45.41:955][ 92]LogOutputDevice: Error: [Callstack] 0x00007ff75ad9fcfe AnimeWolfyServer.exe!UnknownFunction []
[2019.01.29-21.45.41:956][ 92]LogOutputDevice: Error: [Callstack] 0x00007ff75a8bae04 AnimeWolfyServer.exe!UnknownFunction []
[2019.01.29-21.45.41:956][ 92]LogOutputDevice: Error: [Callstack] 0x00007ff75a88de25 AnimeWolfyServer.exe!UnknownFunction []
[2019.01.29-21.45.41:957][ 92]LogOutputDevice: Error: [Callstack] 0x00007ff75b580e7a AnimeWolfyServer.exe!UnknownFunction []
[2019.01.29-21.45.41:957][ 92]LogOutputDevice: Error: [Callstack] 0x00007ff758b4333d AnimeWolfyServer.exe!UnknownFunction []
[2019.01.29-21.45.41:958][ 92]LogOutputDevice: Error: [Callstack] 0x00007ff758b437b6 AnimeWolfyServer.exe!UnknownFunction []
[2019.01.29-21.45.41:958][ 92]LogOutputDevice: Error: [Callstack] 0x00007ff758b557f9 AnimeWolfyServer.exe!UnknownFunction []
[2019.01.29-21.45.41:958][ 92]LogOutputDevice: Error: [Callstack] 0x00007ff75b593633 AnimeWolfyServer.exe!UnknownFunction []
[2019.01.29-21.45.41:959][ 92]LogOutputDevice: Error: [Callstack] 0x00007ff75b597b18 AnimeWolfyServer.exe!UnknownFunction []
[2019.01.29-21.45.41:960][ 92]LogOutputDevice: Error: [Callstack] 0x00007ff75af2e20f AnimeWolfyServer.exe!UnknownFunction []
[2019.01.29-21.45.41:960][ 92]LogOutputDevice: Error: [Callstack] 0x00007ff75af36c32 AnimeWolfyServer.exe!UnknownFunction []
[2019.01.29-21.45.41:961][ 92]LogOutputDevice: Error: [Callstack] 0x00007ff75ada0880 AnimeWolfyServer.exe!UnknownFunction []
[2019.01.29-21.45.41:961][ 92]LogOutputDevice: Error: [Callstack] 0x00007ff758629185 AnimeWolfyServer.exe!UnknownFunction []
[2019.01.29-21.45.41:962][ 92]LogOutputDevice: Error: [Callstack] 0x00007ff758636070 AnimeWolfyServer.exe!UnknownFunction []
[2019.01.29-21.45.41:965][ 92]LogOutputDevice: Error: [Callstack] 0x00007ff7586360fa AnimeWolfyServer.exe!UnknownFunction []
[2019.01.29-21.45.41:965][ 92]LogOutputDevice: Error: [Callstack] 0x00007ff758642811 AnimeWolfyServer.exe!UnknownFunction []
[2019.01.29-21.45.41:966][ 92]LogOutputDevice: Error: [Callstack] 0x00007ff75c740182 AnimeWolfyServer.exe!UnknownFunction []
[2019.01.29-21.45.41:966][ 92]LogOutputDevice: Error: [Callstack] 0x00007ff894ae7e94 KERNEL32.DLL!UnknownFunction []
[2019.01.29-21.45.41:967][ 92]LogOutputDevice: Error: [Callstack] 0x00007ff896f3a251 ntdll.dll!UnknownFunction []
[2019.01.29-21.45.41:967][ 92]LogOutputDevice: Error: 
[2019.01.29-21.45.41:971][ 92]LogStats:                SubmitErrorReport -  0.000 s
[2019.01.29-21.45.42:076][ 92]LogWindows: Warning: CreateProc failed: Не удается найти указанный файл. (0x00000002)
[2019.01.29-21.45.42:078][ 92]LogWindows: Warning: URL: ../../../Engine/Binaries/Win64/CrashReportClient.exe "D:/Studing/PRojects/NetworkUE4/Builds/WindowsNoEditor/AnimeWolfy/Saved/Crashes/UE4CC-Windows-4949C3BA4CDDDAA3A029ED810F4212CE_0000" -Unattended -nullrhi -AppName=UE4-AnimeWolfy -CrashGUID=UE4CC-Windows-4949C3BA4CDDDAA3A029ED810F4212CE_0000 -DebugSymbols=..\..\..\Engine\Intermediate\Symbols
[2019.01.29-21.45.42:079][ 92]LogStats:                    SendNewReport -  0.108 s
[2019.01.29-21.45.42:079][ 92]LogStats:             FDebug::EnsureFailed -  0.164 s
[2019.01.29-21.45.43:365][131]LogNet: NotifyAcceptingConnection accepted from: 127.0.0.1:55601
[2019.01.29-21.45.43:365][131]LogHandshake: SendConnectChallenge. Timestamp: 4.585223, Cookie: 132063196242192078178070122142068185249064253233220181027052
[2019.01.29-21.45.43:399][132]LogNet: NotifyAcceptingConnection accepted from: 127.0.0.1:55601
[2019.01.29-21.45.43:399][132]LogHandshake: SendChallengeAck. InCookie: 132063196242192078178070122142068185249064253233220181027052
[2019.01.29-21.45.43:400][132]LogNet: Server accepting post-challenge connection from: 127.0.0.1:55601
[2019.01.29-21.45.43:401][132]PacketHandlerLog: Loaded PacketHandler component: Engine.EngineHandlerComponentFactory (StatelessConnectHandlerComponent)
[2019.01.29-21.45.43:401][132]LogNet: NotifyAcceptedConnection: Name: TestMap, TimeStamp: 01/30/19 00:45:43, [UNetConnection] RemoteAddr: 127.0.0.1:55601, Name: IpConnection_0, Driver: GameNetDriver IpNetDriver_0, IsServer: YES, PC: NULL, Owner: NULL, UniqueId: INVALID
[2019.01.29-21.45.43:401][132]LogNet: AddClientConnection: Added client connection: [UNetConnection] RemoteAddr: 127.0.0.1:55601, Name: IpConnection_0, Driver: GameNetDriver IpNetDriver_0, IsServer: YES, PC: NULL, Owner: NULL, UniqueId: INVALID
[2019.01.29-21.45.43:432][133]LogNet: NotifyAcceptingChannel Control 0 server World /Game/Maps/TestMap.TestMap: Accepted
[2019.01.29-21.45.43:432][133]LogNet: Remote platform little endian=1
[2019.01.29-21.45.43:433][133]LogNet: This platform little endian=1
[2019.01.29-21.45.43:433][133]LogNetVersion: AnimeWolfy 1.0.0.0, NetCL: 0, EngineNetVer: 5, GameNetVer: 0 (Checksum: 632502508)
[2019.01.29-21.45.43:465][134]LogNet: Login request: /Game/Maps/EntryMap?Name=DESKTOP-PF2V43L-C5CF33684C851CD2867C4696E0AB3BDC userId: NULL:DESKTOP-PF2V43L-C5CF33684C851CD2867C4696E0AB3BDC platform: NULL
[2019.01.29-21.45.43:498][135]LogNet: Client netspeed is 10000
[2019.01.29-21.45.43:564][137]LogNet: Join request: /Game/Maps/EntryMap?Name=DESKTOP-PF2V43L-C5CF33684C851CD2867C4696E0AB3BDC?SplitscreenCount=1
[2019.01.29-21.45.43:564][137]LogOnlineSession: Warning: OSS: No game present to join for session (GameSession)
[2019.01.29-21.45.43:566][137]LogBlueprintUserMessages: [MultGameMode_C_0] Hello Kek!
[2019.01.29-21.45.43:568][137]LogNet: Join succeeded: DESKTOP-PF2V43L-C5CF
[2019.01.29-21.45.43:629][139]LogNetPackageMap: Warning: FNetGUIDCache::SupportsObject: MaterialInstanceDynamic /Game/Maps/TestMap.TestMap:PersistentLevel.Wolfy_Char_C_0.CharacterMesh0.MaterialInstanceDynamic_0 NOT Supported.
[2019.01.29-21.45.43:729][142]LogBlueprintUserMessages: [MultGameMode_C_0] 1
[2019.01.29-21.45.43:795][144]LogBlueprintUserMessages: [MultGameMode_C_0] 1
[2019.01.29-21.45.43:895][147]LogBlueprintUserMessages: [MultGameMode_C_0] 1
[2019.01.29-21.45.43:996][150]LogBlueprintUserMessages: [MultGameMode_C_0] 1
[2019.01.29-21.45.44:095][153]LogBlueprintUserMessages: [MultGameMode_C_0] 1
[2019.01.29-21.45.44:227][157]LogBlueprintUserMessages: [MultGameMode_C_0] 1
[2019.01.29-21.45.44:328][160]LogBlueprintUserMessages: [MultGameMode_C_0] 1
[2019.01.29-21.45.44:393][162]LogBlueprintUserMessages: [MultGameMode_C_0] 1
[2019.01.29-21.45.44:492][165]LogBlueprintUserMessages: [MultGameMode_C_0] 1
[2019.01.29-21.45.44:592][168]LogBlueprintUserMessages: [MultGameMode_C_0] 1
[2019.01.29-21.45.44:724][172]LogBlueprintUserMessages: [MultGameMode_C_0] 1
[2019.01.29-21.45.44:823][175]LogBlueprintUserMessages: [MultGameMode_C_0] 1
[2019.01.29-21.45.44:923][178]LogBlueprintUserMessages: [MultGameMode_C_0] 1
[2019.01.29-21.45.44:989][180]LogBlueprintUserMessages: [MultGameMode_C_0] 1
[2019.01.29-21.45.45:089][183]LogBlueprintUserMessages: [MultGameMode_C_0] 1
[2019.01.29-21.45.45:221][187]LogBlueprintUserMessages: [MultGameMode_C_0] 1
[2019.01.29-21.45.45:320][190]LogBlueprintUserMessages: [MultGameMode_C_0] 1
[2019.01.29-21.45.45:419][193]LogBlueprintUserMessages: [MultGameMode_C_0] 1
[2019.01.29-21.45.45:518][196]LogBlueprintUserMessages: [MultGameMode_C_0] 1
[2019.01.29-21.45.45:617][199]LogBlueprintUserMessages: [MultGameMode_C_0] 1
[2019.01.29-21.45.45:716][202]LogBlueprintUserMessages: [MultGameMode_C_0] 1
[2019.01.29-21.45.45:816][205]LogBlueprintUserMessages: [MultGameMode_C_0] 1
[2019.01.29-21.45.45:914][208]LogBlueprintUserMessages: [MultGameMode_C_0] 1
[2019.01.29-21.45.46:014][211]LogBlueprintUserMessages: [MultGameMode_C_0] 1
[2019.01.29-21.45.46:114][214]LogBlueprintUserMessages: [MultGameMode_C_0] 1
[2019.01.29-21.45.46:212][217]LogBlueprintUserMessages: [MultGameMode_C_0] 1
[2019.01.29-21.45.46:311][220]LogBlueprintUserMessages: [MultGameMode_C_0] 1
[2019.01.29-21.45.46:411][223]LogBlueprintUserMessages: [MultGameMode_C_0] 1
[2019.01.29-21.45.46:511][226]LogBlueprintUserMessages: [MultGameMode_C_0] 1
[2019.01.29-21.45.46:611][229]LogBlueprintUserMessages: [MultGameMode_C_0] 1
[2019.01.29-21.45.46:711][232]LogBlueprintUserMessages: [MultGameMode_C_0] 1
[2019.01.29-21.45.46:809][235]LogBlueprintUserMessages: [MultGameMode_C_0] 1
[2019.01.29-21.45.46:908][238]LogBlueprintUserMessages: [MultGameMode_C_0] 1
[2019.01.29-21.45.47:008][241]LogBlueprintUserMessages: [MultGameMode_C_0] 1
[2019.01.29-21.45.47:110][244]LogBlueprintUserMessages: [MultGameMode_C_0] 1
[2019.01.29-21.45.47:210][247]LogBlueprintUserMessages: [MultGameMode_C_0] 1
[2019.01.29-21.45.47:310][250]LogBlueprintUserMessages: [MultGameMode_C_0] 1
[2019.01.29-21.45.47:409][253]LogBlueprintUserMessages: [MultGameMode_C_0] 1
[2019.01.29-21.45.47:509][256]LogBlueprintUserMessages: [MultGameMode_C_0] 1
[2019.01.29-21.45.47:607][259]LogBlueprintUserMessages: [MultGameMode_C_0] 1
[2019.01.29-21.45.47:708][262]LogBlueprintUserMessages: [MultGameMode_C_0] 1
[2019.01.29-21.45.47:807][265]LogBlueprintUserMessages: [MultGameMode_C_0] 1
[2019.01.29-21.45.47:906][268]LogBlueprintUserMessages: [MultGameMode_C_0] 1
[2019.01.29-21.45.48:006][271]LogBlueprintUserMessages: [MultGameMode_C_0] 1
[2019.01.29-21.45.48:106][274]LogBlueprintUserMessages: [MultGameMode_C_0] 1
[2019.01.29-21.45.48:206][277]LogBlueprintUserMessages: [MultGameMode_C_0] 1
[2019.01.29-21.45.48:306][280]LogBlueprintUserMessages: [MultGameMode_C_0] 1
[2019.01.29-21.45.48:405][283]LogBlueprintUserMessages: [MultGameMode_C_0] 1
[2019.01.29-21.45.48:507][286]LogBlueprintUserMessages: [MultGameMode_C_0] 1
[2019.01.29-21.45.48:608][289]LogBlueprintUserMessages: [MultGameMode_C_0] 1
[2019.01.29-21.45.48:708][292]LogBlueprintUserMessages: [MultGameMode_C_0] 1
[2019.01.29-21.45.48:807][295]LogBlueprintUserMessages: [MultGameMode_C_0] 1
[2019.01.29-21.45.48:907][298]LogBlueprintUserMessages: [MultGameMode_C_0] 1
[2019.01.29-21.45.49:007][301]LogBlueprintUserMessages: [MultGameMode_C_0] 1
[2019.01.29-21.45.49:107][304]LogBlueprintUserMessages: [MultGameMode_C_0] 1
[2019.01.29-21.45.49:206][307]LogBlueprintUserMessages: [MultGameMode_C_0] 1
[2019.01.29-21.45.49:306][310]LogBlueprintUserMessages: [MultGameMode_C_0] 1
[2019.01.29-21.45.49:407][313]LogBlueprintUserMessages: [MultGameMode_C_0] 1
[2019.01.29-21.45.49:507][316]LogBlueprintUserMessages: [MultGameMode_C_0] 1
[2019.01.29-21.45.49:607][319]LogBlueprintUserMessages: [MultGameMode_C_0] 1
[2019.01.29-21.45.49:706][322]LogBlueprintUserMessages: [MultGameMode_C_0] 1
[2019.01.29-21.45.49:806][325]LogBlueprintUserMessages: [MultGameMode_C_0] 1
[2019.01.29-21.45.49:905][328]LogBlueprintUserMessages: [MultGameMode_C_0] 1
[2019.01.29-21.45.50:005][331]LogBlueprintUserMessages: [MultGameMode_C_0] 1
[2019.01.29-21.45.50:105][334]LogBlueprintUserMessages: [MultGameMode_C_0] 1
[2019.01.29-21.45.50:204][337]LogBlueprintUserMessages: [MultGameMode_C_0] 1
[2019.01.29-21.45.50:304][340]LogBlueprintUserMessages: [MultGameMode_C_0] 1
[2019.01.29-21.45.50:403][343]LogBlueprintUserMessages: [MultGameMode_C_0] 1
[2019.01.29-21.45.50:504][346]LogBlueprintUserMessages: [MultGameMode_C_0] 1
[2019.01.29-21.45.50:603][349]LogBlueprintUserMessages: [MultGameMode_C_0] 1
[2019.01.29-21.45.50:703][352]LogBlueprintUserMessages: [MultGameMode_C_0] 1
[2019.01.29-21.45.50:802][355]LogBlueprintUserMessages: [MultGameMode_C_0] 1
[2019.01.29-21.45.50:901][358]LogBlueprintUserMessages: [MultGameMode_C_0] 1
[2019.01.29-21.45.51:001][361]LogBlueprintUserMessages: [MultGameMode_C_0] 1
[2019.01.29-21.45.51:101][364]LogBlueprintUserMessages: [MultGameMode_C_0] 1
[2019.01.29-21.45.51:199][367]LogBlueprintUserMessages: [MultGameMode_C_0] 1
[2019.01.29-21.45.51:299][370]LogBlueprintUserMessages: [MultGameMode_C_0] 1
[2019.01.29-21.45.51:397][373]LogBlueprintUserMessages: [MultGameMode_C_0] 1
[2019.01.29-21.45.51:498][376]LogBlueprintUserMessages: [MultGameMode_C_0] 1
[2019.01.29-21.45.51:599][379]LogBlueprintUserMessages: [MultGameMode_C_0] 1
[2019.01.29-21.45.51:699][382]LogBlueprintUserMessages: [MultGameMode_C_0] 1
[2019.01.29-21.45.51:798][385]LogBlueprintUserMessages: [MultGameMode_C_0] 1
[2019.01.29-21.45.51:897][388]LogBlueprintUserMessages: [MultGameMode_C_0] 1
[2019.01.29-21.45.51:996][391]LogBlueprintUserMessages: [MultGameMode_C_0] 1
[2019.01.29-21.45.52:095][394]LogBlueprintUserMessages: [MultGameMode_C_0] 1
[2019.01.29-21.45.52:360][402]LogBlueprintUserMessages: [MultGameMode_C_0] 1
[2019.01.29-21.45.52:360][402]LogBlueprintUserMessages: [MultGameMode_C_0] 1
[2019.01.29-21.45.52:425][404]LogBlueprintUserMessages: [MultGameMode_C_0] 1
[2019.01.29-21.45.52:491][406]LogBlueprintUserMessages: [MultGameMode_C_0] 1
[2019.01.29-21.45.52:591][409]LogBlueprintUserMessages: [MultGameMode_C_0] 1
[2019.01.29-21.45.52:723][413]LogBlueprintUserMessages: [MultGameMode_C_0] 1
[2019.01.29-21.45.52:823][416]LogBlueprintUserMessages: [MultGameMode_C_0] 1
[2019.01.29-21.45.52:923][419]LogBlueprintUserMessages: [MultGameMode_C_0] 1
[2019.01.29-21.45.53:090][424]LogNet: UChannel::ReceivedSequencedBunch: Bunch.bClose == true. ChIndex == 0. Calling ConditionalCleanUp.
[2019.01.29-21.45.53:090][424]LogNet: UChannel::CleanUp: ChIndex == 0. Closing connection. [UChannel] ChIndex: 0, Closing: 0 [UNetConnection] RemoteAddr: 127.0.0.1:55601, Name: IpConnection_0, Driver: GameNetDriver IpNetDriver_0, IsServer: YES, PC: Wolfy_Controller_C_0, Owner: Wolfy_Controller_C_0, UniqueId: NULL:DESKTOP-PF2V43L-C5CF33684C851CD2867C4696E0AB3BDC
[2019.01.29-21.45.53:091][424]LogNet: UNetConnection::Close: [UNetConnection] RemoteAddr: 127.0.0.1:55601, Name: IpConnection_0, Driver: GameNetDriver IpNetDriver_0, IsServer: YES, PC: Wolfy_Controller_C_0, Owner: Wolfy_Controller_C_0, UniqueId: NULL:DESKTOP-PF2V43L-C5CF33684C851CD2867C4696E0AB3BDC, Channels: 13, Time: 2019.01.29-21.45.53
[2019.01.29-21.45.53:092][424]LogNet: UChannel::Close: Sending CloseBunch. ChIndex == 0. Name: [UChannel] ChIndex: 0, Closing: 0 [UNetConnection] RemoteAddr: 127.0.0.1:55601, Name: IpConnection_0, Driver: GameNetDriver IpNetDriver_0, IsServer: YES, PC: Wolfy_Controller_C_0, Owner: Wolfy_Controller_C_0, UniqueId: NULL:DESKTOP-PF2V43L-C5CF33684C851CD2867C4696E0AB3BDC
[2019.01.29-21.45.53:094][424]LogOnlineSession: Warning: OSS: No game present to leave for session (GameSession)
[2019.01.29-21.47.38:826][563]LogGameMode: Display: Match State Changed from InProgress to WaitingPostMatch
[2019.01.29-21.47.38:826][563]LogGameState: Match State Changed from InProgress to WaitingPostMatch
[2019.01.29-21.49.44:498][293]LogNet: World NetDriver shutdown IpNetDriver_0 [GameNetDriver]
[2019.01.29-21.49.44:499][293]LogNet: DestroyNamedNetDriver IpNetDriver_0 [GameNetDriver]
[2019.01.29-21.49.44:500][293]LogExit: GameNetDriver IpNetDriver_0 shut down
[2019.01.29-21.49.44:501][293]LogExit: Preparing to exit.
[2019.01.29-21.49.44:505][293]LogExit: Game engine shut down
[2019.01.29-21.49.44:542][293]LogExit: Object subsystem successfully closed.
[2019.01.29-21.49.44:543][293]LogModuleManager: Shutting down and abandoning module AutomationController (172)
[2019.01.29-21.49.44:544][293]LogModuleManager: Shutting down and abandoning module AutomationWorker (170)
[2019.01.29-21.49.44:544][293]LogModuleManager: Shutting down and abandoning module AIModule (168)
[2019.01.29-21.49.44:545][293]LogModuleManager: Shutting down and abandoning module GameplayDebugger (167)
[2019.01.29-21.49.44:545][293]LogModuleManager: Shutting down and abandoning module NavigationSystem (165)
[2019.01.29-21.49.44:546][293]LogModuleManager: Shutting down and abandoning module WmfMediaFactory (162)
[2019.01.29-21.49.44:546][293]LogModuleManager: Shutting down and abandoning module OpenExrWrapper (160)
[2019.01.29-21.49.44:547][293]LogModuleManager: Shutting down and abandoning module ImgMediaFactory (158)
[2019.01.29-21.49.44:547][293]LogModuleManager: Shutting down and abandoning module AvfMediaFactory (156)
[2019.01.29-21.49.44:547][293]LogModuleManager: Shutting down and abandoning module CharacterAI (154)
[2019.01.29-21.49.44:548][293]LogModuleManager: Shutting down and abandoning module SessionServices (152)
[2019.01.29-21.49.44:548][293]LogModuleManager: Shutting down and abandoning module MovieSceneTracks (150)
[2019.01.29-21.49.44:548][293]LogModuleManager: Shutting down and abandoning module MovieScene (148)
[2019.01.29-21.49.44:549][293]LogModuleManager: Shutting down and abandoning module StreamingPauseRendering (146)
[2019.01.29-21.49.44:549][293]LogModuleManager: Shutting down and abandoning module ImageWriteQueue (144)
[2019.01.29-21.49.44:550][293]LogModuleManager: Shutting down and abandoning module ImageWrapper (143)
[2019.01.29-21.49.44:550][293]LogModuleManager: Shutting down and abandoning module ProfilerService (140)
[2019.01.29-21.49.44:556][293]LogModuleManager: Shutting down and abandoning module TaskGraph (138)
[2019.01.29-21.49.44:556][293]LogModuleManager: Shutting down and abandoning module SteamVRController (136)
[2019.01.29-21.49.44:557][293]LogModuleManager: Shutting down and abandoning module ProceduralMeshComponent (134)
[2019.01.29-21.49.44:557][293]LogModuleManager: Shutting down and abandoning module OculusInput (132)
[2019.01.29-21.49.44:557][293]LogModuleManager: Shutting down and abandoning module MobilePatchingUtils (130)
[2019.01.29-21.49.44:558][293]LogModuleManager: Shutting down and abandoning module CustomMeshComponent (128)
[2019.01.29-21.49.44:558][293]LogModuleManager: Shutting down and abandoning module CableComponent (126)
[2019.01.29-21.49.44:559][293]LogModuleManager: Shutting down and abandoning module AudioCapture (124)
[2019.01.29-21.49.44:559][293]LogModuleManager: Shutting down and abandoning module ArchVisCharacter (122)
[2019.01.29-21.49.44:559][293]LogModuleManager: Shutting down and abandoning module AndroidPermission (120)
[2019.01.29-21.49.44:560][293]LogModuleManager: Shutting down and abandoning module MediaCompositing (118)
[2019.01.29-21.49.44:561][293]LogModuleManager: Shutting down and abandoning module LinearTimecode (116)
[2019.01.29-21.49.44:561][293]LogModuleManager: Shutting down and abandoning module ImgMedia (114)
[2019.01.29-21.49.44:563][293]LogModuleManager: Shutting down and abandoning module Media (113)
[2019.01.29-21.49.44:564][293]LogModuleManager: Shutting down and abandoning module HTML5Networking (110)
[2019.01.29-21.49.44:565][293]LogModuleManager: Shutting down and abandoning module BackChannel (108)
[2019.01.29-21.49.44:565][293]LogModuleManager: Shutting down and abandoning module AppleVision (106)
[2019.01.29-21.49.44:565][293]LogModuleManager: Shutting down and abandoning module AppleImageUtils (104)
[2019.01.29-21.49.44:566][293]LogModuleManager: Shutting down and abandoning module GeometryCacheTracks (102)
[2019.01.29-21.49.44:566][293]LogModuleManager: Shutting down and abandoning module GeometryCache (100)
[2019.01.29-21.49.44:567][293]LogModuleManager: Shutting down and abandoning module VariantManagerContent (98)
[2019.01.29-21.49.44:567][293]LogModuleManager: Shutting down and abandoning module EditableMesh (96)
[2019.01.29-21.49.44:568][293]LogModuleManager: Shutting down and abandoning module AnimeWolfy (94)
[2019.01.29-21.49.44:568][293]LogModuleManager: Shutting down and abandoning module RuntimePhysXCooking (92)
[2019.01.29-21.49.44:568][293]LogModuleManager: Shutting down and abandoning module PhysXVehicles (90)
[2019.01.29-21.49.44:569][293]LogModuleManager: Shutting down and abandoning module LocationServicesBPLibrary (88)
[2019.01.29-21.49.44:569][293]LogModuleManager: Shutting down and abandoning module ActorSequence (86)
[2019.01.29-21.49.44:569][293]LogModuleManager: Shutting down and abandoning module UdpMessaging (84)
[2019.01.29-21.49.44:569][293]LogModuleManager: Shutting down and abandoning module TcpMessaging (82)
[2019.01.29-21.49.44:570][293]LogModuleManager: Shutting down and abandoning module FacialAnimation (80)
[2019.01.29-21.49.44:571][293]LogModuleManager: Shutting down and abandoning module LightPropagationVolumeRuntime (78)
[2019.01.29-21.49.44:572][293]LogModuleManager: Shutting down and abandoning module AISupportModule (76)
[2019.01.29-21.49.44:573][293]LogModuleManager: Shutting down and abandoning module Paper2D (74)
[2019.01.29-21.49.44:576][293]LogModuleManager: Shutting down and abandoning module WindowsMoviePlayer (72)
[2019.01.29-21.49.44:577][293]LogModuleManager: Shutting down and abandoning module WmfMedia (70)
[2019.01.29-21.49.44:577][293]LogModuleManager: Shutting down and abandoning module PacketHandler (68)
[2019.01.29-21.49.44:577][293]LogModuleManager: Shutting down and abandoning module ClothingSystemRuntime (66)
[2019.01.29-21.49.44:577][293]LogModuleManager: Shutting down and abandoning module MediaAssets (64)
[2019.01.29-21.49.44:578][293]LogModuleManager: Shutting down and abandoning module Messaging (62)
[2019.01.29-21.49.44:578][293]LogModuleManager: Shutting down and abandoning module Networking (60)
[2019.01.29-21.49.44:578][293]LogModuleManager: Shutting down and abandoning module Core (58)
[2019.01.29-21.49.44:578][293]LogModuleManager: Shutting down and abandoning module LevelSequence (56)
[2019.01.29-21.49.44:579][293]LogModuleManager: Shutting down and abandoning module NullDrv (52)
[2019.01.29-21.49.44:579][293]LogModuleManager: Shutting down and abandoning module PhysXCooking (50)
[2019.01.29-21.49.44:579][293]LogModuleManager: Shutting down and abandoning module SteamVR (48)
[2019.01.29-21.49.44:580][293]LogHMD: Freeing OpenVRDLLHandle.
[2019.01.29-21.49.44:580][293]LogModuleManager: Shutting down and abandoning module OculusHMD (46)
[2019.01.29-21.49.44:580][293]LogModuleManager: Shutting down and abandoning module ExampleDeviceProfileSelector (44)
[2019.01.29-21.49.44:581][293]LogModuleManager: Shutting down and abandoning module LauncherChunkInstaller (42)
[2019.01.29-21.49.44:581][293]LogModuleManager: Shutting down and abandoning module OnlineSubsystem (38)
[2019.01.29-21.49.44:581][293]LogModuleManager: Shutting down and abandoning module HTTP (33)
[2019.01.29-21.49.44:608][293]LogModuleManager: Shutting down and abandoning module SSL (32)
[2019.01.29-21.49.44:608][293]LogModuleManager: Shutting down and abandoning module DatasmithContent (28)
[2019.01.29-21.49.44:608][293]LogModuleManager: Shutting down and abandoning module ShaderCore (26)
[2019.01.29-21.49.44:609][293]LogModuleManager: Shutting down and abandoning module Landscape (24)
[2019.01.29-21.49.44:609][293]LogModuleManager: Shutting down and abandoning module OpenGLDrv (22)
[2019.01.29-21.49.44:610][293]LogModuleManager: Shutting down and abandoning module D3D11RHI (20)
[2019.01.29-21.49.44:610][293]LogModuleManager: Shutting down and abandoning module AnimGraphRuntime (18)
[2019.01.29-21.49.44:611][293]LogModuleManager: Shutting down and abandoning module Renderer (16)
[2019.01.29-21.49.44:611][293]LogModuleManager: Shutting down and abandoning module Engine (14)
[2019.01.29-21.49.44:611][293]LogModuleManager: Shutting down and abandoning module CoreUObject (12)
[2019.01.29-21.49.44:612][293]LogModuleManager: Shutting down and abandoning module NetworkFile (10)
[2019.01.29-21.49.44:612][293]LogModuleManager: Shutting down and abandoning module CookedIterativeFile (8)
[2019.01.29-21.49.44:612][293]LogModuleManager: Shutting down and abandoning module StreamingFile (6)
[2019.01.29-21.49.44:612][293]LogModuleManager: Shutting down and abandoning module SandboxFile (4)
[2019.01.29-21.49.44:613][293]LogModuleManager: Shutting down and abandoning module PakFile (2)
[2019.01.29-21.49.44:614][293]LogExit: Exiting.
[2019.01.29-21.49.44:615][293]Log file closed, 01/30/19 00:49:44
